<?xml version="1.0" encoding="UTF-8"?>
<coverage generated="1778910897631" clover="3.2.0">
  <project timestamp="1778910897632" name="All files">
    <metrics statements="1979" coveredstatements="592" conditionals="2060" coveredconditionals="558" methods="205" coveredmethods="81" elements="4244" coveredelements="1231" complexity="0" loc="1979" ncloc="1979" packages="1" files="1" classes="1"/>
    <file name="agent-engine.js" path="C:\Users\Administrator\Downloads\sentinel-override\background\agent-engine.js">
      <metrics statements="1979" coveredstatements="592" conditionals="2060" coveredconditionals="558" methods="205" coveredmethods="81"/>
      <line num="26" count="3" type="stmt"/>
      <line num="27" count="3" type="stmt"/>
      <line num="28" count="3" type="stmt"/>
      <line num="29" count="3" type="stmt"/>
      <line num="30" count="3" type="stmt"/>
      <line num="31" count="3" type="stmt"/>
      <line num="32" count="3" type="stmt"/>
      <line num="33" count="3" type="stmt"/>
      <line num="34" count="3" type="stmt"/>
      <line num="35" count="3" type="stmt"/>
      <line num="36" count="3" type="stmt"/>
      <line num="37" count="3" type="stmt"/>
      <line num="38" count="3" type="stmt"/>
      <line num="39" count="3" type="stmt"/>
      <line num="40" count="3" type="stmt"/>
      <line num="41" count="3" type="stmt"/>
      <line num="42" count="3" type="stmt"/>
      <line num="43" count="3" type="stmt"/>
      <line num="44" count="3" type="stmt"/>
      <line num="45" count="3" type="stmt"/>
      <line num="46" count="3" type="stmt"/>
      <line num="47" count="3" type="stmt"/>
      <line num="50" count="3" type="stmt"/>
      <line num="51" count="3" type="stmt"/>
      <line num="52" count="3" type="stmt"/>
      <line num="53" count="3" type="stmt"/>
      <line num="54" count="3" type="stmt"/>
      <line num="55" count="3" type="stmt"/>
      <line num="56" count="3" type="stmt"/>
      <line num="57" count="3" type="stmt"/>
      <line num="58" count="3" type="stmt"/>
      <line num="59" count="3" type="stmt"/>
      <line num="60" count="3" type="stmt"/>
      <line num="67" count="19" type="cond" truecount="4" falsecount="0"/>
      <line num="68" count="9" type="stmt"/>
      <line num="73" count="2" type="stmt"/>
      <line num="78" count="3" type="stmt"/>
      <line num="79" count="3" type="cond" truecount="5" falsecount="0"/>
      <line num="80" count="1" type="stmt"/>
      <line num="81" count="0" type="cond" truecount="0" falsecount="4"/>
      <line num="82" count="0" type="stmt"/>
      <line num="83" count="0" type="cond" truecount="0" falsecount="2"/>
      <line num="84" count="0" type="stmt"/>
      <line num="86" count="0" type="cond" truecount="0" falsecount="2"/>
      <line num="87" count="0" type="stmt"/>
      <line num="88" count="0" type="stmt"/>
      <line num="89" count="0" type="stmt"/>
      <line num="98" count="3" type="stmt"/>
      <line num="99" count="3" type="stmt"/>
      <line num="102" count="0" type="stmt"/>
      <line num="113" count="0" type="stmt"/>
      <line num="114" count="0" type="stmt"/>
      <line num="115" count="0" type="cond" truecount="0" falsecount="5"/>
      <line num="116" count="0" type="stmt"/>
      <line num="121" count="3" type="stmt"/>
      <line num="122" count="3" type="cond" truecount="4" falsecount="1"/>
      <line num="123" count="3" type="stmt"/>
      <line num="126" count="0" type="stmt"/>
      <line num="127" count="0" type="cond" truecount="0" falsecount="2"/>
      <line num="128" count="0" type="cond" truecount="0" falsecount="5"/>
      <line num="129" count="0" type="stmt"/>
      <line num="141" count="3" type="stmt"/>
      <line num="142" count="3" type="stmt"/>
      <line num="145" count="24" type="cond" truecount="1" falsecount="1"/>
      <line num="146" count="24" type="stmt"/>
      <line num="147" count="24" type="stmt"/>
      <line num="148" count="24" type="cond" truecount="1" falsecount="1"/>
      <line num="149" count="24" type="cond" truecount="0" falsecount="2"/>
      <line num="150" count="24" type="cond" truecount="1" falsecount="1"/>
      <line num="151" count="0" type="stmt"/>
      <line num="153" count="24" type="stmt"/>
      <line num="156" count="24" type="stmt"/>
      <line num="157" count="24" type="cond" truecount="1" falsecount="1"/>
      <line num="158" count="0" type="stmt"/>
      <line num="159" count="0" type="stmt"/>
      <line num="161" count="24" type="stmt"/>
      <line num="173" count="3" type="stmt"/>
      <line num="175" count="0" type="cond" truecount="0" falsecount="4"/>
      <line num="179" count="0" type="stmt"/>
      <line num="180" count="0" type="stmt"/>
      <line num="181" count="0" type="stmt"/>
      <line num="187" count="0" type="stmt"/>
      <line num="188" count="0" type="stmt"/>
      <line num="189" count="0" type="cond" truecount="0" falsecount="2"/>
      <line num="190" count="0" type="stmt"/>
      <line num="191" count="0" type="cond" truecount="0" falsecount="2"/>
      <line num="197" count="0" type="stmt"/>
      <line num="198" count="0" type="stmt"/>
      <line num="199" count="0" type="cond" truecount="0" falsecount="2"/>
      <line num="200" count="0" type="stmt"/>
      <line num="201" count="0" type="cond" truecount="0" falsecount="2"/>
      <line num="207" count="0" type="stmt"/>
      <line num="211" count="3" type="stmt"/>
      <line num="240" count="0" type="stmt"/>
      <line num="241" count="0" type="stmt"/>
      <line num="245" count="0" type="cond" truecount="0" falsecount="2"/>
      <line num="246" count="0" type="stmt"/>
      <line num="254" count="0" type="cond" truecount="0" falsecount="2"/>
      <line num="255" count="0" type="stmt"/>
      <line num="256" count="0" type="stmt"/>
      <line num="257" count="0" type="stmt"/>
      <line num="258" count="0" type="stmt"/>
      <line num="259" count="0" type="stmt"/>
      <line num="263" count="3" type="stmt"/>
      <line num="270" count="0" type="stmt"/>
      <line num="276" count="35" type="stmt"/>
      <line num="277" count="35" type="stmt"/>
      <line num="278" count="35" type="stmt"/>
      <line num="279" count="35" type="stmt"/>
      <line num="280" count="35" type="stmt"/>
      <line num="281" count="35" type="stmt"/>
      <line num="282" count="35" type="stmt"/>
      <line num="283" count="35" type="stmt"/>
      <line num="284" count="35" type="stmt"/>
      <line num="285" count="35" type="stmt"/>
      <line num="286" count="35" type="stmt"/>
      <line num="287" count="35" type="stmt"/>
      <line num="290" count="35" type="stmt"/>
      <line num="291" count="35" type="stmt"/>
      <line num="292" count="35" type="stmt"/>
      <line num="293" count="35" type="stmt"/>
      <line num="294" count="35" type="stmt"/>
      <line num="295" count="35" type="stmt"/>
      <line num="296" count="35" type="stmt"/>
      <line num="301" count="26" type="cond" truecount="2" falsecount="0"/>
      <line num="305" count="25" type="cond" truecount="4" falsecount="0"/>
      <line num="306" count="2" type="stmt"/>
      <line num="307" count="2" type="cond" truecount="4" falsecount="0"/>
      <line num="308" count="1" type="stmt"/>
      <line num="310" count="1" type="stmt"/>
      <line num="313" count="23" type="stmt"/>
      <line num="316" count="24" type="stmt"/>
      <line num="317" count="24" type="stmt"/>
      <line num="318" count="24" type="cond" truecount="1" falsecount="1"/>
      <line num="321" count="24" type="stmt"/>
      <line num="322" count="24" type="stmt"/>
      <line num="323" count="23" type="cond" truecount="2" falsecount="0"/>
      <line num="324" count="1" type="stmt"/>
      <line num="327" count="24" type="stmt"/>
      <line num="328" count="24" type="cond" truecount="2" falsecount="0"/>
      <line num="333" count="24" type="stmt"/>
      <line num="334" count="24" type="stmt"/>
      <line num="335" count="23" type="cond" truecount="4" falsecount="0"/>
      <line num="336" count="1" type="stmt"/>
      <line num="337" count="1" type="cond" truecount="1" falsecount="1"/>
      <line num="338" count="1" type="stmt"/>
      <line num="339" count="1" type="stmt"/>
      <line num="340" count="1" type="stmt"/>
      <line num="342" count="22" type="stmt"/>
      <line num="343" count="22" type="stmt"/>
      <line num="344" count="22" type="stmt"/>
      <line num="347" count="1" type="stmt"/>
      <line num="348" count="1" type="stmt"/>
      <line num="349" count="1" type="stmt"/>
      <line num="354" count="24" type="stmt"/>
      <line num="355" count="24" type="stmt"/>
      <line num="356" count="24" type="stmt"/>
      <line num="366" count="24" type="stmt"/>
      <line num="367" count="24" type="stmt"/>
      <line num="377" count="24" type="cond" truecount="1" falsecount="1"/>
      <line num="381" count="24" type="stmt"/>
      <line num="382" count="0" type="stmt"/>
      <line num="386" count="24" type="stmt"/>
      <line num="394" count="24" type="stmt"/>
      <line num="395" count="24" type="stmt"/>
      <line num="396" count="24" type="cond" truecount="1" falsecount="1"/>
      <line num="397" count="0" type="stmt"/>
      <line num="398" count="0" type="cond" truecount="0" falsecount="2"/>
      <line num="399" count="0" type="cond" truecount="0" falsecount="2"/>
      <line num="401" count="0" type="stmt"/>
      <line num="402" count="0" type="cond" truecount="0" falsecount="2"/>
      <line num="403" count="0" type="stmt"/>
      <line num="412" count="0" type="stmt"/>
      <line num="416" count="0" type="stmt"/>
      <line num="424" count="0" type="stmt"/>
      <line num="425" count="0" type="cond" truecount="0" falsecount="2"/>
      <line num="426" count="0" type="stmt"/>
      <line num="432" count="0" type="stmt"/>
      <line num="436" count="0" type="cond" truecount="0" falsecount="2"/>
      <line num="437" count="0" type="stmt"/>
      <line num="438" count="0" type="stmt"/>
      <line num="439" count="0" type="stmt"/>
      <line num="440" count="0" type="stmt"/>
      <line num="448" count="0" type="cond" truecount="0" falsecount="2"/>
      <line num="456" count="24" type="stmt"/>
      <line num="457" count="24" type="stmt"/>
      <line num="458" count="24" type="stmt"/>
      <line num="459" count="24" type="cond" truecount="2" falsecount="0"/>
      <line num="460" count="24" type="cond" truecount="1" falsecount="1"/>
      <line num="461" count="24" type="stmt"/>
      <line num="467" count="24" type="cond" truecount="3" falsecount="1"/>
      <line num="469" count="0" type="stmt"/>
      <line num="470" count="0" type="cond" truecount="0" falsecount="2"/>
      <line num="471" count="0" type="stmt"/>
      <line num="481" count="0" type="stmt"/>
      <line num="485" count="0" type="cond" truecount="0" falsecount="2"/>
      <line num="487" count="0" type="stmt"/>
      <line num="488" count="0" type="cond" truecount="0" falsecount="2"/>
      <line num="489" count="0" type="stmt"/>
      <line num="490" count="0" type="cond" truecount="0" falsecount="5"/>
      <line num="491" count="0" type="stmt"/>
      <line num="492" count="0" type="cond" truecount="0" falsecount="2"/>
      <line num="493" count="0" type="stmt"/>
      <line num="496" count="0" type="stmt"/>
      <line num="501" count="0" type="stmt"/>
      <line num="502" count="0" type="stmt"/>
      <line num="512" count="0" type="stmt"/>
      <line num="516" count="0" type="cond" truecount="0" falsecount="2"/>
      <line num="518" count="24" type="stmt"/>
      <line num="519" count="24" type="stmt"/>
      <line num="526" count="0" type="stmt"/>
      <line num="527" count="0" type="stmt"/>
      <line num="528" count="0" type="stmt"/>
      <line num="529" count="0" type="stmt"/>
      <line num="530" count="0" type="stmt"/>
      <line num="531" count="0" type="stmt"/>
      <line num="532" count="0" type="stmt"/>
      <line num="534" count="0" type="stmt"/>
      <line num="544" count="0" type="stmt"/>
      <line num="545" count="0" type="cond" truecount="0" falsecount="5"/>
      <line num="546" count="0" type="stmt"/>
      <line num="547" count="0" type="stmt"/>
      <line num="548" count="0" type="stmt"/>
      <line num="556" count="0" type="stmt"/>
      <line num="559" count="0" type="stmt"/>
      <line num="560" count="0" type="stmt"/>
      <line num="561" count="0" type="stmt"/>
      <line num="575" count="33" type="cond" truecount="4" falsecount="0"/>
      <line num="576" count="32" type="stmt"/>
      <line num="579" count="32" type="stmt"/>
      <line num="580" count="32" type="cond" truecount="2" falsecount="0"/>
      <line num="581" count="3" type="stmt"/>
      <line num="582" count="3" type="stmt"/>
      <line num="591" count="29" type="stmt"/>
      <line num="592" count="29" type="cond" truecount="2" falsecount="0"/>
      <line num="593" count="2" type="stmt"/>
      <line num="594" count="2" type="stmt"/>
      <line num="603" count="27" type="cond" truecount="5" falsecount="0"/>
      <line num="606" count="1" type="stmt"/>
      <line num="615" count="26" type="cond" truecount="2" falsecount="0"/>
      <line num="616" count="1" type="stmt"/>
      <line num="624" count="25" type="stmt"/>
      <line num="632" count="0" type="stmt"/>
      <line num="633" count="0" type="stmt"/>
      <line num="634" count="0" type="stmt"/>
      <line num="635" count="0" type="stmt"/>
      <line num="636" count="0" type="stmt"/>
      <line num="637" count="0" type="stmt"/>
      <line num="638" count="0" type="stmt"/>
      <line num="640" count="0" type="stmt"/>
      <line num="648" count="0" type="stmt"/>
      <line num="649" count="0" type="cond" truecount="0" falsecount="5"/>
      <line num="650" count="0" type="stmt"/>
      <line num="651" count="0" type="stmt"/>
      <line num="652" count="0" type="stmt"/>
      <line num="659" count="0" type="stmt"/>
      <line num="662" count="0" type="stmt"/>
      <line num="663" count="0" type="stmt"/>
      <line num="664" count="0" type="stmt"/>
      <line num="670" count="24" type="stmt"/>
      <line num="674" count="24" type="stmt"/>
      <line num="675" count="24" type="stmt"/>
      <line num="676" count="24" type="stmt"/>
      <line num="678" count="24" type="stmt"/>
      <line num="680" count="24" type="stmt"/>
      <line num="681" count="24" type="stmt"/>
      <line num="682" count="24" type="stmt"/>
      <line num="686" count="4" type="cond" truecount="2" falsecount="0"/>
      <line num="687" count="3" type="stmt"/>
      <line num="688" count="3" type="stmt"/>
      <line num="692" count="3" type="cond" truecount="2" falsecount="0"/>
      <line num="693" count="2" type="stmt"/>
      <line num="694" count="2" type="stmt"/>
      <line num="698" count="14" type="cond" truecount="2" falsecount="0"/>
      <line num="699" count="11" type="stmt"/>
      <line num="700" count="11" type="stmt"/>
      <line num="701" count="11" type="stmt"/>
      <line num="711" count="3" type="stmt"/>
      <line num="712" count="3" type="stmt"/>
      <line num="715" count="5" type="cond" truecount="4" falsecount="0"/>
      <line num="716" count="3" type="stmt"/>
      <line num="717" count="3" type="stmt"/>
      <line num="718" count="3" type="stmt"/>
      <line num="719" count="3" type="stmt"/>
      <line num="720" count="3" type="stmt"/>
      <line num="721" count="3" type="stmt"/>
      <line num="722" count="21" type="cond" truecount="3" falsecount="1"/>
      <line num="723" count="21" type="stmt"/>
      <line num="724" count="21" type="cond" truecount="2" falsecount="0"/>
      <line num="725" count="21" type="cond" truecount="4" falsecount="0"/>
      <line num="726" count="21" type="cond" truecount="5" falsecount="0"/>
      <line num="727" count="21" type="cond" truecount="2" falsecount="2"/>
      <line num="728" count="21" type="cond" truecount="4" falsecount="0"/>
      <line num="729" count="21" type="cond" truecount="3" falsecount="1"/>
      <line num="730" count="21" type="cond" truecount="2" falsecount="0"/>
      <line num="732" count="3" type="stmt"/>
      <line num="733" count="6" type="stmt"/>
      <line num="734" count="3" type="cond" truecount="2" falsecount="0"/>
      <line num="735" count="3" type="cond" truecount="2" falsecount="0"/>
      <line num="736" count="3" type="cond" truecount="2" falsecount="0"/>
      <line num="737" count="3" type="cond" truecount="2" falsecount="0"/>
      <line num="738" count="3" type="stmt"/>
      <line num="746" count="2" type="cond" truecount="2" falsecount="0"/>
      <line num="750" count="1" type="cond" truecount="2" falsecount="0"/>
      <line num="751" count="1" type="cond" truecount="1" falsecount="1"/>
      <line num="752" count="1" type="stmt"/>
      <line num="753" count="1" type="cond" truecount="1" falsecount="1"/>
      <line num="754" count="1" type="stmt"/>
      <line num="755" count="1" type="stmt"/>
      <line num="756" count="1" type="cond" truecount="1" falsecount="1"/>
      <line num="758" count="1" type="stmt"/>
      <line num="765" count="3" type="stmt"/>
      <line num="768" count="0" type="cond" truecount="0" falsecount="4"/>
      <line num="769" count="0" type="stmt"/>
      <line num="770" count="0" type="stmt"/>
      <line num="771" count="0" type="stmt"/>
      <line num="772" count="0" type="cond" truecount="0" falsecount="4"/>
      <line num="773" count="0" type="cond" truecount="0" falsecount="3"/>
      <line num="774" count="0" type="cond" truecount="0" falsecount="2"/>
      <line num="775" count="0" type="cond" truecount="0" falsecount="2"/>
      <line num="776" count="0" type="cond" truecount="0" falsecount="2"/>
      <line num="777" count="0" type="cond" truecount="0" falsecount="2"/>
      <line num="778" count="0" type="cond" truecount="0" falsecount="2"/>
      <line num="779" count="0" type="cond" truecount="0" falsecount="2"/>
      <line num="780" count="0" type="cond" truecount="0" falsecount="2"/>
      <line num="781" count="0" type="cond" truecount="0" falsecount="2"/>
      <line num="782" count="0" type="cond" truecount="0" falsecount="2"/>
      <line num="783" count="0" type="cond" truecount="0" falsecount="2"/>
      <line num="785" count="0" type="cond" truecount="0" falsecount="2"/>
      <line num="786" count="0" type="stmt"/>
      <line num="792" count="0" type="stmt"/>
      <line num="798" count="4" type="stmt"/>
      <line num="801" count="4" type="cond" truecount="2" falsecount="0"/>
      <line num="802" count="5" type="stmt"/>
      <line num="803" count="5" type="stmt"/>
      <line num="804" count="2" type="stmt"/>
      <line num="805" count="4" type="cond" truecount="5" falsecount="0"/>
      <line num="812" count="2" type="cond" truecount="5" falsecount="0"/>
      <line num="813" count="1" type="stmt"/>
      <line num="822" count="3" type="cond" truecount="2" falsecount="0"/>
      <line num="823" count="1" type="stmt"/>
      <line num="830" count="2" type="stmt"/>
      <line num="840" count="3" type="stmt"/>
      <line num="841" count="3" type="stmt"/>
      <line num="844" count="24" type="cond" truecount="3" falsecount="1"/>
      <line num="845" count="24" type="cond" truecount="1" falsecount="1"/>
      <line num="846" count="24" type="stmt"/>
      <line num="847" count="24" type="cond" truecount="1" falsecount="1"/>
      <line num="849" count="24" type="stmt"/>
      <line num="850" count="23" type="stmt"/>
      <line num="851" count="23" type="stmt"/>
      <line num="852" count="23" type="stmt"/>
      <line num="860" count="0" type="stmt"/>
      <line num="861" count="0" type="stmt"/>
      <line num="864" count="0" type="stmt"/>
      <line num="865" count="0" type="stmt"/>
      <line num="866" count="0" type="stmt"/>
      <line num="867" count="0" type="stmt"/>
      <line num="875" count="23" type="stmt"/>
      <line num="877" count="23" type="stmt"/>
      <line num="878" count="23" type="stmt"/>
      <line num="881" count="1" type="cond" truecount="2" falsecount="0"/>
      <line num="887" count="48" type="stmt"/>
      <line num="888" count="48" type="stmt"/>
      <line num="889" count="48" type="stmt"/>
      <line num="890" count="48" type="cond" truecount="2" falsecount="0"/>
      <line num="891" count="23" type="stmt"/>
      <line num="892" count="23" type="stmt"/>
      <line num="895" count="0" type="stmt"/>
      <line num="896" count="0" type="stmt"/>
      <line num="900" count="23" type="stmt"/>
      <line num="901" count="23" type="stmt"/>
      <line num="908" count="3" type="stmt"/>
      <line num="912" count="2" type="stmt"/>
      <line num="917" count="5" type="cond" truecount="2" falsecount="0"/>
      <line num="928" count="3" type="stmt"/>
      <line num="929" count="3" type="stmt"/>
      <line num="930" count="3" type="stmt"/>
      <line num="933" count="4" type="cond" truecount="1" falsecount="1"/>
      <line num="934" count="4" type="cond" truecount="1" falsecount="1"/>
      <line num="935" count="4" type="cond" truecount="3" falsecount="0"/>
      <line num="941" count="4" type="stmt"/>
      <line num="942" count="4" type="stmt"/>
      <line num="943" count="4" type="cond" truecount="3" falsecount="1"/>
      <line num="944" count="4" type="stmt"/>
      <line num="945" count="4" type="cond" truecount="4" falsecount="0"/>
      <line num="946" count="3" type="stmt"/>
      <line num="953" count="3" type="cond" truecount="2" falsecount="0"/>
      <line num="955" count="2" type="stmt"/>
      <line num="961" count="5" type="stmt"/>
      <line num="962" count="5" type="stmt"/>
      <line num="963" count="5" type="stmt"/>
      <line num="964" count="9" type="cond" truecount="3" falsecount="1"/>
      <line num="965" count="9" type="stmt"/>
      <line num="966" count="9" type="cond" truecount="2" falsecount="0"/>
      <line num="967" count="5" type="cond" truecount="2" falsecount="2"/>
      <line num="968" count="5" type="stmt"/>
      <line num="974" count="5" type="cond" truecount="1" falsecount="1"/>
      <line num="977" count="4" type="cond" truecount="2" falsecount="0"/>
      <line num="980" count="2" type="stmt"/>
      <line num="995" count="3" type="stmt"/>
      <line num="998" count="7" type="cond" truecount="4" falsecount="0"/>
      <line num="999" count="5" type="stmt"/>
      <line num="1003" count="0" type="stmt"/>
      <line num="1010" count="0" type="stmt"/>
      <line num="1011" count="0" type="stmt"/>
      <line num="1012" count="0" type="cond" truecount="0" falsecount="5"/>
      <line num="1013" count="0" type="stmt"/>
      <line num="1016" count="0" type="stmt"/>
      <line num="1022" count="22" type="cond" truecount="2" falsecount="0"/>
      <line num="1023" count="21" type="cond" truecount="2" falsecount="0"/>
      <line num="1025" count="21" type="cond" truecount="2" falsecount="0"/>
      <line num="1029" count="4" type="stmt"/>
      <line num="1030" count="4" type="cond" truecount="2" falsecount="0"/>
      <line num="1031" count="4" type="cond" truecount="2" falsecount="0"/>
      <line num="1032" count="4" type="cond" truecount="2" falsecount="0"/>
      <line num="1033" count="4" type="stmt"/>
      <line num="1034" count="4" type="stmt"/>
      <line num="1038" count="4" type="cond" truecount="2" falsecount="0"/>
      <line num="1041" count="4" type="cond" truecount="2" falsecount="0"/>
      <line num="1042" count="4" type="cond" truecount="2" falsecount="0"/>
      <line num="1043" count="4" type="cond" truecount="1" falsecount="1"/>
      <line num="1045" count="4" type="cond" truecount="2" falsecount="0"/>
      <line num="1049" count="4" type="cond" truecount="2" falsecount="0"/>
      <line num="1051" count="4" type="stmt"/>
      <line num="1052" count="4" type="cond" truecount="1" falsecount="1"/>
      <line num="1053" count="4" type="cond" truecount="2" falsecount="0"/>
      <line num="1056" count="4" type="stmt"/>
      <line num="1083" count="4" type="stmt"/>
      <line num="1096" count="6" type="cond" truecount="1" falsecount="1"/>
      <line num="1100" count="3" type="stmt"/>
      <line num="1106" count="3" type="cond" truecount="2" falsecount="0"/>
      <line num="1107" count="2" type="stmt"/>
      <line num="1108" count="2" type="stmt"/>
      <line num="1109" count="2" type="stmt"/>
      <line num="1110" count="2" type="cond" truecount="3" falsecount="1"/>
      <line num="1114" count="3" type="cond" truecount="2" falsecount="0"/>
      <line num="1115" count="3" type="stmt"/>
      <line num="1116" count="3" type="stmt"/>
      <line num="1120" count="3" type="cond" truecount="2" falsecount="0"/>
      <line num="1121" count="3" type="stmt"/>
      <line num="1122" count="3" type="cond" truecount="2" falsecount="0"/>
      <line num="1123" count="2" type="stmt"/>
      <line num="1126" count="3" type="stmt"/>
      <line num="1149" count="3" type="stmt"/>
      <line num="1153" count="1" type="cond" truecount="2" falsecount="0"/>
      <line num="1154" count="1" type="stmt"/>
      <line num="1155" count="1" type="stmt"/>
      <line num="1156" count="1" type="cond" truecount="3" falsecount="3"/>
      <line num="1157" count="1" type="stmt"/>
      <line num="1159" count="1" type="stmt"/>
      <line num="1184" count="1" type="stmt"/>
      <line num="1188" count="2" type="cond" truecount="2" falsecount="0"/>
      <line num="1189" count="2" type="stmt"/>
      <line num="1190" count="2" type="stmt"/>
      <line num="1191" count="2" type="cond" truecount="3" falsecount="3"/>
      <line num="1192" count="2" type="stmt"/>
      <line num="1194" count="2" type="stmt"/>
      <line num="1219" count="2" type="stmt"/>
      <line num="1223" count="3" type="cond" truecount="2" falsecount="0"/>
      <line num="1224" count="3" type="cond" truecount="2" falsecount="2"/>
      <line num="1225" count="3" type="stmt"/>
      <line num="1226" count="3" type="cond" truecount="1" falsecount="1"/>
      <line num="1230" count="4" type="cond" truecount="1" falsecount="1"/>
      <line num="1231" count="4" type="stmt"/>
      <line num="1232" count="3" type="cond" truecount="2" falsecount="0"/>
      <line num="1233" count="2" type="stmt"/>
      <line num="1234" count="2" type="stmt"/>
      <line num="1236" count="3" type="stmt"/>
      <line num="1237" count="3" type="cond" truecount="3" falsecount="1"/>
      <line num="1238" count="3" type="cond" truecount="3" falsecount="1"/>
      <line num="1239" count="3" type="cond" truecount="2" falsecount="2"/>
      <line num="1240" count="3" type="cond" truecount="2" falsecount="2"/>
      <line num="1241" count="3" type="cond" truecount="2" falsecount="0"/>
      <line num="1243" count="3" type="stmt"/>
      <line num="1274" count="3" type="stmt"/>
      <line num="1278" count="2" type="cond" truecount="2" falsecount="0"/>
      <line num="1279" count="2" type="stmt"/>
      <line num="1280" count="2" type="cond" truecount="1" falsecount="1"/>
      <line num="1281" count="2" type="cond" truecount="1" falsecount="1"/>
      <line num="1282" count="2" type="cond" truecount="3" falsecount="3"/>
      <line num="1283" count="2" type="cond" truecount="2" falsecount="2"/>
      <line num="1285" count="2" type="stmt"/>
      <line num="1287" count="2" type="stmt"/>
      <line num="1301" count="2" type="stmt"/>
      <line num="1316" count="2" type="stmt"/>
      <line num="1324" count="7" type="stmt"/>
      <line num="1325" count="7" type="cond" truecount="2" falsecount="0"/>
      <line num="1326" count="5" type="cond" truecount="2" falsecount="0"/>
      <line num="1327" count="4" type="cond" truecount="2" falsecount="0"/>
      <line num="1328" count="3" type="cond" truecount="2" falsecount="0"/>
      <line num="1329" count="2" type="cond" truecount="2" falsecount="0"/>
      <line num="1330" count="1" type="stmt"/>
      <line num="1334" count="5" type="cond" truecount="1" falsecount="1"/>
      <line num="1335" count="5" type="cond" truecount="2" falsecount="0"/>
      <line num="1336" count="5" type="cond" truecount="6" falsecount="1"/>
      <line num="1337" count="1" type="stmt"/>
      <line num="1338" count="0" type="stmt"/>
      <line num="1339" count="1" type="stmt"/>
      <line num="1340" count="1" type="stmt"/>
      <line num="1341" count="1" type="stmt"/>
      <line num="1343" count="1" type="stmt"/>
      <line num="1354" count="3" type="stmt"/>
      <line num="1355" count="3" type="stmt"/>
      <line num="1358" count="3" type="stmt"/>
      <line num="1362" count="8" type="cond" truecount="4" falsecount="0"/>
      <line num="1363" count="6" type="cond" truecount="2" falsecount="0"/>
      <line num="1364" count="5" type="stmt"/>
      <line num="1365" count="15" type="cond" truecount="4" falsecount="2"/>
      <line num="1366" count="9" type="cond" truecount="3" falsecount="0"/>
      <line num="1370" count="6" type="cond" truecount="4" falsecount="0"/>
      <line num="1371" count="4" type="cond" truecount="4" falsecount="0"/>
      <line num="1372" count="3" type="stmt"/>
      <line num="1373" count="3" type="cond" truecount="4" falsecount="0"/>
      <line num="1374" count="2" type="cond" truecount="2" falsecount="0"/>
      <line num="1375" count="1" type="cond" truecount="1" falsecount="1"/>
      <line num="1376" count="1" type="stmt"/>
      <line num="1387" count="0" type="stmt"/>
      <line num="1391" count="0" type="stmt"/>
      <line num="1392" count="0" type="stmt"/>
      <line num="1393" count="0" type="stmt"/>
      <line num="1394" count="0" type="stmt"/>
      <line num="1395" count="0" type="stmt"/>
      <line num="1396" count="0" type="stmt"/>
      <line num="1398" count="0" type="stmt"/>
      <line num="1411" count="0" type="stmt"/>
      <line num="1412" count="0" type="cond" truecount="0" falsecount="5"/>
      <line num="1413" count="0" type="stmt"/>
      <line num="1414" count="0" type="stmt"/>
      <line num="1415" count="0" type="stmt"/>
      <line num="1421" count="0" type="stmt"/>
      <line num="1423" count="0" type="stmt"/>
      <line num="1424" count="0" type="stmt"/>
      <line num="1425" count="0" type="stmt"/>
      <line num="1437" count="3" type="stmt"/>
      <line num="1440" count="12" type="cond" truecount="4" falsecount="0"/>
      <line num="1442" count="9" type="cond" truecount="2" falsecount="0"/>
      <line num="1444" count="9" type="cond" truecount="2" falsecount="0"/>
      <line num="1446" count="9" type="cond" truecount="2" falsecount="0"/>
      <line num="1448" count="9" type="stmt"/>
      <line num="1452" count="6" type="stmt"/>
      <line num="1453" count="6" type="stmt"/>
      <line num="1454" count="6" type="cond" truecount="1" falsecount="1"/>
      <line num="1455" count="6" type="cond" truecount="1" falsecount="1"/>
      <line num="1456" count="6" type="cond" truecount="0" falsecount="3"/>
      <line num="1459" count="6" type="stmt"/>
      <line num="1463" count="3" type="stmt"/>
      <line num="1471" count="12" type="cond" truecount="2" falsecount="0"/>
      <line num="1472" count="9" type="stmt"/>
      <line num="1473" count="9" type="stmt"/>
      <line num="1474" count="45" type="stmt"/>
      <line num="1475" count="45" type="cond" truecount="2" falsecount="0"/>
      <line num="1477" count="9" type="stmt"/>
      <line num="1480" count="11" type="cond" truecount="2" falsecount="0"/>
      <line num="1481" count="9" type="cond" truecount="2" falsecount="0"/>
      <line num="1482" count="9" type="cond" truecount="2" falsecount="0"/>
      <line num="1483" count="9" type="stmt"/>
      <line num="1487" count="6" type="stmt"/>
      <line num="1488" count="6" type="stmt"/>
      <line num="1489" count="6" type="cond" truecount="2" falsecount="0"/>
      <line num="1490" count="6" type="stmt"/>
      <line num="1491" count="6" type="stmt"/>
      <line num="1494" count="6" type="cond" truecount="4" falsecount="0"/>
      <line num="1495" count="1" type="stmt"/>
      <line num="1498" count="5" type="cond" truecount="6" falsecount="0"/>
      <line num="1499" count="1" type="stmt"/>
      <line num="1502" count="4" type="cond" truecount="4" falsecount="0"/>
      <line num="1503" count="1" type="stmt"/>
      <line num="1506" count="3" type="cond" truecount="2" falsecount="3"/>
      <line num="1507" count="0" type="stmt"/>
      <line num="1509" count="3" type="stmt"/>
      <line num="1532" count="3" type="stmt"/>
      <line num="1544" count="3" type="stmt"/>
      <line num="1557" count="3" type="stmt"/>
      <line num="1571" count="3" type="stmt"/>
      <line num="1589" count="13" type="cond" truecount="4" falsecount="0"/>
      <line num="1590" count="10" type="cond" truecount="2" falsecount="0"/>
      <line num="1594" count="10" type="stmt"/>
      <line num="1595" count="123" type="cond" truecount="2" falsecount="0"/>
      <line num="1598" count="7" type="stmt"/>
      <line num="1601" count="7" type="stmt"/>
      <line num="1602" count="33" type="stmt"/>
      <line num="1603" count="33" type="cond" truecount="2" falsecount="0"/>
      <line num="1606" count="10" type="stmt"/>
      <line num="1609" count="2" type="stmt"/>
      <line num="1610" count="2" type="stmt"/>
      <line num="1611" count="20" type="stmt"/>
      <line num="1612" count="20" type="cond" truecount="2" falsecount="0"/>
      <line num="1616" count="2" type="cond" truecount="4" falsecount="0"/>
      <line num="1620" count="1" type="cond" truecount="1" falsecount="1"/>
      <line num="1622" count="0" type="stmt"/>
      <line num="1638" count="3" type="stmt"/>
      <line num="1640" count="3" type="stmt"/>
      <line num="1646" count="6" type="cond" truecount="2" falsecount="0"/>
      <line num="1648" count="5" type="stmt"/>
      <line num="1649" count="5" type="cond" truecount="4" falsecount="0"/>
      <line num="1652" count="4" type="stmt"/>
      <line num="1653" count="4" type="cond" truecount="1" falsecount="1"/>
      <line num="1654" count="4" type="stmt"/>
      <line num="1655" count="3" type="cond" truecount="1" falsecount="1"/>
      <line num="1656" count="3" type="cond" truecount="2" falsecount="0"/>
      <line num="1657" count="2" type="cond" truecount="1" falsecount="1"/>
      <line num="1658" count="2" type="cond" truecount="5" falsecount="0"/>
      <line num="1659" count="1" type="stmt"/>
      <line num="1662" count="4" type="cond" truecount="2" falsecount="0"/>
      <line num="1663" count="2" type="cond" truecount="1" falsecount="1"/>
      <line num="1669" count="2" type="cond" truecount="4" falsecount="0"/>
      <line num="1672" count="1" type="cond" truecount="1" falsecount="1"/>
      <line num="1673" count="1" type="stmt"/>
      <line num="1674" count="1" type="cond" truecount="1" falsecount="1"/>
      <line num="1675" count="1" type="cond" truecount="1" falsecount="1"/>
      <line num="1676" count="0" type="cond" truecount="0" falsecount="2"/>
      <line num="1677" count="0" type="stmt"/>
      <line num="1679" count="1" type="cond" truecount="1" falsecount="1"/>
      <line num="1680" count="1" type="cond" truecount="1" falsecount="1"/>
      <line num="1685" count="1" type="stmt"/>
      <line num="1701" count="14" type="cond" truecount="2" falsecount="0"/>
      <line num="1702" count="12" type="cond" truecount="1" falsecount="1"/>
      <line num="1703" count="12" type="cond" truecount="4" falsecount="0"/>
      <line num="1704" count="10" type="cond" truecount="2" falsecount="0"/>
      <line num="1705" count="9" type="cond" truecount="2" falsecount="0"/>
      <line num="1706" count="8" type="cond" truecount="1" falsecount="1"/>
      <line num="1708" count="8" type="stmt"/>
      <line num="1709" count="8" type="cond" truecount="2" falsecount="0"/>
      <line num="1710" count="8" type="stmt"/>
      <line num="1712" count="8" type="cond" truecount="2" falsecount="0"/>
      <line num="1713" count="4" type="cond" truecount="4" falsecount="0"/>
      <line num="1714" count="3" type="cond" truecount="2" falsecount="0"/>
      <line num="1717" count="2" type="stmt"/>
      <line num="1718" count="2" type="stmt"/>
      <line num="1719" count="0" type="cond" truecount="0" falsecount="2"/>
      <line num="1720" count="0" type="cond" truecount="0" falsecount="4"/>
      <line num="1721" count="0" type="cond" truecount="0" falsecount="4"/>
      <line num="1724" count="2" type="stmt"/>
      <line num="1734" count="0" type="stmt"/>
      <line num="1735" count="0" type="stmt"/>
      <line num="1736" count="0" type="cond" truecount="0" falsecount="4"/>
      <line num="1737" count="0" type="cond" truecount="0" falsecount="4"/>
      <line num="1742" count="0" type="stmt"/>
      <line num="1743" count="0" type="cond" truecount="0" falsecount="4"/>
      <line num="1745" count="0" type="cond" truecount="0" falsecount="4"/>
      <line num="1751" count="0" type="stmt"/>
      <line num="1752" count="0" type="stmt"/>
      <line num="1756" count="0" type="cond" truecount="0" falsecount="2"/>
      <line num="1758" count="0" type="cond" truecount="0" falsecount="4"/>
      <line num="1782" count="0" type="cond" truecount="0" falsecount="2"/>
      <line num="1783" count="0" type="cond" truecount="0" falsecount="2"/>
      <line num="1784" count="0" type="stmt"/>
      <line num="1788" count="0" type="stmt"/>
      <line num="1789" count="0" type="stmt"/>
      <line num="1790" count="0" type="cond" truecount="0" falsecount="2"/>
      <line num="1791" count="0" type="stmt"/>
      <line num="1796" count="0" type="stmt"/>
      <line num="1797" count="0" type="stmt"/>
      <line num="1798" count="0" type="cond" truecount="0" falsecount="2"/>
      <line num="1799" count="0" type="stmt"/>
      <line num="1802" count="0" type="stmt"/>
      <line num="1812" count="9" type="cond" truecount="4" falsecount="0"/>
      <line num="1813" count="7" type="cond" truecount="2" falsecount="0"/>
      <line num="1815" count="6" type="cond" truecount="2" falsecount="0"/>
      <line num="1821" count="6" type="cond" truecount="2" falsecount="0"/>
      <line num="1824" count="5" type="cond" truecount="2" falsecount="0"/>
      <line num="1825" count="1" type="stmt"/>
      <line num="1829" count="4" type="cond" truecount="2" falsecount="0"/>
      <line num="1830" count="1" type="stmt"/>
      <line num="1835" count="3" type="cond" truecount="1" falsecount="1"/>
      <line num="1836" count="1" type="cond" truecount="1" falsecount="1"/>
      <line num="1837" count="1" type="stmt"/>
      <line num="1838" count="1" type="cond" truecount="1" falsecount="1"/>
      <line num="1839" count="1" type="cond" truecount="1" falsecount="1"/>
      <line num="1840" count="1" type="stmt"/>
      <line num="1844" count="2" type="stmt"/>
      <line num="1860" count="5" type="cond" truecount="4" falsecount="0"/>
      <line num="1861" count="4" type="cond" truecount="4" falsecount="0"/>
      <line num="1863" count="3" type="stmt"/>
      <line num="1864" count="3" type="stmt"/>
      <line num="1865" count="0" type="cond" truecount="0" falsecount="4"/>
      <line num="1866" count="0" type="stmt"/>
      <line num="1868" count="3" type="stmt"/>
      <line num="1872" count="3" type="stmt"/>
      <line num="1873" count="3" type="cond" truecount="2" falsecount="0"/>
      <line num="1875" count="1" type="stmt"/>
      <line num="1877" count="1" type="stmt"/>
      <line num="1878" count="5" type="stmt"/>
      <line num="1879" count="5" type="cond" truecount="2" falsecount="0"/>
      <line num="1881" count="1" type="cond" truecount="1" falsecount="1"/>
      <line num="1885" count="1" type="stmt"/>
      <line num="1886" count="1" type="stmt"/>
      <line num="1888" count="5" type="stmt"/>
      <line num="1889" count="13" type="cond" truecount="2" falsecount="0"/>
      <line num="1890" count="5" type="cond" truecount="1" falsecount="1"/>
      <line num="1892" count="11" type="stmt"/>
      <line num="1893" count="5" type="cond" truecount="1" falsecount="1"/>
      <line num="1896" count="1" type="cond" truecount="1" falsecount="1"/>
      <line num="1901" count="1" type="cond" truecount="1" falsecount="1"/>
      <line num="1903" count="1" type="stmt"/>
      <line num="1919" count="6" type="cond" truecount="4" falsecount="0"/>
      <line num="1920" count="4" type="stmt"/>
      <line num="1921" count="16" type="cond" truecount="3" falsecount="1"/>
      <line num="1923" count="4" type="stmt"/>
      <line num="1924" count="16" type="cond" truecount="2" falsecount="0"/>
      <line num="1925" count="4" type="stmt"/>
      <line num="1926" count="4" type="stmt"/>
      <line num="1927" count="6" type="cond" truecount="2" falsecount="0"/>
      <line num="1929" count="4" type="cond" truecount="1" falsecount="1"/>
      <line num="1939" count="4" type="stmt"/>
      <line num="1940" count="4" type="cond" truecount="1" falsecount="1"/>
      <line num="1943" count="4" type="stmt"/>
      <line num="1944" count="16" type="cond" truecount="3" falsecount="1"/>
      <line num="1945" count="16" type="stmt"/>
      <line num="1946" count="16" type="cond" truecount="2" falsecount="0"/>
      <line num="1947" count="15" type="cond" truecount="4" falsecount="0"/>
      <line num="1948" count="14" type="cond" truecount="1" falsecount="1"/>
      <line num="1949" count="14" type="stmt"/>
      <line num="1951" count="4" type="cond" truecount="2" falsecount="0"/>
      <line num="1952" count="2" type="stmt"/>
      <line num="1955" count="2" type="stmt"/>
      <line num="1963" count="5" type="cond" truecount="2" falsecount="0"/>
      <line num="1964" count="4" type="stmt"/>
      <line num="1965" count="4" type="stmt"/>
      <line num="1968" count="4" type="cond" truecount="3" falsecount="0"/>
      <line num="1973" count="4" type="cond" truecount="2" falsecount="0"/>
      <line num="1975" count="4" type="cond" truecount="2" falsecount="0"/>
      <line num="1976" count="4" type="cond" truecount="2" falsecount="0"/>
      <line num="1977" count="4" type="cond" truecount="2" falsecount="0"/>
      <line num="1980" count="4" type="cond" truecount="2" falsecount="0"/>
      <line num="1982" count="4" type="cond" truecount="2" falsecount="0"/>
      <line num="1985" count="4" type="stmt"/>
      <line num="1986" count="4" type="cond" truecount="2" falsecount="0"/>
      <line num="1988" count="4" type="cond" truecount="2" falsecount="0"/>
      <line num="1989" count="1" type="stmt"/>
      <line num="1990" count="1" type="cond" truecount="2" falsecount="2"/>
      <line num="1991" count="0" type="stmt"/>
      <line num="1992" count="1" type="cond" truecount="1" falsecount="1"/>
      <line num="1993" count="1" type="stmt"/>
      <line num="1995" count="1" type="stmt"/>
      <line num="1996" count="1" type="stmt"/>
      <line num="1997" count="1" type="stmt"/>
      <line num="1998" count="5" type="stmt"/>
      <line num="2000" count="1" type="stmt"/>
      <line num="2001" count="1" type="stmt"/>
      <line num="2002" count="1" type="stmt"/>
      <line num="2005" count="3" type="cond" truecount="4" falsecount="0"/>
      <line num="2006" count="1" type="stmt"/>
      <line num="2014" count="2" type="cond" truecount="1" falsecount="1"/>
      <line num="2015" count="2" type="stmt"/>
      <line num="2025" count="0" type="stmt"/>
      <line num="2035" count="24" type="stmt"/>
      <line num="2036" count="24" type="cond" truecount="1" falsecount="1"/>
      <line num="2037" count="24" type="stmt"/>
      <line num="2041" count="24" type="stmt"/>
      <line num="2042" count="24" type="stmt"/>
      <line num="2043" count="24" type="stmt"/>
      <line num="2044" count="24" type="stmt"/>
      <line num="2045" count="24" type="stmt"/>
      <line num="2048" count="24" type="stmt"/>
      <line num="2053" count="24" type="stmt"/>
      <line num="2057" count="24" type="stmt"/>
      <line num="2063" count="24" type="cond" truecount="3" falsecount="1"/>
      <line num="2064" count="24" type="stmt"/>
      <line num="2065" count="24" type="stmt"/>
      <line num="2071" count="24" type="stmt"/>
      <line num="2072" count="24" type="stmt"/>
      <line num="2074" count="24" type="cond" truecount="2" falsecount="2"/>
      <line num="2075" count="0" type="stmt"/>
      <line num="2078" count="24" type="stmt"/>
      <line num="2082" count="24" type="stmt"/>
      <line num="2083" count="24" type="stmt"/>
      <line num="2084" count="24" type="stmt"/>
      <line num="2085" count="24" type="stmt"/>
      <line num="2088" count="24" type="stmt"/>
      <line num="2089" count="24" type="stmt"/>
      <line num="2090" count="24" type="stmt"/>
      <line num="2097" count="24" type="stmt"/>
      <line num="2098" count="24" type="stmt"/>
      <line num="2102" count="24" type="stmt"/>
      <line num="2104" count="24" type="stmt"/>
      <line num="2110" count="24" type="cond" truecount="1" falsecount="1"/>
      <line num="2111" count="24" type="stmt"/>
      <line num="2114" count="0" type="cond" truecount="0" falsecount="2"/>
      <line num="2115" count="0" type="cond" truecount="0" falsecount="2"/>
      <line num="2116" count="0" type="stmt"/>
      <line num="2118" count="0" type="stmt"/>
      <line num="2122" count="24" type="cond" truecount="2" falsecount="0"/>
      <line num="2123" count="0" type="stmt"/>
      <line num="2125" count="0" type="cond" truecount="0" falsecount="2"/>
      <line num="2126" count="0" type="stmt"/>
      <line num="2127" count="0" type="cond" truecount="0" falsecount="2"/>
      <line num="2128" count="0" type="cond" truecount="0" falsecount="2"/>
      <line num="2129" count="0" type="stmt"/>
      <line num="2134" count="0" type="cond" truecount="0" falsecount="2"/>
      <line num="2135" count="0" type="stmt"/>
      <line num="2136" count="0" type="stmt"/>
      <line num="2137" count="0" type="stmt"/>
      <line num="2138" count="0" type="stmt"/>
      <line num="2142" count="0" type="stmt"/>
      <line num="2145" count="0" type="cond" truecount="0" falsecount="2"/>
      <line num="2150" count="0" type="stmt"/>
      <line num="2151" count="0" type="stmt"/>
      <line num="2152" count="0" type="cond" truecount="0" falsecount="4"/>
      <line num="2153" count="0" type="stmt"/>
      <line num="2156" count="0" type="stmt"/>
      <line num="2163" count="0" type="stmt"/>
      <line num="2164" count="0" type="cond" truecount="0" falsecount="2"/>
      <line num="2165" count="0" type="stmt"/>
      <line num="2166" count="0" type="stmt"/>
      <line num="2167" count="0" type="stmt"/>
      <line num="2168" count="0" type="stmt"/>
      <line num="2169" count="0" type="stmt"/>
      <line num="2170" count="0" type="stmt"/>
      <line num="2171" count="0" type="stmt"/>
      <line num="2176" count="0" type="cond" truecount="0" falsecount="2"/>
      <line num="2177" count="0" type="stmt"/>
      <line num="2178" count="0" type="stmt"/>
      <line num="2180" count="0" type="stmt"/>
      <line num="2181" count="0" type="cond" truecount="0" falsecount="2"/>
      <line num="2182" count="0" type="stmt"/>
      <line num="2183" count="0" type="stmt"/>
      <line num="2184" count="0" type="stmt"/>
      <line num="2187" count="0" type="stmt"/>
      <line num="2188" count="0" type="stmt"/>
      <line num="2189" count="0" type="stmt"/>
      <line num="2190" count="0" type="stmt"/>
      <line num="2196" count="0" type="stmt"/>
      <line num="2197" count="0" type="cond" truecount="0" falsecount="2"/>
      <line num="2198" count="0" type="stmt"/>
      <line num="2199" count="0" type="stmt"/>
      <line num="2200" count="0" type="stmt"/>
      <line num="2201" count="0" type="stmt"/>
      <line num="2202" count="0" type="stmt"/>
      <line num="2203" count="0" type="stmt"/>
      <line num="2207" count="0" type="stmt"/>
      <line num="2209" count="0" type="cond" truecount="0" falsecount="2"/>
      <line num="2210" count="0" type="stmt"/>
      <line num="2211" count="0" type="stmt"/>
      <line num="2212" count="0" type="stmt"/>
      <line num="2213" count="0" type="cond" truecount="0" falsecount="2"/>
      <line num="2215" count="0" type="stmt"/>
      <line num="2216" count="0" type="stmt"/>
      <line num="2217" count="0" type="stmt"/>
      <line num="2218" count="0" type="stmt"/>
      <line num="2219" count="0" type="stmt"/>
      <line num="2220" count="0" type="stmt"/>
      <line num="2225" count="0" type="cond" truecount="0" falsecount="2"/>
      <line num="2226" count="0" type="stmt"/>
      <line num="2227" count="0" type="stmt"/>
      <line num="2228" count="0" type="stmt"/>
      <line num="2235" count="0" type="cond" truecount="0" falsecount="5"/>
      <line num="2236" count="0" type="stmt"/>
      <line num="2237" count="0" type="stmt"/>
      <line num="2238" count="0" type="stmt"/>
      <line num="2243" count="0" type="cond" truecount="0" falsecount="4"/>
      <line num="2246" count="0" type="stmt"/>
      <line num="2250" count="0" type="cond" truecount="0" falsecount="3"/>
      <line num="2253" count="0" type="cond" truecount="0" falsecount="2"/>
      <line num="2256" count="0" type="cond" truecount="0" falsecount="2"/>
      <line num="2257" count="0" type="cond" truecount="0" falsecount="2"/>
      <line num="2258" count="0" type="stmt"/>
      <line num="2259" count="0" type="stmt"/>
      <line num="2260" count="0" type="stmt"/>
      <line num="2261" count="0" type="cond" truecount="0" falsecount="2"/>
      <line num="2262" count="0" type="stmt"/>
      <line num="2263" count="0" type="stmt"/>
      <line num="2264" count="0" type="stmt"/>
      <line num="2265" count="0" type="stmt"/>
      <line num="2266" count="0" type="stmt"/>
      <line num="2267" count="0" type="stmt"/>
      <line num="2268" count="0" type="cond" truecount="0" falsecount="2"/>
      <line num="2269" count="0" type="stmt"/>
      <line num="2270" count="0" type="stmt"/>
      <line num="2272" count="0" type="stmt"/>
      <line num="2279" count="0" type="stmt"/>
      <line num="2282" count="0" type="cond" truecount="0" falsecount="4"/>
      <line num="2286" count="0" type="stmt"/>
      <line num="2287" count="0" type="cond" truecount="0" falsecount="3"/>
      <line num="2288" count="0" type="cond" truecount="0" falsecount="2"/>
      <line num="2289" count="0" type="stmt"/>
      <line num="2290" count="0" type="cond" truecount="0" falsecount="6"/>
      <line num="2291" count="0" type="stmt"/>
      <line num="2292" count="0" type="stmt"/>
      <line num="2293" count="0" type="stmt"/>
      <line num="2304" count="0" type="stmt"/>
      <line num="2305" count="0" type="cond" truecount="0" falsecount="2"/>
      <line num="2306" count="0" type="stmt"/>
      <line num="2310" count="0" type="stmt"/>
      <line num="2311" count="0" type="cond" truecount="0" falsecount="2"/>
      <line num="2314" count="0" type="stmt"/>
      <line num="2315" count="0" type="stmt"/>
      <line num="2316" count="0" type="cond" truecount="0" falsecount="4"/>
      <line num="2317" count="0" type="stmt"/>
      <line num="2318" count="0" type="stmt"/>
      <line num="2327" count="0" type="cond" truecount="0" falsecount="2"/>
      <line num="2328" count="0" type="cond" truecount="0" falsecount="4"/>
      <line num="2329" count="0" type="stmt"/>
      <line num="2330" count="0" type="cond" truecount="0" falsecount="3"/>
      <line num="2335" count="0" type="stmt"/>
      <line num="2336" count="0" type="cond" truecount="0" falsecount="6"/>
      <line num="2337" count="0" type="stmt"/>
      <line num="2338" count="0" type="stmt"/>
      <line num="2348" count="0" type="stmt"/>
      <line num="2349" count="0" type="cond" truecount="0" falsecount="2"/>
      <line num="2350" count="0" type="stmt"/>
      <line num="2351" count="0" type="cond" truecount="0" falsecount="2"/>
      <line num="2352" count="0" type="stmt"/>
      <line num="2353" count="0" type="stmt"/>
      <line num="2354" count="0" type="cond" truecount="0" falsecount="4"/>
      <line num="2357" count="0" type="cond" truecount="0" falsecount="4"/>
      <line num="2362" count="0" type="cond" truecount="0" falsecount="6"/>
      <line num="2363" count="0" type="cond" truecount="0" falsecount="2"/>
      <line num="2364" count="0" type="stmt"/>
      <line num="2365" count="0" type="stmt"/>
      <line num="2366" count="0" type="stmt"/>
      <line num="2368" count="0" type="cond" truecount="0" falsecount="6"/>
      <line num="2370" count="0" type="stmt"/>
      <line num="2373" count="0" type="stmt"/>
      <line num="2374" count="0" type="stmt"/>
      <line num="2377" count="0" type="stmt"/>
      <line num="2381" count="0" type="cond" truecount="0" falsecount="4"/>
      <line num="2382" count="0" type="cond" truecount="0" falsecount="4"/>
      <line num="2383" count="0" type="stmt"/>
      <line num="2384" count="0" type="stmt"/>
      <line num="2385" count="0" type="stmt"/>
      <line num="2386" count="0" type="stmt"/>
      <line num="2388" count="0" type="stmt"/>
      <line num="2390" count="0" type="cond" truecount="0" falsecount="2"/>
      <line num="2391" count="0" type="stmt"/>
      <line num="2392" count="0" type="stmt"/>
      <line num="2393" count="0" type="stmt"/>
      <line num="2398" count="0" type="stmt"/>
      <line num="2406" count="0" type="stmt"/>
      <line num="2407" count="0" type="cond" truecount="0" falsecount="2"/>
      <line num="2409" count="0" type="cond" truecount="0" falsecount="3"/>
      <line num="2412" count="0" type="stmt"/>
      <line num="2413" count="0" type="cond" truecount="0" falsecount="2"/>
      <line num="2414" count="0" type="stmt"/>
      <line num="2416" count="0" type="stmt"/>
      <line num="2419" count="0" type="stmt"/>
      <line num="2420" count="0" type="stmt"/>
      <line num="2421" count="0" type="cond" truecount="0" falsecount="2"/>
      <line num="2422" count="0" type="cond" truecount="0" falsecount="2"/>
      <line num="2423" count="0" type="stmt"/>
      <line num="2424" count="0" type="cond" truecount="0" falsecount="2"/>
      <line num="2425" count="0" type="stmt"/>
      <line num="2426" count="0" type="stmt"/>
      <line num="2434" count="0" type="stmt"/>
      <line num="2439" count="0" type="cond" truecount="0" falsecount="3"/>
      <line num="2440" count="0" type="cond" truecount="0" falsecount="4"/>
      <line num="2443" count="0" type="cond" truecount="0" falsecount="2"/>
      <line num="2444" count="0" type="stmt"/>
      <line num="2448" count="0" type="cond" truecount="0" falsecount="4"/>
      <line num="2451" count="0" type="cond" truecount="0" falsecount="3"/>
      <line num="2452" count="0" type="stmt"/>
      <line num="2453" count="0" type="cond" truecount="0" falsecount="2"/>
      <line num="2454" count="0" type="stmt"/>
      <line num="2456" count="0" type="stmt"/>
      <line num="2457" count="0" type="cond" truecount="0" falsecount="2"/>
      <line num="2458" count="0" type="cond" truecount="0" falsecount="2"/>
      <line num="2459" count="0" type="stmt"/>
      <line num="2461" count="0" type="stmt"/>
      <line num="2473" count="0" type="stmt"/>
      <line num="2474" count="0" type="stmt"/>
      <line num="2475" count="0" type="cond" truecount="0" falsecount="4"/>
      <line num="2476" count="0" type="stmt"/>
      <line num="2477" count="0" type="stmt"/>
      <line num="2478" count="0" type="stmt"/>
      <line num="2484" count="0" type="stmt"/>
      <line num="2485" count="0" type="stmt"/>
      <line num="2495" count="0" type="stmt"/>
      <line num="2496" count="0" type="cond" truecount="0" falsecount="2"/>
      <line num="2497" count="0" type="stmt"/>
      <line num="2505" count="0" type="stmt"/>
      <line num="2509" count="0" type="cond" truecount="0" falsecount="2"/>
      <line num="2510" count="0" type="cond" truecount="0" falsecount="2"/>
      <line num="2511" count="0" type="stmt"/>
      <line num="2512" count="0" type="stmt"/>
      <line num="2513" count="0" type="stmt"/>
      <line num="2521" count="0" type="stmt"/>
      <line num="2522" count="0" type="stmt"/>
      <line num="2523" count="0" type="cond" truecount="0" falsecount="4"/>
      <line num="2524" count="0" type="stmt"/>
      <line num="2525" count="0" type="stmt"/>
      <line num="2526" count="0" type="stmt"/>
      <line num="2532" count="0" type="stmt"/>
      <line num="2533" count="0" type="stmt"/>
      <line num="2541" count="0" type="cond" truecount="0" falsecount="2"/>
      <line num="2542" count="0" type="cond" truecount="0" falsecount="2"/>
      <line num="2543" count="0" type="stmt"/>
      <line num="2544" count="0" type="stmt"/>
      <line num="2545" count="0" type="stmt"/>
      <line num="2550" count="0" type="stmt"/>
      <line num="2553" count="0" type="stmt"/>
      <line num="2557" count="0" type="cond" truecount="0" falsecount="2"/>
      <line num="2558" count="0" type="stmt"/>
      <line num="2559" count="0" type="stmt"/>
      <line num="2560" count="0" type="cond" truecount="0" falsecount="3"/>
      <line num="2561" count="0" type="cond" truecount="0" falsecount="4"/>
      <line num="2562" count="0" type="stmt"/>
      <line num="2570" count="0" type="cond" truecount="0" falsecount="2"/>
      <line num="2571" count="0" type="stmt"/>
      <line num="2572" count="0" type="cond" truecount="0" falsecount="2"/>
      <line num="2573" count="0" type="stmt"/>
      <line num="2578" count="0" type="cond" truecount="0" falsecount="4"/>
      <line num="2579" count="0" type="stmt"/>
      <line num="2580" count="0" type="stmt"/>
      <line num="2581" count="0" type="stmt"/>
      <line num="2582" count="0" type="cond" truecount="0" falsecount="2"/>
      <line num="2583" count="0" type="stmt"/>
      <line num="2585" count="0" type="stmt"/>
      <line num="2589" count="0" type="stmt"/>
      <line num="2590" count="0" type="stmt"/>
      <line num="2591" count="0" type="stmt"/>
      <line num="2592" count="0" type="cond" truecount="0" falsecount="2"/>
      <line num="2594" count="0" type="cond" truecount="0" falsecount="4"/>
      <line num="2595" count="0" type="stmt"/>
      <line num="2596" count="0" type="cond" truecount="0" falsecount="2"/>
      <line num="2599" count="0" type="cond" truecount="0" falsecount="2"/>
      <line num="2606" count="0" type="cond" truecount="0" falsecount="5"/>
      <line num="2607" count="0" type="stmt"/>
      <line num="2608" count="0" type="cond" truecount="0" falsecount="2"/>
      <line num="2609" count="0" type="cond" truecount="0" falsecount="4"/>
      <line num="2611" count="0" type="cond" truecount="0" falsecount="2"/>
      <line num="2612" count="0" type="stmt"/>
      <line num="2618" count="0" type="stmt"/>
      <line num="2619" count="0" type="cond" truecount="0" falsecount="2"/>
      <line num="2620" count="0" type="cond" truecount="0" falsecount="5"/>
      <line num="2621" count="0" type="stmt"/>
      <line num="2622" count="0" type="cond" truecount="0" falsecount="4"/>
      <line num="2623" count="0" type="stmt"/>
      <line num="2624" count="0" type="cond" truecount="0" falsecount="2"/>
      <line num="2632" count="0" type="stmt"/>
      <line num="2633" count="0" type="cond" truecount="0" falsecount="2"/>
      <line num="2634" count="0" type="stmt"/>
      <line num="2635" count="0" type="stmt"/>
      <line num="2636" count="0" type="cond" truecount="0" falsecount="2"/>
      <line num="2637" count="0" type="stmt"/>
      <line num="2639" count="0" type="cond" truecount="0" falsecount="2"/>
      <line num="2642" count="0" type="stmt"/>
      <line num="2643" count="0" type="stmt"/>
      <line num="2644" count="0" type="stmt"/>
      <line num="2645" count="0" type="stmt"/>
      <line num="2646" count="0" type="stmt"/>
      <line num="2647" count="0" type="stmt"/>
      <line num="2648" count="0" type="stmt"/>
      <line num="2649" count="0" type="stmt"/>
      <line num="2657" count="0" type="stmt"/>
      <line num="2658" count="0" type="stmt"/>
      <line num="2659" count="0" type="cond" truecount="0" falsecount="2"/>
      <line num="2660" count="0" type="cond" truecount="0" falsecount="4"/>
      <line num="2661" count="0" type="cond" truecount="0" falsecount="6"/>
      <line num="2667" count="0" type="stmt"/>
      <line num="2683" count="0" type="stmt"/>
      <line num="2684" count="0" type="cond" truecount="0" falsecount="2"/>
      <line num="2685" count="0" type="stmt"/>
      <line num="2686" count="0" type="cond" truecount="0" falsecount="2"/>
      <line num="2688" count="0" type="stmt"/>
      <line num="2689" count="0" type="cond" truecount="0" falsecount="2"/>
      <line num="2690" count="0" type="stmt"/>
      <line num="2698" count="0" type="stmt"/>
      <line num="2702" count="0" type="stmt"/>
      <line num="2703" count="0" type="cond" truecount="0" falsecount="2"/>
      <line num="2706" count="0" type="stmt"/>
      <line num="2709" count="0" type="cond" truecount="0" falsecount="2"/>
      <line num="2713" count="0" type="stmt"/>
      <line num="2714" count="0" type="cond" truecount="0" falsecount="2"/>
      <line num="2717" count="0" type="stmt"/>
      <line num="2720" count="0" type="cond" truecount="0" falsecount="2"/>
      <line num="2724" count="0" type="stmt"/>
      <line num="2728" count="0" type="stmt"/>
      <line num="2729" count="0" type="stmt"/>
      <line num="2730" count="0" type="stmt"/>
      <line num="2731" count="0" type="stmt"/>
      <line num="2732" count="0" type="stmt"/>
      <line num="2735" count="0" type="stmt"/>
      <line num="2736" count="0" type="stmt"/>
      <line num="2741" count="0" type="stmt"/>
      <line num="2742" count="0" type="stmt"/>
      <line num="2746" count="0" type="stmt"/>
      <line num="2750" count="0" type="stmt"/>
      <line num="2751" count="0" type="cond" truecount="0" falsecount="4"/>
      <line num="2752" count="0" type="stmt"/>
      <line num="2755" count="0" type="stmt"/>
      <line num="2756" count="0" type="stmt"/>
      <line num="2757" count="0" type="cond" truecount="0" falsecount="4"/>
      <line num="2758" count="0" type="stmt"/>
      <line num="2759" count="0" type="stmt"/>
      <line num="2760" count="0" type="stmt"/>
      <line num="2765" count="0" type="cond" truecount="0" falsecount="4"/>
      <line num="2766" count="0" type="cond" truecount="0" falsecount="4"/>
      <line num="2767" count="0" type="stmt"/>
      <line num="2773" count="0" type="cond" truecount="0" falsecount="4"/>
      <line num="2774" count="0" type="stmt"/>
      <line num="2776" count="0" type="stmt"/>
      <line num="2778" count="0" type="stmt"/>
      <line num="2780" count="0" type="cond" truecount="0" falsecount="2"/>
      <line num="2781" count="0" type="stmt"/>
      <line num="2782" count="0" type="stmt"/>
      <line num="2783" count="0" type="stmt"/>
      <line num="2784" count="0" type="stmt"/>
      <line num="2785" count="0" type="stmt"/>
      <line num="2789" count="0" type="cond" truecount="0" falsecount="2"/>
      <line num="2790" count="0" type="stmt"/>
      <line num="2791" count="0" type="stmt"/>
      <line num="2792" count="0" type="stmt"/>
      <line num="2793" count="0" type="stmt"/>
      <line num="2794" count="0" type="stmt"/>
      <line num="2796" count="0" type="stmt"/>
      <line num="2797" count="0" type="stmt"/>
      <line num="2798" count="0" type="stmt"/>
      <line num="2806" count="0" type="stmt"/>
      <line num="2807" count="0" type="stmt"/>
      <line num="2809" count="0" type="stmt"/>
      <line num="2810" count="0" type="stmt"/>
      <line num="2811" count="0" type="stmt"/>
      <line num="2813" count="0" type="cond" truecount="0" falsecount="2"/>
      <line num="2814" count="0" type="cond" truecount="0" falsecount="2"/>
      <line num="2815" count="0" type="cond" truecount="0" falsecount="2"/>
      <line num="2816" count="0" type="cond" truecount="0" falsecount="4"/>
      <line num="2817" count="0" type="stmt"/>
      <line num="2818" count="0" type="stmt"/>
      <line num="2820" count="0" type="stmt"/>
      <line num="2821" count="0" type="stmt"/>
      <line num="2828" count="0" type="stmt"/>
      <line num="2831" count="0" type="cond" truecount="0" falsecount="5"/>
      <line num="2832" count="0" type="stmt"/>
      <line num="2833" count="0" type="stmt"/>
      <line num="2834" count="0" type="stmt"/>
      <line num="2835" count="0" type="stmt"/>
      <line num="2836" count="0" type="stmt"/>
      <line num="2840" count="0" type="cond" truecount="0" falsecount="4"/>
      <line num="2841" count="0" type="cond" truecount="0" falsecount="2"/>
      <line num="2843" count="0" type="cond" truecount="0" falsecount="4"/>
      <line num="2844" count="0" type="cond" truecount="0" falsecount="2"/>
      <line num="2846" count="0" type="cond" truecount="0" falsecount="4"/>
      <line num="2847" count="0" type="cond" truecount="0" falsecount="2"/>
      <line num="2854" count="0" type="cond" truecount="0" falsecount="4"/>
      <line num="2855" count="0" type="stmt"/>
      <line num="2856" count="0" type="cond" truecount="0" falsecount="2"/>
      <line num="2857" count="0" type="stmt"/>
      <line num="2858" count="0" type="stmt"/>
      <line num="2867" count="0" type="stmt"/>
      <line num="2868" count="0" type="cond" truecount="0" falsecount="5"/>
      <line num="2869" count="0" type="stmt"/>
      <line num="2870" count="0" type="cond" truecount="0" falsecount="2"/>
      <line num="2871" count="0" type="stmt"/>
      <line num="2872" count="0" type="stmt"/>
      <line num="2873" count="0" type="stmt"/>
      <line num="2874" count="0" type="stmt"/>
      <line num="2875" count="0" type="stmt"/>
      <line num="2876" count="0" type="stmt"/>
      <line num="2881" count="0" type="cond" truecount="0" falsecount="2"/>
      <line num="2888" count="0" type="stmt"/>
      <line num="2889" count="0" type="stmt"/>
      <line num="2893" count="0" type="cond" truecount="0" falsecount="4"/>
      <line num="2896" count="0" type="cond" truecount="0" falsecount="5"/>
      <line num="2897" count="0" type="stmt"/>
      <line num="2898" count="0" type="stmt"/>
      <line num="2899" count="0" type="stmt"/>
      <line num="2900" count="0" type="stmt"/>
      <line num="2901" count="0" type="stmt"/>
      <line num="2905" count="0" type="stmt"/>
      <line num="2906" count="0" type="stmt"/>
      <line num="2907" count="0" type="cond" truecount="0" falsecount="2"/>
      <line num="2910" count="0" type="cond" truecount="0" falsecount="4"/>
      <line num="2911" count="0" type="stmt"/>
      <line num="2912" count="0" type="stmt"/>
      <line num="2913" count="0" type="stmt"/>
      <line num="2914" count="0" type="stmt"/>
      <line num="2915" count="0" type="stmt"/>
      <line num="2919" count="0" type="cond" truecount="0" falsecount="2"/>
      <line num="2920" count="0" type="cond" truecount="0" falsecount="2"/>
      <line num="2921" count="0" type="cond" truecount="0" falsecount="2"/>
      <line num="2923" count="0" type="cond" truecount="0" falsecount="5"/>
      <line num="2924" count="0" type="stmt"/>
      <line num="2925" count="0" type="stmt"/>
      <line num="2926" count="0" type="stmt"/>
      <line num="2927" count="0" type="stmt"/>
      <line num="2928" count="0" type="stmt"/>
      <line num="2937" count="0" type="stmt"/>
      <line num="2938" count="0" type="cond" truecount="0" falsecount="2"/>
      <line num="2939" count="0" type="cond" truecount="0" falsecount="2"/>
      <line num="2940" count="0" type="cond" truecount="0" falsecount="2"/>
      <line num="2941" count="0" type="cond" truecount="0" falsecount="2"/>
      <line num="2942" count="0" type="stmt"/>
      <line num="2943" count="0" type="stmt"/>
      <line num="2944" count="0" type="stmt"/>
      <line num="2945" count="0" type="stmt"/>
      <line num="2946" count="0" type="stmt"/>
      <line num="2947" count="0" type="stmt"/>
      <line num="2949" count="0" type="cond" truecount="0" falsecount="2"/>
      <line num="2950" count="0" type="stmt"/>
      <line num="2951" count="0" type="stmt"/>
      <line num="2952" count="0" type="stmt"/>
      <line num="2953" count="0" type="stmt"/>
      <line num="2954" count="0" type="stmt"/>
      <line num="2955" count="0" type="stmt"/>
      <line num="2965" count="0" type="stmt"/>
      <line num="2966" count="0" type="cond" truecount="0" falsecount="2"/>
      <line num="2967" count="0" type="stmt"/>
      <line num="2968" count="0" type="stmt"/>
      <line num="2969" count="0" type="stmt"/>
      <line num="2970" count="0" type="cond" truecount="0" falsecount="4"/>
      <line num="2971" count="0" type="stmt"/>
      <line num="2972" count="0" type="stmt"/>
      <line num="2974" count="0" type="stmt"/>
      <line num="2975" count="0" type="cond" truecount="0" falsecount="5"/>
      <line num="2976" count="0" type="stmt"/>
      <line num="2982" count="0" type="stmt"/>
      <line num="2983" count="0" type="stmt"/>
      <line num="2984" count="0" type="stmt"/>
      <line num="2985" count="0" type="stmt"/>
      <line num="2986" count="0" type="stmt"/>
      <line num="2990" count="0" type="stmt"/>
      <line num="2991" count="0" type="stmt"/>
      <line num="2992" count="0" type="stmt"/>
      <line num="2994" count="0" type="cond" truecount="0" falsecount="2"/>
      <line num="2995" count="0" type="stmt"/>
      <line num="2998" count="0" type="stmt"/>
      <line num="2999" count="0" type="stmt"/>
      <line num="3000" count="0" type="stmt"/>
      <line num="3001" count="0" type="cond" truecount="0" falsecount="2"/>
      <line num="3003" count="0" type="cond" truecount="0" falsecount="5"/>
      <line num="3004" count="0" type="cond" truecount="0" falsecount="4"/>
      <line num="3005" count="0" type="cond" truecount="0" falsecount="4"/>
      <line num="3006" count="0" type="stmt"/>
      <line num="3011" count="0" type="stmt"/>
      <line num="3012" count="0" type="cond" truecount="0" falsecount="2"/>
      <line num="3014" count="0" type="stmt"/>
      <line num="3018" count="0" type="stmt"/>
      <line num="3025" count="0" type="stmt"/>
      <line num="3034" count="0" type="stmt"/>
      <line num="3035" count="0" type="stmt"/>
      <line num="3036" count="0" type="cond" truecount="0" falsecount="2"/>
      <line num="3037" count="0" type="stmt"/>
      <line num="3038" count="0" type="cond" truecount="0" falsecount="4"/>
      <line num="3039" count="0" type="stmt"/>
      <line num="3041" count="0" type="stmt"/>
      <line num="3042" count="0" type="stmt"/>
      <line num="3043" count="0" type="stmt"/>
      <line num="3044" count="0" type="stmt"/>
      <line num="3045" count="0" type="stmt"/>
      <line num="3056" count="0" type="stmt"/>
      <line num="3058" count="0" type="stmt"/>
      <line num="3059" count="0" type="cond" truecount="0" falsecount="2"/>
      <line num="3060" count="0" type="cond" truecount="0" falsecount="2"/>
      <line num="3061" count="0" type="cond" truecount="0" falsecount="4"/>
      <line num="3062" count="0" type="stmt"/>
      <line num="3063" count="0" type="cond" truecount="0" falsecount="2"/>
      <line num="3064" count="0" type="stmt"/>
      <line num="3068" count="0" type="cond" truecount="0" falsecount="2"/>
      <line num="3071" count="0" type="stmt"/>
      <line num="3072" count="0" type="cond" truecount="0" falsecount="2"/>
      <line num="3073" count="0" type="stmt"/>
      <line num="3080" count="0" type="stmt"/>
      <line num="3086" count="0" type="stmt"/>
      <line num="3091" count="0" type="stmt"/>
      <line num="3095" count="0" type="stmt"/>
      <line num="3096" count="0" type="stmt"/>
      <line num="3097" count="0" type="stmt"/>
      <line num="3098" count="0" type="stmt"/>
      <line num="3109" count="0" type="stmt"/>
      <line num="3116" count="0" type="stmt"/>
      <line num="3117" count="0" type="stmt"/>
      <line num="3128" count="0" type="stmt"/>
      <line num="3129" count="0" type="stmt"/>
      <line num="3144" count="0" type="stmt"/>
      <line num="3145" count="0" type="stmt"/>
      <line num="3146" count="0" type="stmt"/>
      <line num="3157" count="0" type="stmt"/>
      <line num="3159" count="0" type="stmt"/>
      <line num="3160" count="0" type="stmt"/>
      <line num="3165" count="0" type="stmt"/>
      <line num="3166" count="0" type="cond" truecount="0" falsecount="2"/>
      <line num="3167" count="0" type="stmt"/>
      <line num="3169" count="0" type="stmt"/>
      <line num="3174" count="0" type="stmt"/>
      <line num="3191" count="0" type="stmt"/>
      <line num="3192" count="0" type="stmt"/>
      <line num="3193" count="0" type="stmt"/>
      <line num="3199" count="0" type="cond" truecount="0" falsecount="2"/>
      <line num="3200" count="0" type="stmt"/>
      <line num="3201" count="0" type="cond" truecount="0" falsecount="6"/>
      <line num="3202" count="0" type="cond" truecount="0" falsecount="2"/>
      <line num="3203" count="0" type="cond" truecount="0" falsecount="4"/>
      <line num="3204" count="0" type="stmt"/>
      <line num="3205" count="0" type="stmt"/>
      <line num="3206" count="0" type="stmt"/>
      <line num="3208" count="0" type="stmt"/>
      <line num="3209" count="0" type="cond" truecount="0" falsecount="2"/>
      <line num="3210" count="0" type="stmt"/>
      <line num="3211" count="0" type="stmt"/>
      <line num="3215" count="0" type="stmt"/>
      <line num="3217" count="0" type="cond" truecount="0" falsecount="8"/>
      <line num="3219" count="0" type="stmt"/>
      <line num="3220" count="0" type="stmt"/>
      <line num="3223" count="0" type="stmt"/>
      <line num="3224" count="0" type="stmt"/>
      <line num="3225" count="0" type="stmt"/>
      <line num="3226" count="0" type="stmt"/>
      <line num="3229" count="0" type="cond" truecount="0" falsecount="2"/>
      <line num="3231" count="0" type="cond" truecount="0" falsecount="3"/>
      <line num="3232" count="0" type="cond" truecount="0" falsecount="2"/>
      <line num="3233" count="0" type="stmt"/>
      <line num="3234" count="0" type="stmt"/>
      <line num="3235" count="0" type="stmt"/>
      <line num="3239" count="0" type="stmt"/>
      <line num="3240" count="0" type="cond" truecount="0" falsecount="2"/>
      <line num="3243" count="0" type="cond" truecount="0" falsecount="2"/>
      <line num="3244" count="0" type="cond" truecount="0" falsecount="2"/>
      <line num="3245" count="0" type="cond" truecount="0" falsecount="2"/>
      <line num="3246" count="0" type="stmt"/>
      <line num="3247" count="0" type="cond" truecount="0" falsecount="2"/>
      <line num="3248" count="0" type="stmt"/>
      <line num="3250" count="0" type="stmt"/>
      <line num="3252" count="0" type="stmt"/>
      <line num="3253" count="0" type="stmt"/>
      <line num="3254" count="0" type="stmt"/>
      <line num="3255" count="0" type="stmt"/>
      <line num="3256" count="0" type="stmt"/>
      <line num="3257" count="0" type="stmt"/>
      <line num="3258" count="0" type="stmt"/>
      <line num="3261" count="0" type="cond" truecount="0" falsecount="2"/>
      <line num="3262" count="0" type="cond" truecount="0" falsecount="3"/>
      <line num="3263" count="0" type="cond" truecount="0" falsecount="2"/>
      <line num="3267" count="0" type="stmt"/>
      <line num="3268" count="0" type="cond" truecount="0" falsecount="2"/>
      <line num="3269" count="0" type="stmt"/>
      <line num="3271" count="0" type="stmt"/>
      <line num="3272" count="0" type="stmt"/>
      <line num="3273" count="0" type="stmt"/>
      <line num="3274" count="0" type="stmt"/>
      <line num="3275" count="0" type="stmt"/>
      <line num="3279" count="0" type="cond" truecount="0" falsecount="4"/>
      <line num="3280" count="0" type="stmt"/>
      <line num="3286" count="0" type="cond" truecount="0" falsecount="2"/>
      <line num="3287" count="0" type="stmt"/>
      <line num="3288" count="0" type="stmt"/>
      <line num="3292" count="0" type="stmt"/>
      <line num="3293" count="0" type="stmt"/>
      <line num="3294" count="0" type="cond" truecount="0" falsecount="2"/>
      <line num="3295" count="0" type="stmt"/>
      <line num="3299" count="0" type="cond" truecount="0" falsecount="2"/>
      <line num="3300" count="0" type="stmt"/>
      <line num="3301" count="0" type="stmt"/>
      <line num="3303" count="0" type="cond" truecount="0" falsecount="2"/>
      <line num="3304" count="0" type="cond" truecount="0" falsecount="2"/>
      <line num="3306" count="0" type="stmt"/>
      <line num="3307" count="0" type="stmt"/>
      <line num="3309" count="0" type="cond" truecount="0" falsecount="2"/>
      <line num="3310" count="0" type="stmt"/>
      <line num="3311" count="0" type="stmt"/>
      <line num="3316" count="0" type="stmt"/>
      <line num="3317" count="0" type="stmt"/>
      <line num="3318" count="0" type="cond" truecount="0" falsecount="2"/>
      <line num="3319" count="0" type="stmt"/>
      <line num="3322" count="0" type="stmt"/>
      <line num="3323" count="0" type="cond" truecount="0" falsecount="2"/>
      <line num="3324" count="0" type="cond" truecount="0" falsecount="4"/>
      <line num="3326" count="0" type="stmt"/>
      <line num="3327" count="0" type="stmt"/>
      <line num="3329" count="0" type="cond" truecount="0" falsecount="2"/>
      <line num="3330" count="0" type="cond" truecount="0" falsecount="2"/>
      <line num="3332" count="0" type="stmt"/>
      <line num="3333" count="0" type="stmt"/>
      <line num="3338" count="0" type="cond" truecount="0" falsecount="2"/>
      <line num="3339" count="0" type="cond" truecount="0" falsecount="3"/>
      <line num="3340" count="0" type="cond" truecount="0" falsecount="3"/>
      <line num="3341" count="0" type="cond" truecount="0" falsecount="2"/>
      <line num="3343" count="0" type="cond" truecount="0" falsecount="2"/>
      <line num="3344" count="0" type="stmt"/>
      <line num="3345" count="0" type="cond" truecount="0" falsecount="2"/>
      <line num="3346" count="0" type="stmt"/>
      <line num="3347" count="0" type="stmt"/>
      <line num="3348" count="0" type="cond" truecount="0" falsecount="2"/>
      <line num="3349" count="0" type="cond" truecount="0" falsecount="2"/>
      <line num="3350" count="0" type="stmt"/>
      <line num="3351" count="0" type="stmt"/>
      <line num="3353" count="0" type="cond" truecount="0" falsecount="2"/>
      <line num="3354" count="0" type="stmt"/>
      <line num="3355" count="0" type="stmt"/>
      <line num="3356" count="0" type="stmt"/>
      <line num="3357" count="0" type="stmt"/>
      <line num="3358" count="0" type="stmt"/>
      <line num="3360" count="0" type="cond" truecount="0" falsecount="2"/>
      <line num="3361" count="0" type="stmt"/>
      <line num="3362" count="0" type="stmt"/>
      <line num="3363" count="0" type="stmt"/>
      <line num="3364" count="0" type="stmt"/>
      <line num="3365" count="0" type="cond" truecount="0" falsecount="2"/>
      <line num="3366" count="0" type="stmt"/>
      <line num="3367" count="0" type="cond" truecount="0" falsecount="2"/>
      <line num="3368" count="0" type="cond" truecount="0" falsecount="2"/>
      <line num="3369" count="0" type="cond" truecount="0" falsecount="2"/>
      <line num="3370" count="0" type="cond" truecount="0" falsecount="2"/>
      <line num="3371" count="0" type="stmt"/>
      <line num="3372" count="0" type="stmt"/>
      <line num="3373" count="0" type="stmt"/>
      <line num="3375" count="0" type="cond" truecount="0" falsecount="2"/>
      <line num="3376" count="0" type="stmt"/>
[...]
      <line num="3763" count="0" type="cond" truecount="0" falsecount="2"/>
      <line num="3764" count="0" type="cond" truecount="0" falsecount="2"/>
      <line num="3765" count="0" type="cond" truecount="0" falsecount="2"/>
      <line num="3766" count="0" type="stmt"/>
      <line num="3768" count="0" type="cond" truecount="0" falsecount="4"/>
      <line num="3771" count="0" type="stmt"/>
      <line num="3772" count="0" type="stmt"/>
      <line num="3773" count="0" type="cond" truecount="0" falsecount="2"/>
      <line num="3774" count="0" type="stmt"/>
      <line num="3776" count="0" type="stmt"/>
      <line num="3780" count="0" type="stmt"/>
      <line num="3781" count="0" type="stmt"/>
      <line num="3782" count="0" type="cond" truecount="0" falsecount="4"/>
      <line num="3783" count="0" type="stmt"/>
      <line num="3785" count="0" type="cond" truecount="0" falsecount="2"/>
      <line num="3788" count="0" type="stmt"/>
      <line num="3789" count="0" type="stmt"/>
      <line num="3790" count="0" type="stmt"/>
      <line num="3792" count="0" type="stmt"/>
      <line num="3793" count="0" type="stmt"/>
      <line num="3800" count="0" type="cond" truecount="0" falsecount="2"/>
      <line num="3801" count="0" type="cond" truecount="0" falsecount="4"/>
      <line num="3812" count="0" type="cond" truecount="0" falsecount="2"/>
      <line num="3813" count="0" type="cond" truecount="0" falsecount="2"/>
      <line num="3814" count="0" type="stmt"/>
      <line num="3817" count="0" type="cond" truecount="0" falsecount="2"/>
      <line num="3819" count="0" type="stmt"/>
      <line num="3820" count="0" type="cond" truecount="0" falsecount="2"/>
      <line num="3822" count="0" type="stmt"/>
      <line num="3823" count="0" type="cond" truecount="0" falsecount="2"/>
      <line num="3824" count="0" type="stmt"/>
      <line num="3826" count="0" type="cond" truecount="0" falsecount="4"/>
      <line num="3828" count="0" type="stmt"/>
      <line num="3829" count="0" type="cond" truecount="0" falsecount="2"/>
      <line num="3830" count="0" type="cond" truecount="0" falsecount="2"/>
      <line num="3832" count="0" type="stmt"/>
      <line num="3833" count="0" type="stmt"/>
      <line num="3837" count="0" type="stmt"/>
      <line num="3838" count="0" type="stmt"/>
      <line num="3839" count="0" type="cond" truecount="0" falsecount="5"/>
      <line num="3840" count="0" type="stmt"/>
      <line num="3845" count="0" type="stmt"/>
      <line num="3847" count="0" type="stmt"/>
      <line num="3848" count="0" type="stmt"/>
      <line num="3849" count="0" type="stmt"/>
      <line num="3850" count="0" type="stmt"/>
      <line num="3852" count="0" type="cond" truecount="0" falsecount="4"/>
      <line num="3853" count="0" type="cond" truecount="0" falsecount="2"/>
      <line num="3854" count="0" type="cond" truecount="0" falsecount="5"/>
      <line num="3855" count="0" type="stmt"/>
      <line num="3856" count="0" type="cond" truecount="0" falsecount="4"/>
      <line num="3857" count="0" type="stmt"/>
      <line num="3859" count="0" type="stmt"/>
      <line num="3866" count="0" type="cond" truecount="0" falsecount="2"/>
      <line num="3867" count="0" type="stmt"/>
      <line num="3868" count="0" type="cond" truecount="0" falsecount="2"/>
      <line num="3869" count="0" type="stmt"/>
      <line num="3870" count="0" type="stmt"/>
      <line num="3871" count="0" type="stmt"/>
      <line num="3874" count="0" type="cond" truecount="0" falsecount="2"/>
      <line num="3875" count="0" type="stmt"/>
      <line num="3876" count="0" type="stmt"/>
      <line num="3877" count="0" type="cond" truecount="0" falsecount="2"/>
      <line num="3878" count="0" type="stmt"/>
      <line num="3882" count="0" type="stmt"/>
      <line num="3883" count="0" type="stmt"/>
      <line num="3884" count="0" type="cond" truecount="0" falsecount="6"/>
      <line num="3885" count="0" type="cond" truecount="0" falsecount="4"/>
      <line num="3887" count="0" type="stmt"/>
      <line num="3888" count="0" type="stmt"/>
      <line num="3889" count="0" type="stmt"/>
      <line num="3891" count="0" type="stmt"/>
      <line num="3892" count="0" type="cond" truecount="0" falsecount="2"/>
      <line num="3893" count="0" type="cond" truecount="0" falsecount="2"/>
      <line num="3896" count="0" type="stmt"/>
      <line num="3901" count="0" type="cond" truecount="0" falsecount="7"/>
      <line num="3905" count="0" type="stmt"/>
      <line num="3906" count="0" type="stmt"/>
      <line num="3907" count="0" type="cond" truecount="0" falsecount="2"/>
      <line num="3909" count="0" type="cond" truecount="0" falsecount="2"/>
      <line num="3910" count="0" type="cond" truecount="0" falsecount="2"/>
      <line num="3911" count="0" type="stmt"/>
      <line num="3916" count="0" type="cond" truecount="0" falsecount="2"/>
      <line num="3917" count="0" type="stmt"/>
      <line num="3918" count="0" type="cond" truecount="0" falsecount="2"/>
      <line num="3920" count="0" type="stmt"/>
      <line num="3921" count="0" type="stmt"/>
      <line num="3922" count="0" type="cond" truecount="0" falsecount="5"/>
      <line num="3924" count="0" type="stmt"/>
      <line num="3926" count="0" type="stmt"/>
      <line num="3927" count="0" type="stmt"/>
      <line num="3928" count="0" type="stmt"/>
      <line num="3929" count="0" type="cond" truecount="0" falsecount="4"/>
      <line num="3931" count="0" type="cond" truecount="0" falsecount="3"/>
      <line num="3932" count="0" type="stmt"/>
      <line num="3935" count="0" type="cond" truecount="0" falsecount="2"/>
      <line num="3936" count="0" type="stmt"/>
      <line num="3938" count="0" type="cond" truecount="0" falsecount="2"/>
      <line num="3939" count="0" type="cond" truecount="0" falsecount="2"/>
      <line num="3942" count="0" type="stmt"/>
      <line num="3943" count="0" type="stmt"/>
      <line num="3945" count="0" type="cond" truecount="0" falsecount="2"/>
      <line num="3946" count="0" type="cond" truecount="0" falsecount="4"/>
      <line num="3947" count="0" type="stmt"/>
      <line num="3948" count="0" type="cond" truecount="0" falsecount="2"/>
      <line num="3949" count="0" type="stmt"/>
      <line num="3950" count="0" type="cond" truecount="0" falsecount="2"/>
      <line num="3951" count="0" type="stmt"/>
      <line num="3954" count="0" type="cond" truecount="0" falsecount="2"/>
      <line num="3956" count="0" type="cond" truecount="0" falsecount="2"/>
      <line num="3958" count="0" type="stmt"/>
      <line num="3959" count="0" type="stmt"/>
      <line num="3960" count="0" type="cond" truecount="0" falsecount="2"/>
      <line num="3961" count="0" type="cond" truecount="0" falsecount="4"/>
      <line num="3963" count="0" type="cond" truecount="0" falsecount="2"/>
      <line num="3964" count="0" type="stmt"/>
      <line num="3968" count="0" type="stmt"/>
      <line num="3973" count="0" type="cond" truecount="0" falsecount="2"/>
      <line num="3974" count="0" type="stmt"/>
      <line num="3975" count="0" type="stmt"/>
      <line num="3976" count="0" type="cond" truecount="0" falsecount="2"/>
      <line num="3977" count="0" type="cond" truecount="0" falsecount="4"/>
      <line num="3978" count="0" type="stmt"/>
      <line num="3979" count="0" type="cond" truecount="0" falsecount="4"/>
      <line num="3984" count="0" type="stmt"/>
      <line num="3985" count="0" type="stmt"/>
      <line num="3986" count="0" type="cond" truecount="0" falsecount="5"/>
      <line num="3987" count="0" type="stmt"/>
      <line num="3990" count="0" type="cond" truecount="0" falsecount="2"/>
      <line num="3992" count="0" type="cond" truecount="0" falsecount="2"/>
      <line num="3993" count="0" type="stmt"/>
      <line num="3994" count="0" type="cond" truecount="0" falsecount="2"/>
      <line num="3995" count="0" type="cond" truecount="0" falsecount="4"/>
      <line num="3998" count="0" type="stmt"/>
      <line num="3999" count="0" type="cond" truecount="0" falsecount="2"/>
      <line num="4000" count="0" type="cond" truecount="0" falsecount="4"/>
      <line num="4003" count="0" type="cond" truecount="0" falsecount="2"/>
      <line num="4004" count="0" type="stmt"/>
      <line num="4009" count="0" type="cond" truecount="0" falsecount="4"/>
      <line num="4010" count="0" type="stmt"/>
      <line num="4011" count="0" type="stmt"/>
      <line num="4012" count="0" type="stmt"/>
      <line num="4013" count="0" type="cond" truecount="0" falsecount="2"/>
      <line num="4014" count="0" type="cond" truecount="0" falsecount="2"/>
      <line num="4015" count="0" type="stmt"/>
      <line num="4016" count="0" type="stmt"/>
      <line num="4017" count="0" type="cond" truecount="0" falsecount="2"/>
      <line num="4019" count="0" type="stmt"/>
      <line num="4021" count="0" type="stmt"/>
      <line num="4022" count="0" type="cond" truecount="0" falsecount="2"/>
      <line num="4024" count="0" type="stmt"/>
      <line num="4025" count="0" type="cond" truecount="0" falsecount="2"/>
      <line num="4028" count="0" type="stmt"/>
      <line num="4029" count="0" type="stmt"/>
      <line num="4030" count="0" type="stmt"/>
      <line num="4031" count="0" type="stmt"/>
      <line num="4032" count="0" type="cond" truecount="0" falsecount="2"/>
      <line num="4035" count="0" type="stmt"/>
      <line num="4036" count="0" type="cond" truecount="0" falsecount="4"/>
      <line num="4037" count="0" type="stmt"/>
      <line num="4038" count="0" type="stmt"/>
      <line num="4039" count="0" type="stmt"/>
      <line num="4046" count="0" type="cond" truecount="0" falsecount="2"/>
      <line num="4047" count="0" type="stmt"/>
      <line num="4051" count="0" type="stmt"/>
      <line num="4052" count="0" type="cond" truecount="0" falsecount="2"/>
      <line num="4057" count="0" type="cond" truecount="0" falsecount="2"/>
      <line num="4058" count="0" type="cond" truecount="0" falsecount="4"/>
      <line num="4060" count="0" type="stmt"/>
      <line num="4063" count="0" type="cond" truecount="0" falsecount="3"/>
      <line num="4064" count="0" type="cond" truecount="0" falsecount="2"/>
      <line num="4066" count="0" type="stmt"/>
      <line num="4067" count="0" type="stmt"/>
      <line num="4071" count="0" type="stmt"/>
      <line num="4072" count="0" type="cond" truecount="0" falsecount="2"/>
      <line num="4073" count="0" type="stmt"/>
      <line num="4075" count="0" type="cond" truecount="0" falsecount="2"/>
      <line num="4077" count="0" type="stmt"/>
      <line num="4078" count="0" type="stmt"/>
      <line num="4079" count="0" type="stmt"/>
      <line num="4080" count="0" type="stmt"/>
      <line num="4083" count="0" type="stmt"/>
      <line num="4088" count="0" type="stmt"/>
      <line num="4091" count="0" type="stmt"/>
      <line num="4094" count="0" type="cond" truecount="0" falsecount="2"/>
      <line num="4096" count="0" type="stmt"/>
      <line num="4101" count="0" type="stmt"/>
      <line num="4103" count="0" type="stmt"/>
      <line num="4104" count="0" type="cond" truecount="0" falsecount="2"/>
      <line num="4105" count="0" type="cond" truecount="0" falsecount="2"/>
      <line num="4106" count="0" type="stmt"/>
      <line num="4108" count="0" type="stmt"/>
      <line num="4111" count="0" type="stmt"/>
      <line num="4114" count="0" type="stmt"/>
      <line num="4115" count="0" type="stmt"/>
      <line num="4130" count="0" type="stmt"/>
      <line num="4131" count="0" type="cond" truecount="0" falsecount="5"/>
      <line num="4132" count="0" type="stmt"/>
      <line num="4137" count="0" type="cond" truecount="0" falsecount="4"/>
      <line num="4139" count="0" type="stmt"/>
      <line num="4141" count="0" type="stmt"/>
      <line num="4144" count="0" type="stmt"/>
      <line num="4145" count="0" type="cond" truecount="0" falsecount="2"/>
      <line num="4146" count="0" type="stmt"/>
      <line num="4165" count="0" type="cond" truecount="0" falsecount="2"/>
      <line num="4166" count="0" type="stmt"/>
      <line num="4169" count="0" type="stmt"/>
      <line num="4176" count="0" type="cond" truecount="0" falsecount="2"/>
      <line num="4177" count="0" type="stmt"/>
      <line num="4178" count="0" type="cond" truecount="0" falsecount="2"/>
      <line num="4179" count="0" type="stmt"/>
      <line num="4183" count="0" type="cond" truecount="0" falsecount="2"/>
      <line num="4184" count="0" type="stmt"/>
      <line num="4185" count="0" type="stmt"/>
      <line num="4186" count="0" type="stmt"/>
      <line num="4187" count="0" type="cond" truecount="0" falsecount="2"/>
      <line num="4188" count="0" type="cond" truecount="0" falsecount="2"/>
      <line num="4189" count="0" type="stmt"/>
      <line num="4192" count="0" type="stmt"/>
      <line num="4196" count="0" type="stmt"/>
      <line num="4199" count="0" type="stmt"/>
      <line num="4202" count="0" type="cond" truecount="0" falsecount="2"/>
      <line num="4203" count="0" type="stmt"/>
      <line num="4205" count="0" type="stmt"/>
      <line num="4207" count="0" type="stmt"/>
      <line num="4210" count="0" type="cond" truecount="0" falsecount="4"/>
      <line num="4211" count="0" type="stmt"/>
      <line num="4213" count="0" type="cond" truecount="0" falsecount="2"/>
      <line num="4214" count="0" type="stmt"/>
      <line num="4215" count="0" type="cond" truecount="0" falsecount="2"/>
      <line num="4216" count="0" type="stmt"/>
      <line num="4217" count="0" type="cond" truecount="0" falsecount="2"/>
      <line num="4218" count="0" type="stmt"/>
      <line num="4220" count="0" type="stmt"/>
      <line num="4222" count="0" type="stmt"/>
      <line num="4225" count="0" type="stmt"/>
      <line num="4226" count="0" type="stmt"/>
      <line num="4227" count="0" type="stmt"/>
      <line num="4228" count="0" type="cond" truecount="0" falsecount="2"/>
      <line num="4229" count="0" type="stmt"/>
      <line num="4233" count="24" type="cond" truecount="1" falsecount="1"/>
      <line num="4239" count="24" type="stmt"/>
      <line num="4240" count="24" type="cond" truecount="1" falsecount="1"/>
      <line num="4241" count="0" type="stmt"/>
      <line num="4242" count="0" type="stmt"/>
      <line num="4243" count="0" type="stmt"/>
      <line num="4245" count="0" type="stmt"/>
      <line num="4247" count="0" type="stmt"/>
      <line num="4248" count="0" type="stmt"/>
      <line num="4249" count="0" type="stmt"/>
      <line num="4252" count="24" type="stmt"/>
      <line num="4253" count="24" type="stmt"/>
      <line num="4257" count="24" type="stmt"/>
      <line num="4260" count="24" type="stmt"/>
      <line num="4263" count="24" type="stmt"/>
      <line num="4265" count="24" type="stmt"/>
      <line num="4266" count="24" type="stmt"/>
      <line num="4270" count="24" type="stmt"/>
      <line num="4271" count="24" type="cond" truecount="2" falsecount="0"/>
      <line num="4272" count="1" type="stmt"/>
      <line num="4277" count="24" type="stmt"/>
      <line num="4282" count="0" type="stmt"/>
      <line num="4283" count="0" type="stmt"/>
      <line num="4284" count="0" type="cond" truecount="0" falsecount="2"/>
      <line num="4288" count="0" type="stmt"/>
      <line num="4294" count="0" type="stmt"/>
      <line num="4296" count="0" type="stmt"/>
      <line num="4300" count="0" type="cond" truecount="0" falsecount="2"/>
      <line num="4301" count="0" type="stmt"/>
      <line num="4302" count="0" type="stmt"/>
      <line num="4307" count="0" type="stmt"/>
      <line num="4308" count="0" type="cond" truecount="0" falsecount="2"/>
      <line num="4309" count="0" type="stmt"/>
      <line num="4318" count="0" type="cond" truecount="0" falsecount="2"/>
      <line num="4319" count="0" type="stmt"/>
      <line num="4327" count="0" type="cond" truecount="0" falsecount="2"/>
      <line num="4329" count="0" type="cond" truecount="0" falsecount="2"/>
      <line num="4330" count="0" type="cond" truecount="0" falsecount="2"/>
      <line num="4331" count="0" type="cond" truecount="0" falsecount="2"/>
      <line num="4332" count="0" type="cond" truecount="0" falsecount="2"/>
      <line num="4333" count="0" type="cond" truecount="0" falsecount="2"/>
      <line num="4334" count="0" type="cond" truecount="0" falsecount="4"/>
      <line num="4335" count="0" type="stmt"/>
      <line num="4338" count="0" type="cond" truecount="0" falsecount="27"/>
      <line num="4339" count="0" type="stmt"/>
      <line num="4340" count="0" type="stmt"/>
      <line num="4341" count="0" type="cond" truecount="0" falsecount="2"/>
      <line num="4342" count="0" type="cond" truecount="0" falsecount="2"/>
      <line num="4343" count="0" type="cond" truecount="0" falsecount="4"/>
      <line num="4344" count="0" type="stmt"/>
      <line num="4345" count="0" type="cond" truecount="0" falsecount="2"/>
      <line num="4346" count="0" type="stmt"/>
      <line num="4347" count="0" type="stmt"/>
      <line num="4348" count="0" type="stmt"/>
      <line num="4349" count="0" type="cond" truecount="0" falsecount="2"/>
      <line num="4350" count="0" type="cond" truecount="0" falsecount="4"/>
      <line num="4351" count="0" type="cond" truecount="0" falsecount="2"/>
      <line num="4352" count="0" type="cond" truecount="0" falsecount="2"/>
      <line num="4353" count="0" type="cond" truecount="0" falsecount="3"/>
      <line num="4354" count="0" type="cond" truecount="0" falsecount="3"/>
      <line num="4355" count="0" type="cond" truecount="0" falsecount="3"/>
      <line num="4356" count="0" type="cond" truecount="0" falsecount="3"/>
      <line num="4357" count="0" type="cond" truecount="0" falsecount="2"/>
      <line num="4358" count="0" type="cond" truecount="0" falsecount="2"/>
      <line num="4359" count="0" type="stmt"/>
      <line num="4360" count="0" type="stmt"/>
      <line num="4361" count="0" type="stmt"/>
      <line num="4362" count="0" type="stmt"/>
      <line num="4363" count="0" type="cond" truecount="0" falsecount="4"/>
      <line num="4364" count="0" type="cond" truecount="0" falsecount="4"/>
      <line num="4365" count="0" type="stmt"/>
      <line num="4370" count="0" type="stmt"/>
      <line num="4372" count="0" type="stmt"/>
      <line num="4376" count="0" type="stmt"/>
      <line num="4377" count="0" type="stmt"/>
      <line num="4378" count="0" type="stmt"/>
      <line num="4379" count="0" type="stmt"/>
      <line num="4380" count="0" type="stmt"/>
      <line num="4381" count="0" type="stmt"/>
      <line num="4383" count="0" type="stmt"/>
      <line num="4391" count="0" type="stmt"/>
      <line num="4392" count="0" type="cond" truecount="0" falsecount="5"/>
      <line num="4393" count="0" type="stmt"/>
      <line num="4394" count="0" type="stmt"/>
      <line num="4395" count="0" type="stmt"/>
      <line num="4402" count="0" type="stmt"/>
      <line num="4406" count="0" type="stmt"/>
      <line num="4408" count="0" type="stmt"/>
      <line num="4409" count="0" type="stmt"/>
      <line num="4410" count="0" type="stmt"/>
      <line num="4411" count="0" type="stmt"/>
      <line num="4420" count="0" type="stmt"/>
      <line num="4421" count="0" type="stmt"/>
      <line num="4422" count="0" type="stmt"/>
      <line num="4423" count="0" type="stmt"/>
      <line num="4426" count="0" type="stmt"/>
      <line num="4427" count="0" type="stmt"/>
      <line num="4428" count="0" type="stmt"/>
      <line num="4429" count="0" type="cond" truecount="0" falsecount="5"/>
      <line num="4430" count="0" type="stmt"/>
      <line num="4431" count="0" type="stmt"/>
      <line num="4432" count="0" type="stmt"/>
      <line num="4433" count="0" type="stmt"/>
    </file>
  </project>
</coverage>
