<?xml version="1.0" encoding="UTF-8"?>
<coverage generated="1778931163546" clover="3.2.0">
  <project timestamp="1778931163546" name="All files">
    <metrics statements="112" coveredstatements="112" conditionals="106" coveredconditionals="82" methods="21" coveredmethods="21" elements="239" coveredelements="215" complexity="0" loc="112" ncloc="112" packages="1" files="1" classes="1"/>
    <file name="cursor.js" path="C:\Users\Administrator\Downloads\sentinel-override\content\cursor.js">
      <metrics statements="112" coveredstatements="112" conditionals="106" coveredconditionals="82" methods="21" coveredmethods="21"/>
      <line num="19" count="26" type="cond" truecount="1" falsecount="1"/>
      <line num="21" count="26" type="stmt"/>
      <line num="24" count="26" type="cond" truecount="4" falsecount="0"/>
      <line num="26" count="25" type="stmt"/>
      <line num="27" count="25" type="stmt"/>
      <line num="28" count="25" type="stmt"/>
      <line num="29" count="25" type="stmt"/>
      <line num="31" count="25" type="stmt"/>
      <line num="32" count="25" type="stmt"/>
      <line num="33" count="25" type="stmt"/>
      <line num="34" count="25" type="stmt"/>
      <line num="35" count="25" type="stmt"/>
      <line num="38" count="59" type="stmt"/>
      <line num="39" count="59" type="cond" truecount="1" falsecount="1"/>
      <line num="40" count="59" type="stmt"/>
      <line num="41" count="58" type="stmt"/>
      <line num="42" count="58" type="stmt"/>
      <line num="94" count="58" type="cond" truecount="1" falsecount="1"/>
      <line num="99" count="84" type="stmt"/>
      <line num="100" count="84" type="stmt"/>
      <line num="103" count="82" type="cond" truecount="4" falsecount="0"/>
      <line num="104" count="2" type="cond" truecount="0" falsecount="2"/>
      <line num="105" count="2" type="stmt"/>
      <line num="107" count="82" type="cond" truecount="2" falsecount="0"/>
      <line num="109" count="59" type="stmt"/>
      <line num="111" count="59" type="cond" truecount="4" falsecount="0"/>
      <line num="112" count="25" type="cond" truecount="1" falsecount="1"/>
      <line num="113" count="25" type="cond" truecount="1" falsecount="1"/>
      <line num="116" count="59" type="stmt"/>
      <line num="117" count="58" type="stmt"/>
      <line num="118" count="58" type="stmt"/>
      <line num="119" count="58" type="stmt"/>
      <line num="120" count="58" type="stmt"/>
      <line num="121" count="58" type="stmt"/>
      <line num="131" count="58" type="cond" truecount="2" falsecount="1"/>
      <line num="132" count="58" type="stmt"/>
      <line num="133" count="56" type="stmt"/>
      <line num="136" count="1" type="cond" truecount="1" falsecount="3"/>
      <line num="140" count="58" type="cond" truecount="2" falsecount="0"/>
      <line num="141" count="55" type="stmt"/>
      <line num="143" count="3" type="stmt"/>
      <line num="144" count="167" type="cond" truecount="2" falsecount="0"/>
      <line num="146" count="3" type="stmt"/>
      <line num="149" count="58" type="stmt"/>
      <line num="150" count="58" type="stmt"/>
      <line num="151" count="3" type="stmt"/>
      <line num="156" count="58" type="cond" truecount="2" falsecount="0"/>
      <line num="157" count="25" type="stmt"/>
      <line num="158" count="25" type="stmt"/>
      <line num="160" count="3" type="stmt"/>
      <line num="161" count="3" type="cond" truecount="2" falsecount="2"/>
      <line num="164" count="3" type="stmt"/>
      <line num="165" count="3" type="cond" truecount="0" falsecount="2"/>
      <line num="168" count="25" type="cond" truecount="1" falsecount="1"/>
      <line num="169" count="25" type="cond" truecount="1" falsecount="1"/>
      <line num="170" count="25" type="stmt"/>
      <line num="176" count="43" type="cond" truecount="2" falsecount="0"/>
      <line num="177" count="9" type="cond" truecount="2" falsecount="0"/>
      <line num="178" count="9" type="stmt"/>
      <line num="179" count="3" type="stmt"/>
      <line num="180" count="3" type="stmt"/>
      <line num="181" count="3" type="cond" truecount="1" falsecount="1"/>
      <line num="182" count="1" type="cond" truecount="2" falsecount="0"/>
      <line num="189" count="23" type="cond" truecount="2" falsecount="0"/>
      <line num="190" count="23" type="cond" truecount="2" falsecount="0"/>
      <line num="191" count="23" type="stmt"/>
      <line num="197" count="25" type="stmt"/>
      <line num="201" count="29" type="stmt"/>
      <line num="202" count="29" type="cond" truecount="6" falsecount="0"/>
      <line num="203" count="6" type="stmt"/>
      <line num="205" count="23" type="stmt"/>
      <line num="206" count="23" type="stmt"/>
      <line num="207" count="23" type="cond" truecount="2" falsecount="0"/>
      <line num="208" count="22" type="stmt"/>
      <line num="209" count="21" type="stmt"/>
      <line num="210" count="21" type="stmt"/>
      <line num="211" count="21" type="stmt"/>
      <line num="212" count="21" type="stmt"/>
      <line num="213" count="21" type="stmt"/>
      <line num="214" count="21" type="cond" truecount="4" falsecount="0"/>
      <line num="217" count="21" type="stmt"/>
      <line num="219" count="1" type="stmt"/>
      <line num="224" count="10" type="stmt"/>
      <line num="225" count="10" type="cond" truecount="4" falsecount="0"/>
      <line num="226" count="5" type="stmt"/>
      <line num="228" count="5" type="stmt"/>
      <line num="229" count="4" type="cond" truecount="5" falsecount="0"/>
      <line num="230" count="2" type="stmt"/>
      <line num="232" count="1" type="stmt"/>
      <line num="237" count="10" type="stmt"/>
      <line num="238" count="10" type="stmt"/>
      <line num="239" count="10" type="cond" truecount="2" falsecount="0"/>
      <line num="240" count="9" type="stmt"/>
      <line num="241" count="8" type="stmt"/>
      <line num="242" count="7" type="cond" truecount="0" falsecount="2"/>
      <line num="244" count="1" type="cond" truecount="2" falsecount="0"/>
      <line num="248" count="23" type="stmt"/>
      <line num="249" count="23" type="stmt"/>
      <line num="250" count="23" type="cond" truecount="2" falsecount="0"/>
      <line num="251" count="22" type="stmt"/>
      <line num="252" count="1" type="cond" truecount="2" falsecount="0"/>
      <line num="256" count="7" type="stmt"/>
      <line num="257" count="7" type="stmt"/>
      <line num="258" count="6" type="cond" truecount="2" falsecount="0"/>
      <line num="259" count="6" type="cond" truecount="2" falsecount="0"/>
      <line num="260" count="1" type="cond" truecount="2" falsecount="0"/>
      <line num="264" count="36" type="stmt"/>
      <line num="265" count="36" type="cond" truecount="2" falsecount="0"/>
      <line num="266" count="20" type="cond" truecount="2" falsecount="2"/>
      <line num="271" count="19" type="stmt"/>
      <line num="275" count="25" type="stmt"/>
      <line num="278" count="25" type="cond" truecount="0" falsecount="2"/>
    </file>
  </project>
</coverage>
