{"total": {"lines":{"total":5447,"covered":4209,"skipped":0,"pct":77.27},"statements":{"total":6449,"covered":4949,"skipped":0,"pct":76.74},"functions":{"total":751,"covered":644,"skipped":0,"pct":85.75},"branches":{"total":5882,"covered":4156,"skipped":0,"pct":70.65},"branchesTrue":{"total":0,"covered":0,"skipped":0,"pct":100}}
,"C:\\Users\\Administrator\\Downloads\\sentinel-override\\background\\adaptive-prompts.js": {"lines":{"total":107,"covered":106,"skipped":0,"pct":99.06},"functions":{"total":8,"covered":7,"skipped":0,"pct":87.5},"statements":{"total":118,"covered":114,"skipped":0,"pct":96.61},"branches":{"total":123,"covered":106,"skipped":0,"pct":86.17}}
,"C:\\Users\\Administrator\\Downloads\\sentinel-override\\background\\agent-engine.js": {"lines":{"total":1988,"covered":831,"skipped":0,"pct":41.8},"functions":{"total":207,"covered":132,"skipped":0,"pct":63.76},"statements":{"total":2302,"covered":990,"skipped":0,"pct":43},"branches":{"total":2076,"covered":803,"skipped":0,"pct":38.68}}
,"C:\\Users\\Administrator\\Downloads\\sentinel-override\\background\\audit-log.js": {"lines":{"total":26,"covered":25,"skipped":0,"pct":96.15},"functions":{"total":10,"covered":10,"skipped":0,"pct":100},"statements":{"total":32,"covered":31,"skipped":0,"pct":96.87},"branches":{"total":28,"covered":27,"skipped":0,"pct":96.42}}
,"C:\\Users\\Administrator\\Downloads\\sentinel-override\\background\\client-knowledge.js": {"lines":{"total":141,"covered":138,"skipped":0,"pct":97.87},"functions":{"total":29,"covered":29,"skipped":0,"pct":100},"statements":{"total":182,"covered":167,"skipped":0,"pct":91.75},"branches":{"total":158,"covered":135,"skipped":0,"pct":85.44}}
,"C:\\Users\\Administrator\\Downloads\\sentinel-override\\background\\collaboration.js": {"lines":{"total":106,"covered":106,"skipped":0,"pct":100},"functions":{"total":13,"covered":13,"skipped":0,"pct":100},"statements":{"total":111,"covered":111,"skipped":0,"pct":100},"branches":{"total":88,"covered":79,"skipped":0,"pct":89.77}}
,"C:\\Users\\Administrator\\Downloads\\sentinel-override\\background\\frame-router.js": {"lines":{"total":177,"covered":171,"skipped":0,"pct":96.61},"functions":{"total":24,"covered":22,"skipped":0,"pct":91.66},"statements":{"total":200,"covered":192,"skipped":0,"pct":96},"branches":{"total":155,"covered":129,"skipped":0,"pct":83.22}}
,"C:\\Users\\Administrator\\Downloads\\sentinel-override\\background\\llm-client.js": {"lines":{"total":428,"covered":415,"skipped":0,"pct":96.96},"functions":{"total":42,"covered":39,"skipped":0,"pct":92.85},"statements":{"total":542,"covered":497,"skipped":0,"pct":91.69},"branches":{"total":583,"covered":509,"skipped":0,"pct":87.3}}
,"C:\\Users\\Administrator\\Downloads\\sentinel-override\\background\\message-protocol.js": {"lines":{"total":78,"covered":77,"skipped":0,"pct":98.71},"functions":{"total":32,"covered":24,"skipped":0,"pct":75},"statements":{"total":86,"covered":85,"skipped":0,"pct":98.83},"branches":{"total":131,"covered":117,"skipped":0,"pct":89.31}}
,"C:\\Users\\Administrator\\Downloads\\sentinel-override\\background\\provider-registry.js": {"lines":{"total":120,"covered":120,"skipped":0,"pct":100},"functions":{"total":32,"covered":32,"skipped":0,"pct":100},"statements":{"total":142,"covered":142,"skipped":0,"pct":100},"branches":{"total":183,"covered":169,"skipped":0,"pct":92.34}}
,"C:\\Users\\Administrator\\Downloads\\sentinel-override\\background\\report-generator.js": {"lines":{"total":130,"covered":129,"skipped":0,"pct":99.23},"functions":{"total":20,"covered":18,"skipped":0,"pct":90},"statements":{"total":154,"covered":144,"skipped":0,"pct":93.5},"branches":{"total":153,"covered":118,"skipped":0,"pct":77.12}}
,"C:\\Users\\Administrator\\Downloads\\sentinel-override\\background\\scheduler.js": {"lines":{"total":312,"covered":275,"skipped":0,"pct":88.14},"functions":{"total":50,"covered":40,"skipped":0,"pct":80},"statements":{"total":338,"covered":289,"skipped":0,"pct":85.5},"branches":{"total":257,"covered":211,"skipped":0,"pct":82.1}}
,"C:\\Users\\Administrator\\Downloads\\sentinel-override\\background\\shared-state.js": {"lines":{"total":37,"covered":37,"skipped":0,"pct":100},"functions":{"total":10,"covered":9,"skipped":0,"pct":90},"statements":{"total":42,"covered":42,"skipped":0,"pct":100},"branches":{"total":39,"covered":38,"skipped":0,"pct":97.43}}
,"C:\\Users\\Administrator\\Downloads\\sentinel-override\\background\\tab-context.js": {"lines":{"total":80,"covered":80,"skipped":0,"pct":100},"functions":{"total":20,"covered":20,"skipped":0,"pct":100},"statements":{"total":99,"covered":96,"skipped":0,"pct":96.96},"branches":{"total":60,"covered":49,"skipped":0,"pct":81.66}}
,"C:\\Users\\Administrator\\Downloads\\sentinel-override\\background\\tab-manager.js": {"lines":{"total":321,"covered":314,"skipped":0,"pct":97.81},"functions":{"total":55,"covered":54,"skipped":0,"pct":98.18},"statements":{"total":401,"covered":384,"skipped":0,"pct":95.76},"branches":{"total":361,"covered":300,"skipped":0,"pct":83.1}}
,"C:\\Users\\Administrator\\Downloads\\sentinel-override\\background\\telemetry.js": {"lines":{"total":161,"covered":160,"skipped":0,"pct":99.37},"functions":{"total":31,"covered":28,"skipped":0,"pct":90.32},"statements":{"total":194,"covered":192,"skipped":0,"pct":98.96},"branches":{"total":164,"covered":153,"skipped":0,"pct":93.29}}
,"C:\\Users\\Administrator\\Downloads\\sentinel-override\\background\\template-manager.js": {"lines":{"total":102,"covered":102,"skipped":0,"pct":100},"functions":{"total":14,"covered":14,"skipped":0,"pct":100},"statements":{"total":108,"covered":108,"skipped":0,"pct":100},"branches":{"total":99,"covered":98,"skipped":0,"pct":98.98}}
,"C:\\Users\\Administrator\\Downloads\\sentinel-override\\background\\trust-score.js": {"lines":{"total":84,"covered":84,"skipped":0,"pct":100},"functions":{"total":7,"covered":7,"skipped":0,"pct":100},"statements":{"total":98,"covered":97,"skipped":0,"pct":98.97},"branches":{"total":119,"covered":114,"skipped":0,"pct":95.79}}
,"C:\\Users\\Administrator\\Downloads\\sentinel-override\\background\\platforms\\ambio_viewlinc.js": {"lines":{"total":11,"covered":11,"skipped":0,"pct":100},"functions":{"total":1,"covered":1,"skipped":0,"pct":100},"statements":{"total":15,"covered":15,"skipped":0,"pct":100},"branches":{"total":16,"covered":16,"skipped":0,"pct":100}}
,"C:\\Users\\Administrator\\Downloads\\sentinel-override\\background\\platforms\\aruba.js": {"lines":{"total":13,"covered":13,"skipped":0,"pct":100},"functions":{"total":1,"covered":1,"skipped":0,"pct":100},"statements":{"total":17,"covered":15,"skipped":0,"pct":88.23},"branches":{"total":18,"covered":16,"skipped":0,"pct":88.88}}
,"C:\\Users\\Administrator\\Downloads\\sentinel-override\\background\\platforms\\cisco.js": {"lines":{"total":19,"covered":19,"skipped":0,"pct":100},"functions":{"total":2,"covered":2,"skipped":0,"pct":100},"statements":{"total":28,"covered":28,"skipped":0,"pct":100},"branches":{"total":28,"covered":27,"skipped":0,"pct":96.42}}
,"C:\\Users\\Administrator\\Downloads\\sentinel-override\\background\\platforms\\connectwise_manage.js": {"lines":{"total":10,"covered":10,"skipped":0,"pct":100},"functions":{"total":1,"covered":1,"skipped":0,"pct":100},"statements":{"total":14,"covered":14,"skipped":0,"pct":100},"branches":{"total":14,"covered":14,"skipped":0,"pct":100}}
,"C:\\Users\\Administrator\\Downloads\\sentinel-override\\background\\platforms\\datto_rmm.js": {"lines":{"total":9,"covered":9,"skipped":0,"pct":100},"functions":{"total":1,"covered":1,"skipped":0,"pct":100},"statements":{"total":12,"covered":12,"skipped":0,"pct":100},"branches":{"total":12,"covered":12,"skipped":0,"pct":100}}
,"C:\\Users\\Administrator\\Downloads\\sentinel-override\\background\\platforms\\fortigate.js": {"lines":{"total":10,"covered":10,"skipped":0,"pct":100},"functions":{"total":1,"covered":1,"skipped":0,"pct":100},"statements":{"total":13,"covered":13,"skipped":0,"pct":100},"branches":{"total":14,"covered":14,"skipped":0,"pct":100}}
,"C:\\Users\\Administrator\\Downloads\\sentinel-override\\background\\platforms\\huntress.js": {"lines":{"total":7,"covered":7,"skipped":0,"pct":100},"functions":{"total":1,"covered":1,"skipped":0,"pct":100},"statements":{"total":9,"covered":9,"skipped":0,"pct":100},"branches":{"total":10,"covered":10,"skipped":0,"pct":100}}
,"C:\\Users\\Administrator\\Downloads\\sentinel-override\\background\\platforms\\index.js": {"lines":{"total":14,"covered":13,"skipped":0,"pct":92.85},"functions":{"total":4,"covered":4,"skipped":0,"pct":100},"statements":{"total":17,"covered":16,"skipped":0,"pct":94.11},"branches":{"total":15,"covered":15,"skipped":0,"pct":100}}
,"C:\\Users\\Administrator\\Downloads\\sentinel-override\\background\\platforms\\itglue.js": {"lines":{"total":8,"covered":8,"skipped":0,"pct":100},"functions":{"total":1,"covered":1,"skipped":0,"pct":100},"statements":{"total":11,"covered":10,"skipped":0,"pct":90.9},"branches":{"total":12,"covered":11,"skipped":0,"pct":91.66}}
,"C:\\Users\\Administrator\\Downloads\\sentinel-override\\background\\platforms\\m365_admin.js": {"lines":{"total":15,"covered":15,"skipped":0,"pct":100},"functions":{"total":3,"covered":3,"skipped":0,"pct":100},"statements":{"total":23,"covered":23,"skipped":0,"pct":100},"branches":{"total":24,"covered":23,"skipped":0,"pct":95.83}}
,"C:\\Users\\Administrator\\Downloads\\sentinel-override\\background\\platforms\\network_device.js": {"lines":{"total":3,"covered":3,"skipped":0,"pct":100},"functions":{"total":1,"covered":1,"skipped":0,"pct":100},"statements":{"total":3,"covered":3,"skipped":0,"pct":100},"branches":{"total":2,"covered":2,"skipped":0,"pct":100}}
,"C:\\Users\\Administrator\\Downloads\\sentinel-override\\background\\platforms\\ninjarmm.js": {"lines":{"total":9,"covered":9,"skipped":0,"pct":100},"functions":{"total":1,"covered":1,"skipped":0,"pct":100},"statements":{"total":12,"covered":11,"skipped":0,"pct":91.66},"branches":{"total":12,"covered":11,"skipped":0,"pct":91.66}}
,"C:\\Users\\Administrator\\Downloads\\sentinel-override\\background\\platforms\\nvd.js": {"lines":{"total":9,"covered":9,"skipped":0,"pct":100},"functions":{"total":1,"covered":1,"skipped":0,"pct":100},"statements":{"total":13,"covered":13,"skipped":0,"pct":100},"branches":{"total":14,"covered":14,"skipped":0,"pct":100}}
,"C:\\Users\\Administrator\\Downloads\\sentinel-override\\background\\platforms\\paloalto.js": {"lines":{"total":10,"covered":10,"skipped":0,"pct":100},"functions":{"total":1,"covered":1,"skipped":0,"pct":100},"statements":{"total":14,"covered":14,"skipped":0,"pct":100},"branches":{"total":14,"covered":14,"skipped":0,"pct":100}}
,"C:\\Users\\Administrator\\Downloads\\sentinel-override\\background\\platforms\\screenconnect.js": {"lines":{"total":9,"covered":9,"skipped":0,"pct":100},"functions":{"total":1,"covered":1,"skipped":0,"pct":100},"statements":{"total":12,"covered":12,"skipped":0,"pct":100},"branches":{"total":10,"covered":10,"skipped":0,"pct":100}}
,"C:\\Users\\Administrator\\Downloads\\sentinel-override\\background\\platforms\\sentinelone.js": {"lines":{"total":9,"covered":9,"skipped":0,"pct":100},"functions":{"total":1,"covered":1,"skipped":0,"pct":100},"statements":{"total":13,"covered":13,"skipped":0,"pct":100},"branches":{"total":14,"covered":14,"skipped":0,"pct":100}}
,"C:\\Users\\Administrator\\Downloads\\sentinel-override\\background\\platforms\\sonicwall_nsm.js": {"lines":{"total":10,"covered":10,"skipped":0,"pct":100},"functions":{"total":3,"covered":3,"skipped":0,"pct":100},"statements":{"total":13,"covered":13,"skipped":0,"pct":100},"branches":{"total":10,"covered":10,"skipped":0,"pct":100}}
,"C:\\Users\\Administrator\\Downloads\\sentinel-override\\background\\platforms\\sonicwall_onbox.js": {"lines":{"total":10,"covered":10,"skipped":0,"pct":100},"functions":{"total":1,"covered":1,"skipped":0,"pct":100},"statements":{"total":14,"covered":14,"skipped":0,"pct":100},"branches":{"total":17,"covered":17,"skipped":0,"pct":100}}
,"C:\\Users\\Administrator\\Downloads\\sentinel-override\\background\\platforms\\virustotal.js": {"lines":{"total":8,"covered":8,"skipped":0,"pct":100},"functions":{"total":1,"covered":1,"skipped":0,"pct":100},"statements":{"total":10,"covered":10,"skipped":0,"pct":100},"branches":{"total":12,"covered":12,"skipped":0,"pct":100}}
,"C:\\Users\\Administrator\\Downloads\\sentinel-override\\background\\skills\\click-no-target.js": {"lines":{"total":7,"covered":7,"skipped":0,"pct":100},"functions":{"total":3,"covered":3,"skipped":0,"pct":100},"statements":{"total":9,"covered":9,"skipped":0,"pct":100},"branches":{"total":13,"covered":13,"skipped":0,"pct":100}}
,"C:\\Users\\Administrator\\Downloads\\sentinel-override\\background\\skills\\consecutive-failures.js": {"lines":{"total":7,"covered":7,"skipped":0,"pct":100},"functions":{"total":3,"covered":3,"skipped":0,"pct":100},"statements":{"total":8,"covered":8,"skipped":0,"pct":100},"branches":{"total":10,"covered":10,"skipped":0,"pct":100}}
,"C:\\Users\\Administrator\\Downloads\\sentinel-override\\background\\skills\\csp-blocked.js": {"lines":{"total":6,"covered":6,"skipped":0,"pct":100},"functions":{"total":3,"covered":3,"skipped":0,"pct":100},"statements":{"total":7,"covered":7,"skipped":0,"pct":100},"branches":{"total":9,"covered":9,"skipped":0,"pct":100}}
,"C:\\Users\\Administrator\\Downloads\\sentinel-override\\background\\skills\\empty-observation.js": {"lines":{"total":15,"covered":15,"skipped":0,"pct":100},"functions":{"total":3,"covered":3,"skipped":0,"pct":100},"statements":{"total":18,"covered":18,"skipped":0,"pct":100},"branches":{"total":24,"covered":24,"skipped":0,"pct":100}}
,"C:\\Users\\Administrator\\Downloads\\sentinel-override\\background\\skills\\index.js": {"lines":{"total":109,"covered":109,"skipped":0,"pct":100},"functions":{"total":15,"covered":15,"skipped":0,"pct":100},"statements":{"total":137,"covered":133,"skipped":0,"pct":97.08},"branches":{"total":113,"covered":99,"skipped":0,"pct":87.61}}
,"C:\\Users\\Administrator\\Downloads\\sentinel-override\\background\\skills\\navigate-loop.js": {"lines":{"total":5,"covered":5,"skipped":0,"pct":100},"functions":{"total":3,"covered":3,"skipped":0,"pct":100},"statements":{"total":6,"covered":6,"skipped":0,"pct":100},"branches":{"total":7,"covered":7,"skipped":0,"pct":100}}
,"C:\\Users\\Administrator\\Downloads\\sentinel-override\\background\\skills\\selector-miss.js": {"lines":{"total":7,"covered":7,"skipped":0,"pct":100},"functions":{"total":3,"covered":3,"skipped":0,"pct":100},"statements":{"total":8,"covered":8,"skipped":0,"pct":100},"branches":{"total":13,"covered":13,"skipped":0,"pct":100}}
,"C:\\Users\\Administrator\\Downloads\\sentinel-override\\background\\skills\\slow-llm-call.js": {"lines":{"total":6,"covered":6,"skipped":0,"pct":100},"functions":{"total":3,"covered":3,"skipped":0,"pct":100},"statements":{"total":7,"covered":7,"skipped":0,"pct":100},"branches":{"total":6,"covered":6,"skipped":0,"pct":100}}
,"C:\\Users\\Administrator\\Downloads\\sentinel-override\\background\\skills\\unproductive-extract.js": {"lines":{"total":10,"covered":10,"skipped":0,"pct":100},"functions":{"total":4,"covered":4,"skipped":0,"pct":100},"statements":{"total":13,"covered":13,"skipped":0,"pct":100},"branches":{"total":13,"covered":13,"skipped":0,"pct":100}}
,"C:\\Users\\Administrator\\Downloads\\sentinel-override\\content\\cursor.js": {"lines":{"total":112,"covered":112,"skipped":0,"pct":100},"functions":{"total":21,"covered":21,"skipped":0,"pct":100},"statements":{"total":146,"covered":138,"skipped":0,"pct":94.52},"branches":{"total":106,"covered":82,"skipped":0,"pct":77.35}}
,"C:\\Users\\Administrator\\Downloads\\sentinel-override\\content\\dom-utils.js": {"lines":{"total":139,"covered":139,"skipped":0,"pct":100},"functions":{"total":18,"covered":17,"skipped":0,"pct":94.44},"statements":{"total":167,"covered":164,"skipped":0,"pct":98.2},"branches":{"total":137,"covered":125,"skipped":0,"pct":91.24}}
,"C:\\Users\\Administrator\\Downloads\\sentinel-override\\content\\highlight.js": {"lines":{"total":24,"covered":24,"skipped":0,"pct":100},"functions":{"total":5,"covered":5,"skipped":0,"pct":100},"statements":{"total":29,"covered":29,"skipped":0,"pct":100},"branches":{"total":22,"covered":20,"skipped":0,"pct":90.9}}
,"C:\\Users\\Administrator\\Downloads\\sentinel-override\\content\\overlay-detector.js": {"lines":{"total":117,"covered":116,"skipped":0,"pct":99.14},"functions":{"total":4,"covered":4,"skipped":0,"pct":100},"statements":{"total":147,"covered":143,"skipped":0,"pct":97.27},"branches":{"total":131,"covered":100,"skipped":0,"pct":76.33}}
,"C:\\Users\\Administrator\\Downloads\\sentinel-override\\content\\shadow-dom.js": {"lines":{"total":76,"covered":74,"skipped":0,"pct":97.36},"functions":{"total":12,"covered":12,"skipped":0,"pct":100},"statements":{"total":88,"covered":86,"skipped":0,"pct":97.72},"branches":{"total":64,"covered":58,"skipped":0,"pct":90.62}}
,"C:\\Users\\Administrator\\Downloads\\sentinel-override\\content\\special-inputs.js": {"lines":{"total":130,"covered":124,"skipped":0,"pct":95.38},"functions":{"total":8,"covered":8,"skipped":0,"pct":100},"statements":{"total":145,"covered":139,"skipped":0,"pct":95.86},"branches":{"total":106,"covered":101,"skipped":0,"pct":95.28}}
,"C:\\Users\\Administrator\\Downloads\\sentinel-override\\content\\wait-utils.js": {"lines":{"total":49,"covered":49,"skipped":0,"pct":100},"functions":{"total":9,"covered":9,"skipped":0,"pct":100},"statements":{"total":52,"covered":52,"skipped":0,"pct":100},"branches":{"total":35,"covered":31,"skipped":0,"pct":88.57}}
,"C:\\Users\\Administrator\\Downloads\\sentinel-override\\popup-modules\\helpers.js": {"lines":{"total":37,"covered":37,"skipped":0,"pct":100},"functions":{"total":3,"covered":3,"skipped":0,"pct":100},"statements":{"total":50,"covered":50,"skipped":0,"pct":100},"branches":{"total":28,"covered":28,"skipped":0,"pct":100}}
}
