{"C:\\Users\\Administrator\\Downloads\\sentinel-override\\background\\llm-client.js": {"path":"C:\\Users\\Administrator\\Downloads\\sentinel-override\\background\\llm-client.js","statementMap":{"0":{"start":{"line":17,"column":31},"end":{"line":34,"column":1}},"1":{"start":{"line":37,"column":2},"end":{"line":37,"column":51}},"2":{"start":{"line":37,"column":41},"end":{"line":37,"column":51}},"3":{"start":{"line":38,"column":16},"end":{"line":38,"column":18}},"4":{"start":{"line":39,"column":2},"end":{"line":41,"column":3}},"5":{"start":{"line":40,"column":4},"end":{"line":40,"column":43}},"6":{"start":{"line":40,"column":25},"end":{"line":40,"column":43}},"7":{"start":{"line":42,"column":2},"end":{"line":42,"column":15}},"8":{"start":{"line":46,"column":18},"end":{"line":46,"column":41}},"9":{"start":{"line":47,"column":2},"end":{"line":47,"column":36}},"10":{"start":{"line":47,"column":26},"end":{"line":47,"column":36}},"11":{"start":{"line":48,"column":21},"end":{"line":48,"column":39}},"12":{"start":{"line":49,"column":2},"end":{"line":105,"column":2}},"13":{"start":{"line":113,"column":30},"end":{"line":113,"column":258}},"14":{"start":{"line":116,"column":2},"end":{"line":116,"column":51}},"15":{"start":{"line":116,"column":41},"end":{"line":116,"column":51}},"16":{"start":{"line":117,"column":2},"end":{"line":117,"column":51}},"17":{"start":{"line":117,"column":41},"end":{"line":117,"column":51}},"18":{"start":{"line":119,"column":12},"end":{"line":119,"column":124}},"19":{"start":{"line":120,"column":12},"end":{"line":120,"column":38}},"20":{"start":{"line":121,"column":17},"end":{"line":121,"column":34}},"21":{"start":{"line":123,"column":2},"end":{"line":170,"column":2}},"22":{"start":{"line":184,"column":15},"end":{"line":184,"column":47}},"23":{"start":{"line":185,"column":15},"end":{"line":185,"column":41}},"24":{"start":{"line":189,"column":4},"end":{"line":192,"column":70}},"25":{"start":{"line":194,"column":2},"end":{"line":229,"column":3}},"26":{"start":{"line":195,"column":4},"end":{"line":228,"column":2}},"27":{"start":{"line":233,"column":4},"end":{"line":234,"column":59}},"28":{"start":{"line":236,"column":2},"end":{"line":246,"column":3}},"29":{"start":{"line":237,"column":4},"end":{"line":245,"column":2}},"30":{"start":{"line":250,"column":4},"end":{"line":253,"column":30}},"31":{"start":{"line":255,"column":2},"end":{"line":265,"column":3}},"32":{"start":{"line":256,"column":4},"end":{"line":264,"column":2}},"33":{"start":{"line":269,"column":4},"end":{"line":270,"column":86}},"34":{"start":{"line":272,"column":2},"end":{"line":282,"column":3}},"35":{"start":{"line":273,"column":4},"end":{"line":281,"column":2}},"36":{"start":{"line":285,"column":24},"end":{"line":286,"column":84}},"37":{"start":{"line":287,"column":2},"end":{"line":312,"column":2}},"38":{"start":{"line":287,"column":21},"end":{"line":312,"column":2}},"39":{"start":{"line":315,"column":16},"end":{"line":315,"column":104}},"40":{"start":{"line":316,"column":2},"end":{"line":399,"column":15}},"41":{"start":{"line":316,"column":13},"end":{"line":399,"column":15}},"42":{"start":{"line":402,"column":23},"end":{"line":403,"column":75}},"43":{"start":{"line":404,"column":2},"end":{"line":431,"column":2}},"44":{"start":{"line":404,"column":20},"end":{"line":431,"column":2}},"45":{"start":{"line":434,"column":22},"end":{"line":436,"column":101}},"46":{"start":{"line":437,"column":2},"end":{"line":469,"column":2}},"47":{"start":{"line":437,"column":19},"end":{"line":469,"column":2}},"48":{"start":{"line":472,"column":18},"end":{"line":474,"column":74}},"49":{"start":{"line":475,"column":2},"end":{"line":500,"column":2}},"50":{"start":{"line":475,"column":15},"end":{"line":500,"column":2}},"51":{"start":{"line":503,"column":24},"end":{"line":503,"column":100}},"52":{"start":{"line":504,"column":2},"end":{"line":517,"column":2}},"53":{"start":{"line":504,"column":21},"end":{"line":517,"column":2}},"54":{"start":{"line":521,"column":4},"end":{"line":523,"column":59}},"55":{"start":{"line":525,"column":2},"end":{"line":535,"column":3}},"56":{"start":{"line":526,"column":4},"end":{"line":534,"column":2}},"57":{"start":{"line":538,"column":24},"end":{"line":538,"column":176}},"58":{"start":{"line":539,"column":2},"end":{"line":551,"column":2}},"59":{"start":{"line":539,"column":21},"end":{"line":551,"column":2}},"60":{"start":{"line":554,"column":21},"end":{"line":554,"column":159}},"61":{"start":{"line":555,"column":2},"end":{"line":567,"column":2}},"62":{"start":{"line":555,"column":18},"end":{"line":567,"column":2}},"63":{"start":{"line":570,"column":18},"end":{"line":570,"column":181}},"64":{"start":{"line":571,"column":2},"end":{"line":582,"column":2}},"65":{"start":{"line":571,"column":15},"end":{"line":582,"column":2}},"66":{"start":{"line":585,"column":19},"end":{"line":585,"column":96}},"67":{"start":{"line":586,"column":2},"end":{"line":596,"column":2}},"68":{"start":{"line":586,"column":16},"end":{"line":596,"column":2}},"69":{"start":{"line":599,"column":21},"end":{"line":599,"column":74}},"70":{"start":{"line":600,"column":2},"end":{"line":609,"column":2}},"71":{"start":{"line":600,"column":18},"end":{"line":609,"column":2}},"72":{"start":{"line":612,"column":26},"end":{"line":612,"column":127}},"73":{"start":{"line":613,"column":2},"end":{"line":622,"column":2}},"74":{"start":{"line":613,"column":23},"end":{"line":622,"column":2}},"75":{"start":{"line":624,"column":2},"end":{"line":624,"column":12}},"76":{"start":{"line":632,"column":2},"end":{"line":632,"column":26}},"77":{"start":{"line":632,"column":16},"end":{"line":632,"column":26}},"78":{"start":{"line":633,"column":14},"end":{"line":633,"column":36}},"79":{"start":{"line":634,"column":15},"end":{"line":634,"column":34}},"80":{"start":{"line":635,"column":20},"end":{"line":635,"column":37}},"81":{"start":{"line":636,"column":2},"end":{"line":636,"column":45}},"82":{"start":{"line":636,"column":35},"end":{"line":636,"column":45}},"83":{"start":{"line":638,"column":16},"end":{"line":638,"column":18}},"84":{"start":{"line":639,"column":2},"end":{"line":639,"column":17}},"85":{"start":{"line":640,"column":2},"end":{"line":640,"column":90}},"86":{"start":{"line":641,"column":2},"end":{"line":641,"column":238}},"87":{"start":{"line":642,"column":2},"end":{"line":642,"column":17}},"88":{"start":{"line":646,"column":2},"end":{"line":655,"column":3}},"89":{"start":{"line":647,"column":19},"end":{"line":647,"column":23}},"90":{"start":{"line":648,"column":4},"end":{"line":650,"column":5}},"91":{"start":{"line":649,"column":6},"end":{"line":649,"column":107}},"92":{"start":{"line":649,"column":12},"end":{"line":649,"column":92}},"93":{"start":{"line":649,"column":69},"end":{"line":649,"column":83}},"94":{"start":{"line":649,"column":84},"end":{"line":649,"column":90}},"95":{"start":{"line":651,"column":4},"end":{"line":654,"column":5}},"96":{"start":{"line":652,"column":6},"end":{"line":652,"column":88}},"97":{"start":{"line":653,"column":6},"end":{"line":653,"column":21}},"98":{"start":{"line":657,"column":2},"end":{"line":671,"column":3}},"99":{"start":{"line":658,"column":4},"end":{"line":658,"column":62}},"100":{"start":{"line":659,"column":4},"end":{"line":669,"column":5}},"101":{"start":{"line":660,"column":6},"end":{"line":668,"column":7}},"102":{"start":{"line":661,"column":8},"end":{"line":661,"column":40}},"103":{"start":{"line":662,"column":13},"end":{"line":668,"column":7}},"104":{"start":{"line":663,"column":8},"end":{"line":663,"column":82}},"105":{"start":{"line":663,"column":49},"end":{"line":663,"column":62}},"106":{"start":{"line":664,"column":13},"end":{"line":668,"column":7}},"107":{"start":{"line":667,"column":8},"end":{"line":667,"column":83}},"108":{"start":{"line":670,"column":4},"end":{"line":670,"column":19}},"109":{"start":{"line":673,"column":2},"end":{"line":681,"column":3}},"110":{"start":{"line":674,"column":4},"end":{"line":674,"column":62}},"111":{"start":{"line":675,"column":4},"end":{"line":679,"column":5}},"112":{"start":{"line":676,"column":6},"end":{"line":678,"column":7}},"113":{"start":{"line":677,"column":8},"end":{"line":677,"column":89}},"114":{"start":{"line":677,"column":56},"end":{"line":677,"column":69}},"115":{"start":{"line":680,"column":4},"end":{"line":680,"column":19}},"116":{"start":{"line":683,"column":2},"end":{"line":686,"column":3}},"117":{"start":{"line":684,"column":4},"end":{"line":684,"column":57}},"118":{"start":{"line":685,"column":4},"end":{"line":685,"column":19}},"119":{"start":{"line":688,"column":2},"end":{"line":691,"column":3}},"120":{"start":{"line":689,"column":4},"end":{"line":689,"column":61}},"121":{"start":{"line":690,"column":4},"end":{"line":690,"column":19}},"122":{"start":{"line":693,"column":2},"end":{"line":696,"column":3}},"123":{"start":{"line":694,"column":4},"end":{"line":694,"column":199}},"124":{"start":{"line":695,"column":4},"end":{"line":695,"column":19}},"125":{"start":{"line":698,"column":2},"end":{"line":698,"column":26}},"126":{"start":{"line":710,"column":30},"end":{"line":710,"column":39}},"127":{"start":{"line":711,"column":29},"end":{"line":711,"column":34}},"128":{"start":{"line":714,"column":20},"end":{"line":714,"column":73}},"129":{"start":{"line":715,"column":18},"end":{"line":715,"column":54}},"130":{"start":{"line":716,"column":2},"end":{"line":716,"column":84}},"131":{"start":{"line":716,"column":65},"end":{"line":716,"column":84}},"132":{"start":{"line":718,"column":16},"end":{"line":718,"column":59}},"133":{"start":{"line":719,"column":22},"end":{"line":719,"column":24}},"134":{"start":{"line":720,"column":2},"end":{"line":723,"column":69}},"135":{"start":{"line":721,"column":20},"end":{"line":721,"column":56}},"136":{"start":{"line":722,"column":4},"end":{"line":722,"column":70}},"137":{"start":{"line":724,"column":14},"end":{"line":724,"column":35}},"138":{"start":{"line":725,"column":2},"end":{"line":725,"column":64}},"139":{"start":{"line":726,"column":2},"end":{"line":726,"column":13}},"140":{"start":{"line":739,"column":2},"end":{"line":739,"column":27}},"141":{"start":{"line":739,"column":14},"end":{"line":739,"column":27}},"142":{"start":{"line":740,"column":12},"end":{"line":740,"column":39}},"143":{"start":{"line":743,"column":19},"end":{"line":749,"column":3}},"144":{"start":{"line":750,"column":2},"end":{"line":750,"column":52}},"145":{"start":{"line":750,"column":26},"end":{"line":750,"column":36}},"146":{"start":{"line":750,"column":39},"end":{"line":750,"column":52}},"147":{"start":{"line":755,"column":4},"end":{"line":758,"column":13}},"148":{"start":{"line":759,"column":25},"end":{"line":759,"column":72}},"149":{"start":{"line":760,"column":2},"end":{"line":760,"column":43}},"150":{"start":{"line":760,"column":31},"end":{"line":760,"column":43}},"151":{"start":{"line":761,"column":2},"end":{"line":761,"column":45}},"152":{"start":{"line":761,"column":32},"end":{"line":761,"column":45}},"153":{"start":{"line":764,"column":25},"end":{"line":773,"column":3}},"154":{"start":{"line":774,"column":2},"end":{"line":774,"column":47}},"155":{"start":{"line":774,"column":35},"end":{"line":774,"column":45}},"156":{"start":{"line":782,"column":19},"end":{"line":782,"column":91}},"157":{"start":{"line":783,"column":17},"end":{"line":783,"column":33}},"158":{"start":{"line":784,"column":16},"end":{"line":784,"column":43}},"159":{"start":{"line":785,"column":2},"end":{"line":785,"column":27}},"160":{"start":{"line":785,"column":15},"end":{"line":785,"column":27}},"161":{"start":{"line":787,"column":21},"end":{"line":789,"column":8}},"162":{"start":{"line":791,"column":26},"end":{"line":791,"column":55}},"163":{"start":{"line":793,"column":25},"end":{"line":795,"column":8}},"164":{"start":{"line":794,"column":90},"end":{"line":794,"column":147}},"165":{"start":{"line":794,"column":127},"end":{"line":794,"column":133}},"166":{"start":{"line":797,"column":21},"end":{"line":833,"column":74}},"167":{"start":{"line":812,"column":72},"end":{"line":812,"column":101}},"168":{"start":{"line":812,"column":103},"end":{"line":812,"column":118}},"169":{"start":{"line":812,"column":147},"end":{"line":812,"column":177}},"170":{"start":{"line":812,"column":179},"end":{"line":812,"column":194}},"171":{"start":{"line":835,"column":2},"end":{"line":880,"column":3}},"172":{"start":{"line":836,"column":23},"end":{"line":836,"column":44}},"173":{"start":{"line":837,"column":20},"end":{"line":837,"column":63}},"174":{"start":{"line":837,"column":37},"end":{"line":837,"column":55}},"175":{"start":{"line":838,"column":21},"end":{"line":838,"column":46}},"176":{"start":{"line":839,"column":21},"end":{"line":839,"column":170}},"177":{"start":{"line":840,"column":24},"end":{"line":840,"column":53}},"178":{"start":{"line":841,"column":21},"end":{"line":846,"column":6}},"179":{"start":{"line":847,"column":4},"end":{"line":847,"column":26}},"180":{"start":{"line":848,"column":4},"end":{"line":851,"column":5}},"181":{"start":{"line":849,"column":6},"end":{"line":849,"column":68}},"182":{"start":{"line":850,"column":6},"end":{"line":850,"column":18}},"183":{"start":{"line":852,"column":17},"end":{"line":852,"column":38}},"184":{"start":{"line":853,"column":20},"end":{"line":853,"column":48}},"185":{"start":{"line":854,"column":4},"end":{"line":857,"column":5}},"186":{"start":{"line":855,"column":6},"end":{"line":855,"column":62}},"187":{"start":{"line":856,"column":6},"end":{"line":856,"column":18}},"188":{"start":{"line":859,"column":18},"end":{"line":859,"column":32}},"189":{"start":{"line":860,"column":4},"end":{"line":863,"column":5}},"190":{"start":{"line":861,"column":20},"end":{"line":861,"column":71}},"191":{"start":{"line":862,"column":6},"end":{"line":862,"column":55}},"192":{"start":{"line":862,"column":29},"end":{"line":862,"column":55}},"193":{"start":{"line":865,"column":4},"end":{"line":865,"column":51}},"194":{"start":{"line":866,"column":4},"end":{"line":877,"column":5}},"195":{"start":{"line":867,"column":21},"end":{"line":867,"column":40}},"196":{"start":{"line":868,"column":6},"end":{"line":868,"column":83}},"197":{"start":{"line":868,"column":64},"end":{"line":868,"column":83}},"198":{"start":{"line":871,"column":23},"end":{"line":871,"column":54}},"199":{"start":{"line":872,"column":6},"end":{"line":875,"column":7}},"200":{"start":{"line":873,"column":23},"end":{"line":873,"column":43}},"201":{"start":{"line":874,"column":8},"end":{"line":874,"column":85}},"202":{"start":{"line":874,"column":66},"end":{"line":874,"column":85}},"203":{"start":{"line":876,"column":6},"end":{"line":876,"column":124}},"204":{"start":{"line":879,"column":4},"end":{"line":879,"column":67}},"205":{"start":{"line":881,"column":2},"end":{"line":881,"column":14}},"206":{"start":{"line":887,"column":23},"end":{"line":932,"column":1}},"207":{"start":{"line":937,"column":2},"end":{"line":950,"column":3}},"208":{"start":{"line":938,"column":4},"end":{"line":938,"column":145}},"209":{"start":{"line":940,"column":16},"end":{"line":940,"column":33}},"210":{"start":{"line":941,"column":24},"end":{"line":941,"column":219}},"211":{"start":{"line":942,"column":4},"end":{"line":948,"column":5}},"212":{"start":{"line":943,"column":24},"end":{"line":943,"column":87}},"213":{"start":{"line":944,"column":20},"end":{"line":944,"column":122}},"214":{"start":{"line":945,"column":6},"end":{"line":945,"column":79}},"215":{"start":{"line":946,"column":6},"end":{"line":946,"column":25}},"216":{"start":{"line":947,"column":6},"end":{"line":947,"column":166}},"217":{"start":{"line":949,"column":4},"end":{"line":949,"column":14}},"218":{"start":{"line":957,"column":25},"end":{"line":957,"column":50}},"219":{"start":{"line":958,"column":38},"end":{"line":958,"column":52}},"220":{"start":{"line":959,"column":2},"end":{"line":959,"column":88}},"221":{"start":{"line":959,"column":15},"end":{"line":959,"column":88}},"222":{"start":{"line":960,"column":19},"end":{"line":960,"column":44}},"223":{"start":{"line":961,"column":2},"end":{"line":961,"column":28}},"224":{"start":{"line":963,"column":22},"end":{"line":963,"column":84}},"225":{"start":{"line":964,"column":22},"end":{"line":964,"column":84}},"226":{"start":{"line":967,"column":20},"end":{"line":967,"column":199}},"227":{"start":{"line":969,"column":21},"end":{"line":980,"column":6}},"228":{"start":{"line":983,"column":24},"end":{"line":983,"column":80}},"229":{"start":{"line":983,"column":44},"end":{"line":983,"column":72}},"230":{"start":{"line":984,"column":23},"end":{"line":984,"column":102}},"231":{"start":{"line":984,"column":43},"end":{"line":984,"column":94}},"232":{"start":{"line":985,"column":20},"end":{"line":985,"column":72}},"233":{"start":{"line":985,"column":40},"end":{"line":985,"column":64}},"234":{"start":{"line":987,"column":20},"end":{"line":992,"column":8}},"235":{"start":{"line":995,"column":22},"end":{"line":995,"column":58}},"236":{"start":{"line":998,"column":20},"end":{"line":998,"column":22}},"237":{"start":{"line":999,"column":2},"end":{"line":1032,"column":3}},"238":{"start":{"line":1001,"column":24},"end":{"line":1001,"column":26}},"239":{"start":{"line":1002,"column":15},"end":{"line":1002,"column":47}},"240":{"start":{"line":1003,"column":4},"end":{"line":1021,"column":5}},"241":{"start":{"line":1004,"column":6},"end":{"line":1007,"column":150}},"242":{"start":{"line":1008,"column":11},"end":{"line":1021,"column":5}},"243":{"start":{"line":1009,"column":6},"end":{"line":1011,"column":137}},"244":{"start":{"line":1012,"column":11},"end":{"line":1021,"column":5}},"245":{"start":{"line":1013,"column":6},"end":{"line":1015,"column":112}},"246":{"start":{"line":1016,"column":11},"end":{"line":1021,"column":5}},"247":{"start":{"line":1017,"column":6},"end":{"line":1020,"column":70}},"248":{"start":{"line":1022,"column":4},"end":{"line":1031,"column":48}},"249":{"start":{"line":1035,"column":19},"end":{"line":1035,"column":50}},"250":{"start":{"line":1036,"column":21},"end":{"line":1038,"column":8}},"251":{"start":{"line":1037,"column":77},"end":{"line":1037,"column":142}},"252":{"start":{"line":1037,"column":120},"end":{"line":1037,"column":126}},"253":{"start":{"line":1041,"column":21},"end":{"line":1041,"column":56}},"254":{"start":{"line":1042,"column":20},"end":{"line":1044,"column":8}},"255":{"start":{"line":1051,"column":29},"end":{"line":1053,"column":8}},"256":{"start":{"line":1062,"column":14},"end":{"line":1062,"column":44}},"257":{"start":{"line":1063,"column":26},"end":{"line":1065,"column":8}},"258":{"start":{"line":1068,"column":16},"end":{"line":1068,"column":18}},"259":{"start":{"line":1069,"column":2},"end":{"line":1075,"column":3}},"260":{"start":{"line":1070,"column":22},"end":{"line":1073,"column":17}},"261":{"start":{"line":1071,"column":21},"end":{"line":1071,"column":125}},"262":{"start":{"line":1072,"column":6},"end":{"line":1072,"column":43}},"263":{"start":{"line":1074,"column":4},"end":{"line":1074,"column":316}},"264":{"start":{"line":1078,"column":22},"end":{"line":1078,"column":41}},"265":{"start":{"line":1079,"column":19},"end":{"line":1079,"column":35}},"266":{"start":{"line":1081,"column":22},"end":{"line":1081,"column":24}},"267":{"start":{"line":1082,"column":2},"end":{"line":1098,"column":3}},"268":{"start":{"line":1083,"column":4},"end":{"line":1083,"column":87}},"269":{"start":{"line":1084,"column":4},"end":{"line":1091,"column":5}},"270":{"start":{"line":1085,"column":23},"end":{"line":1085,"column":45}},"271":{"start":{"line":1086,"column":21},"end":{"line":1086,"column":48}},"272":{"start":{"line":1087,"column":26},"end":{"line":1089,"column":28}},"273":{"start":{"line":1090,"column":6},"end":{"line":1090,"column":82}},"274":{"start":{"line":1092,"column":4},"end":{"line":1092,"column":38}},"275":{"start":{"line":1093,"column":4},"end":{"line":1093,"column":110}},"276":{"start":{"line":1094,"column":4},"end":{"line":1094,"column":87}},"277":{"start":{"line":1095,"column":4},"end":{"line":1095,"column":90}},"278":{"start":{"line":1096,"column":4},"end":{"line":1096,"column":126}},"279":{"start":{"line":1097,"column":4},"end":{"line":1097,"column":122}},"280":{"start":{"line":1101,"column":18},"end":{"line":1101,"column":48}},"281":{"start":{"line":1107,"column":28},"end":{"line":1107,"column":65}},"282":{"start":{"line":1108,"column":24},"end":{"line":1108,"column":57}},"283":{"start":{"line":1109,"column":27},"end":{"line":1147,"column":4}},"284":{"start":{"line":1110,"column":25},"end":{"line":1110,"column":57}},"285":{"start":{"line":1111,"column":19},"end":{"line":1111,"column":33}},"286":{"start":{"line":1112,"column":23},"end":{"line":1119,"column":5}},"287":{"start":{"line":1122,"column":4},"end":{"line":1137,"column":5}},"288":{"start":{"line":1123,"column":6},"end":{"line":1123,"column":46}},"289":{"start":{"line":1124,"column":11},"end":{"line":1137,"column":5}},"290":{"start":{"line":1126,"column":16},"end":{"line":1126,"column":31}},"291":{"start":{"line":1127,"column":6},"end":{"line":1133,"column":7}},"292":{"start":{"line":1128,"column":8},"end":{"line":1128,"column":84}},"293":{"start":{"line":1128,"column":32},"end":{"line":1128,"column":84}},"294":{"start":{"line":1129,"column":8},"end":{"line":1129,"column":80}},"295":{"start":{"line":1129,"column":30},"end":{"line":1129,"column":80}},"296":{"start":{"line":1130,"column":8},"end":{"line":1130,"column":78}},"297":{"start":{"line":1130,"column":29},"end":{"line":1130,"column":78}},"298":{"start":{"line":1131,"column":8},"end":{"line":1131,"column":82}},"299":{"start":{"line":1131,"column":31},"end":{"line":1131,"column":82}},"300":{"start":{"line":1132,"column":8},"end":{"line":1132,"column":72}},"301":{"start":{"line":1132,"column":26},"end":{"line":1132,"column":72}},"302":{"start":{"line":1134,"column":6},"end":{"line":1134,"column":21}},"303":{"start":{"line":1136,"column":6},"end":{"line":1136,"column":28}},"304":{"start":{"line":1140,"column":25},"end":{"line":1140,"column":81}},"305":{"start":{"line":1141,"column":4},"end":{"line":1145,"column":5}},"306":{"start":{"line":1142,"column":6},"end":{"line":1142,"column":93}},"307":{"start":{"line":1142,"column":30},"end":{"line":1142,"column":93}},"308":{"start":{"line":1143,"column":6},"end":{"line":1143,"column":89}},"309":{"start":{"line":1143,"column":28},"end":{"line":1143,"column":89}},"310":{"start":{"line":1144,"column":6},"end":{"line":1144,"column":87}},"311":{"start":{"line":1144,"column":27},"end":{"line":1144,"column":87}},"312":{"start":{"line":1146,"column":4},"end":{"line":1146,"column":24}},"313":{"start":{"line":1150,"column":17},"end":{"line":1577,"column":187}},"314":{"start":{"line":1564,"column":15},"end":{"line":1564,"column":64}},"315":{"start":{"line":1565,"column":19},"end":{"line":1567,"column":8}},"316":{"start":{"line":1568,"column":18},"end":{"line":1570,"column":8}},"317":{"start":{"line":1571,"column":2},"end":{"line":1574,"column":333}},"318":{"start":{"line":1579,"column":21},"end":{"line":1579,"column":42}},"319":{"start":{"line":1580,"column":23},"end":{"line":1580,"column":80}},"320":{"start":{"line":1580,"column":40},"end":{"line":1580,"column":58}},"321":{"start":{"line":1583,"column":22},"end":{"line":1585,"column":12}},"322":{"start":{"line":1587,"column":22},"end":{"line":1587,"column":146}},"323":{"start":{"line":1589,"column":2},"end":{"line":1595,"column":3}},"324":{"start":{"line":1590,"column":4},"end":{"line":1590,"column":156}},"325":{"start":{"line":1591,"column":9},"end":{"line":1595,"column":3}},"326":{"start":{"line":1592,"column":4},"end":{"line":1592,"column":165}},"327":{"start":{"line":1594,"column":4},"end":{"line":1594,"column":140}},"328":{"start":{"line":1596,"column":25},"end":{"line":1596,"column":81}},"329":{"start":{"line":1599,"column":2},"end":{"line":1609,"column":3}},"330":{"start":{"line":1600,"column":4},"end":{"line":1605,"column":7}},"331":{"start":{"line":1607,"column":4},"end":{"line":1607,"column":31}},"332":{"start":{"line":1608,"column":4},"end":{"line":1608,"column":106}},"333":{"start":{"line":1610,"column":2},"end":{"line":1610,"column":29}},"334":{"start":{"line":1612,"column":2},"end":{"line":1617,"column":3}},"335":{"start":{"line":1613,"column":22},"end":{"line":1613,"column":43}},"336":{"start":{"line":1614,"column":4},"end":{"line":1614,"column":83}},"337":{"start":{"line":1614,"column":33},"end":{"line":1614,"column":83}},"338":{"start":{"line":1615,"column":4},"end":{"line":1615,"column":117}},"339":{"start":{"line":1615,"column":72},"end":{"line":1615,"column":117}},"340":{"start":{"line":1616,"column":4},"end":{"line":1616,"column":68}},"341":{"start":{"line":1619,"column":15},"end":{"line":1619,"column":36}},"342":{"start":{"line":1624,"column":13},"end":{"line":1624,"column":29}},"343":{"start":{"line":1625,"column":15},"end":{"line":1625,"column":59}},"344":{"start":{"line":1626,"column":15},"end":{"line":1626,"column":60}},"345":{"start":{"line":1627,"column":2},"end":{"line":1630,"column":3}},"346":{"start":{"line":1628,"column":4},"end":{"line":1628,"column":77}},"347":{"start":{"line":1629,"column":4},"end":{"line":1629,"column":78}},"348":{"start":{"line":1631,"column":2},"end":{"line":1631,"column":141}},"349":{"start":{"line":1631,"column":37},"end":{"line":1631,"column":141}},"350":{"start":{"line":1632,"column":2},"end":{"line":1632,"column":146}},"351":{"start":{"line":1632,"column":38},"end":{"line":1632,"column":146}},"352":{"start":{"line":1635,"column":2},"end":{"line":1671,"column":3}},"353":{"start":{"line":1637,"column":4},"end":{"line":1639,"column":5}},"354":{"start":{"line":1638,"column":6},"end":{"line":1638,"column":49}},"355":{"start":{"line":1641,"column":19},"end":{"line":1641,"column":50}},"356":{"start":{"line":1642,"column":25},"end":{"line":1642,"column":118}},"357":{"start":{"line":1643,"column":4},"end":{"line":1650,"column":5}},"358":{"start":{"line":1644,"column":6},"end":{"line":1649,"column":7}},"359":{"start":{"line":1645,"column":8},"end":{"line":1645,"column":51}},"360":{"start":{"line":1648,"column":8},"end":{"line":1648,"column":99}},"361":{"start":{"line":1653,"column":4},"end":{"line":1658,"column":5}},"362":{"start":{"line":1654,"column":27},"end":{"line":1654,"column":55}},"363":{"start":{"line":1655,"column":6},"end":{"line":1655,"column":62}},"364":{"start":{"line":1655,"column":24},"end":{"line":1655,"column":62}},"365":{"start":{"line":1661,"column":4},"end":{"line":1669,"column":5}},"366":{"start":{"line":1662,"column":17},"end":{"line":1662,"column":45}},"367":{"start":{"line":1663,"column":6},"end":{"line":1668,"column":7}},"368":{"start":{"line":1664,"column":8},"end":{"line":1667,"column":37}},"369":{"start":{"line":1665,"column":24},"end":{"line":1665,"column":65}},"370":{"start":{"line":1666,"column":10},"end":{"line":1666,"column":54}},"371":{"start":{"line":1670,"column":4},"end":{"line":1670,"column":87}},"372":{"start":{"line":1673,"column":23},"end":{"line":1673,"column":51}},"373":{"start":{"line":1674,"column":2},"end":{"line":1674,"column":40}},"374":{"start":{"line":1681,"column":21},"end":{"line":1686,"column":65}},"375":{"start":{"line":1688,"column":19},"end":{"line":1688,"column":20}},"376":{"start":{"line":1689,"column":2},"end":{"line":1715,"column":3}},"377":{"start":{"line":1690,"column":18},"end":{"line":1690,"column":46}},"378":{"start":{"line":1691,"column":4},"end":{"line":1691,"column":34}},"379":{"start":{"line":1691,"column":22},"end":{"line":1691,"column":34}},"380":{"start":{"line":1693,"column":16},"end":{"line":1693,"column":17}},"381":{"start":{"line":1693,"column":30},"end":{"line":1693,"column":35}},"382":{"start":{"line":1693,"column":46},"end":{"line":1693,"column":51}},"383":{"start":{"line":1694,"column":14},"end":{"line":1694,"column":16}},"384":{"start":{"line":1695,"column":4},"end":{"line":1703,"column":5}},"385":{"start":{"line":1695,"column":17},"end":{"line":1695,"column":22}},"386":{"start":{"line":1696,"column":17},"end":{"line":1696,"column":23}},"387":{"start":{"line":1697,"column":6},"end":{"line":1697,"column":47}},"388":{"start":{"line":1697,"column":20},"end":{"line":1697,"column":35}},"389":{"start":{"line":1697,"column":36},"end":{"line":1697,"column":45}},"390":{"start":{"line":1698,"column":6},"end":{"line":1698,"column":63}},"391":{"start":{"line":1698,"column":37},"end":{"line":1698,"column":51}},"392":{"start":{"line":1698,"column":52},"end":{"line":1698,"column":61}},"393":{"start":{"line":1699,"column":6},"end":{"line":1699,"column":57}},"394":{"start":{"line":1699,"column":24},"end":{"line":1699,"column":45}},"395":{"start":{"line":1699,"column":46},"end":{"line":1699,"column":55}},"396":{"start":{"line":1700,"column":6},"end":{"line":1700,"column":29}},"397":{"start":{"line":1700,"column":20},"end":{"line":1700,"column":29}},"398":{"start":{"line":1701,"column":6},"end":{"line":1702,"column":76}},"399":{"start":{"line":1701,"column":22},"end":{"line":1701,"column":30}},"400":{"start":{"line":1702,"column":11},"end":{"line":1702,"column":76}},"401":{"start":{"line":1702,"column":29},"end":{"line":1702,"column":37}},"402":{"start":{"line":1702,"column":38},"end":{"line":1702,"column":74}},"403":{"start":{"line":1702,"column":57},"end":{"line":1702,"column":65}},"404":{"start":{"line":1702,"column":66},"end":{"line":1702,"column":72}},"405":{"start":{"line":1705,"column":4},"end":{"line":1714,"column":5}},"406":{"start":{"line":1706,"column":24},"end":{"line":1706,"column":53}},"407":{"start":{"line":1707,"column":6},"end":{"line":1710,"column":52}},"408":{"start":{"line":1708,"column":23},"end":{"line":1708,"column":44}},"409":{"start":{"line":1709,"column":8},"end":{"line":1709,"column":73}},"410":{"start":{"line":1709,"column":56},"end":{"line":1709,"column":73}},"411":{"start":{"line":1711,"column":6},"end":{"line":1711,"column":27}},"412":{"start":{"line":1713,"column":6},"end":{"line":1713,"column":12}},"413":{"start":{"line":1716,"column":2},"end":{"line":1716,"column":14}},"414":{"start":{"line":1724,"column":2},"end":{"line":1724,"column":50}},"415":{"start":{"line":1724,"column":35},"end":{"line":1724,"column":50}},"416":{"start":{"line":1725,"column":16},"end":{"line":1725,"column":71}},"417":{"start":{"line":1726,"column":12},"end":{"line":1726,"column":14}},"418":{"start":{"line":1727,"column":14},"end":{"line":1727,"column":19}},"419":{"start":{"line":1728,"column":2},"end":{"line":1760,"column":3}},"420":{"start":{"line":1728,"column":15},"end":{"line":1728,"column":16}},"421":{"start":{"line":1729,"column":15},"end":{"line":1729,"column":25}},"422":{"start":{"line":1730,"column":4},"end":{"line":1734,"column":5}},"423":{"start":{"line":1731,"column":6},"end":{"line":1731,"column":60}},"424":{"start":{"line":1731,"column":24},"end":{"line":1731,"column":37}},"425":{"start":{"line":1731,"column":38},"end":{"line":1731,"column":48}},"426":{"start":{"line":1731,"column":49},"end":{"line":1731,"column":58}},"427":{"start":{"line":1732,"column":6},"end":{"line":1732,"column":16}},"428":{"start":{"line":1733,"column":6},"end":{"line":1733,"column":15}},"429":{"start":{"line":1736,"column":4},"end":{"line":1736,"column":59}},"430":{"start":{"line":1736,"column":22},"end":{"line":1736,"column":36}},"431":{"start":{"line":1736,"column":37},"end":{"line":1736,"column":47}},"432":{"start":{"line":1736,"column":48},"end":{"line":1736,"column":57}},"433":{"start":{"line":1737,"column":4},"end":{"line":1751,"column":5}},"434":{"start":{"line":1738,"column":19},"end":{"line":1738,"column":33}},"435":{"start":{"line":1739,"column":6},"end":{"line":1739,"column":54}},"436":{"start":{"line":1739,"column":32},"end":{"line":1739,"column":42}},"437":{"start":{"line":1739,"column":43},"end":{"line":1739,"column":52}},"438":{"start":{"line":1740,"column":6},"end":{"line":1745,"column":7}},"439":{"start":{"line":1742,"column":8},"end":{"line":1742,"column":25}},"440":{"start":{"line":1743,"column":8},"end":{"line":1743,"column":12}},"441":{"start":{"line":1744,"column":8},"end":{"line":1744,"column":17}},"442":{"start":{"line":1748,"column":6},"end":{"line":1748,"column":18}},"443":{"start":{"line":1749,"column":6},"end":{"line":1749,"column":10}},"444":{"start":{"line":1750,"column":6},"end":{"line":1750,"column":15}},"445":{"start":{"line":1754,"column":17},"end":{"line":1754,"column":33}},"446":{"start":{"line":1755,"column":4},"end":{"line":1755,"column":50}},"447":{"start":{"line":1755,"column":25},"end":{"line":1755,"column":38}},"448":{"start":{"line":1755,"column":39},"end":{"line":1755,"column":48}},"449":{"start":{"line":1756,"column":4},"end":{"line":1756,"column":50}},"450":{"start":{"line":1756,"column":25},"end":{"line":1756,"column":38}},"451":{"start":{"line":1756,"column":39},"end":{"line":1756,"column":48}},"452":{"start":{"line":1757,"column":4},"end":{"line":1757,"column":50}},"453":{"start":{"line":1757,"column":25},"end":{"line":1757,"column":38}},"454":{"start":{"line":1757,"column":39},"end":{"line":1757,"column":48}},"455":{"start":{"line":1758,"column":4},"end":{"line":1758,"column":62}},"456":{"start":{"line":1758,"column":23},"end":{"line":1758,"column":32}},"457":{"start":{"line":1759,"column":4},"end":{"line":1759,"column":14}},"458":{"start":{"line":1761,"column":2},"end":{"line":1761,"column":13}},"459":{"start":{"line":1768,"column":2},"end":{"line":1768,"column":47}},"460":{"start":{"line":1768,"column":35},"end":{"line":1768,"column":47}},"461":{"start":{"line":1770,"column":20},"end":{"line":1770,"column":48}},"462":{"start":{"line":1771,"column":18},"end":{"line":1771,"column":43}},"463":{"start":{"line":1772,"column":2},"end":{"line":1772,"column":54}},"464":{"start":{"line":1772,"column":42},"end":{"line":1772,"column":54}},"465":{"start":{"line":1773,"column":20},"end":{"line":1773,"column":79}},"466":{"start":{"line":1774,"column":14},"end":{"line":1774,"column":44}},"467":{"start":{"line":1777,"column":13},"end":{"line":1777,"column":75}},"468":{"start":{"line":1778,"column":12},"end":{"line":1778,"column":29}},"469":{"start":{"line":1779,"column":2},"end":{"line":1779,"column":22}},"470":{"start":{"line":1779,"column":10},"end":{"line":1779,"column":22}},"471":{"start":{"line":1780,"column":12},"end":{"line":1780,"column":16}},"472":{"start":{"line":1782,"column":2},"end":{"line":1786,"column":33}},"473":{"start":{"line":1787,"column":2},"end":{"line":1787,"column":57}},"474":{"start":{"line":1787,"column":17},"end":{"line":1787,"column":57}},"475":{"start":{"line":1788,"column":2},"end":{"line":1788,"column":37}},"476":{"start":{"line":1792,"column":2},"end":{"line":1841,"column":3}},"477":{"start":{"line":1793,"column":4},"end":{"line":1795,"column":5}},"478":{"start":{"line":1794,"column":6},"end":{"line":1794,"column":57}},"479":{"start":{"line":1796,"column":18},"end":{"line":1796,"column":32}},"480":{"start":{"line":1797,"column":4},"end":{"line":1800,"column":5}},"481":{"start":{"line":1798,"column":20},"end":{"line":1798,"column":71}},"482":{"start":{"line":1799,"column":6},"end":{"line":1799,"column":55}},"483":{"start":{"line":1799,"column":29},"end":{"line":1799,"column":55}},"484":{"start":{"line":1801,"column":21},"end":{"line":1801,"column":52}},"485":{"start":{"line":1802,"column":4},"end":{"line":1802,"column":37}},"486":{"start":{"line":1802,"column":18},"end":{"line":1802,"column":37}},"487":{"start":{"line":1806,"column":4},"end":{"line":1806,"column":39}},"488":{"start":{"line":1807,"column":17},"end":{"line":1807,"column":36}},"489":{"start":{"line":1808,"column":4},"end":{"line":1808,"column":99}},"490":{"start":{"line":1808,"column":76},"end":{"line":1808,"column":99}},"491":{"start":{"line":1809,"column":4},"end":{"line":1809,"column":102}},"492":{"start":{"line":1809,"column":78},"end":{"line":1809,"column":102}},"493":{"start":{"line":1810,"column":4},"end":{"line":1810,"column":114}},"494":{"start":{"line":1810,"column":86},"end":{"line":1810,"column":114}},"495":{"start":{"line":1811,"column":4},"end":{"line":1811,"column":60}},"496":{"start":{"line":1811,"column":22},"end":{"line":1811,"column":60}},"497":{"start":{"line":1812,"column":23},"end":{"line":1817,"column":66}},"498":{"start":{"line":1818,"column":4},"end":{"line":1818,"column":99}},"499":{"start":{"line":1818,"column":43},"end":{"line":1818,"column":99}},"500":{"start":{"line":1819,"column":4},"end":{"line":1819,"column":18}},"501":{"start":{"line":1821,"column":4},"end":{"line":1821,"column":77}},"502":{"start":{"line":1826,"column":4},"end":{"line":1839,"column":5}},"503":{"start":{"line":1827,"column":6},"end":{"line":1831,"column":45}},"504":{"start":{"line":1828,"column":26},"end":{"line":1828,"column":57}},"505":{"start":{"line":1829,"column":23},"end":{"line":1829,"column":44}},"506":{"start":{"line":1830,"column":8},"end":{"line":1830,"column":49}},"507":{"start":{"line":1830,"column":35},"end":{"line":1830,"column":49}},"508":{"start":{"line":1832,"column":6},"end":{"line":1838,"column":40}},"509":{"start":{"line":1833,"column":25},"end":{"line":1833,"column":58}},"510":{"start":{"line":1834,"column":8},"end":{"line":1837,"column":9}},"511":{"start":{"line":1835,"column":10},"end":{"line":1835,"column":94}},"512":{"start":{"line":1836,"column":10},"end":{"line":1836,"column":26}},"513":{"start":{"line":1840,"column":4},"end":{"line":1840,"column":78}},"514":{"start":{"line":1846,"column":2},"end":{"line":1860,"column":28}},"515":{"start":{"line":1847,"column":19},"end":{"line":1847,"column":71}},"516":{"start":{"line":1848,"column":21},"end":{"line":1848,"column":50}},"517":{"start":{"line":1849,"column":22},"end":{"line":1849,"column":79}},"518":{"start":{"line":1849,"column":66},"end":{"line":1849,"column":78}},"519":{"start":{"line":1850,"column":19},"end":{"line":1858,"column":18}},"520":{"start":{"line":1851,"column":19},"end":{"line":1851,"column":28}},"521":{"start":{"line":1852,"column":17},"end":{"line":1855,"column":7}},"522":{"start":{"line":1854,"column":44},"end":{"line":1854,"column":92}},"523":{"start":{"line":1856,"column":19},"end":{"line":1856,"column":30}},"524":{"start":{"line":1857,"column":22},"end":{"line":1857,"column":39}},"525":{"start":{"line":1859,"column":4},"end":{"line":1859,"column":38}},"526":{"start":{"line":1859,"column":27},"end":{"line":1859,"column":36}},"527":{"start":{"line":1860,"column":16},"end":{"line":1860,"column":26}},"528":{"start":{"line":1864,"column":21},"end":{"line":1864,"column":76}},"529":{"start":{"line":1864,"column":51},"end":{"line":1864,"column":74}}},"fnMap":{"0":{"name":"detectGoalPortals","decl":{"start":{"line":36,"column":16},"end":{"line":36,"column":33}},"loc":{"start":{"line":36,"column":40},"end":{"line":43,"column":1}},"line":36},"1":{"name":"getMultiPortalDirective","decl":{"start":{"line":45,"column":16},"end":{"line":45,"column":39}},"loc":{"start":{"line":45,"column":46},"end":{"line":106,"column":1}},"line":45},"2":{"name":"getMultiArticleDirective","decl":{"start":{"line":115,"column":16},"end":{"line":115,"column":40}},"loc":{"start":{"line":115,"column":47},"end":{"line":171,"column":1}},"line":115},"3":{"name":"_getPlatformProseInternal","decl":{"start":{"line":183,"column":9},"end":{"line":183,"column":34}},"loc":{"start":{"line":183,"column":53},"end":{"line":625,"column":1}},"line":183},"4":{"name":"_formatProfileSelectorsBlock","decl":{"start":{"line":631,"column":9},"end":{"line":631,"column":37}},"loc":{"start":{"line":631,"column":59},"end":{"line":699,"column":1}},"line":631},"5":{"name":"(anonymous_5)","decl":{"start":{"line":663,"column":44},"end":{"line":663,"column":45}},"loc":{"start":{"line":663,"column":49},"end":{"line":663,"column":62}},"line":663},"6":{"name":"(anonymous_6)","decl":{"start":{"line":677,"column":51},"end":{"line":677,"column":52}},"loc":{"start":{"line":677,"column":56},"end":{"line":677,"column":69}},"line":677},"7":{"name":"getPlatformContext","decl":{"start":{"line":713,"column":16},"end":{"line":713,"column":34}},"loc":{"start":{"line":713,"column":53},"end":{"line":727,"column":1}},"line":713},"8":{"name":"supportsVision","decl":{"start":{"line":738,"column":16},"end":{"line":738,"column":30}},"loc":{"start":{"line":738,"column":52},"end":{"line":775,"column":1}},"line":738},"9":{"name":"(anonymous_9)","decl":{"start":{"line":750,"column":20},"end":{"line":750,"column":21}},"loc":{"start":{"line":750,"column":26},"end":{"line":750,"column":36}},"line":750},"10":{"name":"(anonymous_10)","decl":{"start":{"line":774,"column":29},"end":{"line":774,"column":30}},"loc":{"start":{"line":774,"column":35},"end":{"line":774,"column":45}},"line":774},"11":{"name":"generatePlan","decl":{"start":{"line":781,"column":22},"end":{"line":781,"column":34}},"loc":{"start":{"line":781,"column":65},"end":{"line":882,"column":1}},"line":781},"12":{"name":"(anonymous_12)","decl":{"start":{"line":794,"column":85},"end":{"line":794,"column":86}},"loc":{"start":{"line":794,"column":90},"end":{"line":794,"column":147}},"line":794},"13":{"name":"(anonymous_13)","decl":{"start":{"line":794,"column":122},"end":{"line":794,"column":123}},"loc":{"start":{"line":794,"column":127},"end":{"line":794,"column":133}},"line":794},"14":{"name":"(anonymous_14)","decl":{"start":{"line":812,"column":51},"end":{"line":812,"column":52}},"loc":{"start":{"line":812,"column":61},"end":{"line":812,"column":119}},"line":812},"15":{"name":"(anonymous_15)","decl":{"start":{"line":812,"column":126},"end":{"line":812,"column":127}},"loc":{"start":{"line":812,"column":136},"end":{"line":812,"column":195}},"line":812},"16":{"name":"(anonymous_16)","decl":{"start":{"line":837,"column":31},"end":{"line":837,"column":32}},"loc":{"start":{"line":837,"column":37},"end":{"line":837,"column":55}},"line":837},"17":{"name":"callLLMWithRetry","decl":{"start":{"line":936,"column":22},"end":{"line":936,"column":38}},"loc":{"start":{"line":936,"column":171},"end":{"line":951,"column":1}},"line":936},"18":{"name":"callLLM","decl":{"start":{"line":956,"column":15},"end":{"line":956,"column":22}},"loc":{"start":{"line":956,"column":143},"end":{"line":1675,"column":1}},"line":956},"19":{"name":"(anonymous_19)","decl":{"start":{"line":983,"column":39},"end":{"line":983,"column":40}},"loc":{"start":{"line":983,"column":44},"end":{"line":983,"column":72}},"line":983},"20":{"name":"(anonymous_20)","decl":{"start":{"line":984,"column":38},"end":{"line":984,"column":39}},"loc":{"start":{"line":984,"column":43},"end":{"line":984,"column":94}},"line":984},"21":{"name":"(anonymous_21)","decl":{"start":{"line":985,"column":35},"end":{"line":985,"column":36}},"loc":{"start":{"line":985,"column":40},"end":{"line":985,"column":64}},"line":985},"22":{"name":"(anonymous_22)","decl":{"start":{"line":1037,"column":67},"end":{"line":1037,"column":68}},"loc":{"start":{"line":1037,"column":77},"end":{"line":1037,"column":142}},"line":1037},"23":{"name":"(anonymous_23)","decl":{"start":{"line":1037,"column":115},"end":{"line":1037,"column":116}},"loc":{"start":{"line":1037,"column":120},"end":{"line":1037,"column":126}},"line":1037},"24":{"name":"(anonymous_24)","decl":{"start":{"line":1070,"column":47},"end":{"line":1070,"column":48}},"loc":{"start":{"line":1070,"column":60},"end":{"line":1073,"column":5}},"line":1070},"25":{"name":"(anonymous_25)","decl":{"start":{"line":1109,"column":45},"end":{"line":1109,"column":46}},"loc":{"start":{"line":1109,"column":57},"end":{"line":1147,"column":3}},"line":1109},"26":{"name":"(anonymous_26)","decl":{"start":{"line":1559,"column":17},"end":{"line":1559,"column":18}},"loc":{"start":{"line":1559,"column":28},"end":{"line":1575,"column":1}},"line":1559},"27":{"name":"(anonymous_27)","decl":{"start":{"line":1580,"column":34},"end":{"line":1580,"column":35}},"loc":{"start":{"line":1580,"column":40},"end":{"line":1580,"column":58}},"line":1580},"28":{"name":"extractFirstJsonObject","decl":{"start":{"line":1678,"column":16},"end":{"line":1678,"column":38}},"loc":{"start":{"line":1678,"column":44},"end":{"line":1717,"column":1}},"line":1678},"29":{"name":"sanitizeLlmJson","decl":{"start":{"line":1723,"column":9},"end":{"line":1723,"column":24}},"loc":{"start":{"line":1723,"column":34},"end":{"line":1762,"column":1}},"line":1723},"30":{"name":"regexSalvageFinishOrNote","decl":{"start":{"line":1767,"column":9},"end":{"line":1767,"column":33}},"loc":{"start":{"line":1767,"column":43},"end":{"line":1789,"column":1}},"line":1767},"31":{"name":"parseLLMResponse","decl":{"start":{"line":1791,"column":16},"end":{"line":1791,"column":32}},"loc":{"start":{"line":1791,"column":42},"end":{"line":1842,"column":1}},"line":1791},"32":{"name":"getRelevantPatterns","decl":{"start":{"line":1845,"column":22},"end":{"line":1845,"column":41}},"loc":{"start":{"line":1845,"column":48},"end":{"line":1861,"column":1}},"line":1845},"33":{"name":"(anonymous_33)","decl":{"start":{"line":1849,"column":61},"end":{"line":1849,"column":62}},"loc":{"start":{"line":1849,"column":66},"end":{"line":1849,"column":78}},"line":1849},"34":{"name":"(anonymous_34)","decl":{"start":{"line":1851,"column":14},"end":{"line":1851,"column":15}},"loc":{"start":{"line":1851,"column":19},"end":{"line":1851,"column":28}},"line":1851},"35":{"name":"(anonymous_35)","decl":{"start":{"line":1852,"column":11},"end":{"line":1852,"column":12}},"loc":{"start":{"line":1852,"column":17},"end":{"line":1855,"column":7}},"line":1852},"36":{"name":"(anonymous_36)","decl":{"start":{"line":1854,"column":32},"end":{"line":1854,"column":33}},"loc":{"start":{"line":1854,"column":44},"end":{"line":1854,"column":92}},"line":1854},"37":{"name":"(anonymous_37)","decl":{"start":{"line":1856,"column":14},"end":{"line":1856,"column":15}},"loc":{"start":{"line":1856,"column":19},"end":{"line":1856,"column":30}},"line":1856},"38":{"name":"(anonymous_38)","decl":{"start":{"line":1857,"column":12},"end":{"line":1857,"column":13}},"loc":{"start":{"line":1857,"column":22},"end":{"line":1857,"column":39}},"line":1857},"39":{"name":"(anonymous_39)","decl":{"start":{"line":1859,"column":22},"end":{"line":1859,"column":23}},"loc":{"start":{"line":1859,"column":27},"end":{"line":1859,"column":36}},"line":1859},"40":{"name":"sleep","decl":{"start":{"line":1864,"column":9},"end":{"line":1864,"column":14}},"loc":{"start":{"line":1864,"column":19},"end":{"line":1864,"column":78}},"line":1864},"41":{"name":"(anonymous_41)","decl":{"start":{"line":1864,"column":40},"end":{"line":1864,"column":41}},"loc":{"start":{"line":1864,"column":51},"end":{"line":1864,"column":74}},"line":1864}},"branchMap":{"0":{"loc":{"start":{"line":37,"column":2},"end":{"line":37,"column":51}},"type":"if","locations":[{"start":{"line":37,"column":2},"end":{"line":37,"column":51}},{"start":{},"end":{}}],"line":37},"1":{"loc":{"start":{"line":37,"column":6},"end":{"line":37,"column":39}},"type":"binary-expr","locations":[{"start":{"line":37,"column":6},"end":{"line":37,"column":11}},{"start":{"line":37,"column":15},"end":{"line":37,"column":39}}],"line":37},"2":{"loc":{"start":{"line":40,"column":4},"end":{"line":40,"column":43}},"type":"if","locations":[{"start":{"line":40,"column":4},"end":{"line":40,"column":43}},{"start":{},"end":{}}],"line":40},"3":{"loc":{"start":{"line":47,"column":2},"end":{"line":47,"column":36}},"type":"if","locations":[{"start":{"line":47,"column":2},"end":{"line":47,"column":36}},{"start":{},"end":{}}],"line":47},"4":{"loc":{"start":{"line":116,"column":2},"end":{"line":116,"column":51}},"type":"if","locations":[{"start":{"line":116,"column":2},"end":{"line":116,"column":51}},{"start":{},"end":{}}],"line":116},"5":{"loc":{"start":{"line":116,"column":6},"end":{"line":116,"column":39}},"type":"binary-expr","locations":[{"start":{"line":116,"column":6},"end":{"line":116,"column":11}},{"start":{"line":116,"column":15},"end":{"line":116,"column":39}}],"line":116},"6":{"loc":{"start":{"line":117,"column":2},"end":{"line":117,"column":51}},"type":"if","locations":[{"start":{"line":117,"column":2},"end":{"line":117,"column":51}},{"start":{},"end":{}}],"line":117},"7":{"loc":{"start":{"line":120,"column":12},"end":{"line":120,"column":38}},"type":"cond-expr","locations":[{"start":{"line":120,"column":16},"end":{"line":120,"column":34}},{"start":{"line":120,"column":37},"end":{"line":120,"column":38}}],"line":120},"8":{"loc":{"start":{"line":121,"column":17},"end":{"line":121,"column":34}},"type":"cond-expr","locations":[{"start":{"line":121,"column":27},"end":{"line":121,"column":28}},{"start":{"line":121,"column":31},"end":{"line":121,"column":34}}],"line":121},"9":{"loc":{"start":{"line":127,"column":73},"end":{"line":127,"column":95}},"type":"cond-expr","locations":[{"start":{"line":127,"column":82},"end":{"line":127,"column":87}},{"start":{"line":127,"column":91},"end":{"line":127,"column":95}}],"line":127},"10":{"loc":{"start":{"line":154,"column":52},"end":{"line":154,"column":74}},"type":"cond-expr","locations":[{"start":{"line":154,"column":61},"end":{"line":154,"column":66}},{"start":{"line":154,"column":70},"end":{"line":154,"column":74}}],"line":154},"11":{"loc":{"start":{"line":155,"column":30},"end":{"line":155,"column":60}},"type":"cond-expr","locations":[{"start":{"line":155,"column":39},"end":{"line":155,"column":48}},{"start":{"line":155,"column":52},"end":{"line":155,"column":60}}],"line":155},"12":{"loc":{"start":{"line":184,"column":16},"end":{"line":184,"column":32}},"type":"binary-expr","locations":[{"start":{"line":184,"column":16},"end":{"line":184,"column":26}},{"start":{"line":184,"column":30},"end":{"line":184,"column":32}}],"line":184},"13":{"loc":{"start":{"line":185,"column":16},"end":{"line":185,"column":26}},"type":"binary-expr","locations":[{"start":{"line":185,"column":16},"end":{"line":185,"column":20}},{"start":{"line":185,"column":24},"end":{"line":185,"column":26}}],"line":185},"14":{"loc":{"start":{"line":189,"column":4},"end":{"line":192,"column":70}},"type":"binary-expr","locations":[{"start":{"line":189,"column":4},"end":{"line":189,"column":29}},{"start":{"line":190,"column":4},"end":{"line":190,"column":30}},{"start":{"line":191,"column":4},"end":{"line":191,"column":28}},{"start":{"line":192,"column":4},"end":{"line":192,"column":70}}],"line":189},"15":{"loc":{"start":{"line":194,"column":2},"end":{"line":229,"column":3}},"type":"if","locations":[{"start":{"line":194,"column":2},"end":{"line":229,"column":3}},{"start":{},"end":{}}],"line":194},"16":{"loc":{"start":{"line":233,"column":4},"end":{"line":234,"column":59}},"type":"binary-expr","locations":[{"start":{"line":233,"column":4},"end":{"line":233,"column":28}},{"start":{"line":233,"column":32},"end":{"line":233,"column":57}},{"start":{"line":233,"column":61},"end":{"line":233,"column":89}},{"start":{"line":234,"column":4},"end":{"line":234,"column":29}},{"start":{"line":234,"column":33},"end":{"line":234,"column":59}}],"line":233},"17":{"loc":{"start":{"line":236,"column":2},"end":{"line":246,"column":3}},"type":"if","locations":[{"start":{"line":236,"column":2},"end":{"line":246,"column":3}},{"start":{},"end":{}}],"line":236},"18":{"loc":{"start":{"line":250,"column":4},"end":{"line":253,"column":30}},"type":"binary-expr","locations":[{"start":{"line":250,"column":4},"end":{"line":250,"column":25}},{"start":{"line":250,"column":29},"end":{"line":250,"column":50}},{"start":{"line":250,"column":54},"end":{"line":250,"column":74}},{"start":{"line":251,"column":4},"end":{"line":251,"column":26}},{"start":{"line":251,"column":30},"end":{"line":251,"column":51}},{"start":{"line":252,"column":4},"end":{"line":252,"column":30}},{"start":{"line":252,"column":34},"end":{"line":252,"column":60}},{"start":{"line":252,"column":64},"end":{"line":252,"column":87}},{"start":{"line":253,"column":4},"end":{"line":253,"column":30}}],"line":250},"19":{"loc":{"start":{"line":255,"column":2},"end":{"line":265,"column":3}},"type":"if","locations":[{"start":{"line":255,"column":2},"end":{"line":265,"column":3}},{"start":{},"end":{}}],"line":255},"20":{"loc":{"start":{"line":269,"column":4},"end":{"line":270,"column":86}},"type":"binary-expr","locations":[{"start":{"line":269,"column":4},"end":{"line":269,"column":28}},{"start":{"line":269,"column":32},"end":{"line":269,"column":56}},{"start":{"line":269,"column":60},"end":{"line":269,"column":89}},{"start":{"line":270,"column":4},"end":{"line":270,"column":30}},{"start":{"line":270,"column":34},"end":{"line":270,"column":57}},{"start":{"line":270,"column":61},"end":{"line":270,"column":86}}],"line":269},"21":{"loc":{"start":{"line":272,"column":2},"end":{"line":282,"column":3}},"type":"if","locations":[{"start":{"line":272,"column":2},"end":{"line":282,"column":3}},{"start":{},"end":{}}],"line":272},"22":{"loc":{"start":{"line":285,"column":24},"end":{"line":286,"column":84}},"type":"binary-expr","locations":[{"start":{"line":285,"column":24},"end":{"line":285,"column":55}},{"start":{"line":285,"column":59},"end":{"line":285,"column":91}},{"start":{"line":285,"column":95},"end":{"line":285,"column":117}},{"start":{"line":286,"column":24},"end":{"line":286,"column":52}},{"start":{"line":286,"column":56},"end":{"line":286,"column":84}}],"line":285},"23":{"loc":{"start":{"line":287,"column":2},"end":{"line":312,"column":2}},"type":"if","locations":[{"start":{"line":287,"column":2},"end":{"line":312,"column":2}},{"start":{},"end":{}}],"line":287},"24":{"loc":{"start":{"line":315,"column":16},"end":{"line":315,"column":104}},"type":"binary-expr","locations":[{"start":{"line":315,"column":16},"end":{"line":315,"column":44}},{"start":{"line":315,"column":48},"end":{"line":315,"column":77}},{"start":{"line":315,"column":81},"end":{"line":315,"column":104}}],"line":315},"25":{"loc":{"start":{"line":316,"column":2},"end":{"line":399,"column":15}},"type":"if","locations":[{"start":{"line":316,"column":2},"end":{"line":399,"column":15}},{"start":{},"end":{}}],"line":316},"26":{"loc":{"start":{"line":402,"column":23},"end":{"line":403,"column":75}},"type":"binary-expr","locations":[{"start":{"line":402,"column":23},"end":{"line":402,"column":53}},{"start":{"line":402,"column":57},"end":{"line":402,"column":79}},{"start":{"line":403,"column":23},"end":{"line":403,"column":50}},{"start":{"line":403,"column":54},"end":{"line":403,"column":75}}],"line":402},"27":{"loc":{"start":{"line":404,"column":2},"end":{"line":431,"column":2}},"type":"if","locations":[{"start":{"line":404,"column":2},"end":{"line":431,"column":2}},{"start":{},"end":{}}],"line":404},"28":{"loc":{"start":{"line":434,"column":22},"end":{"line":436,"column":101}},"type":"binary-expr","locations":[{"start":{"line":434,"column":22},"end":{"line":434,"column":57}},{"start":{"line":434,"column":61},"end":{"line":434,"column":105}},{"start":{"line":435,"column":22},"end":{"line":435,"column":64}},{"start":{"line":435,"column":68},"end":{"line":435,"column":108}},{"start":{"line":436,"column":22},"end":{"line":436,"column":60}},{"start":{"line":436,"column":64},"end":{"line":436,"column":101}}],"line":434},"29":{"loc":{"start":{"line":437,"column":2},"end":{"line":469,"column":2}},"type":"if","locations":[{"start":{"line":437,"column":2},"end":{"line":469,"column":2}},{"start":{},"end":{}}],"line":437},"30":{"loc":{"start":{"line":472,"column":18},"end":{"line":474,"column":74}},"type":"binary-expr","locations":[{"start":{"line":472,"column":18},"end":{"line":472,"column":53}},{"start":{"line":472,"column":57},"end":{"line":472,"column":93}},{"start":{"line":473,"column":18},"end":{"line":473,"column":54}},{"start":{"line":473,"column":58},"end":{"line":473,"column":80}},{"start":{"line":474,"column":19},"end":{"line":474,"column":44}},{"start":{"line":474,"column":48},"end":{"line":474,"column":73}}],"line":472},"31":{"loc":{"start":{"line":475,"column":2},"end":{"line":500,"column":2}},"type":"if","locations":[{"start":{"line":475,"column":2},"end":{"line":500,"column":2}},{"start":{},"end":{}}],"line":475},"32":{"loc":{"start":{"line":503,"column":24},"end":{"line":503,"column":100}},"type":"binary-expr","locations":[{"start":{"line":503,"column":24},"end":{"line":503,"column":56}},{"start":{"line":503,"column":60},"end":{"line":503,"column":100}}],"line":503},"33":{"loc":{"start":{"line":504,"column":2},"end":{"line":517,"column":2}},"type":"if","locations":[{"start":{"line":504,"column":2},"end":{"line":517,"column":2}},{"start":{},"end":{}}],"line":504},"34":{"loc":{"start":{"line":521,"column":4},"end":{"line":523,"column":59}},"type":"binary-expr","locations":[{"start":{"line":521,"column":4},"end":{"line":521,"column":29}},{"start":{"line":521,"column":33},"end":{"line":521,"column":56}},{"start":{"line":521,"column":60},"end":{"line":521,"column":83}},{"start":{"line":522,"column":4},"end":{"line":522,"column":33}},{"start":{"line":522,"column":37},"end":{"line":522,"column":67}},{"start":{"line":523,"column":4},"end":{"line":523,"column":32}},{"start":{"line":523,"column":36},"end":{"line":523,"column":59}}],"line":521},"35":{"loc":{"start":{"line":525,"column":2},"end":{"line":535,"column":3}},"type":"if","locations":[{"start":{"line":525,"column":2},"end":{"line":535,"column":3}},{"start":{},"end":{}}],"line":525},"36":{"loc":{"start":{"line":538,"column":24},"end":{"line":538,"column":176}},"type":"binary-expr","locations":[{"start":{"line":538,"column":24},"end":{"line":538,"column":51}},{"start":{"line":538,"column":55},"end":{"line":538,"column":80}},{"start":{"line":538,"column":84},"end":{"line":538,"column":114}},{"start":{"line":538,"column":118},"end":{"line":538,"column":144}},{"start":{"line":538,"column":148},"end":{"line":538,"column":176}}],"line":538},"37":{"loc":{"start":{"line":539,"column":2},"end":{"line":551,"column":2}},"type":"if","locations":[{"start":{"line":539,"column":2},"end":{"line":551,"column":2}},{"start":{},"end":{}}],"line":539},"38":{"loc":{"start":{"line":554,"column":21},"end":{"line":554,"column":159}},"type":"binary-expr","locations":[{"start":{"line":554,"column":21},"end":{"line":554,"column":45}},{"start":{"line":554,"column":49},"end":{"line":554,"column":73}},{"start":{"line":554,"column":77},"end":{"line":554,"column":100}},{"start":{"line":554,"column":104},"end":{"line":554,"column":129}},{"start":{"line":554,"column":133},"end":{"line":554,"column":159}}],"line":554},"39":{"loc":{"start":{"line":555,"column":2},"end":{"line":567,"column":2}},"type":"if","locations":[{"start":{"line":555,"column":2},"end":{"line":567,"column":2}},{"start":{},"end":{}}],"line":555},"40":{"loc":{"start":{"line":570,"column":18},"end":{"line":570,"column":181}},"type":"binary-expr","locations":[{"start":{"line":570,"column":18},"end":{"line":570,"column":39}},{"start":{"line":570,"column":43},"end":{"line":570,"column":70}},{"start":{"line":570,"column":74},"end":{"line":570,"column":98}},{"start":{"line":570,"column":102},"end":{"line":570,"column":122}},{"start":{"line":570,"column":126},"end":{"line":570,"column":152}},{"start":{"line":570,"column":156},"end":{"line":570,"column":181}}],"line":570},"41":{"loc":{"start":{"line":571,"column":2},"end":{"line":582,"column":2}},"type":"if","locations":[{"start":{"line":571,"column":2},"end":{"line":582,"column":2}},{"start":{},"end":{}}],"line":571},"42":{"loc":{"start":{"line":585,"column":19},"end":{"line":585,"column":96}},"type":"binary-expr","locations":[{"start":{"line":585,"column":19},"end":{"line":585,"column":41}},{"start":{"line":585,"column":45},"end":{"line":585,"column":68}},{"start":{"line":585,"column":72},"end":{"line":585,"column":96}}],"line":585},"43":{"loc":{"start":{"line":586,"column":2},"end":{"line":596,"column":2}},"type":"if","locations":[{"start":{"line":586,"column":2},"end":{"line":596,"column":2}},{"start":{},"end":{}}],"line":586},"44":{"loc":{"start":{"line":599,"column":21},"end":{"line":599,"column":74}},"type":"binary-expr","locations":[{"start":{"line":599,"column":21},"end":{"line":599,"column":45}},{"start":{"line":599,"column":49},"end":{"line":599,"column":74}}],"line":599},"45":{"loc":{"start":{"line":600,"column":2},"end":{"line":609,"column":2}},"type":"if","locations":[{"start":{"line":600,"column":2},"end":{"line":609,"column":2}},{"start":{},"end":{}}],"line":600},"46":{"loc":{"start":{"line":612,"column":26},"end":{"line":612,"column":127}},"type":"binary-expr","locations":[{"start":{"line":612,"column":26},"end":{"line":612,"column":55}},{"start":{"line":612,"column":59},"end":{"line":612,"column":93}},{"start":{"line":612,"column":97},"end":{"line":612,"column":127}}],"line":612},"47":{"loc":{"start":{"line":613,"column":2},"end":{"line":622,"column":2}},"type":"if","locations":[{"start":{"line":613,"column":2},"end":{"line":622,"column":2}},{"start":{},"end":{}}],"line":613},"48":{"loc":{"start":{"line":632,"column":2},"end":{"line":632,"column":26}},"type":"if","locations":[{"start":{"line":632,"column":2},"end":{"line":632,"column":26}},{"start":{},"end":{}}],"line":632},"49":{"loc":{"start":{"line":636,"column":2},"end":{"line":636,"column":45}},"type":"if","locations":[{"start":{"line":636,"column":2},"end":{"line":636,"column":45}},{"start":{},"end":{}}],"line":636},"50":{"loc":{"start":{"line":636,"column":6},"end":{"line":636,"column":33}},"type":"binary-expr","locations":[{"start":{"line":636,"column":6},"end":{"line":636,"column":10}},{"start":{"line":636,"column":14},"end":{"line":636,"column":19}},{"start":{"line":636,"column":23},"end":{"line":636,"column":33}}],"line":636},"51":{"loc":{"start":{"line":640,"column":50},"end":{"line":640,"column":77}},"type":"binary-expr","locations":[{"start":{"line":640,"column":50},"end":{"line":640,"column":63}},{"start":{"line":640,"column":67},"end":{"line":640,"column":77}}],"line":640},"52":{"loc":{"start":{"line":646,"column":2},"end":{"line":655,"column":3}},"type":"if","locations":[{"start":{"line":646,"column":2},"end":{"line":655,"column":3}},{"start":{},"end":{}}],"line":646},"53":{"loc":{"start":{"line":646,"column":6},"end":{"line":646,"column":64}},"type":"binary-expr","locations":[{"start":{"line":646,"column":6},"end":{"line":646,"column":30}},{"start":{"line":646,"column":34},"end":{"line":646,"column":50}},{"start":{"line":646,"column":54},"end":{"line":646,"column":64}}],"line":646},"54":{"loc":{"start":{"line":649,"column":12},"end":{"line":649,"column":92}},"type":"if","locations":[{"start":{"line":649,"column":12},"end":{"line":649,"column":92}},{"start":{},"end":{}}],"line":649},"55":{"loc":{"start":{"line":649,"column":16},"end":{"line":649,"column":65}},"type":"binary-expr","locations":[{"start":{"line":649,"column":16},"end":{"line":649,"column":18}},{"start":{"line":649,"column":22},"end":{"line":649,"column":33}},{"start":{"line":649,"column":37},"end":{"line":649,"column":65}}],"line":649},"56":{"loc":{"start":{"line":651,"column":4},"end":{"line":654,"column":5}},"type":"if","locations":[{"start":{"line":651,"column":4},"end":{"line":654,"column":5}},{"start":{},"end":{}}],"line":651},"57":{"loc":{"start":{"line":652,"column":66},"end":{"line":652,"column":85}},"type":"binary-expr","locations":[{"start":{"line":652,"column":66},"end":{"line":652,"column":79}},{"start":{"line":652,"column":83},"end":{"line":652,"column":85}}],"line":652},"58":{"loc":{"start":{"line":657,"column":2},"end":{"line":671,"column":3}},"type":"if","locations":[{"start":{"line":657,"column":2},"end":{"line":671,"column":3}},{"start":{},"end":{}}],"line":657},"59":{"loc":{"start":{"line":657,"column":6},"end":{"line":657,"column":36}},"type":"binary-expr","locations":[{"start":{"line":657,"column":6},"end":{"line":657,"column":9}},{"start":{"line":657,"column":13},"end":{"line":657,"column":36}}],"line":657},"60":{"loc":{"start":{"line":660,"column":6},"end":{"line":668,"column":7}},"type":"if","locations":[{"start":{"line":660,"column":6},"end":{"line":668,"column":7}},{"start":{"line":662,"column":13},"end":{"line":668,"column":7}}],"line":660},"61":{"loc":{"start":{"line":662,"column":13},"end":{"line":668,"column":7}},"type":"if","locations":[{"start":{"line":662,"column":13},"end":{"line":668,"column":7}},{"start":{"line":664,"column":13},"end":{"line":668,"column":7}}],"line":662},"62":{"loc":{"start":{"line":664,"column":13},"end":{"line":668,"column":7}},"type":"if","locations":[{"start":{"line":664,"column":13},"end":{"line":668,"column":7}},{"start":{},"end":{}}],"line":664},"63":{"loc":{"start":{"line":673,"column":2},"end":{"line":681,"column":3}},"type":"if","locations":[{"start":{"line":673,"column":2},"end":{"line":681,"column":3}},{"start":{},"end":{}}],"line":673},"64":{"loc":{"start":{"line":673,"column":6},"end":{"line":673,"column":38}},"type":"binary-expr","locations":[{"start":{"line":673,"column":6},"end":{"line":673,"column":10}},{"start":{"line":673,"column":14},"end":{"line":673,"column":38}}],"line":673},"65":{"loc":{"start":{"line":676,"column":6},"end":{"line":678,"column":7}},"type":"if","locations":[{"start":{"line":676,"column":6},"end":{"line":678,"column":7}},{"start":{},"end":{}}],"line":676},"66":{"loc":{"start":{"line":676,"column":10},"end":{"line":676,"column":38}},"type":"binary-expr","locations":[{"start":{"line":676,"column":10},"end":{"line":676,"column":26}},{"start":{"line":676,"column":30},"end":{"line":676,"column":38}}],"line":676},"67":{"loc":{"start":{"line":683,"column":2},"end":{"line":686,"column":3}},"type":"if","locations":[{"start":{"line":683,"column":2},"end":{"line":686,"column":3}},{"start":{},"end":{}}],"line":683},"68":{"loc":{"start":{"line":688,"column":2},"end":{"line":691,"column":3}},"type":"if","locations":[{"start":{"line":688,"column":2},"end":{"line":691,"column":3}},{"start":{},"end":{}}],"line":688},"69":{"loc":{"start":{"line":693,"column":2},"end":{"line":696,"column":3}},"type":"if","locations":[{"start":{"line":693,"column":2},"end":{"line":696,"column":3}},{"start":{},"end":{}}],"line":693},"70":{"loc":{"start":{"line":693,"column":6},"end":{"line":693,"column":68}},"type":"binary-expr","locations":[{"start":{"line":693,"column":6},"end":{"line":693,"column":39}},{"start":{"line":693,"column":43},"end":{"line":693,"column":68}}],"line":693},"71":{"loc":{"start":{"line":714,"column":21},"end":{"line":714,"column":37}},"type":"binary-expr","locations":[{"start":{"line":714,"column":21},"end":{"line":714,"column":31}},{"start":{"line":714,"column":35},"end":{"line":714,"column":37}}],"line":714},"72":{"loc":{"start":{"line":714,"column":49},"end":{"line":714,"column":59}},"type":"binary-expr","locations":[{"start":{"line":714,"column":49},"end":{"line":714,"column":53}},{"start":{"line":714,"column":57},"end":{"line":714,"column":59}}],"line":714},"73":{"loc":{"start":{"line":716,"column":2},"end":{"line":716,"column":84}},"type":"if","locations":[{"start":{"line":716,"column":2},"end":{"line":716,"column":84}},{"start":{},"end":{}}],"line":716},"74":{"loc":{"start":{"line":716,"column":6},"end":{"line":716,"column":63}},"type":"binary-expr","locations":[{"start":{"line":716,"column":6},"end":{"line":716,"column":13}},{"start":{"line":716,"column":17},"end":{"line":716,"column":63}}],"line":716},"75":{"loc":{"start":{"line":739,"column":2},"end":{"line":739,"column":27}},"type":"if","locations":[{"start":{"line":739,"column":2},"end":{"line":739,"column":27}},{"start":{},"end":{}}],"line":739},"76":{"loc":{"start":{"line":750,"column":2},"end":{"line":750,"column":52}},"type":"if","locations":[{"start":{"line":750,"column":2},"end":{"line":750,"column":52}},{"start":{},"end":{}}],"line":750},"77":{"loc":{"start":{"line":755,"column":4},"end":{"line":758,"column":13}},"type":"binary-expr","locations":[{"start":{"line":755,"column":4},"end":{"line":755,"column":16}},{"start":{"line":756,"column":5},"end":{"line":758,"column":12}}],"line":755},"78":{"loc":{"start":{"line":756,"column":5},"end":{"line":758,"column":12}},"type":"cond-expr","locations":[{"start":{"line":756,"column":31},"end":{"line":756,"column":42}},{"start":{"line":757,"column":8},"end":{"line":758,"column":12}}],"line":756},"79":{"loc":{"start":{"line":757,"column":8},"end":{"line":758,"column":12}},"type":"cond-expr","locations":[{"start":{"line":757,"column":77},"end":{"line":757,"column":85}},{"start":{"line":758,"column":8},"end":{"line":758,"column":12}}],"line":757},"80":{"loc":{"start":{"line":757,"column":9},"end":{"line":757,"column":73}},"type":"binary-expr","locations":[{"start":{"line":757,"column":9},"end":{"line":757,"column":29}},{"start":{"line":757,"column":33},"end":{"line":757,"column":51}},{"start":{"line":757,"column":55},"end":{"line":757,"column":73}}],"line":757},"81":{"loc":{"start":{"line":760,"column":2},"end":{"line":760,"column":43}},"type":"if","locations":[{"start":{"line":760,"column":2},"end":{"line":760,"column":43}},{"start":{},"end":{}}],"line":760},"82":{"loc":{"start":{"line":761,"column":2},"end":{"line":761,"column":45}},"type":"if","locations":[{"start":{"line":761,"column":2},"end":{"line":761,"column":45}},{"start":{},"end":{}}],"line":761},"83":{"loc":{"start":{"line":781,"column":51},"end":{"line":781,"column":63}},"type":"default-arg","locations":[{"start":{"line":781,"column":61},"end":{"line":781,"column":63}}],"line":781},"84":{"loc":{"start":{"line":782,"column":19},"end":{"line":782,"column":91}},"type":"binary-expr","locations":[{"start":{"line":782,"column":19},"end":{"line":782,"column":40}},{"start":{"line":782,"column":44},"end":{"line":782,"column":91}}],"line":782},"85":{"loc":{"start":{"line":784,"column":16},"end":{"line":784,"column":43}},"type":"binary-expr","locations":[{"start":{"line":784,"column":16},"end":{"line":784,"column":30}},{"start":{"line":784,"column":34},"end":{"line":784,"column":43}}],"line":784},"86":{"loc":{"start":{"line":785,"column":2},"end":{"line":785,"column":27}},"type":"if","locations":[{"start":{"line":785,"column":2},"end":{"line":785,"column":27}},{"start":{},"end":{}}],"line":785},"87":{"loc":{"start":{"line":787,"column":21},"end":{"line":789,"column":8}},"type":"cond-expr","locations":[{"start":{"line":788,"column":6},"end":{"line":788,"column":98}},{"start":{"line":789,"column":6},"end":{"line":789,"column":8}}],"line":787},"88":{"loc":{"start":{"line":788,"column":44},"end":{"line":788,"column":94}},"type":"cond-expr","locations":[{"start":{"line":788,"column":64},"end":{"line":788,"column":89}},{"start":{"line":788,"column":92},"end":{"line":788,"column":94}}],"line":788},"89":{"loc":{"start":{"line":791,"column":26},"end":{"line":791,"column":55}},"type":"binary-expr","locations":[{"start":{"line":791,"column":26},"end":{"line":791,"column":49}},{"start":{"line":791,"column":53},"end":{"line":791,"column":55}}],"line":791},"90":{"loc":{"start":{"line":793,"column":25},"end":{"line":795,"column":8}},"type":"cond-expr","locations":[{"start":{"line":794,"column":6},"end":{"line":794,"column":163}},{"start":{"line":795,"column":6},"end":{"line":795,"column":8}}],"line":793},"91":{"loc":{"start":{"line":793,"column":25},"end":{"line":793,"column":88}},"type":"binary-expr","locations":[{"start":{"line":793,"column":25},"end":{"line":793,"column":49}},{"start":{"line":793,"column":53},"end":{"line":793,"column":88}}],"line":793},"92":{"loc":{"start":{"line":812,"column":110},"end":{"line":812,"column":117}},"type":"binary-expr","locations":[{"start":{"line":812,"column":110},"end":{"line":812,"column":111}},{"start":{"line":812,"column":115},"end":{"line":812,"column":117}}],"line":812},"93":{"loc":{"start":{"line":812,"column":186},"end":{"line":812,"column":193}},"type":"binary-expr","locations":[{"start":{"line":812,"column":186},"end":{"line":812,"column":187}},{"start":{"line":812,"column":191},"end":{"line":812,"column":193}}],"line":812},"94":{"loc":{"start":{"line":848,"column":4},"end":{"line":851,"column":5}},"type":"if","locations":[{"start":{"line":848,"column":4},"end":{"line":851,"column":5}},{"start":{},"end":{}}],"line":848},"95":{"loc":{"start":{"line":854,"column":4},"end":{"line":857,"column":5}},"type":"if","locations":[{"start":{"line":854,"column":4},"end":{"line":857,"column":5}},{"start":{},"end":{}}],"line":854},"96":{"loc":{"start":{"line":860,"column":4},"end":{"line":863,"column":5}},"type":"if","locations":[{"start":{"line":860,"column":4},"end":{"line":863,"column":5}},{"start":{},"end":{}}],"line":860},"97":{"loc":{"start":{"line":862,"column":6},"end":{"line":862,"column":55}},"type":"if","locations":[{"start":{"line":862,"column":6},"end":{"line":862,"column":55}},{"start":{},"end":{}}],"line":862},"98":{"loc":{"start":{"line":862,"column":10},"end":{"line":862,"column":27}},"type":"binary-expr","locations":[{"start":{"line":862,"column":10},"end":{"line":862,"column":15}},{"start":{"line":862,"column":19},"end":{"line":862,"column":27}}],"line":862},"99":{"loc":{"start":{"line":868,"column":6},"end":{"line":868,"column":83}},"type":"if","locations":[{"start":{"line":868,"column":6},"end":{"line":868,"column":83}},{"start":{},"end":{}}],"line":868},"100":{"loc":{"start":{"line":868,"column":10},"end":{"line":868,"column":62}},"type":"binary-expr","locations":[{"start":{"line":868,"column":10},"end":{"line":868,"column":36}},{"start":{"line":868,"column":40},"end":{"line":868,"column":62}}],"line":868},"101":{"loc":{"start":{"line":872,"column":6},"end":{"line":875,"column":7}},"type":"if","locations":[{"start":{"line":872,"column":6},"end":{"line":875,"column":7}},{"start":{},"end":{}}],"line":872},"102":{"loc":{"start":{"line":874,"column":8},"end":{"line":874,"column":85}},"type":"if","locations":[{"start":{"line":874,"column":8},"end":{"line":874,"column":85}},{"start":{},"end":{}}],"line":874},"103":{"loc":{"start":{"line":874,"column":12},"end":{"line":874,"column":64}},"type":"binary-expr","locations":[{"start":{"line":874,"column":12},"end":{"line":874,"column":38}},{"start":{"line":874,"column":42},"end":{"line":874,"column":64}}],"line":874},"104":{"loc":{"start":{"line":940,"column":16},"end":{"line":940,"column":33}},"type":"binary-expr","locations":[{"start":{"line":940,"column":16},"end":{"line":940,"column":27}},{"start":{"line":940,"column":31},"end":{"line":940,"column":33}}],"line":940},"105":{"loc":{"start":{"line":941,"column":24},"end":{"line":941,"column":219}},"type":"binary-expr","locations":[{"start":{"line":941,"column":25},"end":{"line":941,"column":44}},{"start":{"line":941,"column":48},"end":{"line":941,"column":67}},{"start":{"line":941,"column":71},"end":{"line":941,"column":90}},{"start":{"line":941,"column":94},"end":{"line":941,"column":119}},{"start":{"line":941,"column":123},"end":{"line":941,"column":149}},{"start":{"line":941,"column":153},"end":{"line":941,"column":184}},{"start":{"line":941,"column":189},"end":{"line":941,"column":219}}],"line":941},"106":{"loc":{"start":{"line":942,"column":4},"end":{"line":948,"column":5}},"type":"if","locations":[{"start":{"line":942,"column":4},"end":{"line":948,"column":5}},{"start":{},"end":{}}],"line":942},"107":{"loc":{"start":{"line":943,"column":24},"end":{"line":943,"column":87}},"type":"cond-expr","locations":[{"start":{"line":943,"column":46},"end":{"line":943,"column":63}},{"start":{"line":943,"column":66},"end":{"line":943,"column":87}}],"line":943},"108":{"loc":{"start":{"line":959,"column":2},"end":{"line":959,"column":88}},"type":"if","locations":[{"start":{"line":959,"column":2},"end":{"line":959,"column":88}},{"start":{},"end":{}}],"line":959},"109":{"loc":{"start":{"line":963,"column":22},"end":{"line":963,"column":84}},"type":"cond-expr","locations":[{"start":{"line":963,"column":43},"end":{"line":963,"column":77}},{"start":{"line":963,"column":80},"end":{"line":963,"column":84}}],"line":963},"110":{"loc":{"start":{"line":964,"column":22},"end":{"line":964,"column":84}},"type":"cond-expr","locations":[{"start":{"line":964,"column":43},"end":{"line":964,"column":77}},{"start":{"line":964,"column":80},"end":{"line":964,"column":84}}],"line":964},"111":{"loc":{"start":{"line":969,"column":21},"end":{"line":980,"column":6}},"type":"cond-expr","locations":[{"start":{"line":969,"column":33},"end":{"line":980,"column":1}},{"start":{"line":980,"column":4},"end":{"line":980,"column":6}}],"line":969},"112":{"loc":{"start":{"line":987,"column":20},"end":{"line":992,"column":8}},"type":"cond-expr","locations":[{"start":{"line":987,"column":32},"end":{"line":987,"column":34}},{"start":{"line":988,"column":4},"end":{"line":992,"column":8}}],"line":987},"113":{"loc":{"start":{"line":988,"column":4},"end":{"line":992,"column":8}},"type":"cond-expr","locations":[{"start":{"line":989,"column":6},"end":{"line":989,"column":172}},{"start":{"line":990,"column":6},"end":{"line":992,"column":8}}],"line":988},"114":{"loc":{"start":{"line":988,"column":5},"end":{"line":988,"column":64}},"type":"binary-expr","locations":[{"start":{"line":988,"column":5},"end":{"line":988,"column":23}},{"start":{"line":988,"column":27},"end":{"line":988,"column":45}},{"start":{"line":988,"column":49},"end":{"line":988,"column":64}}],"line":988},"115":{"loc":{"start":{"line":990,"column":6},"end":{"line":992,"column":8}},"type":"cond-expr","locations":[{"start":{"line":991,"column":6},"end":{"line":991,"column":155}},{"start":{"line":992,"column":6},"end":{"line":992,"column":8}}],"line":990},"116":{"loc":{"start":{"line":990,"column":7},"end":{"line":990,"column":66}},"type":"binary-expr","locations":[{"start":{"line":990,"column":7},"end":{"line":990,"column":25}},{"start":{"line":990,"column":29},"end":{"line":990,"column":47}},{"start":{"line":990,"column":51},"end":{"line":990,"column":66}}],"line":990},"117":{"loc":{"start":{"line":999,"column":2},"end":{"line":1032,"column":3}},"type":"if","locations":[{"start":{"line":999,"column":2},"end":{"line":1032,"column":3}},{"start":{},"end":{}}],"line":999},"118":{"loc":{"start":{"line":1002,"column":16},"end":{"line":1002,"column":32}},"type":"binary-expr","locations":[{"start":{"line":1002,"column":16},"end":{"line":1002,"column":26}},{"start":{"line":1002,"column":30},"end":{"line":1002,"column":32}}],"line":1002},"119":{"loc":{"start":{"line":1003,"column":4},"end":{"line":1021,"column":5}},"type":"if","locations":[{"start":{"line":1003,"column":4},"end":{"line":1021,"column":5}},{"start":{"line":1008,"column":11},"end":{"line":1021,"column":5}}],"line":1003},"120":{"loc":{"start":{"line":1008,"column":11},"end":{"line":1021,"column":5}},"type":"if","locations":[{"start":{"line":1008,"column":11},"end":{"line":1021,"column":5}},{"start":{"line":1012,"column":11},"end":{"line":1021,"column":5}}],"line":1008},"121":{"loc":{"start":{"line":1012,"column":11},"end":{"line":1021,"column":5}},"type":"if","locations":[{"start":{"line":1012,"column":11},"end":{"line":1021,"column":5}},{"start":{"line":1016,"column":11},"end":{"line":1021,"column":5}}],"line":1012},"122":{"loc":{"start":{"line":1016,"column":11},"end":{"line":1021,"column":5}},"type":"if","locations":[{"start":{"line":1016,"column":11},"end":{"line":1021,"column":5}},{"start":{},"end":{}}],"line":1016},"123":{"loc":{"start":{"line":1036,"column":21},"end":{"line":1038,"column":8}},"type":"cond-expr","locations":[{"start":{"line":1037,"column":6},"end":{"line":1037,"column":158}},{"start":{"line":1038,"column":6},"end":{"line":1038,"column":8}}],"line":1036},"124":{"loc":{"start":{"line":1042,"column":20},"end":{"line":1044,"column":8}},"type":"cond-expr","locations":[{"start":{"line":1043,"column":6},"end":{"line":1043,"column":131}},{"start":{"line":1044,"column":6},"end":{"line":1044,"column":8}}],"line":1042},"125":{"loc":{"start":{"line":1051,"column":29},"end":{"line":1053,"column":8}},"type":"cond-expr","locations":[{"start":{"line":1052,"column":6},"end":{"line":1052,"column":36}},{"start":{"line":1053,"column":6},"end":{"line":1053,"column":8}}],"line":1051},"126":{"loc":{"start":{"line":1051,"column":30},"end":{"line":1051,"column":114}},"type":"binary-expr","locations":[{"start":{"line":1051,"column":30},"end":{"line":1051,"column":60}},{"start":{"line":1051,"column":64},"end":{"line":1051,"column":114}}],"line":1051},"127":{"loc":{"start"
[...]
n":1}},"1":{"start":{"line":16,"column":4},"end":{"line":16,"column":27}},"2":{"start":{"line":16,"column":14},"end":{"line":16,"column":27}},"3":{"start":{"line":17,"column":4},"end":{"line":22,"column":81}},"4":{"start":{"line":18,"column":19},"end":{"line":18,"column":50}},"5":{"start":{"line":19,"column":6},"end":{"line":19,"column":53}},"6":{"start":{"line":19,"column":41},"end":{"line":19,"column":53}},"7":{"start":{"line":20,"column":6},"end":{"line":20,"column":54}},"8":{"start":{"line":20,"column":42},"end":{"line":20,"column":54}},"9":{"start":{"line":21,"column":6},"end":{"line":21,"column":48}},"10":{"start":{"line":21,"column":36},"end":{"line":21,"column":48}},"11":{"start":{"line":22,"column":18},"end":{"line":22,"column":79}},"12":{"start":{"line":23,"column":4},"end":{"line":23,"column":88}}},"fnMap":{"0":{"name":"(anonymous_0)","decl":{"start":{"line":15,"column":2},"end":{"line":15,"column":3}},"loc":{"start":{"line":15,"column":20},"end":{"line":24,"column":3}},"line":15}},"branchMap":{"0":{"loc":{"start":{"line":16,"column":4},"end":{"line":16,"column":27}},"type":"if","locations":[{"start":{"line":16,"column":4},"end":{"line":16,"column":27}},{"start":{},"end":{}}],"line":16},"1":{"loc":{"start":{"line":19,"column":6},"end":{"line":19,"column":53}},"type":"if","locations":[{"start":{"line":19,"column":6},"end":{"line":19,"column":53}},{"start":{},"end":{}}],"line":19},"2":{"loc":{"start":{"line":20,"column":6},"end":{"line":20,"column":54}},"type":"if","locations":[{"start":{"line":20,"column":6},"end":{"line":20,"column":54}},{"start":{},"end":{}}],"line":20},"3":{"loc":{"start":{"line":21,"column":6},"end":{"line":21,"column":48}},"type":"if","locations":[{"start":{"line":21,"column":6},"end":{"line":21,"column":48}},{"start":{},"end":{}}],"line":21},"4":{"loc":{"start":{"line":22,"column":63},"end":{"line":22,"column":77}},"type":"binary-expr","locations":[{"start":{"line":22,"column":63},"end":{"line":22,"column":64}},{"start":{"line":22,"column":68},"end":{"line":22,"column":77}}],"line":22},"5":{"loc":{"start":{"line":23,"column":75},"end":{"line":23,"column":85}},"type":"binary-expr","locations":[{"start":{"line":23,"column":75},"end":{"line":23,"column":79}},{"start":{"line":23,"column":83},"end":{"line":23,"column":85}}],"line":23}},"s":{"0":1,"1":67,"2":1,"3":66,"4":66,"5":66,"6":0,"7":66,"8":0,"9":66,"10":0,"11":0,"12":66},"f":{"0":67},"b":{"0":[1,66],"1":[0,66],"2":[0,66],"3":[0,66],"4":[0,0],"5":[66,1]},"inputSourceMap":null,"_coverageSchema":"1a1c01bbd47fc00a2c39e90264f33305004495a9","hash":"ccf8eb8e48dc3cb875778f832a07c914297567d8"}
,"C:\\Users\\Administrator\\Downloads\\sentinel-override\\background\\platforms\\paloalto.js": {"path":"C:\\Users\\Administrator\\Downloads\\sentinel-override\\background\\platforms\\paloalto.js","statementMap":{"0":{"start":{"line":8,"column":24},"end":{"line":78,"column":1}},"1":{"start":{"line":14,"column":4},"end":{"line":14,"column":27}},"2":{"start":{"line":14,"column":14},"end":{"line":14,"column":27}},"3":{"start":{"line":15,"column":4},"end":{"line":20,"column":81}},"4":{"start":{"line":16,"column":16},"end":{"line":16,"column":28}},"5":{"start":{"line":17,"column":6},"end":{"line":17,"column":52}},"6":{"start":{"line":17,"column":40},"end":{"line":17,"column":52}},"7":{"start":{"line":18,"column":6},"end":{"line":18,"column":52}},"8":{"start":{"line":18,"column":40},"end":{"line":18,"column":52}},"9":{"start":{"line":19,"column":6},"end":{"line":19,"column":56}},"10":{"start":{"line":19,"column":44},"end":{"line":19,"column":56}},"11":{"start":{"line":20,"column":18},"end":{"line":20,"column":79}},"12":{"start":{"line":21,"column":14},"end":{"line":21,"column":46}},"13":{"start":{"line":22,"column":4},"end":{"line":22,"column":56}}},"fnMap":{"0":{"name":"(anonymous_0)","decl":{"start":{"line":13,"column":2},"end":{"line":13,"column":3}},"loc":{"start":{"line":13,"column":20},"end":{"line":23,"column":3}},"line":13}},"branchMap":{"0":{"loc":{"start":{"line":14,"column":4},"end":{"line":14,"column":27}},"type":"if","locations":[{"start":{"line":14,"column":4},"end":{"line":14,"column":27}},{"start":{},"end":{}}],"line":14},"1":{"loc":{"start":{"line":17,"column":6},"end":{"line":17,"column":52}},"type":"if","locations":[{"start":{"line":17,"column":6},"end":{"line":17,"column":52}},{"start":{},"end":{}}],"line":17},"2":{"loc":{"start":{"line":18,"column":6},"end":{"line":18,"column":52}},"type":"if","locations":[{"start":{"line":18,"column":6},"end":{"line":18,"column":52}},{"start":{},"end":{}}],"line":18},"3":{"loc":{"start":{"line":19,"column":6},"end":{"line":19,"column":56}},"type":"if","locations":[{"start":{"line":19,"column":6},"end":{"line":19,"column":56}},{"start":{},"end":{}}],"line":19},"4":{"loc":{"start":{"line":20,"column":63},"end":{"line":20,"column":77}},"type":"binary-expr","locations":[{"start":{"line":20,"column":63},"end":{"line":20,"column":64}},{"start":{"line":20,"column":68},"end":{"line":20,"column":77}}],"line":20},"5":{"loc":{"start":{"line":21,"column":21},"end":{"line":21,"column":31}},"type":"binary-expr","locations":[{"start":{"line":21,"column":21},"end":{"line":21,"column":25}},{"start":{"line":21,"column":29},"end":{"line":21,"column":31}}],"line":21}},"s":{"0":1,"1":67,"2":1,"3":66,"4":66,"5":66,"6":0,"7":66,"8":0,"9":66,"10":0,"11":0,"12":66,"13":66},"f":{"0":67},"b":{"0":[1,66],"1":[0,66],"2":[0,66],"3":[0,66],"4":[0,0],"5":[66,1]},"inputSourceMap":null,"_coverageSchema":"1a1c01bbd47fc00a2c39e90264f33305004495a9","hash":"0cc288f4e498f8f291f44bb95d2fef38491590a6"}
,"C:\\Users\\Administrator\\Downloads\\sentinel-override\\background\\platforms\\screenconnect.js": {"path":"C:\\Users\\Administrator\\Downloads\\sentinel-override\\background\\platforms\\screenconnect.js","statementMap":{"0":{"start":{"line":9,"column":29},"end":{"line":101,"column":1}},"1":{"start":{"line":15,"column":4},"end":{"line":15,"column":27}},"2":{"start":{"line":15,"column":14},"end":{"line":15,"column":27}},"3":{"start":{"line":16,"column":4},"end":{"line":21,"column":81}},"4":{"start":{"line":17,"column":16},"end":{"line":17,"column":28}},"5":{"start":{"line":18,"column":19},"end":{"line":18,"column":29}},"6":{"start":{"line":19,"column":6},"end":{"line":19,"column":73}},"7":{"start":{"line":19,"column":61},"end":{"line":19,"column":73}},"8":{"start":{"line":20,"column":6},"end":{"line":20,"column":92}},"9":{"start":{"line":20,"column":80},"end":{"line":20,"column":92}},"10":{"start":{"line":21,"column":18},"end":{"line":21,"column":79}},"11":{"start":{"line":22,"column":4},"end":{"line":22,"column":99}}},"fnMap":{"0":{"name":"(anonymous_0)","decl":{"start":{"line":14,"column":2},"end":{"line":14,"column":3}},"loc":{"start":{"line":14,"column":20},"end":{"line":23,"column":3}},"line":14}},"branchMap":{"0":{"loc":{"start":{"line":15,"column":4},"end":{"line":15,"column":27}},"type":"if","locations":[{"start":{"line":15,"column":4},"end":{"line":15,"column":27}},{"start":{},"end":{}}],"line":15},"1":{"loc":{"start":{"line":19,"column":6},"end":{"line":19,"column":73}},"type":"if","locations":[{"start":{"line":19,"column":6},"end":{"line":19,"column":73}},{"start":{},"end":{}}],"line":19},"2":{"loc":{"start":{"line":20,"column":6},"end":{"line":20,"column":92}},"type":"if","locations":[{"start":{"line":20,"column":6},"end":{"line":20,"column":92}},{"start":{},"end":{}}],"line":20},"3":{"loc":{"start":{"line":21,"column":63},"end":{"line":21,"column":77}},"type":"binary-expr","locations":[{"start":{"line":21,"column":63},"end":{"line":21,"column":64}},{"start":{"line":21,"column":68},"end":{"line":21,"column":77}}],"line":21},"4":{"loc":{"start":{"line":22,"column":86},"end":{"line":22,"column":96}},"type":"binary-expr","locations":[{"start":{"line":22,"column":86},"end":{"line":22,"column":90}},{"start":{"line":22,"column":94},"end":{"line":22,"column":96}}],"line":22}},"s":{"0":1,"1":67,"2":1,"3":66,"4":66,"5":66,"6":66,"7":0,"8":66,"9":0,"10":0,"11":66},"f":{"0":67},"b":{"0":[1,66],"1":[0,66],"2":[0,66],"3":[0,0],"4":[66,1]},"inputSourceMap":null,"_coverageSchema":"1a1c01bbd47fc00a2c39e90264f33305004495a9","hash":"55e644a6ef7716888b747df4e044227ca4802f56"}
,"C:\\Users\\Administrator\\Downloads\\sentinel-override\\background\\platforms\\sentinelone.js": {"path":"C:\\Users\\Administrator\\Downloads\\sentinel-override\\background\\platforms\\sentinelone.js","statementMap":{"0":{"start":{"line":9,"column":27},"end":{"line":104,"column":1}},"1":{"start":{"line":15,"column":4},"end":{"line":15,"column":27}},"2":{"start":{"line":15,"column":14},"end":{"line":15,"column":27}},"3":{"start":{"line":16,"column":4},"end":{"line":21,"column":81}},"4":{"start":{"line":17,"column":19},"end":{"line":17,"column":50}},"5":{"start":{"line":18,"column":6},"end":{"line":18,"column":54}},"6":{"start":{"line":18,"column":42},"end":{"line":18,"column":54}},"7":{"start":{"line":19,"column":6},"end":{"line":19,"column":57}},"8":{"start":{"line":19,"column":45},"end":{"line":19,"column":57}},"9":{"start":{"line":20,"column":6},"end":{"line":20,"column":46}},"10":{"start":{"line":20,"column":34},"end":{"line":20,"column":46}},"11":{"start":{"line":21,"column":18},"end":{"line":21,"column":79}},"12":{"start":{"line":22,"column":4},"end":{"line":22,"column":69}}},"fnMap":{"0":{"name":"(anonymous_0)","decl":{"start":{"line":14,"column":2},"end":{"line":14,"column":3}},"loc":{"start":{"line":14,"column":20},"end":{"line":23,"column":3}},"line":14}},"branchMap":{"0":{"loc":{"start":{"line":15,"column":4},"end":{"line":15,"column":27}},"type":"if","locations":[{"start":{"line":15,"column":4},"end":{"line":15,"column":27}},{"start":{},"end":{}}],"line":15},"1":{"loc":{"start":{"line":18,"column":6},"end":{"line":18,"column":54}},"type":"if","locations":[{"start":{"line":18,"column":6},"end":{"line":18,"column":54}},{"start":{},"end":{}}],"line":18},"2":{"loc":{"start":{"line":19,"column":6},"end":{"line":19,"column":57}},"type":"if","locations":[{"start":{"line":19,"column":6},"end":{"line":19,"column":57}},{"start":{},"end":{}}],"line":19},"3":{"loc":{"start":{"line":20,"column":6},"end":{"line":20,"column":46}},"type":"if","locations":[{"start":{"line":20,"column":6},"end":{"line":20,"column":46}},{"start":{},"end":{}}],"line":20},"4":{"loc":{"start":{"line":21,"column":63},"end":{"line":21,"column":77}},"type":"binary-expr","locations":[{"start":{"line":21,"column":63},"end":{"line":21,"column":64}},{"start":{"line":21,"column":68},"end":{"line":21,"column":77}}],"line":21},"5":{"loc":{"start":{"line":22,"column":56},"end":{"line":22,"column":66}},"type":"binary-expr","locations":[{"start":{"line":22,"column":56},"end":{"line":22,"column":60}},{"start":{"line":22,"column":64},"end":{"line":22,"column":66}}],"line":22}},"s":{"0":1,"1":67,"2":1,"3":66,"4":66,"5":66,"6":0,"7":66,"8":0,"9":66,"10":0,"11":0,"12":66},"f":{"0":67},"b":{"0":[1,66],"1":[0,66],"2":[0,66],"3":[0,66],"4":[0,0],"5":[66,1]},"inputSourceMap":null,"_coverageSchema":"1a1c01bbd47fc00a2c39e90264f33305004495a9","hash":"30141fda8dce80e795c4ab754baeaa3128a81bdc"}
,"C:\\Users\\Administrator\\Downloads\\sentinel-override\\background\\platforms\\sonicwall_nsm.js": {"path":"C:\\Users\\Administrator\\Downloads\\sentinel-override\\background\\platforms\\sonicwall_nsm.js","statementMap":{"0":{"start":{"line":8,"column":28},"end":{"line":236,"column":1}},"1":{"start":{"line":16,"column":4},"end":{"line":16,"column":27}},"2":{"start":{"line":16,"column":14},"end":{"line":16,"column":27}},"3":{"start":{"line":17,"column":4},"end":{"line":21,"column":92}},"4":{"start":{"line":18,"column":19},"end":{"line":18,"column":36}},"5":{"start":{"line":19,"column":6},"end":{"line":19,"column":71}},"6":{"start":{"line":19,"column":59},"end":{"line":19,"column":71}},"7":{"start":{"line":20,"column":6},"end":{"line":20,"column":66}},"8":{"start":{"line":20,"column":54},"end":{"line":20,"column":66}},"9":{"start":{"line":21,"column":18},"end":{"line":21,"column":90}},"10":{"start":{"line":22,"column":4},"end":{"line":22,"column":88}},"11":{"start":{"line":146,"column":41},"end":{"line":146,"column":87}},"12":{"start":{"line":155,"column":40},"end":{"line":155,"column":83}}},"fnMap":{"0":{"name":"(anonymous_0)","decl":{"start":{"line":15,"column":2},"end":{"line":15,"column":3}},"loc":{"start":{"line":15,"column":20},"end":{"line":23,"column":3}},"line":15},"1":{"name":"(anonymous_1)","decl":{"start":{"line":146,"column":30},"end":{"line":146,"column":31}},"loc":{"start":{"line":146,"column":41},"end":{"line":146,"column":87}},"line":146},"2":{"name":"(anonymous_2)","decl":{"start":{"line":155,"column":30},"end":{"line":155,"column":31}},"loc":{"start":{"line":155,"column":40},"end":{"line":155,"column":83}},"line":155}},"branchMap":{"0":{"loc":{"start":{"line":16,"column":4},"end":{"line":16,"column":27}},"type":"if","locations":[{"start":{"line":16,"column":4},"end":{"line":16,"column":27}},{"start":{},"end":{}}],"line":16},"1":{"loc":{"start":{"line":19,"column":6},"end":{"line":19,"column":71}},"type":"if","locations":[{"start":{"line":19,"column":6},"end":{"line":19,"column":71}},{"start":{},"end":{}}],"line":19},"2":{"loc":{"start":{"line":20,"column":6},"end":{"line":20,"column":66}},"type":"if","locations":[{"start":{"line":20,"column":6},"end":{"line":20,"column":66}},{"start":{},"end":{}}],"line":20},"3":{"loc":{"start":{"line":21,"column":74},"end":{"line":21,"column":88}},"type":"binary-expr","locations":[{"start":{"line":21,"column":74},"end":{"line":21,"column":75}},{"start":{"line":21,"column":79},"end":{"line":21,"column":88}}],"line":21},"4":{"loc":{"start":{"line":22,"column":75},"end":{"line":22,"column":85}},"type":"binary-expr","locations":[{"start":{"line":22,"column":75},"end":{"line":22,"column":79}},{"start":{"line":22,"column":83},"end":{"line":22,"column":85}}],"line":22}},"s":{"0":1,"1":68,"2":1,"3":67,"4":67,"5":67,"6":0,"7":67,"8":0,"9":0,"10":67,"11":0,"12":0},"f":{"0":68,"1":0,"2":0},"b":{"0":[1,67],"1":[0,67],"2":[0,67],"3":[0,0],"4":[67,1]},"inputSourceMap":null,"_coverageSchema":"1a1c01bbd47fc00a2c39e90264f33305004495a9","hash":"ab634af59b66714b370d3c71ee1385e31a007011"}
,"C:\\Users\\Administrator\\Downloads\\sentinel-override\\background\\platforms\\sonicwall_onbox.js": {"path":"C:\\Users\\Administrator\\Downloads\\sentinel-override\\background\\platforms\\sonicwall_onbox.js","statementMap":{"0":{"start":{"line":14,"column":30},"end":{"line":190,"column":1}},"1":{"start":{"line":20,"column":4},"end":{"line":20,"column":27}},"2":{"start":{"line":20,"column":14},"end":{"line":20,"column":27}},"3":{"start":{"line":21,"column":4},"end":{"line":32,"column":81}},"4":{"start":{"line":22,"column":16},"end":{"line":22,"column":28}},"5":{"start":{"line":23,"column":19},"end":{"line":23,"column":25}},"6":{"start":{"line":25,"column":6},"end":{"line":25,"column":95}},"7":{"start":{"line":25,"column":82},"end":{"line":25,"column":95}},"8":{"start":{"line":27,"column":6},"end":{"line":27,"column":116}},"9":{"start":{"line":27,"column":104},"end":{"line":27,"column":116}},"10":{"start":{"line":31,"column":6},"end":{"line":31,"column":183}},"11":{"start":{"line":31,"column":171},"end":{"line":31,"column":183}},"12":{"start":{"line":32,"column":18},"end":{"line":32,"column":79}},"13":{"start":{"line":33,"column":4},"end":{"line":33,"column":91}}},"fnMap":{"0":{"name":"(anonymous_0)","decl":{"start":{"line":19,"column":2},"end":{"line":19,"column":3}},"loc":{"start":{"line":19,"column":20},"end":{"line":34,"column":3}},"line":19}},"branchMap":{"0":{"loc":{"start":{"line":20,"column":4},"end":{"line":20,"column":27}},"type":"if","locations":[{"start":{"line":20,"column":4},"end":{"line":20,"column":27}},{"start":{},"end":{}}],"line":20},"1":{"loc":{"start":{"line":25,"column":6},"end":{"line":25,"column":95}},"type":"if","locations":[{"start":{"line":25,"column":6},"end":{"line":25,"column":95}},{"start":{},"end":{}}],"line":25},"2":{"loc":{"start":{"line":27,"column":6},"end":{"line":27,"column":116}},"type":"if","locations":[{"start":{"line":27,"column":6},"end":{"line":27,"column":116}},{"start":{},"end":{}}],"line":27},"3":{"loc":{"start":{"line":31,"column":6},"end":{"line":31,"column":183}},"type":"if","locations":[{"start":{"line":31,"column":6},"end":{"line":31,"column":183}},{"start":{},"end":{}}],"line":31},"4":{"loc":{"start":{"line":31,"column":10},"end":{"line":31,"column":169}},"type":"binary-expr","locations":[{"start":{"line":31,"column":10},"end":{"line":31,"column":50}},{"start":{"line":31,"column":54},"end":{"line":31,"column":130}},{"start":{"line":31,"column":134},"end":{"line":31,"column":169}}],"line":31},"5":{"loc":{"start":{"line":32,"column":63},"end":{"line":32,"column":77}},"type":"binary-expr","locations":[{"start":{"line":32,"column":63},"end":{"line":32,"column":64}},{"start":{"line":32,"column":68},"end":{"line":32,"column":77}}],"line":32},"6":{"loc":{"start":{"line":33,"column":78},"end":{"line":33,"column":88}},"type":"binary-expr","locations":[{"start":{"line":33,"column":78},"end":{"line":33,"column":82}},{"start":{"line":33,"column":86},"end":{"line":33,"column":88}}],"line":33}},"s":{"0":1,"1":68,"2":1,"3":67,"4":67,"5":67,"6":67,"7":0,"8":67,"9":0,"10":67,"11":0,"12":0,"13":67},"f":{"0":68},"b":{"0":[1,67],"1":[0,67],"2":[0,67],"3":[0,67],"4":[67,2,0],"5":[0,0],"6":[67,1]},"inputSourceMap":null,"_coverageSchema":"1a1c01bbd47fc00a2c39e90264f33305004495a9","hash":"213f84da8a5ef1be63d5dc972800f9ae6bd4ab7b"}
,"C:\\Users\\Administrator\\Downloads\\sentinel-override\\background\\platforms\\virustotal.js": {"path":"C:\\Users\\Administrator\\Downloads\\sentinel-override\\background\\platforms\\virustotal.js","statementMap":{"0":{"start":{"line":8,"column":26},"end":{"line":70,"column":1}},"1":{"start":{"line":14,"column":4},"end":{"line":14,"column":27}},"2":{"start":{"line":14,"column":14},"end":{"line":14,"column":27}},"3":{"start":{"line":15,"column":4},"end":{"line":18,"column":81}},"4":{"start":{"line":16,"column":19},"end":{"line":16,"column":50}},"5":{"start":{"line":17,"column":6},"end":{"line":17,"column":55}},"6":{"start":{"line":17,"column":43},"end":{"line":17,"column":55}},"7":{"start":{"line":18,"column":18},"end":{"line":18,"column":79}},"8":{"start":{"line":19,"column":14},"end":{"line":19,"column":46}},"9":{"start":{"line":20,"column":4},"end":{"line":20,"column":64}}},"fnMap":{"0":{"name":"(anonymous_0)","decl":{"start":{"line":13,"column":2},"end":{"line":13,"column":3}},"loc":{"start":{"line":13,"column":20},"end":{"line":21,"column":3}},"line":13}},"branchMap":{"0":{"loc":{"start":{"line":14,"column":4},"end":{"line":14,"column":27}},"type":"if","locations":[{"start":{"line":14,"column":4},"end":{"line":14,"column":27}},{"start":{},"end":{}}],"line":14},"1":{"loc":{"start":{"line":17,"column":6},"end":{"line":17,"column":55}},"type":"if","locations":[{"start":{"line":17,"column":6},"end":{"line":17,"column":55}},{"start":{},"end":{}}],"line":17},"2":{"loc":{"start":{"line":18,"column":63},"end":{"line":18,"column":77}},"type":"binary-expr","locations":[{"start":{"line":18,"column":63},"end":{"line":18,"column":64}},{"start":{"line":18,"column":68},"end":{"line":18,"column":77}}],"line":18},"3":{"loc":{"start":{"line":19,"column":21},"end":{"line":19,"column":31}},"type":"binary-expr","locations":[{"start":{"line":19,"column":21},"end":{"line":19,"column":25}},{"start":{"line":19,"column":29},"end":{"line":19,"column":31}}],"line":19},"4":{"loc":{"start":{"line":20,"column":11},"end":{"line":20,"column":63}},"type":"binary-expr","locations":[{"start":{"line":20,"column":11},"end":{"line":20,"column":36}},{"start":{"line":20,"column":40},"end":{"line":20,"column":63}}],"line":20}},"s":{"0":1,"1":67,"2":1,"3":66,"4":66,"5":66,"6":1,"7":0,"8":65,"9":65},"f":{"0":67},"b":{"0":[1,66],"1":[1,65],"2":[0,0],"3":[65,1],"4":[65,65]},"inputSourceMap":null,"_coverageSchema":"1a1c01bbd47fc00a2c39e90264f33305004495a9","hash":"c6a0e4722e3508b365d79a07a830ce8122c2dbcb"}
}
