{"total": {"lines":{"total":5342,"covered":3472,"skipped":0,"pct":64.99},"statements":{"total":6343,"covered":4037,"skipped":0,"pct":63.64},"functions":{"total":737,"covered":516,"skipped":0,"pct":70.01},"branches":{"total":5698,"covered":3180,"skipped":0,"pct":55.8},"branchesTrue":{"total":0,"covered":0,"skipped":0,"pct":100}}
,"C:\\Users\\Administrator\\Downloads\\sentinel-override\\background\\adaptive-prompts.js": {"lines":{"total":107,"covered":106,"skipped":0,"pct":99.06},"functions":{"total":8,"covered":7,"skipped":0,"pct":87.5},"statements":{"total":118,"covered":114,"skipped":0,"pct":96.61},"branches":{"total":123,"covered":106,"skipped":0,"pct":86.17}}
,"C:\\Users\\Administrator\\Downloads\\sentinel-override\\background\\agent-engine.js": {"lines":{"total":2017,"covered":243,"skipped":0,"pct":12.04},"functions":{"total":204,"covered":19,"skipped":0,"pct":9.31},"statements":{"total":2366,"covered":260,"skipped":0,"pct":10.98},"branches":{"total":2184,"covered":109,"skipped":0,"pct":4.99}}
,"C:\\Users\\Administrator\\Downloads\\sentinel-override\\background\\audit-log.js": {"lines":{"total":26,"covered":25,"skipped":0,"pct":96.15},"functions":{"total":10,"covered":10,"skipped":0,"pct":100},"statements":{"total":32,"covered":31,"skipped":0,"pct":96.87},"branches":{"total":28,"covered":27,"skipped":0,"pct":96.42}}
,"C:\\Users\\Administrator\\Downloads\\sentinel-override\\background\\client-knowledge.js": {"lines":{"total":139,"covered":137,"skipped":0,"pct":98.56},"functions":{"total":29,"covered":29,"skipped":0,"pct":100},"statements":{"total":180,"covered":166,"skipped":0,"pct":92.22},"branches":{"total":158,"covered":135,"skipped":0,"pct":85.44}}
,"C:\\Users\\Administrator\\Downloads\\sentinel-override\\background\\collaboration.js": {"lines":{"total":106,"covered":106,"skipped":0,"pct":100},"functions":{"total":13,"covered":13,"skipped":0,"pct":100},"statements":{"total":111,"covered":111,"skipped":0,"pct":100},"branches":{"total":88,"covered":79,"skipped":0,"pct":89.77}}
,"C:\\Users\\Administrator\\Downloads\\sentinel-override\\background\\frame-router.js": {"lines":{"total":175,"covered":170,"skipped":0,"pct":97.14},"functions":{"total":24,"covered":22,"skipped":0,"pct":91.66},"statements":{"total":198,"covered":191,"skipped":0,"pct":96.46},"branches":{"total":153,"covered":129,"skipped":0,"pct":84.31}}
,"C:\\Users\\Administrator\\Downloads\\sentinel-override\\background\\llm-client.js": {"lines":{"total":367,"covered":340,"skipped":0,"pct":92.64},"functions":{"total":41,"covered":36,"skipped":0,"pct":87.8},"statements":{"total":464,"covered":413,"skipped":0,"pct":89},"branches":{"total":436,"covered":372,"skipped":0,"pct":85.32}}
,"C:\\Users\\Administrator\\Downloads\\sentinel-override\\background\\message-protocol.js": {"lines":{"total":78,"covered":77,"skipped":0,"pct":98.71},"functions":{"total":32,"covered":24,"skipped":0,"pct":75},"statements":{"total":86,"covered":85,"skipped":0,"pct":98.83},"branches":{"total":131,"covered":117,"skipped":0,"pct":89.31}}
,"C:\\Users\\Administrator\\Downloads\\sentinel-override\\background\\provider-registry.js": {"lines":{"total":104,"covered":104,"skipped":0,"pct":100},"functions":{"total":28,"covered":28,"skipped":0,"pct":100},"statements":{"total":125,"covered":125,"skipped":0,"pct":100},"branches":{"total":166,"covered":156,"skipped":0,"pct":93.97}}
,"C:\\Users\\Administrator\\Downloads\\sentinel-override\\background\\report-generator.js": {"lines":{"total":124,"covered":123,"skipped":0,"pct":99.19},"functions":{"total":20,"covered":18,"skipped":0,"pct":90},"statements":{"total":144,"covered":135,"skipped":0,"pct":93.75},"branches":{"total":133,"covered":106,"skipped":0,"pct":79.69}}
,"C:\\Users\\Administrator\\Downloads\\sentinel-override\\background\\scheduler.js": {"lines":{"total":304,"covered":269,"skipped":0,"pct":88.48},"functions":{"total":47,"covered":40,"skipped":0,"pct":85.1},"statements":{"total":325,"covered":284,"skipped":0,"pct":87.38},"branches":{"total":229,"covered":193,"skipped":0,"pct":84.27}}
,"C:\\Users\\Administrator\\Downloads\\sentinel-override\\background\\shared-state.js": {"lines":{"total":37,"covered":37,"skipped":0,"pct":100},"functions":{"total":10,"covered":9,"skipped":0,"pct":90},"statements":{"total":42,"covered":42,"skipped":0,"pct":100},"branches":{"total":39,"covered":38,"skipped":0,"pct":97.43}}
,"C:\\Users\\Administrator\\Downloads\\sentinel-override\\background\\tab-context.js": {"lines":{"total":80,"covered":80,"skipped":0,"pct":100},"functions":{"total":20,"covered":20,"skipped":0,"pct":100},"statements":{"total":99,"covered":96,"skipped":0,"pct":96.96},"branches":{"total":60,"covered":49,"skipped":0,"pct":81.66}}
,"C:\\Users\\Administrator\\Downloads\\sentinel-override\\background\\tab-manager.js": {"lines":{"total":283,"covered":281,"skipped":0,"pct":99.29},"functions":{"total":52,"covered":51,"skipped":0,"pct":98.07},"statements":{"total":355,"covered":345,"skipped":0,"pct":97.18},"branches":{"total":313,"covered":262,"skipped":0,"pct":83.7}}
,"C:\\Users\\Administrator\\Downloads\\sentinel-override\\background\\telemetry.js": {"lines":{"total":161,"covered":161,"skipped":0,"pct":100},"functions":{"total":31,"covered":28,"skipped":0,"pct":90.32},"statements":{"total":194,"covered":193,"skipped":0,"pct":99.48},"branches":{"total":164,"covered":155,"skipped":0,"pct":94.51}}
,"C:\\Users\\Administrator\\Downloads\\sentinel-override\\background\\template-manager.js": {"lines":{"total":102,"covered":102,"skipped":0,"pct":100},"functions":{"total":14,"covered":14,"skipped":0,"pct":100},"statements":{"total":108,"covered":108,"skipped":0,"pct":100},"branches":{"total":99,"covered":98,"skipped":0,"pct":98.98}}
,"C:\\Users\\Administrator\\Downloads\\sentinel-override\\background\\trust-score.js": {"lines":{"total":84,"covered":84,"skipped":0,"pct":100},"functions":{"total":7,"covered":7,"skipped":0,"pct":100},"statements":{"total":98,"covered":97,"skipped":0,"pct":98.97},"branches":{"total":119,"covered":114,"skipped":0,"pct":95.79}}
,"C:\\Users\\Administrator\\Downloads\\sentinel-override\\background\\platforms\\ambio_viewlinc.js": {"lines":{"total":11,"covered":11,"skipped":0,"pct":100},"functions":{"total":1,"covered":1,"skipped":0,"pct":100},"statements":{"total":15,"covered":14,"skipped":0,"pct":93.33},"branches":{"total":16,"covered":14,"skipped":0,"pct":87.5}}
,"C:\\Users\\Administrator\\Downloads\\sentinel-override\\background\\platforms\\aruba.js": {"lines":{"total":12,"covered":12,"skipped":0,"pct":100},"functions":{"total":1,"covered":1,"skipped":0,"pct":100},"statements":{"total":15,"covered":14,"skipped":0,"pct":93.33},"branches":{"total":14,"covered":13,"skipped":0,"pct":92.85}}
,"C:\\Users\\Administrator\\Downloads\\sentinel-override\\background\\platforms\\cisco.js": {"lines":{"total":19,"covered":19,"skipped":0,"pct":100},"functions":{"total":2,"covered":2,"skipped":0,"pct":100},"statements":{"total":28,"covered":28,"skipped":0,"pct":100},"branches":{"total":26,"covered":25,"skipped":0,"pct":96.15}}
,"C:\\Users\\Administrator\\Downloads\\sentinel-override\\background\\platforms\\connectwise_manage.js": {"lines":{"total":10,"covered":10,"skipped":0,"pct":100},"functions":{"total":1,"covered":1,"skipped":0,"pct":100},"statements":{"total":14,"covered":12,"skipped":0,"pct":85.71},"branches":{"total":12,"covered":10,"skipped":0,"pct":83.33}}
,"C:\\Users\\Administrator\\Downloads\\sentinel-override\\background\\platforms\\datto_rmm.js": {"lines":{"total":9,"covered":9,"skipped":0,"pct":100},"functions":{"total":1,"covered":1,"skipped":0,"pct":100},"statements":{"total":12,"covered":12,"skipped":0,"pct":100},"branches":{"total":10,"covered":10,"skipped":0,"pct":100}}
,"C:\\Users\\Administrator\\Downloads\\sentinel-override\\background\\platforms\\fortigate.js": {"lines":{"total":10,"covered":10,"skipped":0,"pct":100},"functions":{"total":1,"covered":1,"skipped":0,"pct":100},"statements":{"total":13,"covered":13,"skipped":0,"pct":100},"branches":{"total":12,"covered":12,"skipped":0,"pct":100}}
,"C:\\Users\\Administrator\\Downloads\\sentinel-override\\background\\platforms\\huntress.js": {"lines":{"total":7,"covered":7,"skipped":0,"pct":100},"functions":{"total":1,"covered":1,"skipped":0,"pct":100},"statements":{"total":9,"covered":9,"skipped":0,"pct":100},"branches":{"total":8,"covered":8,"skipped":0,"pct":100}}
,"C:\\Users\\Administrator\\Downloads\\sentinel-override\\background\\platforms\\index.js": {"lines":{"total":14,"covered":13,"skipped":0,"pct":92.85},"functions":{"total":4,"covered":4,"skipped":0,"pct":100},"statements":{"total":17,"covered":16,"skipped":0,"pct":94.11},"branches":{"total":15,"covered":15,"skipped":0,"pct":100}}
,"C:\\Users\\Administrator\\Downloads\\sentinel-override\\background\\platforms\\itglue.js": {"lines":{"total":8,"covered":8,"skipped":0,"pct":100},"functions":{"total":1,"covered":1,"skipped":0,"pct":100},"statements":{"total":11,"covered":10,"skipped":0,"pct":90.9},"branches":{"total":10,"covered":9,"skipped":0,"pct":90}}
,"C:\\Users\\Administrator\\Downloads\\sentinel-override\\background\\platforms\\m365_admin.js": {"lines":{"total":15,"covered":15,"skipped":0,"pct":100},"functions":{"total":3,"covered":3,"skipped":0,"pct":100},"statements":{"total":23,"covered":23,"skipped":0,"pct":100},"branches":{"total":22,"covered":21,"skipped":0,"pct":95.45}}
,"C:\\Users\\Administrator\\Downloads\\sentinel-override\\background\\platforms\\network_device.js": {"lines":{"total":3,"covered":3,"skipped":0,"pct":100},"functions":{"total":1,"covered":1,"skipped":0,"pct":100},"statements":{"total":3,"covered":3,"skipped":0,"pct":100},"branches":{"total":2,"covered":2,"skipped":0,"pct":100}}
,"C:\\Users\\Administrator\\Downloads\\sentinel-override\\background\\platforms\\ninjarmm.js": {"lines":{"total":9,"covered":9,"skipped":0,"pct":100},"functions":{"total":1,"covered":1,"skipped":0,"pct":100},"statements":{"total":12,"covered":11,"skipped":0,"pct":91.66},"branches":{"total":10,"covered":9,"skipped":0,"pct":90}}
,"C:\\Users\\Administrator\\Downloads\\sentinel-override\\background\\platforms\\nvd.js": {"lines":{"total":9,"covered":9,"skipped":0,"pct":100},"functions":{"total":1,"covered":1,"skipped":0,"pct":100},"statements":{"total":13,"covered":13,"skipped":0,"pct":100},"branches":{"total":12,"covered":12,"skipped":0,"pct":100}}
,"C:\\Users\\Administrator\\Downloads\\sentinel-override\\background\\platforms\\paloalto.js": {"lines":{"total":10,"covered":10,"skipped":0,"pct":100},"functions":{"total":1,"covered":1,"skipped":0,"pct":100},"statements":{"total":14,"covered":14,"skipped":0,"pct":100},"branches":{"total":12,"covered":12,"skipped":0,"pct":100}}
,"C:\\Users\\Administrator\\Downloads\\sentinel-override\\background\\platforms\\screenconnect.js": {"lines":{"total":9,"covered":9,"skipped":0,"pct":100},"functions":{"total":1,"covered":1,"skipped":0,"pct":100},"statements":{"total":12,"covered":12,"skipped":0,"pct":100},"branches":{"total":10,"covered":10,"skipped":0,"pct":100}}
,"C:\\Users\\Administrator\\Downloads\\sentinel-override\\background\\platforms\\sentinelone.js": {"lines":{"total":9,"covered":9,"skipped":0,"pct":100},"functions":{"total":1,"covered":1,"skipped":0,"pct":100},"statements":{"total":13,"covered":13,"skipped":0,"pct":100},"branches":{"total":12,"covered":12,"skipped":0,"pct":100}}
,"C:\\Users\\Administrator\\Downloads\\sentinel-override\\background\\platforms\\sonicwall_nsm.js": {"lines":{"total":10,"covered":8,"skipped":0,"pct":80},"functions":{"total":3,"covered":1,"skipped":0,"pct":33.33},"statements":{"total":13,"covered":11,"skipped":0,"pct":84.61},"branches":{"total":10,"covered":10,"skipped":0,"pct":100}}
,"C:\\Users\\Administrator\\Downloads\\sentinel-override\\background\\platforms\\sonicwall_onbox.js": {"lines":{"total":10,"covered":10,"skipped":0,"pct":100},"functions":{"total":1,"covered":1,"skipped":0,"pct":100},"statements":{"total":14,"covered":14,"skipped":0,"pct":100},"branches":{"total":15,"covered":15,"skipped":0,"pct":100}}
,"C:\\Users\\Administrator\\Downloads\\sentinel-override\\background\\platforms\\virustotal.js": {"lines":{"total":8,"covered":8,"skipped":0,"pct":100},"functions":{"total":1,"covered":1,"skipped":0,"pct":100},"statements":{"total":10,"covered":10,"skipped":0,"pct":100},"branches":{"total":10,"covered":10,"skipped":0,"pct":100}}
,"C:\\Users\\Administrator\\Downloads\\sentinel-override\\background\\skills\\click-no-target.js": {"lines":{"total":7,"covered":7,"skipped":0,"pct":100},"functions":{"total":3,"covered":3,"skipped":0,"pct":100},"statements":{"total":9,"covered":9,"skipped":0,"pct":100},"branches":{"total":13,"covered":12,"skipped":0,"pct":92.3}}
,"C:\\Users\\Administrator\\Downloads\\sentinel-override\\background\\skills\\consecutive-failures.js": {"lines":{"total":7,"covered":7,"skipped":0,"pct":100},"functions":{"total":3,"covered":3,"skipped":0,"pct":100},"statements":{"total":8,"covered":8,"skipped":0,"pct":100},"branches":{"total":10,"covered":9,"skipped":0,"pct":90}}
,"C:\\Users\\Administrator\\Downloads\\sentinel-override\\background\\skills\\csp-blocked.js": {"lines":{"total":6,"covered":6,"skipped":0,"pct":100},"functions":{"total":3,"covered":3,"skipped":0,"pct":100},"statements":{"total":7,"covered":7,"skipped":0,"pct":100},"branches":{"total":9,"covered":9,"skipped":0,"pct":100}}
,"C:\\Users\\Administrator\\Downloads\\sentinel-override\\background\\skills\\empty-observation.js": {"lines":{"total":15,"covered":15,"skipped":0,"pct":100},"functions":{"total":3,"covered":3,"skipped":0,"pct":100},"statements":{"total":18,"covered":18,"skipped":0,"pct":100},"branches":{"total":24,"covered":24,"skipped":0,"pct":100}}
,"C:\\Users\\Administrator\\Downloads\\sentinel-override\\background\\skills\\index.js": {"lines":{"total":109,"covered":101,"skipped":0,"pct":92.66},"functions":{"total":15,"covered":14,"skipped":0,"pct":93.33},"statements":{"total":137,"covered":117,"skipped":0,"pct":85.4},"branches":{"total":113,"covered":76,"skipped":0,"pct":67.25}}
,"C:\\Users\\Administrator\\Downloads\\sentinel-override\\background\\skills\\navigate-loop.js": {"lines":{"total":5,"covered":5,"skipped":0,"pct":100},"functions":{"total":3,"covered":3,"skipped":0,"pct":100},"statements":{"total":6,"covered":6,"skipped":0,"pct":100},"branches":{"total":7,"covered":7,"skipped":0,"pct":100}}
,"C:\\Users\\Administrator\\Downloads\\sentinel-override\\background\\skills\\selector-miss.js": {"lines":{"total":7,"covered":7,"skipped":0,"pct":100},"functions":{"total":3,"covered":3,"skipped":0,"pct":100},"statements":{"total":8,"covered":8,"skipped":0,"pct":100},"branches":{"total":13,"covered":11,"skipped":0,"pct":84.61}}
,"C:\\Users\\Administrator\\Downloads\\sentinel-override\\background\\skills\\slow-llm-call.js": {"lines":{"total":6,"covered":6,"skipped":0,"pct":100},"functions":{"total":3,"covered":3,"skipped":0,"pct":100},"statements":{"total":7,"covered":7,"skipped":0,"pct":100},"branches":{"total":6,"covered":5,"skipped":0,"pct":83.33}}
,"C:\\Users\\Administrator\\Downloads\\sentinel-override\\background\\skills\\unproductive-extract.js": {"lines":{"total":10,"covered":10,"skipped":0,"pct":100},"functions":{"total":4,"covered":4,"skipped":0,"pct":100},"statements":{"total":13,"covered":13,"skipped":0,"pct":100},"branches":{"total":13,"covered":12,"skipped":0,"pct":92.3}}
,"C:\\Users\\Administrator\\Downloads\\sentinel-override\\content\\cursor.js": {"lines":{"total":112,"covered":111,"skipped":0,"pct":99.1},"functions":{"total":21,"covered":19,"skipped":0,"pct":90.47},"statements":{"total":146,"covered":133,"skipped":0,"pct":91.09},"branches":{"total":106,"covered":78,"skipped":0,"pct":73.58}}
,"C:\\Users\\Administrator\\Downloads\\sentinel-override\\content\\dom-utils.js": {"lines":{"total":139,"covered":139,"skipped":0,"pct":100},"functions":{"total":18,"covered":17,"skipped":0,"pct":94.44},"statements":{"total":167,"covered":164,"skipped":0,"pct":98.2},"branches":{"total":137,"covered":125,"skipped":0,"pct":91.24}}
,"C:\\Users\\Administrator\\Downloads\\sentinel-override\\content\\highlight.js": {"lines":{"total":24,"covered":24,"skipped":0,"pct":100},"functions":{"total":5,"covered":5,"skipped":0,"pct":100},"statements":{"total":29,"covered":29,"skipped":0,"pct":100},"branches":{"total":22,"covered":20,"skipped":0,"pct":90.9}}
,"C:\\Users\\Administrator\\Downloads\\sentinel-override\\content\\overlay-detector.js": {"lines":{"total":117,"covered":116,"skipped":0,"pct":99.14},"functions":{"total":4,"covered":4,"skipped":0,"pct":100},"statements":{"total":147,"covered":143,"skipped":0,"pct":97.27},"branches":{"total":131,"covered":100,"skipped":0,"pct":76.33}}
,"C:\\Users\\Administrator\\Downloads\\sentinel-override\\content\\shadow-dom.js": {"lines":{"total":76,"covered":74,"skipped":0,"pct":97.36},"functions":{"total":12,"covered":12,"skipped":0,"pct":100},"statements":{"total":88,"covered":86,"skipped":0,"pct":97.72},"branches":{"total":64,"covered":58,"skipped":0,"pct":90.62}}
,"C:\\Users\\Administrator\\Downloads\\sentinel-override\\content\\special-inputs.js": {"lines":{"total":130,"covered":124,"skipped":0,"pct":95.38},"functions":{"total":8,"covered":8,"skipped":0,"pct":100},"statements":{"total":145,"covered":139,"skipped":0,"pct":95.86},"branches":{"total":106,"covered":101,"skipped":0,"pct":95.28}}
,"C:\\Users\\Administrator\\Downloads\\sentinel-override\\content\\wait-utils.js": {"lines":{"total":49,"covered":49,"skipped":0,"pct":100},"functions":{"total":9,"covered":9,"skipped":0,"pct":100},"statements":{"total":52,"covered":52,"skipped":0,"pct":100},"branches":{"total":35,"covered":31,"skipped":0,"pct":88.57}}
,"C:\\Users\\Administrator\\Downloads\\sentinel-override\\popup-modules\\helpers.js": {"lines":{"total":37,"covered":37,"skipped":0,"pct":100},"functions":{"total":3,"covered":3,"skipped":0,"pct":100},"statements":{"total":50,"covered":50,"skipped":0,"pct":100},"branches":{"total":28,"covered":28,"skipped":0,"pct":100}}
}
