{"C:\\Users\\Administrator\\Downloads\\sentinel-override\\content\\overlay-detector.js": {"path":"C:\\Users\\Administrator\\Downloads\\sentinel-override\\content\\overlay-detector.js","statementMap":{"0":{"start":{"line":5,"column":0},"end":{"line":5,"column":54}},"1":{"start":{"line":6,"column":0},"end":{"line":6,"column":70}},"2":{"start":{"line":8,"column":0},"end":{"line":238,"column":5}},"3":{"start":{"line":9,"column":13},"end":{"line":9,"column":43}},"4":{"start":{"line":10,"column":14},"end":{"line":10,"column":66}},"5":{"start":{"line":11,"column":17},"end":{"line":11,"column":72}},"6":{"start":{"line":14,"column":27},"end":{"line":21,"column":3}},"7":{"start":{"line":23,"column":31},"end":{"line":23,"column":35}},"8":{"start":{"line":24,"column":38},"end":{"line":24,"column":41}},"9":{"start":{"line":29,"column":2},"end":{"line":107,"column":4}},"10":{"start":{"line":30,"column":4},"end":{"line":30,"column":26}},"11":{"start":{"line":30,"column":14},"end":{"line":30,"column":26}},"12":{"start":{"line":33,"column":23},"end":{"line":33,"column":66}},"13":{"start":{"line":34,"column":4},"end":{"line":36,"column":5}},"14":{"start":{"line":34,"column":17},"end":{"line":34,"column":18}},"15":{"start":{"line":35,"column":6},"end":{"line":35,"column":68}},"16":{"start":{"line":35,"column":47},"end":{"line":35,"column":68}},"17":{"start":{"line":39,"column":4},"end":{"line":44,"column":5}},"18":{"start":{"line":40,"column":27},"end":{"line":40,"column":71}},"19":{"start":{"line":41,"column":6},"end":{"line":43,"column":7}},"20":{"start":{"line":41,"column":19},"end":{"line":41,"column":20}},"21":{"start":{"line":42,"column":8},"end":{"line":42,"column":74}},"22":{"start":{"line":42,"column":51},"end":{"line":42,"column":74}},"23":{"start":{"line":47,"column":28},"end":{"line":47,"column":67}},"24":{"start":{"line":48,"column":20},"end":{"line":48,"column":57}},"25":{"start":{"line":49,"column":4},"end":{"line":51,"column":5}},"26":{"start":{"line":49,"column":17},"end":{"line":49,"column":18}},"27":{"start":{"line":50,"column":6},"end":{"line":50,"column":62}},"28":{"start":{"line":50,"column":44},"end":{"line":50,"column":62}},"29":{"start":{"line":54,"column":4},"end":{"line":59,"column":5}},"30":{"start":{"line":55,"column":28},"end":{"line":55,"column":66}},"31":{"start":{"line":56,"column":6},"end":{"line":58,"column":7}},"32":{"start":{"line":56,"column":19},"end":{"line":56,"column":20}},"33":{"start":{"line":57,"column":8},"end":{"line":57,"column":76}},"34":{"start":{"line":57,"column":52},"end":{"line":57,"column":76}},"35":{"start":{"line":62,"column":23},"end":{"line":62,"column":59}},"36":{"start":{"line":63,"column":4},"end":{"line":81,"column":5}},"37":{"start":{"line":63,"column":17},"end":{"line":63,"column":18}},"38":{"start":{"line":64,"column":17},"end":{"line":64,"column":30}},"39":{"start":{"line":65,"column":6},"end":{"line":80,"column":7}},"40":{"start":{"line":66,"column":22},"end":{"line":66,"column":58}},"41":{"start":{"line":67,"column":8},"end":{"line":67,"column":82}},"42":{"start":{"line":67,"column":73},"end":{"line":67,"column":82}},"43":{"start":{"line":68,"column":23},"end":{"line":68,"column":50}},"44":{"start":{"line":69,"column":8},"end":{"line":69,"column":53}},"45":{"start":{"line":69,"column":44},"end":{"line":69,"column":53}},"46":{"start":{"line":70,"column":8},"end":{"line":70,"column":53}},"47":{"start":{"line":70,"column":44},"end":{"line":70,"column":53}},"48":{"start":{"line":71,"column":21},"end":{"line":71,"column":47}},"49":{"start":{"line":72,"column":26},"end":{"line":72,"column":87}},"50":{"start":{"line":73,"column":26},"end":{"line":73,"column":89}},"51":{"start":{"line":75,"column":8},"end":{"line":77,"column":9}},"52":{"start":{"line":76,"column":10},"end":{"line":76,"column":50}},"53":{"start":{"line":76,"column":40},"end":{"line":76,"column":50}},"54":{"start":{"line":79,"column":8},"end":{"line":79,"column":17}},"55":{"start":{"line":84,"column":4},"end":{"line":93,"column":5}},"56":{"start":{"line":84,"column":17},"end":{"line":84,"column":18}},"57":{"start":{"line":85,"column":6},"end":{"line":92,"column":7}},"58":{"start":{"line":86,"column":26},"end":{"line":86,"column":67}},"59":{"start":{"line":87,"column":8},"end":{"line":89,"column":9}},"60":{"start":{"line":87,"column":21},"end":{"line":87,"column":22}},"61":{"start":{"line":88,"column":10},"end":{"line":88,"column":70}},"62":{"start":{"line":88,"column":50},"end":{"line":88,"column":70}},"63":{"start":{"line":96,"column":4},"end":{"line":104,"column":5}},"64":{"start":{"line":97,"column":31},"end":{"line":97,"column":105}},"65":{"start":{"line":98,"column":6},"end":{"line":103,"column":7}},"66":{"start":{"line":98,"column":19},"end":{"line":98,"column":20}},"67":{"start":{"line":99,"column":30},"end":{"line":99,"column":72}},"68":{"start":{"line":100,"column":8},"end":{"line":102,"column":9}},"69":{"start":{"line":100,"column":21},"end":{"line":100,"column":22}},"70":{"start":{"line":101,"column":10},"end":{"line":101,"column":78}},"71":{"start":{"line":101,"column":54},"end":{"line":101,"column":78}},"72":{"start":{"line":106,"column":4},"end":{"line":106,"column":16}},"73":{"start":{"line":112,"column":2},"end":{"line":203,"column":4}},"74":{"start":{"line":113,"column":4},"end":{"line":113,"column":31}},"75":{"start":{"line":113,"column":18},"end":{"line":113,"column":31}},"76":{"start":{"line":115,"column":22},"end":{"line":115,"column":55}},"77":{"start":{"line":118,"column":27},"end":{"line":124,"column":5}},"78":{"start":{"line":126,"column":4},"end":{"line":142,"column":5}},"79":{"start":{"line":126,"column":17},"end":{"line":126,"column":18}},"80":{"start":{"line":127,"column":6},"end":{"line":141,"column":7}},"81":{"start":{"line":128,"column":26},"end":{"line":128,"column":69}},"82":{"start":{"line":129,"column":8},"end":{"line":138,"column":9}},"83":{"start":{"line":129,"column":21},"end":{"line":129,"column":22}},"84":{"start":{"line":130,"column":10},"end":{"line":130,"column":60}},"85":{"start":{"line":130,"column":51},"end":{"line":130,"column":60}},"86":{"start":{"line":131,"column":10},"end":{"line":131,"column":31}},"87":{"start":{"line":132,"column":10},"end":{"line":132,"column":119}},"88":{"start":{"line":133,"column":10},"end":{"line":133,"column":117}},"89":{"start":{"line":134,"column":10},"end":{"line":134,"column":115}},"90":{"start":{"line":135,"column":10},"end":{"line":137,"column":11}},"91":{"start":{"line":136,"column":12},"end":{"line":136,"column":24}},"92":{"start":{"line":140,"column":8},"end":{"line":140,"column":17}},"93":{"start":{"line":145,"column":28},"end":{"line":151,"column":5}},"94":{"start":{"line":153,"column":4},"end":{"line":169,"column":5}},"95":{"start":{"line":153,"column":17},"end":{"line":153,"column":18}},"96":{"start":{"line":154,"column":6},"end":{"line":168,"column":7}},"97":{"start":{"line":155,"column":27},"end":{"line":155,"column":71}},"98":{"start":{"line":156,"column":8},"end":{"line":165,"column":9}},"99":{"start":{"line":156,"column":21},"end":{"line":156,"column":22}},"100":{"start":{"line":157,"column":10},"end":{"line":157,"column":61}},"101":{"start":{"line":157,"column":52},"end":{"line":157,"column":61}},"102":{"start":{"line":158,"column":10},"end":{"line":158,"column":32}},"103":{"start":{"line":159,"column":10},"end":{"line":159,"column":120}},"104":{"start":{"line":160,"column":10},"end":{"line":160,"column":118}},"105":{"start":{"line":161,"column":10},"end":{"line":161,"column":116}},"106":{"start":{"line":162,"column":10},"end":{"line":164,"column":11}},"107":{"start":{"line":163,"column":12},"end":{"line":163,"column":24}},"108":{"start":{"line":167,"column":8},"end":{"line":167,"column":17}},"109":{"start":{"line":172,"column":31},"end":{"line":172,"column":98}},"110":{"start":{"line":173,"column":25},"end":{"line":173,"column":79}},"111":{"start":{"line":174,"column":4},"end":{"line":187,"column":5}},"112":{"start":{"line":174,"column":17},"end":{"line":174,"column":18}},"113":{"start":{"line":175,"column":17},"end":{"line":175,"column":32}},"114":{"start":{"line":176,"column":6},"end":{"line":176,"column":46}},"115":{"start":{"line":176,"column":37},"end":{"line":176,"column":46}},"116":{"start":{"line":177,"column":19},"end":{"line":177,"column":64}},"117":{"start":{"line":178,"column":6},"end":{"line":186,"column":7}},"118":{"start":{"line":179,"column":8},"end":{"line":179,"column":19}},"119":{"start":{"line":180,"column":8},"end":{"line":180,"column":107}},"120":{"start":{"line":181,"column":8},"end":{"line":181,"column":105}},"121":{"start":{"line":182,"column":8},"end":{"line":182,"column":103}},"122":{"start":{"line":183,"column":8},"end":{"line":185,"column":9}},"123":{"start":{"line":184,"column":10},"end":{"line":184,"column":22}},"124":{"start":{"line":190,"column":21},"end":{"line":190,"column":50}},"125":{"start":{"line":191,"column":20},"end":{"line":194,"column":5}},"126":{"start":{"line":195,"column":4},"end":{"line":195,"column":66}},"127":{"start":{"line":196,"column":4},"end":{"line":196,"column":67}},"128":{"start":{"line":197,"column":4},"end":{"line":197,"column":64}},"129":{"start":{"line":198,"column":4},"end":{"line":200,"column":5}},"130":{"start":{"line":199,"column":6},"end":{"line":199,"column":18}},"131":{"start":{"line":202,"column":4},"end":{"line":202,"column":17}},"132":{"start":{"line":208,"column":2},"end":{"line":237,"column":4}},"133":{"start":{"line":209,"column":4},"end":{"line":209,"column":39}},"134":{"start":{"line":209,"column":27},"end":{"line":209,"column":39}},"135":{"start":{"line":211,"column":4},"end":{"line":236,"column":5}},"136":{"start":{"line":212,"column":19},"end":{"line":212,"column":51}},"137":{"start":{"line":213,"column":22},"end":{"line":213,"column":48}},"138":{"start":{"line":214,"column":22},"end":{"line":214,"column":48}},"139":{"start":{"line":217,"column":6},"end":{"line":219,"column":7}},"140":{"start":{"line":218,"column":8},"end":{"line":218,"column":20}},"141":{"start":{"line":221,"column":25},"end":{"line":221,"column":63}},"142":{"start":{"line":224,"column":6},"end":{"line":226,"column":7}},"143":{"start":{"line":225,"column":8},"end":{"line":225,"column":20}},"144":{"start":{"line":229,"column":6},"end":{"line":231,"column":7}},"145":{"start":{"line":230,"column":8},"end":{"line":230,"column":26}},"146":{"start":{"line":233,"column":6},"end":{"line":233,"column":18}},"147":{"start":{"line":235,"column":6},"end":{"line":235,"column":18}}},"fnMap":{"0":{"name":"(anonymous_0)","decl":{"start":{"line":8,"column":1},"end":{"line":8,"column":2}},"loc":{"start":{"line":8,"column":12},"end":{"line":238,"column":1}},"line":8},"1":{"name":"(anonymous_1)","decl":{"start":{"line":29,"column":21},"end":{"line":29,"column":22}},"loc":{"start":{"line":29,"column":35},"end":{"line":107,"column":3}},"line":29},"2":{"name":"(anonymous_2)","decl":{"start":{"line":112,"column":22},"end":{"line":112,"column":23}},"loc":{"start":{"line":112,"column":45},"end":{"line":203,"column":3}},"line":112},"3":{"name":"(anonymous_3)","decl":{"start":{"line":208,"column":25},"end":{"line":208,"column":26}},"loc":{"start":{"line":208,"column":49},"end":{"line":237,"column":3}},"line":208}},"branchMap":{"0":{"loc":{"start":{"line":5,"column":25},"end":{"line":5,"column":53}},"type":"binary-expr","locations":[{"start":{"line":5,"column":25},"end":{"line":5,"column":47}},{"start":{"line":5,"column":51},"end":{"line":5,"column":53}}],"line":5},"1":{"loc":{"start":{"line":6,"column":33},"end":{"line":6,"column":69}},"type":"binary-expr","locations":[{"start":{"line":6,"column":33},"end":{"line":6,"column":63}},{"start":{"line":6,"column":67},"end":{"line":6,"column":69}}],"line":6},"2":{"loc":{"start":{"line":10,"column":14},"end":{"line":10,"column":66}},"type":"binary-expr","locations":[{"start":{"line":10,"column":14},"end":{"line":10,"column":36}},{"start":{"line":10,"column":40},"end":{"line":10,"column":66}}],"line":10},"3":{"loc":{"start":{"line":11,"column":17},"end":{"line":11,"column":72}},"type":"binary-expr","locations":[{"start":{"line":11,"column":17},"end":{"line":11,"column":39}},{"start":{"line":11,"column":43},"end":{"line":11,"column":72}}],"line":11},"4":{"loc":{"start":{"line":30,"column":4},"end":{"line":30,"column":26}},"type":"if","locations":[{"start":{"line":30,"column":4},"end":{"line":30,"column":26}},{"start":{},"end":{}}],"line":30},"5":{"loc":{"start":{"line":35,"column":6},"end":{"line":35,"column":68}},"type":"if","locations":[{"start":{"line":35,"column":6},"end":{"line":35,"column":68}},{"start":{},"end":{}}],"line":35},"6":{"loc":{"start":{"line":35,"column":10},"end":{"line":35,"column":45}},"type":"binary-expr","locations":[{"start":{"line":35,"column":10},"end":{"line":35,"column":13}},{"start":{"line":35,"column":17},"end":{"line":35,"column":45}}],"line":35},"7":{"loc":{"start":{"line":39,"column":4},"end":{"line":44,"column":5}},"type":"if","locations":[{"start":{"line":39,"column":4},"end":{"line":44,"column":5}},{"start":{},"end":{}}],"line":39},"8":{"loc":{"start":{"line":39,"column":8},"end":{"line":39,"column":34}},"type":"binary-expr","locations":[{"start":{"line":39,"column":8},"end":{"line":39,"column":14}},{"start":{"line":39,"column":18},"end":{"line":39,"column":34}}],"line":39},"9":{"loc":{"start":{"line":42,"column":8},"end":{"line":42,"column":74}},"type":"if","locations":[{"start":{"line":42,"column":8},"end":{"line":42,"column":74}},{"start":{},"end":{}}],"line":42},"10":{"loc":{"start":{"line":42,"column":12},"end":{"line":42,"column":49}},"type":"binary-expr","locations":[{"start":{"line":42,"column":12},"end":{"line":42,"column":15}},{"start":{"line":42,"column":19},"end":{"line":42,"column":49}}],"line":42},"11":{"loc":{"start":{"line":50,"column":6},"end":{"line":50,"column":62}},"type":"if","locations":[{"start":{"line":50,"column":6},"end":{"line":50,"column":62}},{"start":{},"end":{}}],"line":50},"12":{"loc":{"start":{"line":50,"column":10},"end":{"line":50,"column":42}},"type":"binary-expr","locations":[{"start":{"line":50,"column":10},"end":{"line":50,"column":13}},{"start":{"line":50,"column":17},"end":{"line":50,"column":42}}],"line":50},"13":{"loc":{"start":{"line":54,"column":4},"end":{"line":59,"column":5}},"type":"if","locations":[{"start":{"line":54,"column":4},"end":{"line":59,"column":5}},{"start":{},"end":{}}],"line":54},"14":{"loc":{"start":{"line":54,"column":8},"end":{"line":54,"column":34}},"type":"binary-expr","locations":[{"start":{"line":54,"column":8},"end":{"line":54,"column":14}},{"start":{"line":54,"column":18},"end":{"line":54,"column":34}}],"line":54},"15":{"loc":{"start":{"line":57,"column":8},"end":{"line":57,"column":76}},"type":"if","locations":[{"start":{"line":57,"column":8},"end":{"line":57,"column":76}},{"start":{},"end":{}}],"line":57},"16":{"loc":{"start":{"line":57,"column":12},"end":{"line":57,"column":50}},"type":"binary-expr","locations":[{"start":{"line":57,"column":12},"end":{"line":57,"column":15}},{"start":{"line":57,"column":19},"end":{"line":57,"column":50}}],"line":57},"17":{"loc":{"start":{"line":67,"column":8},"end":{"line":67,"column":82}},"type":"if","locations":[{"start":{"line":67,"column":8},"end":{"line":67,"column":82}},{"start":{},"end":{}}],"line":67},"18":{"loc":{"start":{"line":67,"column":12},"end":{"line":67,"column":71}},"type":"binary-expr","locations":[{"start":{"line":67,"column":12},"end":{"line":67,"column":38}},{"start":{"line":67,"column":42},"end":{"line":67,"column":71}}],"line":67},"19":{"loc":{"start":{"line":68,"column":23},"end":{"line":68,"column":50}},"type":"binary-expr","locations":[{"start":{"line":68,"column":23},"end":{"line":68,"column":45}},{"start":{"line":68,"column":49},"end":{"line":68,"column":50}}],"line":68},"20":{"loc":{"start":{"line":69,"column":8},"end":{"line":69,"column":53}},"type":"if","locations":[{"start":{"line":69,"column":8},"end":{"line":69,"column":53}},{"start":{},"end":{}}],"line":69},"21":{"loc":{"start":{"line":70,"column":8},"end":{"line":70,"column":53}},"type":"if","locations":[{"start":{"line":70,"column":8},"end":{"line":70,"column":53}},{"start":{},"end":{}}],"line":70},"22":{"loc":{"start":{"line":72,"column":26},"end":{"line":72,"column":87}},"type":"binary-expr","locations":[{"start":{"line":72,"column":26},"end":{"line":72,"column":52}},{"start":{"line":72,"column":56},"end":{"line":72,"column":87}}],"line":72},"23":{"loc":{"start":{"line":73,"column":26},"end":{"line":73,"column":89}},"type":"binary-expr","locations":[{"start":{"line":73,"column":26},"end":{"line":73,"column":53}},{"start":{"line":73,"column":57},"end":{"line":73,"column":89}}],"line":73},"24":{"loc":{"start":{"line":75,"column":8},"end":{"line":77,"column":9}},"type":"if","locations":[{"start":{"line":75,"column":8},"end":{"line":77,"column":9}},{"start":{},"end":{}}],"line":75},"25":{"loc":{"start":{"line":75,"column":12},"end":{"line":75,"column":123}},"type":"binary-expr","locations":[{"start":{"line":75,"column":12},"end":{"line":75,"column":65}},{"start":{"line":75,"column":69},"end":{"line":75,"column":123}}],"line":75},"26":{"loc":{"start":{"line":76,"column":10},"end":{"line":76,"column":50}},"type":"if","locations":[{"start":{"line":76,"column":10},"end":{"line":76,"column":50}},{"start":{},"end":{}}],"line":76},"27":{"loc":{"start":{"line":76,"column":14},"end":{"line":76,"column":38}},"type":"binary-expr","locations":[{"start":{"line":76,"column":14},"end":{"line":76,"column":17}},{"start":{"line":76,"column":21},"end":{"line":76,"column":38}}],"line":76},"28":{"loc":{"start":{"line":88,"column":10},"end":{"line":88,"column":70}},"type":"if","locations":[{"start":{"line":88,"column":10},"end":{"line":88,"column":70}},{"start":{},"end":{}}],"line":88},"29":{"loc":{"start":{"line":88,"column":14},"end":{"line":88,"column":48}},"type":"binary-expr","locations":[{"start":{"line":88,"column":14},"end":{"line":88,"column":17}},{"start":{"line":88,"column":21},"end":{"line":88,"column":48}}],"line":88},"30":{"loc":{"start":{"line":96,"column":4},"end":{"line":104,"column":5}},"type":"if","locations":[{"start":{"line":96,"column":4},"end":{"line":104,"column":5}},{"start":{},"end":{}}],"line":96},"31":{"loc":{"start":{"line":96,"column":8},"end":{"line":96,"column":34}},"type":"binary-expr","locations":[{"start":{"line":96,"column":8},"end":{"line":96,"column":14}},{"start":{"line":96,"column":18},"end":{"line":96,"column":34}}],"line":96},"32":{"loc":{"start":{"line":101,"column":10},"end":{"line":101,"column":78}},"type":"if","locations":[{"start":{"line":101,"column":10},"end":{"line":101,"column":78}},{"start":{},"end":{}}],"line":101},"33":{"loc":{"start":{"line":101,"column":14},"end":{"line":101,"column":52}},"type":"binary-expr","locations":[{"start":{"line":101,"column":14},"end":{"line":101,"column":17}},{"start":{"line":101,"column":21},"end":{"line":101,"column":52}}],"line":101},"34":{"loc":{"start":{"line":113,"column":4},"end":{"line":113,"column":31}},"type":"if","locations":[{"start":{"line":113,"column":4},"end":{"line":113,"column":31}},{"start":{},"end":{}}],"line":113},"35":{"loc":{"start":{"line":130,"column":10},"end":{"line":130,"column":60}},"type":"if","locations":[{"start":{"line":130,"column":10},"end":{"line":130,"column":60}},{"start":{},"end":{}}],"line":130},"36":{"loc":{"start":{"line":130,"column":14},"end":{"line":130,"column":49}},"type":"binary-expr","locations":[{"start":{"line":130,"column":14},"end":{"line":130,"column":17}},{"start":{"line":130,"column":21},"end":{"line":130,"column":49}}],"line":130},"37":{"loc":{"start":{"line":135,"column":10},"end":{"line":137,"column":11}},"type":"if","locations":[{"start":{"line":135,"column":10},"end":{"line":137,"column":11}},{"start":{},"end":{}}],"line":135},"38":{"loc":{"start":{"line":135,"column":14},"end":{"line":135,"column":77}},"type":"binary-expr","locations":[{"start":{"line":135,"column":14},"end":{"line":135,"column":41}},{"start":{"line":135,"column":45},"end":{"line":135,"column":77}}],"line":135},"39":{"loc":{"start":{"line":135,"column":47},"end":{"line":135,"column":76}},"type":"binary-expr","locations":[{"start":{"line":135,"column":47},"end":{"line":135,"column":50}},{"start":{"line":135,"column":54},"end":{"line":135,"column":76}}],"line":135},"40":{"loc":{"start":{"line":157,"column":10},"end":{"line":157,"column":61}},"type":"if","locations":[{"start":{"line":157,"column":10},"end":{"line":157,"column":61}},{"start":{},"end":{}}],"line":157},"41":{"loc":{"start":{"line":157,"column":14},"end":{"line":157,"column":50}},"type":"binary-expr","locations":[{"start":{"line":157,"column":14},"end":{"line":157,"column":17}},{"start":{"line":157,"column":21},"end":{"line":157,"column":50}}],"line":157},"42":{"loc":{"start":{"line":162,"column":10},"end":{"line":164,"column":11}},"type":"if","locations":[{"start":{"line":162,"column":10},"end":{"line":164,"column":11}},{"start":{},"end":{}}],"line":162},"43":{"loc":{"start":{"line":162,"column":14},"end":{"line":162,"column":77}},"type":"binary-expr","locations":[{"start":{"line":162,"column":14},"end":{"line":162,"column":41}},{"start":{"line":162,"column":45},"end":{"line":162,"column":77}}],"line":162},"44":{"loc":{"start":{"line":162,"column":47},"end":{"line":162,"column":76}},"type":"binary-expr","locations":[{"start":{"line":162,"column":47},"end":{"line":162,"column":50}},{"start":{"line":162,"column":54},"end":{"line":162,"column":76}}],"line":162},"45":{"loc":{"start":{"line":176,"column":6},"end":{"line":176,"column":46}},"type":"if","locations":[{"start":{"line":176,"column":6},"end":{"line":176,"column":46}},{"start":{},"end":{}}],"line":176},"46":{"loc":{"start":{"line":176,"column":10},"end":{"line":176,"column":35}},"type":"binary-expr","locations":[{"start":{"line":176,"column":10},"end":{"line":176,"column":13}},{"start":{"line":176,"column":17},"end":{"line":176,"column":35}}],"line":176},"47":{"loc":{"start":{"line":177,"column":20},"end":{"line":177,"column":56}},"type":"binary-expr","locations":[{"start":{"line":177,"column":20},"end":{"line":177,"column":32}},{"start":{"line":177,"column":36},"end":{"line":177,"column":50}},{"start":{"line":177,"column":54},"end":{"line":177,"column":56}}],"line":177},"48":{"loc":{"start":{"line":178,"column":6},"end":{"line":186,"column":7}},"type":"if","locations":[{"start":{"line":178,"column":6},"end":{"line":186,"column":7}},{"start":{},"end":{}}],"line":178},"49":{"loc":{"start":{"line":183,"column":8},"end":{"line":185,"column":9}},"type":"if","locations":[{"start":{"line":183,"column":8},"end":{"line":185,"column":9}},{"start":{},"end":{}}],"line":183},"50":{"loc":{"start":{"line":183,"column":12},"end":{"line":183,"column":75}},"type":"binary-expr","locations":[{"start":{"line":183,"column":12},"end":{"line":183,"column":39}},{"start":{"line":183,"column":43},"end":{"line":183,"column":75}}],"line":183},"51":{"loc":{"start":{"line":183,"column":45},"end":{"line":183,"column":74}},"type":"binary-expr","locations":[{"start":{"line":183,"column":45},"end":{"line":183,"column":48}},{"start":{"line":183,"column":52},"end":{"line":183,"column":74}}],"line":183},"52":{"loc":{"start":{"line":190,"column":21},"end":{"line":190,"column":50}},"type":"binary-expr","locations":[{"start":{"line":190,"column":21},"end":{"line":190,"column":38}},{"start":{"line":190,"column":42},"end":{"line":190,"column":50}}],"line":190},"53":{"loc":{"start":{"line":198,"column":4},"end":{"line":200,"column":5}},"type":"if","locations":[{"start":{"line":198,"column":4},"end":{"line":200,"column":5}},{"start":{},"end":{}}],"line":198},"54":{"loc":{"start":{"line":198,"column":8},"end":{"line":198,"column":71}},"type":"binary-expr","locations":[{"start":{"line":198,"column":8},"end":{"line":198,"column":35}},{"start":{"line":198,"column":39},"end":{"line":198,"column":71}}],"line":198},"55":{"loc":{"start":{"line":198,"column":41},"end":{"line":198,"column":70}},"type":"binary-expr","locations":[{"start":{"line":198,"column":41},"end":{"line":198,"column":44}},{"start":{"line":198,"column":48},"end":{"line":198,"column":70}}],"line":198},"56":{"loc":{"start":{"line":209,"column":4},"end":{"line":209,"column":39}},"type":"if","locations":[{"start":{"line":209,"column":4},"end":{"line":209,"column":39}},{"start":{},"end":{}}],"line":209},"57":{"loc":{"start":{"line":209,"column":8},"end":{"line":209,"column":25}},"type":"binary-expr","locations":[{"start":{"line":209,"column":8},"end":{"line":209,"column":12}},{"start":{"line":209,"column":16},"end":{"line":209,"column":25}}],"line":209},"58":{"loc":{"start":{"line":217,"column":6},"end":{"line":219,"column":7}},"type":"if","locations":[{"start":{"line":217,"column":6},"end":{"line":219,"column":7}},{"start":{},"end":{}}],"line":217},"59":{"loc":{"start":{"line":217,"column":10},"end":{"line":217,"column":117}},"type":"binary-expr","locations":[{"start":{"line":217,"column":10},"end":{"line":217,"column":21}},{"start":{"line":217,"column":25},"end":{"line":217,"column":36}},{"start":{"line":217,"column":40},"end":{"line":217,"column":76}},{"start":{"line":217,"column":80},"end":{"line":217,"column":117}}],"line":217},"60":{"loc":{"start":{"line":224,"column":6},"end":{"line":226,"column":7}},"type":"if","locations":[{"start":{"line":224,"column":6},"end":{"line":226,"column":7}},{"start":{},"end":{}}],"line":224},"61":{"loc":{"start":{"line":224,"column":10},"end":{"line":224,"column":66}},"type":"binary-expr","locations":[{"start":{"line":224,"column":10},"end":{"line":224,"column":33}},{"start":{"line":224,"column":37},"end":{"line":224,"column":66}}],"line":224},"62":{"loc":{"start":{"line":229,"column":6},"end":{"line":231,"column":7}},"type":"if","locations":[{"start":{"line":229,"column":6},"end":{"line":231,"column":7}},{"start":{},"end":{}}],"line":229},"63":{"loc":{"start":{"line":229,"column":10},"end":{"line":229,"column":71}},"type":"binary-expr","locations":[{"start":{"line":229,"column":10},"end":{"line":229,"column":33}},{"start":{"line":229,"column":37},"end":{"line":229,"column":71}}],"line":229}},"s":{"0":1,"1":1,"2":1,"3":1,"4":1,"5":1,"6":1,"7":1,"8":1,"9":1,"10":5,"11":1,"12":4,"13":4,"14":4,"15":1,"16":1,"17":3,"18":3,"19":3,"20":3,"21":0,"22":0,"23":3,"24":3,"25":3,"26":3,"27":1,"28":1,"29":2,"30":2,"31":2,"32":2,"33":0,"34":0,"35":2,"36":2,"37":2,"38":0,"39":0,"40":0,"41":0,"42":0,"43":0,"44":0,"45":0,"46":0,"47":0,"48":0,"49":0,"50":0,"51":0,"52":0,"53":0,"54":0,"55":2,"56":2,"57":19,"58":19,"59":19,"60":19,"61":1,"62":1,"63":1,"64":1,"65":1,"66":1,"67":4,"68":4,"69":4,"70":0,"71":0,"72":1,"73":1,"74":3,"75":1,"76":2,"77":2,"78":2,"79":2,"80":12,"81":12,"82":12,"83":12,"84":1,"85":0,"86":1,"87":1,"88":1,"89":1,"90":1,"91":1,"92":0,"93":1,"94":1,"95":1,"96":11,"97":11,"98":11,"99":11,"100":0,"101":0,"102":0,"103":0,"104":0,"105":0,"106":0,"107":0,"108":0,"109":1,"110":1,"111":1,"112":1,"113":0,"114":0,"115":0,"116":0,"117":0,"118":0,"119":0,"120":0,"121":0,"122":0,"123":0,"124":1,"125":1,"126":1,"127":1,"128":1,"129":1,"130":0,"131":1,"132":1,"133":7,"134":2,"135":5,"136":5,"137":5,"138":5,"139":5,"140":1,"141":4,"142":3,"143":1,"144":2,"145":1,"146":1,"147":1},"f":{"0":1,"1":5,"2":3,"3":7},"b":{"0":[1,0],"1":[1,0],"2":[1,1],"3":[1,1],"4":[1,4],"5":[1,0],"6":[1,1],"7":[3,0],"8":[3,3],"9":[0,0],"10":[0,0],"11":[1,0],"12":[1,1],"13":[2,0],"14":[2,2],"15":[0,0],"16":[0,0],"17":[0,0],"18":[0,0],"19":[0,0],"20":[0,0],"21":[0,0],"22":[0,0],"23":[0,0],"24":[0,0],"25":[0,0],"26":[0,0],"27":[0,0],"28":[1,0],"29":[1,1],"30":[1,0],"31":[1,1],"32":[0,0],"33":[0,0],"34":[1,2],"35":[0,1],"36":[1,1],"37":[1,0],"38":[1,0],"39":[0,0],"40":[0,0],"41":[0,0],"42":[0,0],"43":[0,0],"44":[0,0],"45":[0,0],"46":[0,0],"47":[0,0,0],"48":[0,0],"49":[0,0],"50":[0,0],"51":[0,0],"52":[1,0],"53":[0,1],"54":[1,1],"55":[1,1],"56":[2,5],"57":[7,6],"58":[1,4],"59":[5,4,4,4],"60":[1,2],"61":[3,2],"62":[1,1],"63":[2,1]},"inputSourceMap":null,"_coverageSchema":"1a1c01bbd47fc00a2c39e90264f33305004495a9","hash":"6a13059617875fee8823aba39811938db9d37fd1"}
}
