TN:
SF:popup-modules\chat.js
FN:64,renderTenantChip
FN:86,(anonymous_1)
FN:87,(anonymous_2)
FN:115,showActiveTabStrip
FN:122,hideActiveTabStrip
FN:130,updateActiveTabPage
FN:153,updateActiveTabStep
FN:168,describeActionPlain
FN:211,updateActiveTabAction
FN:230,wireAtsFocusButton
FN:233,(anonymous_10)
FN:254,(anonymous_11)
FN:264,(anonymous_12)
FN:280,ensureMiniShotPanel
FN:299,(anonymous_14)
FN:309,updateMiniShot
FN:316,hideMiniShot
FN:319,showMiniShot
FN:326,loadApprovalMode
FN:327,(anonymous_19)
FN:344,setupApprovalModeToggle
FN:345,(anonymous_21)
FN:376,updateApprovalModeUI
FN:389,maybeShowSafetyBanner
FN:390,(anonymous_24)
FN:422,(anonymous_25)
FN:432,showApprovalCard
FN:492,(anonymous_27)
FN:493,(anonymous_28)
FN:494,(anonymous_29)
FN:497,removeApprovalCard
FN:502,respondApproval
FN:516,(anonymous_32)
FN:526,appendSkipRejectionNote
FN:543,addActionCard
FN:566,(anonymous_35)
FN:611,(anonymous_36)
FN:619,appendLogLine
FN:644,updateActionCardResult
FN:669,(anonymous_39)
FN:675,loadChatHistory
FN:677,(anonymous_41)
FN:681,(anonymous_42)
FN:689,saveChatHistory
FN:695,addMessage
FN:732,(anonymous_45)
FN:735,(anonymous_46)
FN:738,(anonymous_47)
FN:742,(anonymous_48)
FN:752,addCodeCopyButtons
FN:754,(anonymous_50)
FN:769,(anonymous_51)
FN:771,(anonymous_52)
FN:774,(anonymous_53)
FN:778,(anonymous_54)
FN:789,showTypingIndicator
FN:808,removeTypingIndicator
FN:814,updateStatus
FN:819,hideStatus
FN:824,(anonymous_59)
FN:831,(anonymous_60)
FN:832,(anonymous_61)
FN:849,(anonymous_62)
FN:859,setAgentActive
FN:871,sendInjectedContext
FN:875,(anonymous_65)
FN:883,(anonymous_66)
FN:888,sendMessage
FN:909,(anonymous_68)
FN:924,(anonymous_69)
FN:940,resetUI
FN:950,(anonymous_71)
FN:951,(anonymous_72)
FN:966,(anonymous_73)
FN:967,(anonymous_74)
FN:969,(anonymous_75)
FN:972,(anonymous_76)
FN:982,(anonymous_77)
FN:985,(anonymous_78)
FN:993,(anonymous_79)
FN:1002,(anonymous_80)
FN:1020,(anonymous_81)
FN:1032,highlightSearchResults
FN:1039,(anonymous_83)
FN:1056,clearSearchHighlights
FN:1057,(anonymous_85)
FN:1065,(anonymous_86)
FN:1077,_closeMarkdownPreview
FN:1086,(anonymous_88)
FN:1093,(anonymous_89)
FN:1101,(anonymous_90)
FN:1114,(anonymous_91)
FN:1129,(anonymous_92)
FN:1138,updateMarkdownPreview
FN:1148,(anonymous_94)
FN:1152,(anonymous_95)
FN:1158,updateAttachmentPreview
FN:1162,(anonymous_97)
FN:1170,(anonymous_98)
FN:1185,setupVoiceInput
FN:1193,(anonymous_100)
FN:1202,(anonymous_101)
FN:1206,(anonymous_102)
FN:1210,(anonymous_103)
FN:1224,(anonymous_104)
FN:1231,(anonymous_105)
FN:1243,(anonymous_106)
FN:1253,(anonymous_107)
FN:1274,openCommandPalette
FN:1281,closeCommandPalette
FN:1288,(anonymous_110)
FN:1295,(anonymous_111)
FN:1317,filterCommands
FN:1319,(anonymous_113)
FN:1326,renderCommandList
FN:1332,(anonymous_115)
FN:1344,(anonymous_116)
FN:1349,moveCommandSelection
FN:1364,executeSelectedCommand
FN:1375,(anonymous_119)
FN:1411,renderTabBar
FN:1422,(anonymous_121)
FN:1434,(anonymous_122)
FN:1452,(anonymous_123)
FN:1471,addReportGeneratingIndicator
FN:1491,removeReportGeneratingIndicator
FN:1502,addReportCard
FN:1548,(anonymous_127)
FN:1555,(anonymous_128)
FN:1574,openReportModal
FN:1591,(anonymous_130)
FN:1610,openReportModalInline
FN:1633,closeReportModal
FN:1641,(anonymous_133)
FN:1648,(anonymous_134)
FN:1654,(anonymous_135)
FN:1656,(anonymous_136)
FN:1662,(anonymous_137)
FN:1688,(anonymous_138)
FN:1711,(anonymous_139)
FN:1729,(anonymous_140)
FN:1731,(anonymous_141)
FN:1737,showMfaBanner
FN:1771,(anonymous_143)
FN:1772,(anonymous_144)
FN:1775,(anonymous_145)
FN:1784,showSignInWallBanner
FN:1819,(anonymous_147)
FN:1820,(anonymous_148)
FN:1823,(anonymous_149)
FN:1826,(anonymous_150)
FN:1828,(anonymous_151)
FN:1844,_activityIcon
FN:1860,_formatDuration
FN:1870,_ensureActivityStream
FN:1917,showAgentActivity
FN:1985,updateStepCardAction
FN:1995,clearActivityState
FN:2003,showModeMismatchCard
FN:2052,(anonymous_159)
FN:2057,(anonymous_160)
FN:2061,(anonymous_161)
FN:2065,(anonymous_162)
FN:2078,(anonymous_163)
FN:2082,(anonymous_164)
FN:2094,showAdaptedGoalCard
FN:2172,(anonymous_166)
FN:2180,(anonymous_167)
FN:2185,(anonymous_168)
FN:2188,(anonymous_169)
FN:2192,(anonymous_170)
FN:2196,(anonymous_171)
FN:2210,(anonymous_172)
FN:2214,(anonymous_173)
FN:2227,showDownloadCaptured
FN:2252,showRunLogExportButton
FN:2282,(anonymous_176)
FN:2283,(anonymous_177)
FN:2284,(anonymous_178)
FN:2286,(anonymous_179)
FN:2294,openRunLogHistoryModal
FN:2301,closeRunLogHistoryModal
FN:2306,renderRunLogHistoryList
FN:2317,(anonymous_183)
FN:2321,(anonymous_184)
FN:2328,(anonymous_185)
FN:2360,(anonymous_186)
FN:2361,(anonymous_187)
FN:2363,(anonymous_188)
FN:2364,(anonymous_189)
FN:2366,(anonymous_190)
FN:2367,(anonymous_191)
FN:2374,exportRunLogById
FN:2381,deleteRunLogById
FN:2387,(anonymous_194)
FN:2397,clearAllRunLogs
FN:2402,(anonymous_196)
FN:2415,wireRunLogHistoryModal
FN:2424,(anonymous_198)
FN:2431,exportRunLog
FN:2443,(anonymous_200)
FN:2448,(anonymous_201)
FN:2470,(anonymous_202)
FN:2477,checkResumeOnLoad
FN:2486,showResumeBanner
FN:2515,(anonymous_205)
FN:2516,(anonymous_206)
FN:2519,(anonymous_207)
FN:2534,renderSourceChipsIn
FN:2562,(anonymous_209)
FN:2571,toggleSourceChipExpansion
FN:2613,showTenantOverrideCard
FN:2651,(anonymous_212)
FN:2657,(anonymous_213)
FN:2660,(anonymous_214)
FN:2666,(anonymous_215)
FN:2675,(anonymous_216)
FN:2681,(anonymous_217)
FN:2685,(anonymous_218)
FN:2690,(anonymous_219)
FN:2728,(anonymous_220)
FN:2808,(anonymous_221)
FN:2831,(anonymous_222)
FN:2844,(anonymous_223)
FN:2850,_renderSuggestionsList
FN:2883,(anonymous_225)
FN:2889,(anonymous_226)
FN:2889,(anonymous_227)
FN:2923,(anonymous_228)
FN:2927,(anonymous_229)
FN:2945,_trustRow
FNF:231
FNH:0
FNDA:0,renderTenantChip
FNDA:0,(anonymous_1)
FNDA:0,(anonymous_2)
FNDA:0,showActiveTabStrip
FNDA:0,hideActiveTabStrip
FNDA:0,updateActiveTabPage
FNDA:0,updateActiveTabStep
FNDA:0,describeActionPlain
FNDA:0,updateActiveTabAction
FNDA:0,wireAtsFocusButton
FNDA:0,(anonymous_10)
FNDA:0,(anonymous_11)
FNDA:0,(anonymous_12)
FNDA:0,ensureMiniShotPanel
FNDA:0,(anonymous_14)
FNDA:0,updateMiniShot
FNDA:0,hideMiniShot
FNDA:0,showMiniShot
FNDA:0,loadApprovalMode
FNDA:0,(anonymous_19)
FNDA:0,setupApprovalModeToggle
FNDA:0,(anonymous_21)
FNDA:0,updateApprovalModeUI
FNDA:0,maybeShowSafetyBanner
FNDA:0,(anonymous_24)
FNDA:0,(anonymous_25)
FNDA:0,showApprovalCard
FNDA:0,(anonymous_27)
FNDA:0,(anonymous_28)
FNDA:0,(anonymous_29)
FNDA:0,removeApprovalCard
FNDA:0,respondApproval
FNDA:0,(anonymous_32)
FNDA:0,appendSkipRejectionNote
FNDA:0,addActionCard
FNDA:0,(anonymous_35)
FNDA:0,(anonymous_36)
FNDA:0,appendLogLine
FNDA:0,updateActionCardResult
FNDA:0,(anonymous_39)
FNDA:0,loadChatHistory
FNDA:0,(anonymous_41)
FNDA:0,(anonymous_42)
FNDA:0,saveChatHistory
FNDA:0,addMessage
FNDA:0,(anonymous_45)
FNDA:0,(anonymous_46)
FNDA:0,(anonymous_47)
FNDA:0,(anonymous_48)
FNDA:0,addCodeCopyButtons
FNDA:0,(anonymous_50)
FNDA:0,(anonymous_51)
FNDA:0,(anonymous_52)
FNDA:0,(anonymous_53)
FNDA:0,(anonymous_54)
FNDA:0,showTypingIndicator
FNDA:0,removeTypingIndicator
FNDA:0,updateStatus
FNDA:0,hideStatus
FNDA:0,(anonymous_59)
FNDA:0,(anonymous_60)
FNDA:0,(anonymous_61)
FNDA:0,(anonymous_62)
FNDA:0,setAgentActive
FNDA:0,sendInjectedContext
FNDA:0,(anonymous_65)
FNDA:0,(anonymous_66)
FNDA:0,sendMessage
FNDA:0,(anonymous_68)
FNDA:0,(anonymous_69)
FNDA:0,resetUI
FNDA:0,(anonymous_71)
FNDA:0,(anonymous_72)
FNDA:0,(anonymous_73)
FNDA:0,(anonymous_74)
FNDA:0,(anonymous_75)
FNDA:0,(anonymous_76)
FNDA:0,(anonymous_77)
FNDA:0,(anonymous_78)
FNDA:0,(anonymous_79)
FNDA:0,(anonymous_80)
FNDA:0,(anonymous_81)
FNDA:0,highlightSearchResults
FNDA:0,(anonymous_83)
FNDA:0,clearSearchHighlights
FNDA:0,(anonymous_85)
FNDA:0,(anonymous_86)
FNDA:0,_closeMarkdownPreview
FNDA:0,(anonymous_88)
FNDA:0,(anonymous_89)
FNDA:0,(anonymous_90)
FNDA:0,(anonymous_91)
FNDA:0,(anonymous_92)
FNDA:0,updateMarkdownPreview
FNDA:0,(anonymous_94)
FNDA:0,(anonymous_95)
FNDA:0,updateAttachmentPreview
FNDA:0,(anonymous_97)
FNDA:0,(anonymous_98)
FNDA:0,setupVoiceInput
FNDA:0,(anonymous_100)
FNDA:0,(anonymous_101)
FNDA:0,(anonymous_102)
FNDA:0,(anonymous_103)
FNDA:0,(anonymous_104)
FNDA:0,(anonymous_105)
FNDA:0,(anonymous_106)
FNDA:0,(anonymous_107)
FNDA:0,openCommandPalette
FNDA:0,closeCommandPalette
FNDA:0,(anonymous_110)
FNDA:0,(anonymous_111)
FNDA:0,filterCommands
FNDA:0,(anonymous_113)
FNDA:0,renderCommandList
FNDA:0,(anonymous_115)
FNDA:0,(anonymous_116)
FNDA:0,moveCommandSelection
FNDA:0,executeSelectedCommand
FNDA:0,(anonymous_119)
FNDA:0,renderTabBar
FNDA:0,(anonymous_121)
FNDA:0,(anonymous_122)
FNDA:0,(anonymous_123)
FNDA:0,addReportGeneratingIndicator
FNDA:0,removeReportGeneratingIndicator
FNDA:0,addReportCard
FNDA:0,(anonymous_127)
FNDA:0,(anonymous_128)
FNDA:0,openReportModal
FNDA:0,(anonymous_130)
FNDA:0,openReportModalInline
FNDA:0,closeReportModal
FNDA:0,(anonymous_133)
FNDA:0,(anonymous_134)
FNDA:0,(anonymous_135)
FNDA:0,(anonymous_136)
FNDA:0,(anonymous_137)
FNDA:0,(anonymous_138)
FNDA:0,(anonymous_139)
FNDA:0,(anonymous_140)
FNDA:0,(anonymous_141)
FNDA:0,showMfaBanner
FNDA:0,(anonymous_143)
FNDA:0,(anonymous_144)
FNDA:0,(anonymous_145)
FNDA:0,showSignInWallBanner
FNDA:0,(anonymous_147)
FNDA:0,(anonymous_148)
FNDA:0,(anonymous_149)
FNDA:0,(anonymous_150)
FNDA:0,(anonymous_151)
FNDA:0,_activityIcon
FNDA:0,_formatDuration
FNDA:0,_ensureActivityStream
FNDA:0,showAgentActivity
FNDA:0,updateStepCardAction
FNDA:0,clearActivityState
FNDA:0,showModeMismatchCard
FNDA:0,(anonymous_159)
FNDA:0,(anonymous_160)
FNDA:0,(anonymous_161)
FNDA:0,(anonymous_162)
FNDA:0,(anonymous_163)
FNDA:0,(anonymous_164)
FNDA:0,showAdaptedGoalCard
FNDA:0,(anonymous_166)
FNDA:0,(anonymous_167)
FNDA:0,(anonymous_168)
FNDA:0,(anonymous_169)
FNDA:0,(anonymous_170)
FNDA:0,(anonymous_171)
FNDA:0,(anonymous_172)
FNDA:0,(anonymous_173)
FNDA:0,showDownloadCaptured
FNDA:0,showRunLogExportButton
FNDA:0,(anonymous_176)
FNDA:0,(anonymous_177)
FNDA:0,(anonymous_178)
FNDA:0,(anonymous_179)
FNDA:0,openRunLogHistoryModal
FNDA:0,closeRunLogHistoryModal
FNDA:0,renderRunLogHistoryList
FNDA:0,(anonymous_183)
FNDA:0,(anonymous_184)
FNDA:0,(anonymous_185)
FNDA:0,(anonymous_186)
FNDA:0,(anonymous_187)
FNDA:0,(anonymous_188)
FNDA:0,(anonymous_189)
FNDA:0,(anonymous_190)
FNDA:0,(anonymous_191)
FNDA:0,exportRunLogById
FNDA:0,deleteRunLogById
FNDA:0,(anonymous_194)
FNDA:0,clearAllRunLogs
FNDA:0,(anonymous_196)
FNDA:0,wireRunLogHistoryModal
FNDA:0,(anonymous_198)
FNDA:0,exportRunLog
FNDA:0,(anonymous_200)
FNDA:0,(anonymous_201)
FNDA:0,(anonymous_202)
FNDA:0,checkResumeOnLoad
FNDA:0,showResumeBanner
FNDA:0,(anonymous_205)
FNDA:0,(anonymous_206)
FNDA:0,(anonymous_207)
FNDA:0,renderSourceChipsIn
FNDA:0,(anonymous_209)
FNDA:0,toggleSourceChipExpansion
FNDA:0,showTenantOverrideCard
FNDA:0,(anonymous_212)
FNDA:0,(anonymous_213)
FNDA:0,(anonymous_214)
FNDA:0,(anonymous_215)
FNDA:0,(anonymous_216)
FNDA:0,(anonymous_217)
FNDA:0,(anonymous_218)
FNDA:0,(anonymous_219)
FNDA:0,(anonymous_220)
FNDA:0,(anonymous_221)
FNDA:0,(anonymous_222)
FNDA:0,(anonymous_223)
FNDA:0,_renderSuggestionsList
FNDA:0,(anonymous_225)
FNDA:0,(anonymous_226)
FNDA:0,(anonymous_227)
FNDA:0,(anonymous_228)
FNDA:0,(anonymous_229)
FNDA:0,_trustRow
DA:8,0
DA:9,0
DA:10,0
DA:11,0
DA:12,0
DA:13,0
DA:14,0
DA:15,0
DA:16,0
DA:17,0
DA:18,0
DA:19,0
DA:20,0
DA:21,0
DA:22,0
DA:23,0
DA:24,0
DA:25,0
DA:26,0
DA:27,0
DA:28,0
DA:29,0
DA:30,0
DA:31,0
DA:32,0
DA:33,0
DA:34,0
DA:35,0
DA:36,0
DA:39,0
DA:40,0
DA:41,0
DA:42,0
DA:43,0
DA:46,0
DA:47,0
DA:48,0
DA:49,0
DA:50,0
DA:51,0
DA:54,0
DA:55,0
DA:56,0
DA:57,0
DA:58,0
DA:59,0
DA:65,0
DA:66,0
DA:67,0
DA:68,0
DA:69,0
DA:70,0
DA:71,0
DA:72,0
DA:75,0
DA:76,0
DA:77,0
DA:80,0
DA:81,0
DA:82,0
DA:86,0
DA:87,0
DA:88,0
DA:89,0
DA:90,0
DA:94,0
DA:95,0
DA:104,0
DA:116,0
DA:117,0
DA:118,0
DA:119,0
DA:123,0
DA:124,0
DA:125,0
DA:126,0
DA:127,0
DA:131,0
DA:132,0
DA:133,0
DA:134,0
DA:135,0
DA:136,0
DA:138,0
DA:139,0
DA:140,0
DA:141,0
DA:142,0
DA:143,0
DA:146,0
DA:147,0
DA:148,0
DA:150,0
DA:154,0
DA:155,0
DA:156,0
DA:157,0
DA:158,0
DA:159,0
DA:160,0
DA:161,0
DA:163,0
DA:169,0
DA:170,0
DA:171,0
DA:172,0
DA:173,0
DA:174,0
DA:176,0
DA:177,0
DA:178,0
DA:181,0
DA:183,0
DA:184,0
DA:185,0
DA:186,0
DA:187,0
DA:188,0
DA:189,0
DA:190,0
DA:191,0
DA:192,0
DA:193,0
DA:194,0
DA:195,0
DA:196,0
DA:197,0
DA:198,0
DA:199,0
DA:200,0
DA:201,0
DA:202,0
DA:203,0
DA:204,0
DA:205,0
DA:206,0
DA:207,0
DA:212,0
DA:213,0
DA:214,0
DA:215,0
DA:216,0
DA:218,0
DA:219,0
DA:220,0
DA:221,0
DA:222,0
DA:230,0
DA:231,0
DA:232,0
DA:233,0
DA:234,0
DA:236,0
DA:237,0
DA:238,0
DA:239,0
DA:243,0
DA:244,0
DA:245,0
DA:246,0
DA:247,0
DA:251,0
DA:252,0
DA:253,0
DA:254,0
DA:255,0
DA:258,0
DA:259,0
DA:260,0
DA:262,0
DA:263,0
DA:264,0
DA:265,0
DA:266,0
DA:277,0
DA:278,0
DA:281,0
DA:282,0
DA:283,0
DA:284,0
DA:292,0
DA:293,0
DA:294,0
DA:296,0
DA:299,0
DA:300,0
DA:301,0
DA:302,0
DA:303,0
DA:305,0
DA:306,0
DA:310,0
DA:311,0
DA:312,0
DA:313,0
DA:317,0
DA:320,0
DA:327,0
DA:329,0
DA:331,0
DA:332,0
DA:334,0
DA:336,0
DA:337,0
DA:340,0
DA:345,0
DA:346,0
DA:349,0
DA:350,0
DA:355,0
DA:357,0
DA:358,0
DA:359,0
DA:362,0
DA:366,0
DA:367,0
DA:371,0
DA:372,0
DA:377,0
DA:378,0
DA:379,0
DA:380,0
DA:382,0
DA:383,0
DA:384,0
DA:390,0
DA:391,0
DA:393,0
DA:394,0
DA:395,0
DA:396,0
DA:397,0
DA:416,0
DA:417,0
DA:419,0
DA:422,0
DA:423,0
DA:424,0
DA:430,0
DA:433,0
DA:435,0
DA:436,0
DA:437,0
DA:438,0
DA:440,0
DA:444,0
DA:445,0
DA:446,0
DA:448,0
DA:449,0
DA:450,0
DA:451,0
DA:452,0
DA:457,0
DA:458,0
DA:459,0
DA:464,0
DA:467,0
DA:485,0
DA:488,0
DA:492,0
DA:493,0
DA:494,0
DA:498,0
DA:499,0
DA:503,0
DA:504,0
DA:506,0
DA:514,0
DA:516,0
DA:521,0
DA:522,0
DA:527,0
DA:528,0
DA:530,0
DA:531,0
DA:533,0
DA:534,0
DA:535,0
DA:537,0
DA:538,0
DA:539,0
DA:544,0
DA:545,0
DA:546,0
DA:548,0
DA:549,0
DA:551,0
DA:552,0
DA:554,0
DA:555,0
DA:556,0
DA:558,0
DA:559,0
DA:561,0
DA:562,0
DA:565,0
DA:566,0
DA:567,0
DA:570,0
DA:571,0
DA:572,0
DA:574,0
DA:575,0
DA:576,0
DA:578,0
DA:579,0
DA:581,0
DA:582,0
DA:583,0
DA:585,0
DA:586,0
DA:587,0
DA:588,0
DA:590,0
DA:591,0
DA:592,0
DA:595,0
DA:596,0
DA:597,0
DA:599,0
DA:600,0
DA:601,0
DA:603,0
DA:604,0
DA:605,0
DA:607,0
DA:610,0
DA:611,0
DA:612,0
DA:615,0
DA:620,0
DA:621,0
DA:622,0
DA:624,0
DA:625,0
DA:626,0
DA:628,0
DA:629,0
DA:631,0
DA:632,0
DA:633,0
DA:634,0
DA:635,0
DA:636,0
DA:638,0
DA:639,0
DA:641,0
DA:645,0
DA:646,0
DA:648,0
DA:649,0
DA:651,0
DA:652,0
DA:654,0
DA:655,0
DA:656,0
DA:657,0
DA:660,0
DA:661,0
DA:662,0
DA:663,0
DA:669,0
DA:670,0
DA:676,0
DA:677,0
DA:678,0
DA:679,0
DA:680,0
DA:681,0
DA:682,0
DA:684,0
DA:690,0
DA:691,0
DA:696,0
DA:697,0
DA:698,0
DA:701,0
DA:703,0
DA:704,0
DA:706,0
DA:707,0
DA:708,0
DA:710,0
DA:711,0
DA:713,0
DA:714,0
DA:716,0
DA:717,0
DA:719,0
DA:720,0
DA:721,0
DA:723,0
DA:724,0
DA:728,0
DA:729,0
DA:730,0
DA:731,0
DA:732,0
DA:733,0
DA:734,0
DA:735,0
DA:736,0
DA:737,0
DA:738,0
DA:739,0
DA:740,0
DA:745,0
DA:746,0
DA:747,0
DA:748,0
DA:749,0
DA:753,0
DA:754,0
DA:755,0
DA:756,0
DA:757,0
DA:759,0
DA:760,0
DA:762,0
DA:763,0
DA:765,0
DA:766,0
DA:767,0
DA:769,0
DA:770,0
DA:771,0
DA:772,0
DA:773,0
DA:774,0
DA:775,0
DA:776,0
DA:781,0
DA:782,0
DA:783,0
DA:790,0
DA:791,0
DA:792,0
DA:794,0
DA:795,0
DA:796,0
DA:803,0
DA:804,0
DA:805,0
DA:809,0
DA:810,0
DA:815,0
DA:816,0
DA:820,0
DA:824,0
DA:825,0
DA:826,0
DA:827,0
DA:831,0
DA:832,0
DA:833,0
DA:834,0
DA:835,0
DA:836,0
DA:837,0
DA:840,0
DA:841,0
DA:842,0
DA:843,0
DA:845,0
DA:849,0
DA:850,0
DA:851,0
DA:852,0
DA:857,0
DA:860,0
DA:861,0
DA:862,0
DA:864,0
DA:865,0
DA:866,0
DA:872,0
DA:873,0
DA:874,0
DA:875,0
DA:876,0
DA:877,0
DA:878,0
DA:881,0
DA:882,0
DA:883,0
DA:884,0
DA:889,0
DA:890,0
DA:891,0
DA:893,0
DA:894,0
DA:895,0
DA:896,0
DA:897,0
DA:898,0
DA:899,0
DA:900,0
DA:901,0
DA:903,0
DA:904,0
DA:905,0
DA:908,0
DA:909,0
DA:910,0
DA:911,0
DA:913,0
DA:918,0
DA:919,0
DA:923,0
DA:924,0
DA:925,0
DA:926,0
DA:927,0
DA:928,0
DA:929,0
DA:931,0
DA:932,0
DA:933,0
DA:934,0
DA:941,0
DA:942,0
DA:943,0
DA:944,0
DA:945,0
DA:946,0
DA:950,0
DA:951,0
DA:952,0
DA:953,0
DA:954,0
DA:956,0
DA:958,0
DA:959,0
DA:960,0
DA:966,0
DA:967,0
DA:968,0
DA:969,0
DA:970,0
DA:972,0
DA:973,0
DA:980,0
DA:981,0
DA:982,0
DA:983,0
DA:984,0
DA:985,0
DA:986,0
DA:987,0
DA:993,0
DA:994,0
DA:997,0
DA:998,0
DA:999,0
DA:1002,0
DA:1003,0
DA:1004,0
DA:1005,0
DA:1011,0
DA:1012,0
DA:1013,0
DA:1014,0
DA:1020,0
DA:1021,0
DA:1022,0
DA:1023,0
DA:1025,0
DA:1026,0
DA:1028,0
DA:1033,0
DA:1034,0
DA:1036,0
DA:1037,0
DA:1039,0
DA:1040,0
DA:1041,0
DA:1042,0
DA:1043,0
DA:1047,0
DA:1048,0
DA:1049,0
DA:1050,0
DA:1052,0
DA:1057,0
DA:1058,0
DA:1060,0
DA:1061,0
DA:1065,0
DA:1066,0
DA:1067,0
DA:1078,0
DA:1079,0
DA:1080,0
DA:1081,0
DA:1084,0
DA:1085,0
DA:1086,0
DA:1087,0
DA:1088,0
DA:1093,0
DA:1094,0
DA:1095,0
DA:1096,0
DA:1097,0
DA:1101,0
DA:1102,0
DA:1103,0
DA:1104,0
DA:1105,0
DA:1114,0
DA:1115,0
DA:1116,0
DA:1119,0
DA:1120,0
DA:1121,0
DA:1122,0
DA:1129,0
DA:1130,0
DA:1131,0
DA:1132,0
DA:1135,0
DA:1139,0
DA:1140,0
DA:1141,0
DA:1143,0
DA:1148,0
DA:1149,0
DA:1152,0
DA:1153,0
DA:1154,0
DA:1155,0
DA:1159,0
DA:1160,0
DA:1161,0
DA:1162,0
DA:1163,0
DA:1164,0
DA:1165,0
DA:1166,0
DA:1167,0
DA:1168,0
DA:1169,0
DA:1170,0
DA:1171,0
DA:1172,0
DA:1174,0
DA:1175,0
DA:1176,0
DA:1178,0
DA:1180,0
DA:1186,0
DA:1187,0
DA:1188,0
DA:1189,0
DA:1190,0
DA:1193,0
DA:1194,0
DA:1195,0
DA:1197,0
DA:1198,0
DA:1202,0
DA:1203,0
DA:1206,0
DA:1207,0
DA:1210,0
DA:1211,0
DA:1212,0
DA:1213,0
DA:1216,0
DA:1217,0
DA:1218,0
DA:1219,0
DA:1220,0
DA:1224,0
DA:1225,0
DA:1226,0
DA:1231,0
DA:1232,0
DA:1233,0
DA:1234,0
DA:1235,0
DA:1238,0
DA:1241,0
DA:1242,0
DA:1243,0
DA:1245,0
DA:1246,0
DA:1247,0
DA:1248,0
DA:1249,0
DA:1250,0
DA:1252,0
DA:1253,0
DA:1255,0
DA:1256,0
DA:1259,0
DA:1260,0
DA:1261,0
DA:1262,0
DA:1263,0
DA:1264,0
DA:1265,0
DA:1267,0
DA:1271,0
DA:1272,0
DA:1275,0
DA:1276,0
DA:1277,0
DA:1278,0
DA:1282,0
DA:1283,0
DA:1284,0
DA:1287,0
DA:1288,0
DA:1289,0
DA:1290,0
DA:1291,0
DA:1292,0
DA:1295,0
DA:1296,0
DA:1297,0
DA:1298,0
DA:1300,0
DA:1301,0
DA:1302,0
DA:1306,0
DA:1318,0
DA:1319,0
DA:1320,0
DA:1323,0
DA:1327,0
DA:1328,0
DA:1331,0
DA:1332,0
DA:1333,0
DA:1334,0
DA:1335,0
DA:1336,0
DA:1337,0
DA:1344,0
DA:1345,0
DA:1350,0
DA:1351,0
DA:1353,0
DA:1354,0
DA:1355,0
DA:1356,0
DA:1357,0
DA:1358,0
DA:1359,0
DA:1365,0
DA:1366,0
DA:1367,0
DA:1368,0
DA:1372,0
DA:1373,0
DA:1375,0
DA:1376,0
DA:1378,0
DA:1380,0
DA:1381,0
DA:1383,0
DA:1384,0
DA:1386,0
DA:1387,0
DA:1388,0
DA:1390,0
DA:1391,0
DA:1393,0
DA:1394,0
DA:1396,0
DA:1397,0
DA:1399,0
DA:1400,0
DA:1402,0
DA:1403,0
DA:1409,0
DA:1412,0
DA:1413,0
DA:1414,0
DA:1415,0
DA:1416,0
DA:1417,0
DA:1418,0
DA:1420,0
DA:1422,0
DA:1425,0
DA:1426,0
DA:1427,0
DA:1428,0
DA:1429,0
DA:1434,0
DA:1435,0
DA:1436,0
DA:1437,0
DA:1438,0
DA:1440,0
DA:1442,0
DA:1443,0
DA:1444,0
DA:1445,0
DA:1448,0
DA:1449,0
DA:1450,0
DA:1451,0
DA:1452,0
DA:1453,0
DA:1456,0
DA:1457,0
DA:1458,0
DA:1459,0
DA:1461,0
DA:1462,0
DA:1473,0
DA:1475,0
DA:1476,0
DA:1477,0
DA:1479,0
DA:1480,0
DA:1481,0
DA:1483,0
DA:1484,0
DA:1485,0
DA:1492,0
DA:1493,0
DA:1506,0
DA:1507,0
DA:1508,0
DA:1509,0
DA:1511,0
DA:1512,0
DA:1514,0
DA:1515,0
DA:1517,0
DA:1518,0
DA:1520,0
DA:1521,0
DA:1523,0
DA:1524,0
DA:1525,0
DA:1527,0
DA:1528,0
DA:1529,0
DA:1530,0
DA:1532,0
DA:1535,0
DA:1536,0
DA:1538,0
DA:1539,0
DA:1540,0
DA:1542,0
DA:1543,0
DA:1545,0
DA:1546,0
DA:1547,0
DA:1548,0
DA:1549,0
DA:1552,0
DA:1553,0
DA:1554,0
DA:1555,0
DA:1556,0
DA:1559,0
DA:1560,0
DA:1562,0
DA:1563,0
DA:1564,0
DA:1565,0
DA:1566,0
DA:1581,0
DA:1582,0
DA:1585,0
DA:1590,0
DA:1591,0
DA:1592,0
DA:1593,0
DA:1594,0
DA:1597,0
DA:1598,0
DA:1602,0
DA:1603,0
DA:1611,0
DA:1612,0
DA:1615,0
DA:1616,0
DA:1619,0
DA:1620,0
DA:1621,0
DA:1622,0
DA:1624,0
DA:1627,0
DA:1634,0
DA:1638,0
DA:1641,0
DA:1642,0
DA:1643,0
DA:1648,0
DA:1649,0
DA:1650,0
DA:1651,0
DA:1652,0
DA:1654,0
DA:1655,0
DA:1657,0
DA:1662,0
DA:1663,0
DA:1664,0
DA:1665,0
DA:1666,0
DA:1668,0
DA:1669,0
DA:1671,0
DA:1672,0
DA:1673,0
DA:1674,0
DA:1675,0
DA:1676,0
DA:1677,0
DA:1678,0
DA:1679,0
DA:1680,0
DA:1686,0
DA:1687,0
DA:1688,0
DA:1689,0
DA:1690,0
DA:1691,0
DA:1692,0
DA:1694,0
DA:1695,0
DA:1700,0
DA:1701,0
DA:1702,0
DA:1703,0
DA:1705,0
DA:1711,0
DA:1712,0
DA:1713,0
DA:1714,0
DA:1715,0
DA:1718,0
DA:1729,0
DA:1730,0
DA:1732,0
DA:1739,0
DA:1740,0
DA:1742,0
DA:1743,0
DA:1745,0
DA:1746,0
DA:1747,0
DA:1748,0
DA:1749,0
DA:1750,0
DA:1768,0
DA:1769,0
DA:1771,0
DA:1772,0
DA:1773,0
DA:1775,0
DA:1776,0
DA:1785,0
DA:1786,0
DA:1788,0
DA:1789,0
DA:1791,0
DA:1792,0
DA:1793,0
DA:1794,0
DA:1795,0
DA:1796,0
DA:1816,0
DA:1817,0
DA:1819,0
DA:1820,0
DA:1821,0
DA:1823,0
DA:1826,0
DA:1828,0
DA:1829,0
DA:1842,0
DA:1846,0
DA:1847,0
DA:1849,0
DA:1850,0
DA:1852,0
DA:1854,0
DA:1857,0
DA:1861,0
DA:1862,0
DA:1863,0
DA:1864,0
DA:1865,0
DA:1866,0
DA:1871,0
DA:1872,0
DA:1877,0
DA:1878,0
DA:1879,0
DA:1880,0
DA:1882,0
DA:1883,0
DA:1884,0
DA:1885,0
DA:1896,0
DA:1899,0
DA:1900,0
DA:1901,0
DA:1902,0
DA:1903,0
DA:1904,0
DA:1905,0
DA:1906,0
DA:1910,0
DA:1911,0
DA:1912,0
DA:1913,0
DA:1918,0
DA:1919,0
DA:1920,0
DA:1922,0
DA:1923,0
DA:1924,0
DA:1925,0
DA:1926,0
DA:1927,0
DA:1928,0
DA:1930,0
DA:1933,0
DA:1938,0
DA:1939,0
DA:1940,0
DA:1943,0
DA:1953,0
DA:1954,0
DA:1955,0
DA:1956,0
DA:1957,0
DA:1958,0
DA:1960,0
DA:1961,0
DA:1962,0
DA:1963,0
DA:1975,0
DA:1981,0
DA:1986,0
DA:1987,0
DA:1988,0
DA:1989,0
DA:1990,0
DA:1991,0
DA:1996,0
DA:2004,0
DA:2005,0
DA:2006,0
DA:2008,0
DA:2009,0
DA:2010,0
DA:2011,0
DA:2012,0
DA:2016,0
DA:2017,0
DA:2018,0
DA:2019,0
DA:2021,0
DA:2022,0
DA:2023,0
DA:2024,0
DA:2025,0
DA:2049,0
DA:2050,0
DA:2052,0
DA:2053,0
DA:2054,0
DA:2061,0
DA:2062,0
DA:2065,0
DA:2066,0
DA:2067,0
DA:2068,0
DA:2070,0
DA:2071,0
DA:2074,0
DA:2075,0
DA:2078,0
DA:2079,0
DA:2080,0
DA:2082,0
DA:2083,0
DA:2084,0
DA:2095,0
DA:2097,0
DA:2098,0
DA:2100,0
DA:2101,0
DA:2102,0
DA:2103,0
DA:2104,0
DA:2105,0
DA:2106,0
DA:2108,0
DA:2109,0
DA:2110,0
DA:2111,0
DA:2112,0
DA:2114,0
DA:2115,0
DA:2118,0
DA:2119,0
DA:2123,0
DA:2137,0
DA:2166,0
DA:2167,0
DA:2169,0
DA:2170,0
DA:2171,0
DA:2172,0
DA:2173,0
DA:2174,0
DA:2175,0
DA:2179,0
DA:2180,0
DA:2181,0
DA:2182,0
DA:2188,0
DA:2189,0
DA:2190,0
DA:2192,0
DA:2193,0
DA:2194,0
DA:2196,0
DA:2198,0
DA:2199,0
DA:2200,0
DA:2201,0
DA:2202,0
DA:2203,0
DA:2204,0
DA:2205,0
DA:2206,0
DA:2210,0
DA:2211,0
DA:2212,0
DA:2214,0
DA:2218,0
DA:2219,0
DA:2228,0
DA:2229,0
DA:2230,0
DA:2231,0
DA:2232,0
DA:2246,0
DA:2247,0
DA:2251,0
DA:2253,0
DA:2255,0
DA:2256,0
DA:2257,0
DA:2258,0
DA:2259,0
DA:2260,0
DA:2261,0
DA:2279,0
DA:2280,0
DA:2282,0
DA:2283,0
DA:2284,0
DA:2285,0
DA:2286,0
DA:2295,0
DA:2296,0
DA:2297,0
DA:2298,0
DA:2302,0
DA:2303,0
DA:2307,0
DA:2308,0
DA:2309,0
DA:2310,0
DA:2311,0
DA:2312,0
DA:2313,0
DA:2314,0
DA:2315,0
DA:2317,0
DA:2318,0
DA:2319,0
DA:2321,0
DA:2322,0
DA:2323,0
DA:2324,0
DA:2325,0
DA:2326,0
DA:2328,0
DA:2329,0
DA:2330,0
DA:2331,0
DA:2334,0
DA:2335,0
DA:2341,0
DA:2358,0
DA:2360,0
DA:2361,0
DA:2363,0
DA:2364,0
DA:2366,0
DA:2367,0
DA:2370,0
DA:2375,0
DA:2377,0
DA:2378,0
DA:2382,0
DA:2383,0
DA:2384,0
DA:2385,0
DA:2386,0
DA:2387,0
DA:2388,0
DA:2389,0
DA:2390,0
DA:2391,0
DA:2393,0
DA:2398,0
DA:2399,0
DA:2400,0
DA:2401,0
DA:2402,0
DA:2403,0
DA:2404,0
DA:2406,0
DA:2407,0
DA:2408,0
DA:2410,0
DA:2415,0
DA:2416,0
DA:2417,0
DA:2418,0
DA:2419,0
DA:2420,0
DA:2421,0
DA:2423,0
DA:2424,0
DA:2425,0
DA:2428,0
DA:2432,0
DA:2433,0
DA:2434,0
DA:2435,0
DA:2436,0
DA:2437,0
DA:2438,0
DA:2441,0
DA:2442,0
DA:2443,0
DA:2444,0
DA:2445,0
DA:2446,0
DA:2448,0
DA:2456,0
DA:2457,0
DA:2458,0
DA:2460,0
DA:2461,0
DA:2462,0
DA:2464,0
DA:2465,0
DA:2466,0
DA:2467,0
DA:2468,0
DA:2469,0
DA:2470,0
DA:2472,0
DA:2478,0
DA:2479,0
DA:2480,0
DA:2481,0
DA:2482,0
DA:2487,0
DA:2488,0
DA:2489,0
DA:2490,0
DA:2491,0
DA:2492,0
DA:2493,0
DA:2513,0
DA:2515,0
DA:2516,0
DA:2517,0
DA:2519,0
DA:2523,0
DA:2524,0
DA:2526,0
DA:2535,0
DA:2536,0
DA:2537,0
DA:2538,0
DA:2539,0
DA:2540,0
DA:2541,0
DA:2542,0
DA:2543,0
DA:2544,0
DA:2545,0
DA:2546,0
DA:2547,0
DA:2548,0
DA:2549,0
DA:2550,0
DA:2551,0
DA:2552,0
DA:2553,0
DA:2554,0
DA:2557,0
DA:2562,0
DA:2563,0
DA:2564,0
DA:2566,0
DA:2567,0
DA:2572,0
DA:2573,0
DA:2575,0
DA:2576,0
DA:2577,0
DA:2579,0
DA:2580,0
DA:2581,0
DA:2584,0
DA:2585,0
DA:2586,0
DA:2587,0
DA:2589,0
DA:2590,0
DA:2591,0
DA:2592,0
DA:2593,0
DA:2594,0
DA:2596,0
DA:2599,0
DA:2601,0
DA:2605,0
DA:2614,0
DA:2615,0
DA:2617,0
DA:2618,0
DA:2620,0
DA:2621,0
DA:2622,0
DA:2623,0
DA:2624,0
DA:2648,0
DA:2649,0
DA:2651,0
DA:2652,0
DA:2658,0
DA:2660,0
DA:2661,0
DA:2667,0
DA:2674,0
DA:2675,0
DA:2676,0
DA:2677,0
DA:2678,0
DA:2681,0
DA:2682,0
DA:2683,0
DA:2685,0
DA:2686,0
DA:2689,0
DA:2690,0
DA:2691,0
DA:2692,0
DA:2693,0
DA:2694,0
DA:2695,0
DA:2696,0
DA:2698,0
DA:2699,0
DA:2700,0
DA:2701,0
DA:2704,0
DA:2705,0
DA:2706,0
DA:2707,0
DA:2708,0
DA:2709,0
DA:2710,0
DA:2712,0
DA:2713,0
DA:2714,0
DA:2715,0
DA:2718,0
DA:2721,0
DA:2722,0
DA:2728,0
DA:2729,0
DA:2730,0
DA:2732,0
DA:2733,0
DA:2735,0
DA:2736,0
DA:2737,0
DA:2739,0
DA:2742,0
DA:2743,0
DA:2744,0
DA:2745,0
DA:2746,0
DA:2748,0
DA:2750,0
DA:2751,0
DA:2752,0
DA:2753,0
DA:2757,0
DA:2758,0
DA:2759,0
DA:2760,0
DA:2761,0
DA:2762,0
DA:2763,0
DA:2764,0
DA:2765,0
DA:2766,0
DA:2767,0
DA:2768,0
DA:2769,0
DA:2770,0
DA:2775,0
DA:2776,0
DA:2777,0
DA:2778,0
DA:2782,0
DA:2786,0
DA:2787,0
DA:2788,0
DA:2789,0
DA:2791,0
DA:2808,0
DA:2809,0
DA:2810,0
DA:2811,0
DA:2813,0
DA:2814,0
DA:2826,0
DA:2827,0
DA:2828,0
DA:2829,0
DA:2831,0
DA:2832,0
DA:2833,0
DA:2836,0
DA:2837,0
DA:2838,0
DA:2841,0
DA:2842,0
DA:2844,0
DA:2845,0
DA:2851,0
DA:2852,0
DA:2853,0
DA:2856,0
DA:2857,0
DA:2858,0
DA:2859,0
DA:2860,0
DA:2861,0
DA:2863,0
DA:2864,0
DA:2865,0
DA:2866,0
DA:2867,0
DA:2868,0
DA:2869,0
DA:2870,0
DA:2871,0
DA:2872,0
DA:2873,0
DA:2874,0
DA:2875,0
DA:2877,0
DA:2878,0
DA:2879,0
DA:2880,0
DA:2881,0
DA:2882,0
DA:2883,0
DA:2884,0
DA:2885,0
DA:2886,0
DA:2888,0
DA:2889,0
DA:2892,0
DA:2893,0
DA:2894,0
DA:2895,0
DA:2897,0
DA:2900,0
DA:2902,0
DA:2903,0
DA:2904,0
DA:2905,0
DA:2907,0
DA:2908,0
DA:2911,0
DA:2912,0
DA:2914,0
DA:2915,0
DA:2918,0
DA:2920,0
DA:2921,0
DA:2922,0
DA:2923,0
DA:2924,0
DA:2925,0
DA:2926,0
DA:2927,0
DA:2928,0
DA:2930,0
DA:2931,0
DA:2936,0
DA:2937,0
DA:2938,0
DA:2939,0
DA:2941,0
DA:2942,0
DA:2946,0
DA:2947,0
DA:2948,0
DA:2949,0
DA:2950,0
DA:2951,0
DA:2952,0
DA:2962,0
DA:2964,0
LF:1534
LH:0
BRDA:54,0,0,0
BRDA:54,0,1,0
BRDA:56,1,0,0
BRDA:56,1,1,0
BRDA:66,2,0,0
BRDA:66,2,1,0
BRDA:67,3,0,0
BRDA:67,3,1,0
BRDA:67,4,0,0
BRDA:67,4,1,0
BRDA:67,4,2,0
BRDA:67,4,3,0
BRDA:75,5,0,0
BRDA:75,5,1,0
BRDA:75,5,2,0
BRDA:75,6,0,0
BRDA:75,6,1,0
BRDA:80,7,0,0
BRDA:80,7,1,0
BRDA:80,8,0,0
BRDA:80,8,1,0
BRDA:80,8,2,0
BRDA:83,9,0,0
BRDA:83,9,1,0
BRDA:84,10,0,0
BRDA:84,10,1,0
BRDA:85,11,0,0
BRDA:85,11,1,0
BRDA:87,12,0,0
BRDA:87,12,1,0
BRDA:87,12,2,0
BRDA:90,13,0,0
BRDA:90,13,1,0
BRDA:117,14,0,0
BRDA:117,14,1,0
BRDA:124,15,0,0
BRDA:124,15,1,0
BRDA:131,16,0,0
BRDA:131,16,1,0
BRDA:135,17,0,0
BRDA:135,17,1,0
BRDA:141,18,0,0
BRDA:141,18,1,0
BRDA:142,19,0,0
BRDA:142,19,1,0
BRDA:142,20,0,0
BRDA:142,20,1,0
BRDA:143,21,0,0
BRDA:143,21,1,0
BRDA:154,22,0,0
BRDA:154,22,1,0
BRDA:155,23,0,0
BRDA:155,23,1,0
BRDA:157,24,0,0
BRDA:157,24,1,0
BRDA:158,25,0,0
BRDA:158,25,1,0
BRDA:160,26,0,0
BRDA:160,26,1,0
BRDA:169,27,0,0
BRDA:169,27,1,0
BRDA:171,28,0,0
BRDA:171,28,1,0
BRDA:172,29,0,0
BRDA:172,29,1,0
BRDA:172,29,2,0
BRDA:172,29,3,0
BRDA:172,29,4,0
BRDA:172,29,5,0
BRDA:172,29,6,0
BRDA:172,29,7,0
BRDA:172,29,8,0
BRDA:172,29,9,0
BRDA:172,29,10,0
BRDA:172,29,11,0
BRDA:172,29,12,0
BRDA:172,29,13,0
BRDA:172,29,14,0
BRDA:172,29,15,0
BRDA:172,29,16,0
BRDA:172,29,17,0
BRDA:172,29,18,0
BRDA:172,29,19,0
BRDA:172,29,20,0
BRDA:172,29,21,0
BRDA:172,29,22,0
BRDA:172,29,23,0
BRDA:172,29,24,0
BRDA:172,29,25,0
BRDA:172,29,26,0
BRDA:172,29,27,0
BRDA:173,30,0,0
BRDA:173,30,1,0
BRDA:173,31,0,0
BRDA:173,31,1,0
BRDA:173,32,0,0
BRDA:173,32,1,0
BRDA:173,32,2,0
BRDA:174,33,0,0
BRDA:174,33,1,0
BRDA:176,34,0,0
BRDA:176,34,1,0
BRDA:176,34,2,0
BRDA:177,35,0,0
BRDA:177,35,1,0
BRDA:177,36,0,0
BRDA:177,36,1,0
BRDA:178,37,0,0
BRDA:178,37,1,0
BRDA:179,38,0,0
BRDA:179,38,1,0
BRDA:180,39,0,0
BRDA:180,39,1,0
BRDA:181,40,0,0
BRDA:181,40,1,0
BRDA:183,41,0,0
BRDA:183,41,1,0
BRDA:183,41,2,0
BRDA:184,42,0,0
BRDA:184,42,1,0
BRDA:185,43,0,0
BRDA:185,43,1,0
BRDA:185,44,0,0
BRDA:185,44,1,0
BRDA:185,45,0,0
BRDA:185,45,1,0
BRDA:186,46,0,0
BRDA:186,46,1,0
BRDA:186,47,0,0
BRDA:186,47,1,0
BRDA:186,48,0,0
BRDA:186,48,1,0
BRDA:186,48,2,0
BRDA:187,49,0,0
BRDA:187,49,1,0
BRDA:187,50,0,0
BRDA:187,50,1,0
BRDA:187,50,2,0
BRDA:188,51,0,0
BRDA:188,51,1,0
BRDA:189,52,0,0
BRDA:189,52,1,0
BRDA:190,53,0,0
BRDA:190,53,1,0
BRDA:190,54,0,0
BRDA:190,54,1,0
BRDA:190,54,2,0
BRDA:191,55,0,0
BRDA:191,55,1,0
BRDA:195,56,0,0
BRDA:195,56,1,0
BRDA:196,57,0,0
BRDA:196,57,1,0
BRDA:196,57,2,0
BRDA:198,58,0,0
BRDA:198,58,1,0
BRDA:199,59,0,0
BRDA:199,59,1,0
BRDA:200,60,0,0
BRDA:200,60,1,0
BRDA:203,61,0,0
BRDA:203,61,1,0
BRDA:203,61,2,0
BRDA:203,61,3,0
BRDA:206,62,0,0
BRDA:206,62,1,0
BRDA:207,63,0,0
BRDA:207,63,1,0
BRDA:213,64,0,0
BRDA:213,64,1,0
BRDA:219,65,0,0
BRDA:219,65,1,0
BRDA:219,66,0,0
BRDA:219,66,1,0
BRDA:219,66,2,0
BRDA:221,67,0,0
BRDA:221,67,1,0
BRDA:221,68,0,0
BRDA:221,68,1,0
BRDA:232,69,0,0
BRDA:232,69,1,0
BRDA:236,70,0,0
BRDA:236,70,1,0
BRDA:236,71,0,0
BRDA:236,71,1,0
BRDA:239,72,0,0
BRDA:239,72,1,0
BRDA:239,73,0,0
BRDA:239,73,1,0
BRDA:243,74,0,0
BRDA:243,74,1,0
BRDA:243,75,0,0
BRDA:243,75,1,0
BRDA:247,76,0,0
BRDA:247,76,1,0
BRDA:247,77,0,0
BRDA:247,77,1,0
BRDA:251,78,0,0
BRDA:251,78,1,0
BRDA:251,79,0,0
BRDA:251,79,1,0
BRDA:254,80,0,0
BRDA:254,80,1,0
BRDA:254,81,0,0
BRDA:254,81,1,0
BRDA:255,82,0,0
BRDA:255,82,1,0
BRDA:258,83,0,0
BRDA:258,83,1,0
BRDA:265,84,0,0
BRDA:265,84,1,0
BRDA:265,85,0,0
BRDA:265,85,1,0
BRDA:281,86,0,0
BRDA:281,86,1,0
BRDA:293,87,0,0
BRDA:293,87,1,0
BRDA:293,88,0,0
BRDA:293,88,1,0
BRDA:303,89,0,0
BRDA:303,89,1,0
BRDA:303,90,0,0
BRDA:303,90,1,0
BRDA:310,91,0,0
BRDA:310,91,1,0
BRDA:313,92,0,0
BRDA:313,92,1,0
BRDA:317,93,0,0
BRDA:317,93,1,0
BRDA:320,94,0,0
BRDA:320,94,1,0
BRDA:329,95,0,0
BRDA:329,95,1,0
BRDA:329,96,0,0
BRDA:329,96,1,0
BRDA:349,97,0,0
BRDA:349,97,1,0
BRDA:355,98,0,0
BRDA:355,98,1,0
BRDA:377,99,0,0
BRDA:377,99,1,0
BRDA:391,100,0,0
BRDA:391,100,1,0
BRDA:416,101,0,0
BRDA:416,101,1,0
BRDA:435,102,0,0
BRDA:435,102,1,0
BRDA:435,103,0,0
BRDA:435,103,1,0
BRDA:436,104,0,0
BRDA:436,104,1,0
BRDA:436,104,2,0
BRDA:437,105,0,0
BRDA:437,105,1,0
BRDA:438,106,0,0
BRDA:438,106,1,0
BRDA:440,107,0,0
BRDA:440,107,1,0
BRDA:440,107,2,0
BRDA:440,107,3,0
BRDA:440,107,4,0
BRDA:444,108,0,0
BRDA:444,108,1,0
BRDA:444,108,2,0
BRDA:444,108,3,0
BRDA:445,109,0,0
BRDA:445,109,1,0
BRDA:445,109,2,0
BRDA:451,110,0,0
BRDA:451,110,1,0
BRDA:457,111,0,0
BRDA:457,111,1,0
BRDA:458,112,0,0
BRDA:458,112,1,0
BRDA:461,113,0,0
BRDA:461,113,1,0
BRDA:464,114,0,0
BRDA:464,114,1,0
BRDA:474,115,0,0
BRDA:474,115,1,0
BRDA:476,116,0,0
BRDA:476,116,1,0
BRDA:476,117,0,0
BRDA:476,117,1,0
BRDA:499,118,0,0
BRDA:499,118,1,0
BRDA:503,119,0,0
BRDA:503,119,1,0
BRDA:514,120,0,0
BRDA:514,120,1,0
BRDA:521,121,0,0
BRDA:521,121,1,0
BRDA:521,122,0,0
BRDA:521,122,1,0
BRDA:527,123,0,0
BRDA:527,123,1,0
BRDA:527,124,0,0
BRDA:527,124,1,0
BRDA:528,125,0,0
BRDA:528,125,1,0
BRDA:546,126,0,0
BRDA:546,126,1,0
BRDA:610,127,0,0
BRDA:610,127,1,0
BRDA:622,128,0,0
BRDA:622,128,1,0
BRDA:624,129,0,0
BRDA:624,129,1,0
BRDA:631,130,0,0
BRDA:631,130,1,0
BRDA:631,131,0,0
BRDA:631,131,1,0
BRDA:631,131,2,0
BRDA:633,132,0,0
BRDA:633,132,1,0
BRDA:633,133,0,0
BRDA:633,133,1,0
BRDA:635,134,0,0
BRDA:635,134,1,0
BRDA:646,135,0,0
BRDA:646,135,1,0
BRDA:649,136,0,0
BRDA:649,136,1,0
BRDA:652,137,0,0
BRDA:652,137,1,0
BRDA:655,138,0,0
BRDA:655,138,1,0
BRDA:656,139,0,0
BRDA:656,139,1,0
BRDA:661,140,0,0
BRDA:661,140,1,0
BRDA:662,141,0,0
BRDA:662,141,1,0
BRDA:663,142,0,0
BRDA:663,142,1,0
BRDA:678,143,0,0
BRDA:678,143,1,0
BRDA:678,144,0,0
BRDA:678,144,1,0
BRDA:695,145,0,0
BRDA:698,146,0,0
BRDA:698,146,1,0
BRDA:701,147,0,0
BRDA:701,147,1,0
BRDA:711,148,0,0
BRDA:711,148,1,0
BRDA:714,149,0,0
BRDA:714,149,1,0
BRDA:716,150,0,0
BRDA:716,150,1,0
BRDA:756,151,0,0
BRDA:756,151,1,0
BRDA:757,152,0,0
BRDA:757,152,1,0
BRDA:810,153,0,0
BRDA:810,153,1,0
BRDA:833,154,0,0
BRDA:833,154,1,0
BRDA:841,155,0,0
BRDA:841,155,1,0
BRDA:850,156,0,0
BRDA:850,156,1,0
BRDA:850,157,0,0
BRDA:850,157,1,0
BRDA:860,158,0,0
BRDA:860,158,1,0
BRDA:862,159,0,0
BRDA:862,159,1,0
BRDA:865,160,0,0
BRDA:865,160,1,0
BRDA:866,161,0,0
BRDA:866,161,1,0
BRDA:872,162,0,0
BRDA:872,162,1,0
BRDA:874,163,0,0
BRDA:874,163,1,0
BRDA:876,164,0,0
BRDA:876,164,1,0
BRDA:876,165,0,0
BRDA:876,165,1,0
BRDA:876,165,2,0
BRDA:881,166,0,0
BRDA:881,166,1,0
BRDA:882,167,0,0
BRDA:882,167,1,0
BRDA:884,168,0,0
BRDA:884,168,1,0
BRDA:891,169,0,0
BRDA:891,169,1,0
BRDA:910,170,0,0
BRDA:910,170,1,0
BRDA:911,171,0,0
BRDA:911,171,1,0
BRDA:913,172,0,0
BRDA:913,172,1,0
BRDA:913,172,2,0
BRDA:913,172,3,0
BRDA:913,172,4,0
BRDA:913,172,5,0
BRDA:918,173,0,0
BRDA:918,173,1,0
BRDA:918,174,0,0
BRDA:918,174,1,0
BRDA:923,175,0,0
BRDA:923,175,1,0
BRDA:925,176,0,0
BRDA:925,176,1,0
BRDA:931,177,0,0
BRDA:931,177,1,0
BRDA:931,178,0,0
BRDA:931,178,1,0
BRDA:933,179,0,0
BRDA:933,179,1,0
BRDA:953,180,0,0
BRDA:953,180,1,0
BRDA:953,181,0,0
BRDA:953,181,1,0
BRDA:954,182,0,0
BRDA:954,182,1,0
BRDA:970,183,0,0
BRDA:970,183,1,0
BRDA:970,184,0,0
BRDA:970,184,1,0
BRDA:981,185,0,0
BRDA:981,185,1,0
BRDA:984,186,0,0
BRDA:984,186,1,0
BRDA:986,187,0,0
BRDA:986,187,1,0
BRDA:987,188,0,0
BRDA:987,188,1,0
BRDA:994,189,0,0
BRDA:994,189,1,0
BRDA:998,190,0,0
BRDA:998,190,1,0
BRDA:998,191,0,0
BRDA:998,191,1,0
BRDA:1025,192,0,0
BRDA:1025,192,1,0
BRDA:1041,193,0,0
BRDA:1041,193,1,0
BRDA:1048,194,0,0
BRDA:1048,194,1,0
BRDA:1049,195,0,0
BRDA:1049,195,1,0
BRDA:1061,196,0,0
BRDA:1061,196,1,0
BRDA:1078,197,0,0
BRDA:1078,197,1,0
BRDA:1079,198,0,0
BRDA:1079,198,1,0
BRDA:1085,199,0,0
BRDA:1085,199,1,0
BRDA:1094,200,0,0
BRDA:1094,200,1,0
BRDA:1094,201,0,0
BRDA:1094,201,1,0
BRDA:1095,202,0,0
BRDA:1095,202,1,0
BRDA:1096,203,0,0
BRDA:1096,203,1,0
BRDA:1096,204,0,0
BRDA:1096,204,1,0
BRDA:1096,204,2,0
BRDA:1102,205,0,0
BRDA:1102,205,1,0
BRDA:1103,206,0,0
BRDA:1103,206,1,0
BRDA:1103,207,0,0
BRDA:1103,207,1,0
BRDA:1115,208,0,0
BRDA:1115,208,1,0
BRDA:1116,209,0,0
BRDA:1116,209,1,0
BRDA:1116,210,0,0
BRDA:1116,210,1,0
BRDA:1120,211,0,0
BRDA:1120,211,1,0
BRDA:1131,212,0,0
BRDA:1131,212,1,0
BRDA:1131,213,0,0
BRDA:1131,213,1,0
BRDA:1131,213,2,0
BRDA:1132,214,0,0
BRDA:1132,214,1,0
BRDA:1140,215,0,0
BRDA:1140,215,1,0
BRDA:1160,216,0,0
BRDA:1160,216,1,0
BRDA:1186,217,0,0
BRDA:1186,217,1,0
BRDA:1194,218,0,0
BRDA:1194,218,1,0
BRDA:1216,219,0,0
BRDA:1216,219,1,0
BRDA:1233,220,0,0
BRDA:1233,220,1,0
BRDA:1241,221,0,0
BRDA:1241,221,1,0
BRDA:1243,222,0,0
BRDA:1243,222,1,0
BRDA:1247,223,0,0
BRDA:1247,223,1,0
BRDA:1289,224,0,0
BRDA:1289,224,1,0
BRDA:1290,225,0,0
BRDA:1290,225,1,0
BRDA:1291,226,0,0
BRDA:1291,226,1,0
BRDA:1292,227,0,0
BRDA:1292,227,1,0
BRDA:1296,228,0,0
BRDA:1296,228,1,0
BRDA:1296,229,0,0
BRDA:1296,229,1,0
BRDA:1296,229,2,0
BRDA:1300,230,0,0
BRDA:1300,230,1,0
BRDA:1300,231,0,0
BRDA:1300,231,1,0
BRDA:1300,231,2,0
BRDA:1320,232,0,0
BRDA:1320,232,1,0
BRDA:1327,233,0,0
BRDA:1327,233,1,0
BRDA:1353,234,0,0
BRDA:1353,234,1,0
BRDA:1353,235,0,0
BRDA:1353,235,1,0
BRDA:1355,236,0,0
BRDA:1355,236,1,0
BRDA:1357,237,0,0
BRDA:1357,237,1,0
BRDA:1357,238,0,0
BRDA:1357,238,1,0
BRDA:1366,239,0,0
BRDA:1366,239,1,0
BRDA:1367,240,0,0
BRDA:1367,240,1,0
BRDA:1378,241,0,0
BRDA:1378,241,1,0
BRDA:1378,241,2,0
BRDA:1378,241,3,0
BRDA:1378,241,4,0
BRDA:1378,241,5,0
BRDA:1378,241,6,0
BRDA:1378,241,7,0
BRDA:1399,242,0,0
BRDA:1399,242,1,0
BRDA:1399,243,0,0
BRDA:1399,243,1,0
BRDA:1413,244,0,0
BRDA:1413,244,1,0
BRDA:1414,245,0,0
BRDA:1414,245,1,0
BRDA:1414,246,0,0
BRDA:1414,246,1,0
BRDA:1426,247,0,0
BRDA:1426,247,1,0
BRDA:1428,248,0,0
BRDA:1428,248,1,0
BRDA:1437,249,0,0
BRDA:1437,249,1,0
BRDA:1437,250,0,0
BRDA:1437,250,1,0
BRDA:1440,251,0,0
BRDA:1440,251,1,0
BRDA:1440,252,0,0
BRDA:1440,252,1,0
BRDA:1440,252,2,0
BRDA:1440,252,3,0
BRDA:1444,253,0,0
BRDA:1444,253,1,0
BRDA:1444,254,0,0
BRDA:1444,254,1,0
BRDA:1444,255,0,0
BRDA:1444,255,1,0
BRDA:1449,256,0,0
BRDA:1449,256,1,0
BRDA:1453,257,0,0
BRDA:1453,257,1,0
BRDA:1456,258,0,0
BRDA:1456,258,1,0
BRDA:1462,259,0,0
BRDA:1462,259,1,0
BRDA:1462,260,0,0
BRDA:1462,260,1,0
BRDA:1493,261,0,0
BRDA:1493,261,1,0
BRDA:1506,262,0,0
BRDA:1506,262,1,0
BRDA:1506,263,0,0
BRDA:1506,263,1,0
BRDA:1515,264,0,0
BRDA:1515,264,1,0
BRDA:1540,265,0,0
BRDA:1540,265,1,0
BRDA:1556,266,0,0
BRDA:1556,266,1,0
BRDA:1587,267,0,0
BRDA:1587,267,1,0
BRDA:1587,267,2,0
BRDA:1588,268,0,0
BRDA:1588,268,1,0
BRDA:1588,268,2,0
BRDA:1597,269,0,0
BRDA:1597,269,1,0
BRDA:1602,270,0,0
BRDA:1602,270,1,0
BRDA:1642,271,0,0
BRDA:1642,271,1,0
BRDA:1650,272,0,0
BRDA:1650,272,1,0
BRDA:1664,273,0,0
BRDA:1664,273,1,0
BRDA:1668,274,0,0
BRDA:1668,274,1,0
BRDA:1668,275,0,0
BRDA:1668,275,1,0
BRDA:1687,276,0,0
BRDA:1687,276,1,0
BRDA:1690,277,0,0
BRDA:1690,277,1,0
BRDA:1697,278,0,0
BRDA:1697,278,1,0
BRDA:1697,278,2,0
BRDA:1698,279,0,0
BRDA:1698,279,1,0
BRDA:1698,279,2,0
BRDA:1705,280,0,0
BRDA:1705,280,1,0
BRDA:1705,281,0,0
BRDA:1705,281,1,0
BRDA:1713,282,0,0
BRDA:1713,282,1,0
BRDA:1740,283,0,0
BRDA:1740,283,1,0
BRDA:1743,284,0,0
BRDA:1743,284,1,0
BRDA:1743,285,0,0
BRDA:1743,285,1,0
BRDA:1759,286,0,0
BRDA:1759,286,1,0
BRDA:1786,287,0,0
BRDA:1786,287,1,0
BRDA:1788,288,0,0
BRDA:1788,288,1,0
BRDA:1789,289,0,0
BRDA:1789,289,1,0
BRDA:1789,290,0,0
BRDA:1789,290,1,0
BRDA:1789,291,0,0
BRDA:1789,291,1,0
BRDA:1806,292,0,0
BRDA:1806,292,1,0
BRDA:1826,293,0,0
BRDA:1826,293,1,0
BRDA:1846,294,0,0
BRDA:1846,294,1,0
BRDA:1849,295,0,0
BRDA:1849,295,1,0
BRDA:1852,296,0,0
BRDA:1852,296,1,0
BRDA:1861,297,0,0
BRDA:1861,297,1,0
BRDA:1861,298,0,0
BRDA:1861,298,1,0
BRDA:1862,299,0,0
BRDA:1862,299,1,0
BRDA:1863,300,0,0
BRDA:1863,300,1,0
BRDA:1871,301,0,0
BRDA:1871,301,1,0
BRDA:1878,302,0,0
BRDA:1878,302,1,0
BRDA:1880,303,0,0
BRDA:1880,303,1,0
BRDA:1899,304,0,0
BRDA:1899,304,1,0
BRDA:1901,305,0,0
BRDA:1901,305,1,0
BRDA:1918,306,0,0
BRDA:1918,306,1,0
BRDA:1918,307,0,0
BRDA:1918,307,1,0
BRDA:1920,308,0,0
BRDA:1920,308,1,0
BRDA:1923,309,0,0
BRDA:1923,309,1,0
BRDA:1930,310,0,0
BRDA:1930,310,1,0
BRDA:1933,311,0,0
BRDA:1933,311,1,0
BRDA:1934,312,0,0
BRDA:1934,312,1,0
BRDA:1939,313,0,0
BRDA:1939,313,1,0
BRDA:1939,314,0,0
BRDA:1939,314,1,0
BRDA:1939,314,2,0
BRDA:1945,315,0,0
BRDA:1945,315,1,0
BRDA:1945,316,0,0
BRDA:1945,316,1,0
BRDA:1953,317,0,0
BRDA:1953,317,1,0
BRDA:1953,318,0,0
BRDA:1953,318,1,0
BRDA:1953,318,2,0
BRDA:1955,319,0,0
BRDA:1955,319,1,0
BRDA:1956,320,0,0
BRDA:1956,320,1,0
BRDA:1958,321,0,0
BRDA:1958,321,1,0
BRDA:1958,322,0,0
BRDA:1958,322,1,0
BRDA:1958,322,2,0
BRDA:1961,323,0,0
BRDA:1961,323,1,0
BRDA:1963,324,0,0
BRDA:1963,324,1,0
BRDA:1986,325,0,0
BRDA:1986,325,1,0
BRDA:1986,326,0,0
BRDA:1986,326,1,0
BRDA:1988,327,0,0
BRDA:1988,327,1,0
BRDA:1989,328,0,0
BRDA:1989,328,1,0
BRDA:1991,329,0,0
BRDA:1991,329,1,0
BRDA:1991,330,0,0
BRDA:1991,330,1,0
BRDA:2004,331,0,0
BRDA:2004,331,1,0
BRDA:2006,332,0,0
BRDA:2006,332,1,0
BRDA:2008,333,0,0
BRDA:2008,333,1,0
BRDA:2009,334,0,0
BRDA:2009,334,1,0
BRDA:2010,335,0,0
BRDA:2010,335,1,0
BRDA:2011,336,0,0
BRDA:2011,336,1,0
BRDA:2012,337,0,0
BRDA:2012,337,1,0
BRDA:2016,338,0,0
BRDA:2016,338,1,0
BRDA:2017,339,0,0
BRDA:2017,339,1,0
BRDA:2018,340,0,0
BRDA:2018,340,1,0
BRDA:2019,341,0,0
BRDA:2019,341,1,0
BRDA:2035,342,0,0
BRDA:2035,342,1,0
BRDA:2036,343,0,0
BRDA:2036,343,1,0
BRDA:2041,344,0,0
BRDA:2041,344,1,0
BRDA:2067,345,0,0
BRDA:2067,345,1,0
BRDA:2067,346,0,0
BRDA:2067,346,1,0
BRDA:2070,347,0,0
BRDA:2070,347,1,0
BRDA:2095,348,0,0
BRDA:2095,348,1,0
BRDA:2098,349,0,0
BRDA:2098,349,1,0
BRDA:2100,350,0,0
BRDA:2100,350,1,0
BRDA:2101,351,0,0
BRDA:2101,351,1,0
BRDA:2102,352,0,0
BRDA:2102,352,1,0
BRDA:2103,353,0,0
BRDA:2103,353,1,0
BRDA:2104,354,0,0
BRDA:2104,354,1,0
BRDA:2105,355,0,0
BRDA:2105,355,1,0
BRDA:2106,356,0,0
BRDA:2106,356,1,0
BRDA:2114,357,0,0
BRDA:2114,357,1,0
BRDA:2115,358,0,0
BRDA:2115,358,1,0
BRDA:2116,359,0,0
BRDA:2116,359,1,0
BRDA:2119,360,0,0
BRDA:2119,360,1,0
BRDA:2123,361,0,0
BRDA:2123,361,1,0
BRDA:2148,362,0,0
BRDA:2148,362,1,0
BRDA:2151,363,0,0
BRDA:2151,363,1,0
BRDA:2171,364,0,0
BRDA:2171,364,1,0
BRDA:2171,365,0,0
BRDA:2171,365,1,0
BRDA:2174,366,0,0
BRDA:2174,366,1,0
BRDA:2175,367,0,0
BRDA:2175,367,1,0
BRDA:2179,368,0,0
BRDA:2179,368,1,0
BRDA:2199,369,0,0
BRDA:2199,369,1,0
BRDA:2205,370,0,0
BRDA:2205,370,1,0
BRDA:2228,371,0,0
BRDA:2228,371,1,0
BRDA:2229,372,0,0
BRDA:2229,372,1,0
BRDA:2229,373,0,0
BRDA:2229,373,1,0
BRDA:2243,374,0,0
BRDA:2243,374,1,0
BRDA:2256,375,0,0
BRDA:2256,375,1,0
BRDA:2286,376,0,0
BRDA:2286,376,1,0
BRDA:2296,377,0,0
BRDA:2296,377,1,0
BRDA:2303,378,0,0
BRDA:2303,378,1,0
BRDA:2308,379,0,0
BRDA:2308,379,1,0
BRDA:2312,380,0,0
BRDA:2312,380,1,0
BRDA:2313,381,0,0
BRDA:2313,381,1,0
BRDA:2318,382,0,0
BRDA:2318,382,1,0
BRDA:2322,383,0,0
BRDA:2322,383,1,0
BRDA:2322,384,0,0
BRDA:2322,384,1,0
BRDA:2324,385,0,0
BRDA:2324,385,1,0
BRDA:2329,386,0,0
BRDA:2329,386,1,0
BRDA:2330,387,0,0
BRDA:2330,387,1,0
BRDA:2331,388,0,0
BRDA:2331,388,1,0
BRDA:2337,389,0,0
BRDA:2337,389,1,0
BRDA:2338,390,0,0
BRDA:2338,390,1,0
BRDA:2370,391,0,0
BRDA:2370,391,1,0
BRDA:2370,392,0,0
BRDA:2370,392,1,0
BRDA:2375,393,0,0
BRDA:2375,393,1,0
BRDA:2382,394,0,0
BRDA:2382,394,1,0
BRDA:2383,395,0,0
BRDA:2383,395,1,0
BRDA:2386,396,0,0
BRDA:2386,396,1,0
BRDA:2387,397,0,0
BRDA:2387,397,1,0
BRDA:2393,398,0,0
BRDA:2393,398,1,0
BRDA:2393,399,0,0
BRDA:2393,399,1,0
BRDA:2398,400,0,0
BRDA:2398,400,1,0
BRDA:2401,401,0,0
BRDA:2401,401,1,0
BRDA:2403,402,0,0
BRDA:2403,402,1,0
BRDA:2410,403,0,0
BRDA:2410,403,1,0
BRDA:2410,404,0,0
BRDA:2410,404,1,0
BRDA:2419,405,0,0
BRDA:2419,405,1,0
BRDA:2420,406,0,0
BRDA:2420,406,1,0
BRDA:2421,407,0,0
BRDA:2421,407,1,0
BRDA:2424,408,0,0
BRDA:2424,408,1,0
BRDA:2432,409,0,0
BRDA:2432,409,1,0
BRDA:2436,410,0,0
BRDA:2436,410,1,0
BRDA:2441,411,0,0
BRDA:2441,411,1,0
BRDA:2444,412,0,0
BRDA:2444,412,1,0
BRDA:2444,413,0,0
BRDA:2444,413,1,0
BRDA:2446,414,0,0
BRDA:2446,414,1,0
BRDA:2449,415,0,0
BRDA:2449,415,1,0
BRDA:2449,416,0,0
BRDA:2449,416,1,0
BRDA:2450,417,0,0
BRDA:2450,417,1,0
BRDA:2451,418,0,0
BRDA:2451,418,1,0
BRDA:2451,418,2,0
BRDA:2451,418,3,0
BRDA:2452,419,0,0
BRDA:2452,419,1,0
BRDA:2452,420,0,0
BRDA:2452,420,1,0
BRDA:2453,421,0,0
BRDA:2453,421,1,0
BRDA:2453,421,2,0
BRDA:2454,422,0,0
BRDA:2454,422,1,0
BRDA:2454,423,0,0
BRDA:2454,423,1,0
BRDA:2480,424,0,0
BRDA:2480,424,1,0
BRDA:2480,425,0,0
BRDA:2480,425,1,0
BRDA:2481,426,0,0
BRDA:2481,426,1,0
BRDA:2481,427,0,0
BRDA:2481,427,1,0
BRDA:2491,428,0,0
BRDA:2491,428,1,0
BRDA:2492,429,0,0
BRDA:2492,429,1,0
BRDA:2492,430,0,0
BRDA:2492,430,1,0
BRDA:2492,431,0,0
BRDA:2492,431,1,0
BRDA:2523,432,0,0
BRDA:2523,432,1,0
BRDA:2535,433,0,0
BRDA:2535,433,1,0
BRDA:2541,434,0,0
BRDA:2541,434,1,0
BRDA:2546,435,0,0
BRDA:2546,435,1,0
BRDA:2550,436,0,0
BRDA:2550,436,1,0
BRDA:2551,437,0,0
BRDA:2551,437,1,0
BRDA:2552,438,0,0
BRDA:2552,438,1,0
BRDA:2553,439,0,0
BRDA:2553,439,1,0
BRDA:2554,440,0,0
BRDA:2554,440,1,0
BRDA:2559,441,0,0
BRDA:2559,441,1,0
BRDA:2566,442,0,0
BRDA:2566,442,1,0
BRDA:2576,443,0,0
BRDA:2576,443,1,0
BRDA:2576,444,0,0
BRDA:2576,444,1,0
BRDA:2576,444,2,0
BRDA:2584,445,0,0
BRDA:2584,445,1,0
BRDA:2584,446,0,0
BRDA:2584,446,1,0
BRDA:2591,447,0,0
BRDA:2591,447,1,0
BRDA:2592,448,0,0
BRDA:2592,448,1,0
BRDA:2592,449,0,0
BRDA:2592,449,1,0
BRDA:2593,450,0,0
BRDA:2593,450,1,0
BRDA:2593,451,0,0
BRDA:2593,451,1,0
BRDA:2596,452,0,0
BRDA:2596,452,1,0
BRDA:2605,453,0,0
BRDA:2605,453,1,0
BRDA:2614,454,0,0
BRDA:2614,454,1,0
BRDA:2618,455,0,0
BRDA:2618,455,1,0
BRDA:2633,456,0,0
BRDA:2633,456,1,0
BRDA:2633,457,0,0
BRDA:2633,457,1,0
BRDA:2636,458,0,0
BRDA:2636,458,1,0
BRDA:2637,459,0,0
BRDA:2637,459,1,0
BRDA:2638,460,0,0
BRDA:2638,460,1,0
BRDA:2638,460,2,0
BRDA:2674,461,0,0
BRDA:2674,461,1,0
BRDA:2674,462,0,0
BRDA:2674,462,1,0
BRDA:2678,463,0,0
BRDA:2678,463,1,0
BRDA:2682,464,0,0
BRDA:2682,464,1,0
BRDA:2683,465,0,0
BRDA:2683,465,1,0
BRDA:2686,466,0,0
BRDA:2686,466,1,0
BRDA:2689,467,0,0
BRDA:2689,467,1,0
BRDA:2691,468,0,0
BRDA:2691,468,1,0
BRDA:2692,469,0,0
BRDA:2692,469,1,0
BRDA:2693,470,0,0
BRDA:2693,470,1,0
BRDA:2694,471,0,0
BRDA:2694,471,1,0
BRDA:2695,472,0,0
BRDA:2695,472,1,0
BRDA:2696,473,0,0
BRDA:2696,473,1,0
BRDA:2698,474,0,0
BRDA:2698,474,1,0
BRDA:2700,475,0,0
BRDA:2700,475,1,0
BRDA:2705,476,0,0
BRDA:2705,476,1,0
BRDA:2706,477,0,0
BRDA:2706,477,1,0
BRDA:2708,478,0,0
BRDA:2708,478,1,0
BRDA:2709,479,0,0
BRDA:2709,479,1,0
BRDA:2710,480,0,0
BRDA:2710,480,1,0
BRDA:2712,481,0,0
BRDA:2712,481,1,0
BRDA:2722,482,0,0
BRDA:2722,482,1,0
BRDA:2729,483,0,0
BRDA:2729,483,1,0
BRDA:2730,484,0,0
BRDA:2730,484,1,0
BRDA:2732,485,0,0
BRDA:2732,485,1,0
BRDA:2733,486,0,0
BRDA:2733,486,1,0
BRDA:2735,487,0,0
BRDA:2735,487,1,0
BRDA:2736,488,0,0
BRDA:2736,488,1,0
BRDA:2736,489,0,0
BRDA:2736,489,1,0
BRDA:2742,490,0,0
BRDA:2742,490,1,0
BRDA:2743,491,0,0
BRDA:2743,491,1,0
BRDA:2746,492,0,0
BRDA:2746,492,1,0
BRDA:2750,493,0,0
BRDA:2750,493,1,0
BRDA:2751,494,0,0
BRDA:2751,494,1,0
BRDA:2752,495,0,0
BRDA:2752,495,1,0
BRDA:2757,496,0,0
BRDA:2757,496,1,0
BRDA:2765,497,0,0
BRDA:2765,497,1,0
BRDA:2766,498,0,0
BRDA:2766,498,1,0
BRDA:2770,499,0,0
BRDA:2770,499,1,0
BRDA:2777,500,0,0
BRDA:2777,500,1,0
BRDA:2777,501,0,0
BRDA:2777,501,1,0
BRDA:2778,502,0,0
BRDA:2778,502,1,0
BRDA:2779,503,0,0
BRDA:2779,503,1,0
BRDA:2780,504,0,0
BRDA:2780,504,1,0
BRDA:2782,505,0,0
BRDA:2782,505,1,0
BRDA:2783,506,0,0
BRDA:2783,506,1,0
BRDA:2784,507,0,0
BRDA:2784,507,1,0
BRDA:2786,508,0,0
BRDA:2786,508,1,0
BRDA:2805,509,0,0
BRDA:2805,509,1,0
BRDA:2805,510,0,0
BRDA:2805,510,1,0
BRDA:2810,511,0,0
BRDA:2810,511,1,0
BRDA:2811,512,0,0
BRDA:2811,512,1,0
BRDA:2828,513,0,0
BRDA:2828,513,1,0
BRDA:2829,514,0,0
BRDA:2829,514,1,0
BRDA:2833,515,0,0
BRDA:2833,515,1,0
BRDA:2833,516,0,0
BRDA:2833,516,1,0
BRDA:2833,516,2,0
BRDA:2838,517,0,0
BRDA:2838,517,1,0
BRDA:2838,518,0,0
BRDA:2838,518,1,0
BRDA:2841,519,0,0
BRDA:2841,519,1,0
BRDA:2844,520,0,0
BRDA:2844,520,1,0
BRDA:2844,520,2,0
BRDA:2852,521,0,0
BRDA:2852,521,1,0
BRDA:2852,522,0,0
BRDA:2852,522,1,0
BRDA:2853,523,0,0
BRDA:2853,523,1,0
BRDA:2854,524,0,0
BRDA:2854,524,1,0
BRDA:2856,525,0,0
BRDA:2856,525,1,0
BRDA:2869,526,0,0
BRDA:2869,526,1,0
BRDA:2873,527,0,0
BRDA:2873,527,1,0
BRDA:2879,528,0,0
BRDA:2879,528,1,0
BRDA:2879,529,0,0
BRDA:2879,529,1,0
BRDA:2881,530,0,0
BRDA:2881,530,1,0
BRDA:2888,531,0,0
BRDA:2888,531,1,0
BRDA:2892,532,0,0
BRDA:2892,532,1,0
BRDA:2892,533,0,0
BRDA:2892,533,1,0
BRDA:2900,534,0,0
BRDA:2900,534,1,0
BRDA:2903,535,0,0
BRDA:2903,535,1,0
BRDA:2904,536,0,0
BRDA:2904,536,1,0
BRDA:2904,537,0,0
BRDA:2904,537,1,0
BRDA:2907,538,0,0
BRDA:2907,538,1,0
BRDA:2915,539,0,0
BRDA:2915,539,1,0
BRDA:2915,540,0,0
BRDA:2915,540,1,0
BRDA:2926,541,0,0
BRDA:2926,541,1,0
BRDA:2926,542,0,0
BRDA:2926,542,1,0
BRDA:2928,543,0,0
BRDA:2928,543,1,0
BRDA:2928,544,0,0
BRDA:2928,544,1,0
BRDA:2928,544,2,0
BRDA:2941,545,0,0
BRDA:2941,545,1,0
BRDA:2946,546,0,0
BRDA:2946,546,1,0
BRDA:2947,547,0,0
BRDA:2947,547,1,0
BRDA:2948,548,0,0
BRDA:2948,548,1,0
BRDA:2949,549,0,0
BRDA:2949,549,1,0
BRDA:2950,550,0,0
BRDA:2950,550,1,0
BRDA:2950,551,0,0
BRDA:2950,551,1,0
BRDA:2950,552,0,0
BRDA:2950,552,1,0
BRF:1186
BRH:0
end_of_record
TN:
SF:popup-modules\client-knowledge.js
FN:9,_on
FN:13,_set
FN:17,_get
FN:18,_safeEsc
FN:29,_send
FN:30,(anonymous_5)
FN:31,(anonymous_6)
FN:42,refreshHeaderChip
FN:67,openClientModal
FN:77,closeClientModal
FN:82,refreshClientPicker
FN:90,(anonymous_11)
FN:96,refreshClientList
FN:106,(anonymous_13)
FN:123,(anonymous_14)
FN:124,(anonymous_15)
FN:135,(anonymous_16)
FN:159,openClientDetailModal
FN:183,closeClientDetailModal
FN:189,refreshEntriesList
FN:199,(anonymous_20)
FN:213,(anonymous_21)
FN:214,(anonymous_22)
FN:234,_toggleUrlPatternVisibility
FN:242,exportClientToFile
FN:257,(anonymous_25)
FN:264,importClientFromFile
FN:268,(anonymous_27)
FN:290,(anonymous_28)
FN:291,(anonymous_29)
FN:292,(anonymous_30)
FN:293,(anonymous_31)
FN:295,(anonymous_32)
FN:307,(anonymous_33)
FN:327,(anonymous_34)
FN:347,(anonymous_35)
FN:366,(anonymous_36)
FN:372,(anonymous_37)
FNF:38
FNH:0
FNDA:0,_on
FNDA:0,_set
FNDA:0,_get
FNDA:0,_safeEsc
FNDA:0,_send
FNDA:0,(anonymous_5)
FNDA:0,(anonymous_6)
FNDA:0,refreshHeaderChip
FNDA:0,openClientModal
FNDA:0,closeClientModal
FNDA:0,refreshClientPicker
FNDA:0,(anonymous_11)
FNDA:0,refreshClientList
FNDA:0,(anonymous_13)
FNDA:0,(anonymous_14)
FNDA:0,(anonymous_15)
FNDA:0,(anonymous_16)
FNDA:0,openClientDetailModal
FNDA:0,closeClientDetailModal
FNDA:0,refreshEntriesList
FNDA:0,(anonymous_20)
FNDA:0,(anonymous_21)
FNDA:0,(anonymous_22)
FNDA:0,_toggleUrlPatternVisibility
FNDA:0,exportClientToFile
FNDA:0,(anonymous_25)
FNDA:0,importClientFromFile
FNDA:0,(anonymous_27)
FNDA:0,(anonymous_28)
FNDA:0,(anonymous_29)
FNDA:0,(anonymous_30)
FNDA:0,(anonymous_31)
FNDA:0,(anonymous_32)
FNDA:0,(anonymous_33)
FNDA:0,(anonymous_34)
FNDA:0,(anonymous_35)
FNDA:0,(anonymous_36)
FNDA:0,(anonymous_37)
DA:10,0
DA:11,0
DA:14,0
DA:15,0
DA:17,0
DA:19,0
DA:25,0
DA:26,0
DA:30,0
DA:31,0
DA:32,0
DA:33,0
DA:34,0
DA:36,0
DA:43,0
DA:44,0
DA:45,0
DA:46,0
DA:47,0
DA:48,0
DA:49,0
DA:50,0
DA:51,0
DA:52,0
DA:53,0
DA:54,0
DA:56,0
DA:57,0
DA:58,0
DA:59,0
DA:62,0
DA:68,0
DA:69,0
DA:70,0
DA:71,0
DA:72,0
DA:74,0
DA:78,0
DA:79,0
DA:83,0
DA:84,0
DA:85,0
DA:86,0
DA:87,0
DA:88,0
DA:89,0
DA:90,0
DA:92,0
DA:97,0
DA:98,0
DA:99,0
DA:100,0
DA:101,0
DA:102,0
DA:103,0
DA:104,0
DA:106,0
DA:123,0
DA:124,0
DA:125,0
DA:126,0
DA:127,0
DA:128,0
DA:129,0
DA:130,0
DA:131,0
DA:132,0
DA:133,0
DA:134,0
DA:135,0
DA:136,0
DA:137,0
DA:138,0
DA:139,0
DA:140,0
DA:141,0
DA:142,0
DA:144,0
DA:148,0
DA:149,0
DA:154,0
DA:160,0
DA:161,0
DA:162,0
DA:163,0
DA:164,0
DA:166,0
DA:167,0
DA:168,0
DA:169,0
DA:170,0
DA:171,0
DA:172,0
DA:173,0
DA:174,0
DA:175,0
DA:176,0
DA:177,0
DA:178,0
DA:180,0
DA:184,0
DA:185,0
DA:186,0
DA:190,0
DA:191,0
DA:192,0
DA:193,0
DA:194,0
DA:195,0
DA:196,0
DA:197,0
DA:199,0
DA:213,0
DA:214,0
DA:215,0
DA:216,0
DA:217,0
DA:218,0
DA:219,0
DA:220,0
DA:222,0
DA:225,0
DA:230,0
DA:235,0
DA:236,0
DA:237,0
DA:238,0
DA:243,0
DA:244,0
DA:245,0
DA:246,0
DA:247,0
DA:249,0
DA:250,0
DA:251,0
DA:252,0
DA:253,0
DA:254,0
DA:255,0
DA:256,0
DA:257,0
DA:259,0
DA:260,0
DA:265,0
DA:266,0
DA:267,0
DA:268,0
DA:269,0
DA:270,0
DA:271,0
DA:272,0
DA:273,0
DA:274,0
DA:275,0
DA:276,0
DA:277,0
DA:278,0
DA:280,0
DA:283,0
DA:286,0
DA:290,0
DA:291,0
DA:292,0
DA:293,0
DA:295,0
DA:296,0
DA:297,0
DA:298,0
DA:299,0
DA:300,0
DA:301,0
DA:303,0
DA:307,0
DA:308,0
DA:309,0
DA:310,0
DA:311,0
DA:312,0
DA:313,0
DA:314,0
DA:315,0
DA:316,0
DA:317,0
DA:319,0
DA:322,0
DA:323,0
DA:327,0
DA:328,0
DA:329,0
DA:330,0
DA:331,0
DA:332,0
DA:333,0
DA:334,0
DA:335,0
DA:336,0
DA:337,0
DA:339,0
DA:342,0
DA:343,0
DA:347,0
DA:348,0
DA:349,0
DA:350,0
DA:351,0
DA:352,0
DA:353,0
DA:354,0
DA:355,0
DA:356,0
DA:358,0
DA:361,0
DA:362,0
DA:366,0
DA:367,0
DA:370,0
DA:372,0
DA:373,0
DA:374,0
DA:375,0
DA:376,0
DA:377,0
DA:378,0
DA:379,0
DA:380,0
DA:381,0
DA:382,0
DA:383,0
DA:384,0
DA:385,0
DA:387,0
DA:390,0
DA:391,0
DA:396,0
LF:234
LH:0
BRDA:11,0,0,0
BRDA:11,0,1,0
BRDA:15,1,0,0
BRDA:15,1,1,0
BRDA:19,2,0,0
BRDA:19,2,1,0
BRDA:31,3,0,0
BRDA:31,3,1,0
BRDA:32,4,0,0
BRDA:32,4,1,0
BRDA:36,5,0,0
BRDA:36,5,1,0
BRDA:46,6,0,0
BRDA:46,6,1,0
BRDA:46,7,0,0
BRDA:46,7,1,0
BRDA:48,8,0,0
BRDA:48,8,1,0
BRDA:49,9,0,0
BRDA:49,9,1,0
BRDA:50,10,0,0
BRDA:50,10,1,0
BRDA:50,11,0,0
BRDA:50,11,1,0
BRDA:54,12,0,0
BRDA:54,12,1,0
BRDA:72,13,0,0
BRDA:72,13,1,0
BRDA:79,14,0,0
BRDA:79,14,1,0
BRDA:85,15,0,0
BRDA:85,15,1,0
BRDA:87,16,0,0
BRDA:87,16,1,0
BRDA:87,16,2,0
BRDA:88,17,0,0
BRDA:88,17,1,0
BRDA:90,18,0,0
BRDA:90,18,1,0
BRDA:90,19,0,0
BRDA:90,19,1,0
BRDA:90,20,0,0
BRDA:90,20,1,0
BRDA:99,21,0,0
BRDA:99,21,1,0
BRDA:101,22,0,0
BRDA:101,22,1,0
BRDA:101,22,2,0
BRDA:102,23,0,0
BRDA:102,23,1,0
BRDA:117,24,0,0
BRDA:117,24,1,0
BRDA:118,25,0,0
BRDA:118,25,1,0
BRDA:119,26,0,0
BRDA:119,26,1,0
BRDA:129,27,0,0
BRDA:129,27,1,0
BRDA:132,28,0,0
BRDA:132,28,1,0
BRDA:134,29,0,0
BRDA:134,29,1,0
BRDA:136,30,0,0
BRDA:136,30,1,0
BRDA:136,31,0,0
BRDA:136,31,1,0
BRDA:138,32,0,0
BRDA:138,32,1,0
BRDA:142,33,0,0
BRDA:142,33,1,0
BRDA:144,34,0,0
BRDA:144,34,1,0
BRDA:162,35,0,0
BRDA:162,35,1,0
BRDA:162,36,0,0
BRDA:162,36,1,0
BRDA:163,37,0,0
BRDA:163,37,1,0
BRDA:169,38,0,0
BRDA:169,38,1,0
BRDA:170,39,0,0
BRDA:170,39,1,0
BRDA:174,40,0,0
BRDA:174,40,1,0
BRDA:178,41,0,0
BRDA:178,41,1,0
BRDA:186,42,0,0
BRDA:186,42,1,0
BRDA:192,43,0,0
BRDA:192,43,1,0
BRDA:194,44,0,0
BRDA:194,44,1,0
BRDA:195,45,0,0
BRDA:195,45,1,0
BRDA:195,46,0,0
BRDA:195,46,1,0
BRDA:195,46,2,0
BRDA:205,47,0,0
BRDA:205,47,1,0
BRDA:205,48,0,0
BRDA:205,48,1,0
BRDA:206,49,0,0
BRDA:206,49,1,0
BRDA:218,50,0,0
BRDA:218,50,1,0
BRDA:222,51,0,0
BRDA:222,51,1,0
BRDA:237,52,0,0
BRDA:237,52,1,0
BRDA:237,53,0,0
BRDA:237,53,1,0
BRDA:238,54,0,0
BRDA:238,54,1,0
BRDA:245,55,0,0
BRDA:245,55,1,0
BRDA:245,56,0,0
BRDA:245,56,1,0
BRDA:246,57,0,0
BRDA:246,57,1,0
BRDA:254,58,0,0
BRDA:254,58,1,0
BRDA:269,59,0,0
BRDA:269,59,1,0
BRDA:270,60,0,0
BRDA:270,60,1,0
BRDA:275,61,0,0
BRDA:275,61,1,0
BRDA:278,62,0,0
BRDA:278,62,1,0
BRDA:280,63,0,0
BRDA:280,63,1,0
BRDA:298,64,0,0
BRDA:298,64,1,0
BRDA:299,65,0,0
BRDA:299,65,1,0
BRDA:310,66,0,0
BRDA:310,66,1,0
BRDA:312,67,0,0
BRDA:312,67,1,0
BRDA:312,68,0,0
BRDA:312,68,1,0
BRDA:314,69,0,0
BRDA:314,69,1,0
BRDA:319,70,0,0
BRDA:319,70,1,0
BRDA:329,71,0,0
BRDA:329,71,1,0
BRDA:330,72,0,0
BRDA:330,72,1,0
BRDA:330,73,0,0
BRDA:330,73,1,0
BRDA:331,74,0,0
BRDA:331,74,1,0
BRDA:331,75,0,0
BRDA:331,75,1,0
BRDA:333,76,0,0
BRDA:333,76,1,0
BRDA:337,77,0,0
BRDA:337,77,1,0
BRDA:339,78,0,0
BRDA:339,78,1,0
BRDA:349,79,0,0
BRDA:349,79,1,0
BRDA:350,80,0,0
BRDA:350,80,1,0
BRDA:352,81,0,0
BRDA:352,81,1,0
BRDA:358,82,0,0
BRDA:358,82,1,0
BRDA:367,83,0,0
BRDA:367,83,1,0
BRDA:374,84,0,0
BRDA:374,84,1,0
BRDA:375,85,0,0
BRDA:375,85,1,0
BRDA:375,86,0,0
BRDA:375,86,1,0
BRDA:376,87,0,0
BRDA:376,87,1,0
BRDA:376,88,0,0
BRDA:376,88,1,0
BRDA:377,89,0,0
BRDA:377,89,1,0
BRDA:377,90,0,0
BRDA:377,90,1,0
BRDA:378,91,0,0
BRDA:378,91,1,0
BRDA:378,92,0,0
BRDA:378,92,1,0
BRDA:380,93,0,0
BRDA:380,93,1,0
BRDA:385,94,0,0
BRDA:385,94,1,0
BRDA:387,95,0,0
BRDA:387,95,1,0
BRF:195
BRH:0
end_of_record
TN:
SF:popup-modules\collaboration.js
FN:12,exportTemplateFile
FN:29,exportAllTemplatesFile
FN:48,openImportDialog
FN:55,(anonymous_3)
FN:100,exportReportFile
FN:121,showImportPreview
FN:128,(anonymous_6)
FN:137,(anonymous_7)
FN:155,(anonymous_8)
FN:170,showImportErrors
FN:176,(anonymous_10)
FN:183,executeImport
FN:222,downloadJson
FN:234,downloadText
FN:246,sanitizeFilename
FN:256,sendMessage
FN:257,(anonymous_16)
FN:258,(anonymous_17)
FN:270,(anonymous_18)
FN:274,(anonymous_19)
FNF:20
FNH:0
FNDA:0,exportTemplateFile
FNDA:0,exportAllTemplatesFile
FNDA:0,openImportDialog
FNDA:0,(anonymous_3)
FNDA:0,exportReportFile
FNDA:0,showImportPreview
FNDA:0,(anonymous_6)
FNDA:0,(anonymous_7)
FNDA:0,(anonymous_8)
FNDA:0,showImportErrors
FNDA:0,(anonymous_10)
FNDA:0,executeImport
FNDA:0,downloadJson
FNDA:0,downloadText
FNDA:0,sanitizeFilename
FNDA:0,sendMessage
FNDA:0,(anonymous_16)
FNDA:0,(anonymous_17)
FNDA:0,(anonymous_18)
FNDA:0,(anonymous_19)
DA:13,0
DA:14,0
DA:15,0
DA:17,0
DA:18,0
DA:19,0
DA:20,0
DA:22,0
DA:30,0
DA:31,0
DA:32,0
DA:34,0
DA:35,0
DA:36,0
DA:37,0
DA:39,0
DA:49,0
DA:50,0
DA:51,0
DA:52,0
DA:53,0
DA:55,0
DA:56,0
DA:57,0
DA:59,0
DA:60,0
DA:61,0
DA:64,0
DA:65,0
DA:66,0
DA:67,0
DA:70,0
DA:73,0
DA:74,0
DA:75,0
DA:79,0
DA:80,0
DA:82,0
DA:85,0
DA:87,0
DA:91,0
DA:101,0
DA:102,0
DA:103,0
DA:106,0
DA:107,0
DA:108,0
DA:110,0
DA:111,0
DA:112,0
DA:113,0
DA:115,0
DA:122,0
DA:125,0
DA:126,0
DA:128,0
DA:129,0
DA:130,0
DA:132,0
DA:136,0
DA:137,0
DA:140,0
DA:148,0
DA:152,0
DA:153,0
DA:154,0
DA:155,0
DA:156,0
DA:159,0
DA:163,0
DA:164,0
DA:166,0
DA:167,0
DA:171,0
DA:172,0
DA:174,0
DA:176,0
DA:178,0
DA:184,0
DA:185,0
DA:187,0
DA:189,0
DA:190,0
DA:195,0
DA:196,0
DA:197,0
DA:200,0
DA:201,0
DA:202,0
DA:203,0
DA:205,0
DA:206,0
DA:207,0
DA:208,0
DA:209,0
DA:211,0
DA:214,0
DA:216,0
DA:223,0
DA:224,0
DA:225,0
DA:226,0
DA:227,0
DA:228,0
DA:229,0
DA:230,0
DA:231,0
DA:235,0
DA:236,0
DA:237,0
DA:238,0
DA:239,0
DA:240,0
DA:241,0
DA:242,0
DA:243,0
DA:247,0
DA:257,0
DA:258,0
DA:259,0
DA:260,0
DA:261,0
DA:263,0
DA:270,0
DA:271,0
DA:274,0
DA:275,0
DA:279,0
DA:280,0
DA:281,0
DA:282,0
LF:131
LH:0
BRDA:15,0,0,0
BRDA:15,0,1,0
BRDA:15,1,0,0
BRDA:15,1,1,0
BRDA:22,2,0,0
BRDA:22,2,1,0
BRDA:32,3,0,0
BRDA:32,3,1,0
BRDA:32,4,0,0
BRDA:32,4,1,0
BRDA:39,5,0,0
BRDA:39,5,1,0
BRDA:57,6,0,0
BRDA:57,6,1,0
BRDA:65,7,0,0
BRDA:65,7,1,0
BRDA:66,8,0,0
BRDA:66,8,1,0
BRDA:73,9,0,0
BRDA:73,9,1,0
BRDA:79,10,0,0
BRDA:79,10,1,0
BRDA:79,11,0,0
BRDA:79,11,1,0
BRDA:101,12,0,0
BRDA:101,12,1,0
BRDA:101,13,0,0
BRDA:101,13,1,0
BRDA:108,14,0,0
BRDA:108,14,1,0
BRDA:108,15,0,0
BRDA:108,15,1,0
BRDA:115,16,0,0
BRDA:115,16,1,0
BRDA:122,17,0,0
BRDA:122,17,1,0
BRDA:132,18,0,0
BRDA:132,18,1,0
BRDA:132,19,0,0
BRDA:132,19,1,0
BRDA:136,20,0,0
BRDA:136,20,1,0
BRDA:136,21,0,0
BRDA:136,21,1,0
BRDA:153,22,0,0
BRDA:153,22,1,0
BRDA:167,23,0,0
BRDA:167,23,1,0
BRDA:171,24,0,0
BRDA:171,24,1,0
BRDA:172,25,0,0
BRDA:172,25,1,0
BRDA:174,26,0,0
BRDA:174,26,1,0
BRDA:185,27,0,0
BRDA:185,27,1,0
BRDA:185,28,0,0
BRDA:185,28,1,0
BRDA:187,29,0,0
BRDA:187,29,1,0
BRDA:195,30,0,0
BRDA:195,30,1,0
BRDA:196,31,0,0
BRDA:196,31,1,0
BRDA:202,32,0,0
BRDA:202,32,1,0
BRDA:206,33,0,0
BRDA:206,33,1,0
BRDA:207,34,0,0
BRDA:207,34,1,0
BRDA:208,35,0,0
BRDA:208,35,1,0
BRDA:209,36,0,0
BRDA:209,36,1,0
BRDA:214,37,0,0
BRDA:214,37,1,0
BRDA:216,38,0,0
BRDA:216,38,1,0
BRDA:247,39,0,0
BRDA:247,39,1,0
BRDA:259,40,0,0
BRDA:259,40,1,0
BRDA:263,41,0,0
BRDA:263,41,1,0
BRF:84
BRH:0
end_of_record
TN:
SF:popup-modules\helpers.js
FN:14,formatCountdown
FN:40,relativeTime
FN:61,formatDuration
FNF:3
FNH:3
FNDA:9,formatCountdown
FNDA:9,relativeTime
FNDA:8,formatDuration
DA:7,1
DA:14,1
DA:15,9
DA:16,6
DA:17,6
DA:19,6
DA:21,4
DA:22,4
DA:23,4
DA:25,4
DA:26,3
DA:27,2
DA:29,1
DA:40,1
DA:41,9
DA:42,6
DA:43,6
DA:44,6
DA:45,6
DA:46,6
DA:48,6
DA:49,4
DA:50,3
DA:51,2
DA:52,1
DA:61,1
DA:62,8
DA:63,4
DA:64,4
DA:65,4
DA:66,4
DA:67,2
DA:68,1
DA:69,1
DA:74,1
DA:75,1
DA:76,1
LF:37
LH:37
BRDA:15,0,0,3
BRDA:15,0,1,6
BRDA:19,1,0,2
BRDA:19,1,1,4
BRDA:25,2,0,1
BRDA:25,2,1,3
BRDA:26,3,0,1
BRDA:26,3,1,2
BRDA:27,4,0,1
BRDA:27,4,1,1
BRDA:41,5,0,3
BRDA:41,5,1,6
BRDA:48,6,0,2
BRDA:48,6,1,4
BRDA:49,7,0,1
BRDA:49,7,1,3
BRDA:50,8,0,1
BRDA:50,8,1,2
BRDA:51,9,0,1
BRDA:51,9,1,1
BRDA:62,10,0,4
BRDA:62,10,1,4
BRDA:62,11,0,8
BRDA:62,11,1,5
BRDA:66,12,0,2
BRDA:66,12,1,2
BRDA:67,13,0,1
BRDA:67,13,1,1
BRF:28
BRH:28
end_of_record
TN:
SF:popup-modules\modal-drag.js
FN:16,setupModalDrag
FN:20,attachDrag
FN:29,(anonymous_2)
FN:43,(anonymous_3)
FN:73,endDrag
FN:86,observeModalShowChanges
FN:88,(anonymous_6)
FN:89,(anonymous_7)
FN:106,init
FN:113,(anonymous_9)
FN:121,(anonymous_10)
FNF:11
FNH:0
FNDA:0,setupModalDrag
FNDA:0,attachDrag
FNDA:0,(anonymous_2)
FNDA:0,(anonymous_3)
FNDA:0,endDrag
FNDA:0,observeModalShowChanges
FNDA:0,(anonymous_6)
FNDA:0,(anonymous_7)
FNDA:0,init
FNDA:0,(anonymous_9)
FNDA:0,(anonymous_10)
DA:16,0
DA:17,0
DA:18,0
DA:21,0
DA:22,0
DA:23,0
DA:24,0
DA:26,0
DA:27,0
DA:29,0
DA:31,0
DA:33,0
DA:34,0
DA:36,0
DA:37,0
DA:38,0
DA:39,0
DA:40,0
DA:43,0
DA:44,0
DA:45,0
DA:46,0
DA:47,0
DA:48,0
DA:51,0
DA:52,0
DA:53,0
DA:54,0
DA:56,0
DA:57,0
DA:58,0
DA:59,0
DA:60,0
DA:61,0
DA:62,0
DA:63,0
DA:64,0
DA:65,0
DA:66,0
DA:69,0
DA:70,0
DA:74,0
DA:75,0
DA:76,0
DA:77,0
DA:78,0
DA:80,0
DA:81,0
DA:87,0
DA:88,0
DA:89,0
DA:90,0
DA:91,0
DA:93,0
DA:94,0
DA:95,0
DA:96,0
DA:97,0
DA:101,0
DA:108,0
DA:109,0
DA:113,0
DA:114,0
DA:115,0
DA:116,0
DA:117,0
DA:118,0
DA:119,0
DA:121,0
DA:122,0
DA:123,0
DA:124,0
DA:125,0
DA:126,0
DA:127,0
DA:131,0
DA:133,0
DA:134,0
DA:140,0
DA:143,0
DA:144,0
DA:146,0
LF:82
LH:0
BRDA:21,0,0,0
BRDA:21,0,1,0
BRDA:21,1,0,0
BRDA:21,1,1,0
BRDA:23,2,0,0
BRDA:23,2,1,0
BRDA:31,3,0,0
BRDA:31,3,1,0
BRDA:31,4,0,0
BRDA:31,4,1,0
BRDA:31,4,2,0
BRDA:31,4,3,0
BRDA:33,5,0,0
BRDA:33,5,1,0
BRDA:33,6,0,0
BRDA:33,6,1,0
BRDA:37,7,0,0
BRDA:37,7,1,0
BRDA:44,8,0,0
BRDA:44,8,1,0
BRDA:63,9,0,0
BRDA:63,9,1,0
BRDA:64,10,0,0
BRDA:64,10,1,0
BRDA:65,11,0,0
BRDA:65,11,1,0
BRDA:66,12,0,0
BRDA:66,12,1,0
BRDA:74,13,0,0
BRDA:74,13,1,0
BRDA:91,14,0,0
BRDA:91,14,1,0
BRDA:94,15,0,0
BRDA:94,15,1,0
BRDA:116,16,0,0
BRDA:116,16,1,0
BRDA:116,17,0,0
BRDA:116,17,1,0
BRDA:117,18,0,0
BRDA:117,18,1,0
BRDA:117,19,0,0
BRDA:117,19,1,0
BRDA:119,20,0,0
BRDA:119,20,1,0
BRDA:122,21,0,0
BRDA:122,21,1,0
BRDA:124,22,0,0
BRDA:124,22,1,0
BRDA:133,23,0,0
BRDA:133,23,1,0
BRDA:140,24,0,0
BRDA:140,24,1,0
BRDA:143,25,0,0
BRDA:143,25,1,0
BRF:54
BRH:0
end_of_record
TN:
SF:popup-modules\onboarding.js
FN:8,(anonymous_0)
FN:12,_qs
FN:14,showStep
FN:15,(anonymous_3)
FN:27,markDone
FN:33,nextStep
FN:41,prevStep
FN:54,maybeShow
FN:61,(anonymous_8)
FNF:9
FNH:0
FNDA:0,(anonymous_0)
FNDA:0,_qs
FNDA:0,showStep
FNDA:0,(anonymous_3)
FNDA:0,markDone
FNDA:0,nextStep
FNDA:0,prevStep
FNDA:0,maybeShow
FNDA:0,(anonymous_8)
DA:8,0
DA:9,0
DA:10,0
DA:12,0
DA:15,0
DA:16,0
DA:18,0
DA:19,0
DA:20,0
DA:21,0
DA:22,0
DA:23,0
DA:24,0
DA:28,0
DA:29,0
DA:30,0
DA:34,0
DA:35,0
DA:37,0
DA:42,0
DA:46,0
DA:47,0
DA:48,0
DA:49,0
DA:50,0
DA:51,0
DA:54,0
DA:55,0
DA:56,0
DA:57,0
DA:58,0
DA:59,0
DA:61,0
DA:62,0
DA:63,0
LF:35
LH:0
BRDA:16,0,0,0
BRDA:16,0,1,0
BRDA:19,1,0,0
BRDA:19,1,1,0
BRDA:22,2,0,0
BRDA:22,2,1,0
BRDA:22,3,0,0
BRDA:22,3,1,0
BRDA:23,4,0,0
BRDA:23,4,1,0
BRDA:23,5,0,0
BRDA:23,5,1,0
BRDA:30,6,0,0
BRDA:30,6,1,0
BRDA:34,7,0,0
BRDA:34,7,1,0
BRDA:42,8,0,0
BRDA:42,8,1,0
BRDA:49,9,0,0
BRDA:49,9,1,0
BRDA:50,10,0,0
BRDA:50,10,1,0
BRDA:51,11,0,0
BRDA:51,11,1,0
BRDA:57,12,0,0
BRDA:57,12,1,0
BRDA:59,13,0,0
BRDA:59,13,1,0
BRF:28
BRH:0
end_of_record
TN:
SF:popup-modules\popup-state.js
FN:26,_createReactiveProxy
FN:28,(anonymous_1)
FN:54,initPopupState
FN:63,getState
FN:73,subscribe
FN:80,(anonymous_5)
FNF:6
FNH:0
FNDA:0,_createReactiveProxy
FNDA:0,(anonymous_1)
FNDA:0,initPopupState
FNDA:0,getState
FNDA:0,subscribe
FNDA:0,(anonymous_5)
DA:10,0
DA:13,0
DA:27,0
DA:29,0
DA:30,0
DA:33,0
DA:34,0
DA:35,0
DA:36,0
DA:38,0
DA:42,0
DA:56,0
DA:57,0
DA:64,0
DA:74,0
DA:75,0
DA:77,0
DA:80,0
DA:81,0
LF:19
LH:0
BRDA:33,0,0,0
BRDA:33,0,1,0
BRDA:33,1,0,0
BRDA:33,1,1,0
BRDA:74,2,0,0
BRDA:74,2,1,0
BRF:6
BRH:0
end_of_record
TN:
SF:popup-modules\recent-chats.js
FN:21,setupRecentChats
FN:25,_genId
FN:30,_extractGoal
FN:51,_hasReport
FN:56,archiveCurrentChat
FN:103,listRecentChats
FN:112,restoreChat
FN:115,(anonymous_7)
FN:153,_showRestoredBanner
FN:168,(anonymous_9)
FN:172,deleteRecentChat
FN:175,(anonymous_11)
FN:181,clearAllRecent
FN:190,_formatAge
FN:200,_escapeHtml
FN:201,(anonymous_15)
FN:206,_renderRecentChatsList
FN:215,(anonymous_17)
FN:240,(anonymous_18)
FN:241,(anonymous_19)
FN:248,(anonymous_20)
FN:249,(anonymous_21)
FN:257,_openModal
FN:263,_closeModal
FN:274,(anonymous_24)
FN:281,(anonymous_25)
FN:286,_wireUI
FN:294,(anonymous_27)
FNF:28
FNH:0
FNDA:0,setupRecentChats
FNDA:0,_genId
FNDA:0,_extractGoal
FNDA:0,_hasReport
FNDA:0,archiveCurrentChat
FNDA:0,listRecentChats
FNDA:0,restoreChat
FNDA:0,(anonymous_7)
FNDA:0,_showRestoredBanner
FNDA:0,(anonymous_9)
FNDA:0,deleteRecentChat
FNDA:0,(anonymous_11)
FNDA:0,clearAllRecent
FNDA:0,_formatAge
FNDA:0,_escapeHtml
FNDA:0,(anonymous_15)
FNDA:0,_renderRecentChatsList
FNDA:0,(anonymous_17)
FNDA:0,(anonymous_18)
FNDA:0,(anonymous_19)
FNDA:0,(anonymous_20)
FNDA:0,(anonymous_21)
FNDA:0,_openModal
FNDA:0,_closeModal
FNDA:0,(anonymous_24)
FNDA:0,(anonymous_25)
FNDA:0,_wireUI
FNDA:0,(anonymous_27)
DA:21,0
DA:22,0
DA:23,0
DA:26,0
DA:31,0
DA:32,0
DA:33,0
DA:34,0
DA:39,0
DA:40,0
DA:41,0
DA:42,0
DA:43,0
DA:44,0
DA:47,0
DA:52,0
DA:57,0
DA:58,0
DA:59,0
DA:60,0
DA:62,0
DA:63,0
DA:65,0
DA:66,0
DA:68,0
DA:81,0
DA:82,0
DA:86,0
DA:87,0
DA:88,0
DA:91,0
DA:93,0
DA:95,0
DA:96,0
DA:98,0
DA:99,0
DA:104,0
DA:105,0
DA:106,0
DA:108,0
DA:113,0
DA:114,0
DA:115,0
DA:116,0
DA:117,0
DA:118,0
DA:121,0
DA:124,0
DA:129,0
DA:130,0
DA:131,0
DA:135,0
DA:136,0
DA:141,0
DA:144,0
DA:146,0
DA:148,0
DA:149,0
DA:154,0
DA:155,0
DA:156,0
DA:157,0
DA:158,0
DA:159,0
DA:160,0
DA:161,0
DA:162,0
DA:163,0
DA:166,0
DA:167,0
DA:168,0
DA:173,0
DA:174,0
DA:175,0
DA:176,0
DA:177,0
DA:178,0
DA:182,0
DA:183,0
DA:184,0
DA:185,0
DA:191,0
DA:192,0
DA:193,0
DA:194,0
DA:195,0
DA:196,0
DA:197,0
DA:201,0
DA:207,0
DA:208,0
DA:209,0
DA:210,0
DA:211,0
DA:212,0
DA:213,0
DA:215,0
DA:216,0
DA:217,0
DA:218,0
DA:224,0
DA:239,0
DA:240,0
DA:241,0
DA:242,0
DA:243,0
DA:244,0
DA:248,0
DA:249,0
DA:250,0
DA:251,0
DA:252,0
DA:258,0
DA:259,0
DA:260,0
DA:261,0
DA:264,0
DA:265,0
DA:274,0
DA:275,0
DA:276,0
DA:281,0
DA:282,0
DA:287,0
DA:288,0
DA:289,0
DA:290,0
DA:291,0
DA:292,0
DA:293,0
DA:294,0
DA:295,0
DA:296,0
DA:297,0
DA:300,0
DA:301,0
DA:303,0
DA:307,0
DA:308,0
LF:139
LH:0
BRDA:31,0,0,0
BRDA:31,0,1,0
BRDA:33,1,0,0
BRDA:33,1,1,0
BRDA:33,2,0,0
BRDA:33,2,1,0
BRDA:33,2,2,0
BRDA:33,2,3,0
BRDA:39,3,0,0
BRDA:39,3,1,0
BRDA:44,4,0,0
BRDA:44,4,1,0
BRDA:44,5,0,0
BRDA:44,5,1,0
BRDA:52,6,0,0
BRDA:52,6,1,0
BRDA:59,7,0,0
BRDA:59,7,1,0
BRDA:60,8,0,0
BRDA:60,8,1,0
BRDA:62,9,0,0
BRDA:62,9,1,0
BRDA:62,10,0,0
BRDA:62,10,1,0
BRDA:65,11,0,0
BRDA:65,11,1,0
BRDA:66,12,0,0
BRDA:66,12,1,0
BRDA:66,13,0,0
BRDA:66,13,1,0
BRDA:72,14,0,0
BRDA:72,14,1,0
BRDA:72,15,0,0
BRDA:72,15,1,0
BRDA:75,16,0,0
BRDA:75,16,1,0
BRDA:75,17,0,0
BRDA:75,17,1,0
BRDA:78,18,0,0
BRDA:78,18,1,0
BRDA:78,19,0,0
BRDA:78,19,1,0
BRDA:82,20,0,0
BRDA:82,20,1,0
BRDA:87,21,0,0
BRDA:87,21,1,0
BRDA:87,22,0,0
BRDA:87,22,1,0
BRDA:87,22,2,0
BRDA:98,23,0,0
BRDA:98,23,1,0
BRDA:106,24,0,0
BRDA:106,24,1,0
BRDA:115,25,0,0
BRDA:115,25,1,0
BRDA:116,26,0,0
BRDA:116,26,1,0
BRDA:118,27,0,0
BRDA:118,27,1,0
BRDA:124,28,0,0
BRDA:124,28,1,0
BRDA:125,29,0,0
BRDA:125,29,1,0
BRDA:126,30,0,0
BRDA:126,30,1,0
BRDA:129,31,0,0
BRDA:129,31,1,0
BRDA:130,32,0,0
BRDA:130,32,1,0
BRDA:131,33,0,0
BRDA:131,33,1,0
BRDA:148,34,0,0
BRDA:148,34,1,0
BRDA:156,35,0,0
BRDA:156,35,1,0
BRDA:162,36,0,0
BRDA:162,36,1,0
BRDA:162,37,0,0
BRDA:162,37,1,0
BRDA:162,38,0,0
BRDA:162,38,1,0
BRDA:164,39,0,0
BRDA:164,39,1,0
BRDA:164,40,0,0
BRDA:164,40,1,0
BRDA:168,41,0,0
BRDA:168,41,1,0
BRDA:175,42,0,0
BRDA:175,42,1,0
BRDA:191,43,0,0
BRDA:191,43,1,0
BRDA:194,44,0,0
BRDA:194,44,1,0
BRDA:195,45,0,0
BRDA:195,45,1,0
BRDA:196,46,0,0
BRDA:196,46,1,0
BRDA:201,47,0,0
BRDA:201,47,1,0
BRDA:208,48,0,0
BRDA:208,48,1,0
BRDA:211,49,0,0
BRDA:211,49,1,0
BRDA:216,50,0,0
BRDA:216,50,1,0
BRDA:219,51,0,0
BRDA:219,51,1,0
BRDA:220,52,0,0
BRDA:220,52,1,0
BRDA:221,53,0,0
BRDA:221,53,1,0
BRDA:222,54,0,0
BRDA:222,54,1,0
BRDA:243,55,0,0
BRDA:243,55,1,0
BRDA:250,56,0,0
BRDA:250,56,1,0
BRDA:259,57,0,0
BRDA:259,57,1,0
BRDA:265,58,0,0
BRDA:265,58,1,0
BRDA:275,59,0,0
BRDA:275,59,1,0
BRDA:288,60,0,0
BRDA:288,60,1,0
BRDA:292,61,0,0
BRDA:292,61,1,0
BRDA:293,62,0,0
BRDA:293,62,1,0
BRDA:294,63,0,0
BRDA:294,63,1,0
BRDA:295,64,0,0
BRDA:295,64,1,0
BRDA:300,65,0,0
BRDA:300,65,1,0
BRF:135
BRH:0
end_of_record
TN:
SF:popup-modules\scheduler-ui.js
FN:13,showSchedulesPanel
FN:32,(anonymous_1)
FN:37,hideSchedulesPanel
FN:52,loadTemplatesCache
FN:53,(anonymous_4)
FN:62,loadAndRenderSchedules
FN:66,(anonymous_6)
FN:67,(anonymous_7)
FN:86,(anonymous_8)
FN:97,renderScheduleCard
FN:112,(anonymous_10)
FN:112,(anonymous_11)
FN:160,(anonymous_12)
FN:179,(anonymous_13)
FN:189,openCreateScheduleModal
FN:202,(anonymous_15)
FN:214,(anonymous_16)
FN:225,openCreateScheduleModalForTemplate
FN:241,populateTemplateDropdown
FN:245,(anonymous_19)
FN:257,(anonymous_20)
FN:273,(anonymous_21)
FN:282,(anonymous_22)
FN:300,(anonymous_23)
FN:309,(anonymous_24)
FN:319,(anonymous_25)
FN:327,renderTemplateParams
FN:331,(anonymous_27)
FN:344,handleSaveSchedule
FN:367,(anonymous_29)
FN:401,(anonymous_30)
FN:425,(anonymous_31)
FN:426,(anonymous_32)
FN:450,handleToggleSchedule
FN:452,(anonymous_34)
FN:453,(anonymous_35)
FN:475,handleDeleteSchedule
FN:481,(anonymous_37)
FN:482,(anonymous_38)
FN:504,showRunHistory
FN:509,(anonymous_40)
FN:510,(anonymous_41)
FN:527,(anonymous_42)
FN:561,(anonymous_43)
FN:562,(anonymous_44)
FNF:45
FNH:0
FNDA:0,showSchedulesPanel
FNDA:0,(anonymous_1)
FNDA:0,hideSchedulesPanel
FNDA:0,loadTemplatesCache
FNDA:0,(anonymous_4)
FNDA:0,loadAndRenderSchedules
FNDA:0,(anonymous_6)
FNDA:0,(anonymous_7)
FNDA:0,(anonymous_8)
FNDA:0,renderScheduleCard
FNDA:0,(anonymous_10)
FNDA:0,(anonymous_11)
FNDA:0,(anonymous_12)
FNDA:0,(anonymous_13)
FNDA:0,openCreateScheduleModal
FNDA:0,(anonymous_15)
FNDA:0,(anonymous_16)
FNDA:0,openCreateScheduleModalForTemplate
FNDA:0,populateTemplateDropdown
FNDA:0,(anonymous_19)
FNDA:0,(anonymous_20)
FNDA:0,(anonymous_21)
FNDA:0,(anonymous_22)
FNDA:0,(anonymous_23)
FNDA:0,(anonymous_24)
FNDA:0,(anonymous_25)
FNDA:0,renderTemplateParams
FNDA:0,(anonymous_27)
FNDA:0,handleSaveSchedule
FNDA:0,(anonymous_29)
FNDA:0,(anonymous_30)
FNDA:0,(anonymous_31)
FNDA:0,(anonymous_32)
FNDA:0,handleToggleSchedule
FNDA:0,(anonymous_34)
FNDA:0,(anonymous_35)
FNDA:0,handleDeleteSchedule
FNDA:0,(anonymous_37)
FNDA:0,(anonymous_38)
FNDA:0,showRunHistory
FNDA:0,(anonymous_40)
FNDA:0,(anonymous_41)
FNDA:0,(anonymous_42)
FNDA:0,(anonymous_43)
FNDA:0,(anonymous_44)
DA:6,0
DA:7,0
DA:14,0
DA:15,0
DA:16,0
DA:17,0
DA:18,0
DA:19,0
DA:22,0
DA:25,0
DA:28,0
DA:31,0
DA:32,0
DA:33,0
DA:38,0
DA:39,0
DA:40,0
DA:41,0
DA:42,0
DA:43,0
DA:45,0
DA:46,0
DA:47,0
DA:53,0
DA:54,0
DA:55,0
DA:56,0
DA:63,0
DA:65,0
DA:66,0
DA:67,0
DA:68,0
DA:69,0
DA:70,0
DA:72,0
DA:76,0
DA:80,0
DA:81,0
DA:82,0
DA:85,0
DA:86,0
DA:87,0
DA:88,0
DA:89,0
DA:90,0
DA:93,0
DA:98,0
DA:103,0
DA:104,0
DA:105,0
DA:106,0
DA:107,0
DA:108,0
DA:109,0
DA:110,0
DA:111,0
DA:112,0
DA:113,0
DA:114,0
DA:115,0
DA:117,0
DA:122,0
DA:127,0
DA:128,0
DA:129,0
DA:130,0
DA:131,0
DA:135,0
DA:137,0
DA:160,0
DA:161,0
DA:162,0
DA:164,0
DA:165,0
DA:167,0
DA:169,0
DA:171,0
DA:172,0
DA:173,0
DA:174,0
DA:179,0
DA:180,0
DA:181,0
DA:183,0
DA:184,0
DA:185,0
DA:190,0
DA:191,0
DA:192,0
DA:193,0
DA:194,0
DA:195,0
DA:196,0
DA:197,0
DA:198,0
DA:199,0
DA:202,0
DA:205,0
DA:206,0
DA:207,0
DA:208,0
DA:209,0
DA:210,0
DA:213,0
DA:214,0
DA:215,0
DA:216,0
DA:219,0
DA:222,0
DA:226,0
DA:229,0
DA:230,0
DA:233,0
DA:234,0
DA:238,0
DA:242,0
DA:243,0
DA:245,0
DA:246,0
DA:247,0
DA:248,0
DA:251,0
DA:255,0
DA:257,0
DA:258,0
DA:259,0
DA:260,0
DA:261,0
DA:264,0
DA:265,0
DA:273,0
DA:274,0
DA:275,0
DA:276,0
DA:277,0
DA:278,0
DA:282,0
DA:283,0
DA:284,0
DA:285,0
DA:286,0
DA:287,0
DA:289,0
DA:290,0
DA:291,0
DA:292,0
DA:293,0
DA:294,0
DA:295,0
DA:300,0
DA:301,0
DA:302,0
DA:303,0
DA:304,0
DA:305,0
DA:309,0
DA:310,0
DA:311,0
DA:313,0
DA:314,0
DA:315,0
DA:319,0
DA:320,0
DA:321,0
DA:323,0
DA:328,0
DA:329,0
DA:331,0
DA:332,0
DA:333,0
DA:334,0
DA:335,0
DA:339,0
DA:345,0
DA:346,0
DA:347,0
DA:348,0
DA:351,0
DA:352,0
DA:355,0
DA:357,0
DA:358,0
DA:359,0
DA:360,0
DA:361,0
DA:363,0
DA:366,0
DA:367,0
DA:368,0
DA:370,0
DA:372,0
DA:373,0
DA:374,0
DA:375,0
DA:377,0
DA:381,0
DA:382,0
DA:383,0
DA:384,0
DA:385,0
DA:387,0
DA:388,0
DA:389,0
DA:390,0
DA:394,0
DA:395,0
DA:397,0
DA:399,0
DA:400,0
DA:401,0
DA:402,0
DA:404,0
DA:405,0
DA:406,0
DA:408,0
DA:411,0
DA:412,0
DA:413,0
DA:414,0
DA:415,0
DA:417,0
DA:420,0
DA:424,0
DA:425,0
DA:426,0
DA:427,0
DA:428,0
DA:429,0
DA:431,0
DA:435,0
DA:436,0
DA:437,0
DA:441,0
DA:442,0
DA:443,0
DA:445,0
DA:451,0
DA:452,0
DA:453,0
DA:454,0
DA:455,0
DA:456,0
DA:458,0
DA:462,0
DA:463,0
DA:464,0
DA:467,0
DA:468,0
DA:470,0
DA:476,0
DA:477,0
DA:480,0
DA:481,0
DA:482,0
DA:483,0
DA:484,0
DA:485,0
DA:487,0
DA:491,0
DA:492,0
DA:493,0
DA:496,0
DA:497,0
DA:499,0
DA:505,0
DA:506,0
DA:508,0
DA:509,0
DA:510,0
DA:511,0
DA:512,0
DA:513,0
DA:515,0
DA:519,0
DA:523,0
DA:524,0
DA:526,0
DA:527,0
DA:528,0
DA:529,0
DA:531,0
DA:532,0
DA:533,0
DA:534,0
DA:538,0
DA:539,0
DA:540,0
DA:543,0
DA:544,0
DA:545,0
DA:548,0
DA:557,0
DA:561,0
DA:562,0
DA:563,0
DA:564,0
DA:565,0
DA:566,0
DA:573,0
DA:576,0
DA:579,0
DA:580,0
DA:585,0
DA:586,0
DA:587,0
DA:588,0
DA:589,0
LF:307
LH:0
BRDA:31,0,0,0
BRDA:31,0,1,0
BRDA:45,1,0,0
BRDA:45,1,1,0
BRDA:54,2,0,0
BRDA:54,2,1,0
BRDA:55,3,0,0
BRDA:55,3,1,0
BRDA:55,4,0,0
BRDA:55,4,1,0
BRDA:55,4,2,0
BRDA:68,5,0,0
BRDA:68,5,1,0
BRDA:76,6,0,0
BRDA:76,6,1,0
BRDA:76,7,0,0
BRDA:76,7,1,0
BRDA:76,7,2,0
BRDA:80,8,0,0
BRDA:80,8,1,0
BRDA:88,9,0,0
BRDA:88,9,1,0
BRDA:98,10,0,0
BRDA:98,10,1,0
BRDA:99,11,0,0
BRDA:99,11,1,0
BRDA:100,12,0,0
BRDA:100,12,1,0
BRDA:104,13,0,0
BRDA:104,13,1,0
BRDA:106,14,0,0
BRDA:106,14,1,0
BRDA:108,15,0,0
BRDA:108,15,1,0
BRDA:109,16,0,0
BRDA:109,16,1,0
BRDA:110,17,0,0
BRDA:110,17,1,0
BRDA:110,18,0,0
BRDA:110,18,1,0
BRDA:110,18,2,0
BRDA:113,19,0,0
BRDA:113,19,1,0
BRDA:114,20,0,0
BRDA:114,20,1,0
BRDA:115,21,0,0
BRDA:115,21,1,0
BRDA:122,22,0,0
BRDA:122,22,1,0
BRDA:124,23,0,0
BRDA:124,23,1,0
BRDA:128,24,0,0
BRDA:128,24,1,0
BRDA:135,25,0,0
BRDA:135,25,1,0
BRDA:149,26,0,0
BRDA:149,26,1,0
BRDA:162,27,0,0
BRDA:162,27,1,0
BRDA:167,28,0,0
BRDA:167,28,1,0
BRDA:171,29,0,0
BRDA:171,29,1,0
BRDA:173,30,0,0
BRDA:173,30,1,0
BRDA:181,31,0,0
BRDA:181,31,1,0
BRDA:233,32,0,0
BRDA:233,32,1,0
BRDA:246,33,0,0
BRDA:246,33,1,0
BRDA:251,34,0,0
BRDA:251,34,1,0
BRDA:251,35,0,0
BRDA:251,35,1,0
BRDA:251,35,2,0
BRDA:264,36,0,0
BRDA:264,36,1,0
BRDA:277,37,0,0
BRDA:277,37,1,0
BRDA:277,38,0,0
BRDA:277,38,1,0
BRDA:278,39,0,0
BRDA:278,39,1,0
BRDA:278,40,0,0
BRDA:278,40,1,0
BRDA:286,41,0,0
BRDA:286,41,1,0
BRDA:286,42,0,0
BRDA:286,42,1,0
BRDA:287,43,0,0
BRDA:287,43,1,0
BRDA:287,44,0,0
BRDA:287,44,1,0
BRDA:289,45,0,0
BRDA:289,45,1,0
BRDA:293,46,0,0
BRDA:293,46,1,0
BRDA:294,47,0,0
BRDA:294,47,1,0
BRDA:295,48,0,0
BRDA:295,48,1,0
BRDA:304,49,0,0
BRDA:304,49,1,0
BRDA:304,50,0,0
BRDA:304,50,1,0
BRDA:305,51,0,0
BRDA:305,51,1,0
BRDA:305,52,0,0
BRDA:305,52,1,0
BRDA:313,53,0,0
BRDA:313,53,1,0
BRDA:320,54,0,0
BRDA:320,54,1,0
BRDA:320,55,0,0
BRDA:320,55,1,0
BRDA:320,55,2,0
BRDA:336,56,0,0
BRDA:336,56,1,0
BRDA:337,57,0,0
BRDA:337,57,1,0
BRDA:337,58,0,0
BRDA:337,58,1,0
BRDA:346,59,0,0
BRDA:346,59,1,0
BRDA:357,60,0,0
BRDA:357,60,1,0
BRDA:359,61,0,0
BRDA:359,61,1,0
BRDA:370,62,0,0
BRDA:370,62,1,0
BRDA:373,63,0,0
BRDA:373,63,1,0
BRDA:381,64,0,0
BRDA:381,64,1,0
BRDA:383,65,0,0
BRDA:383,65,1,0
BRDA:388,66,0,0
BRDA:388,66,1,0
BRDA:395,67,0,0
BRDA:395,67,1,0
BRDA:399,68,0,0
BRDA:399,68,1,0
BRDA:404,69,0,0
BRDA:404,69,1,0
BRDA:411,70,0,0
BRDA:411,70,1,0
BRDA:413,71,0,0
BRDA:413,71,1,0
BRDA:413,72,0,0
BRDA:413,72,1,0
BRDA:427,73,0,0
BRDA:427,73,1,0
BRDA:435,74,0,0
BRDA:435,74,1,0
BRDA:435,75,0,0
BRDA:435,75,1,0
BRDA:454,76,0,0
BRDA:454,76,1,0
BRDA:462,77,0,0
BRDA:462,77,1,0
BRDA:462,78,0,0
BRDA:462,78,1,0
BRDA:468,79,0,0
BRDA:468,79,1,0
BRDA:476,80,0,0
BRDA:476,80,1,0
BRDA:483,81,0,0
BRDA:483,81,1,0
BRDA:491,82,0,0
BRDA:491,82,1,0
BRDA:491,83,0,0
BRDA:491,83,1,0
BRDA:511,84,0,0
BRDA:511,84,1,0
BRDA:519,85,0,0
BRDA:519,85,1,0
BRDA:519,86,0,0
BRDA:519,86,1,0
BRDA:519,86,2,0
BRDA:523,87,0,0
BRDA:523,87,1,0
BRDA:531,88,0,0
BRDA:531,88,1,0
BRDA:532,89,0,0
BRDA:532,89,1,0
BRDA:532,90,0,0
BRDA:532,90,1,0
BRDA:534,91,0,0
BRDA:534,91,1,0
BRDA:539,92,0,0
BRDA:539,92,1,0
BRDA:544,93,0,0
BRDA:544,93,1,0
BRDA:552,94,0,0
BRDA:552,94,1,0
BRDA:564,95,0,0
BRDA:564,95,1,0
BRDA:565,96,0,0
BRDA:565,96,1,0
BRDA:565,97,0,0
BRDA:565,97,1,0
BRF:202
BRH:0
end_of_record
TN:
SF:popup-modules\settings.js
FN:21,loadThemePreference
FN:27,(anonymous_1)
FN:43,updateThemeToggle
FN:48,toggleTheme
FN:54,switchProviderCard
FN:59,(anonymous_5)
FN:79,(anonymous_6)
FN:80,(anonymous_7)
FN:84,loadSettings
FN:86,(anonymous_9)
FN:115,(anonymous_10)
FN:118,(anonymous_11)
FN:120,(anonymous_12)
FN:142,(anonymous_13)
FN:145,(anonymous_14)
FN:147,(anonymous_15)
FN:168,(anonymous_16)
FN:174,(anonymous_17)
FN:176,(anonymous_18)
FN:186,(anonymous_19)
FN:197,(anonymous_20)
FN:200,(anonymous_21)
FN:201,(anonymous_22)
FN:215,(anonymous_23)
FN:218,(anonymous_24)
FN:219,(anonymous_25)
FN:237,(anonymous_26)
FN:241,(anonymous_27)
FN:242,(anonymous_28)
FN:260,(anonymous_29)
FN:263,(anonymous_30)
FN:264,(anonymous_31)
FN:276,(anonymous_32)
FN:278,(anonymous_33)
FN:289,(anonymous_34)
FN:290,(anonymous_35)
FN:297,_renderSkillStatsModal
FN:327,(anonymous_37)
FN:362,(anonymous_38)
FN:364,(anonymous_39)
FN:365,(anonymous_40)
FN:394,__setTicketFormatRowVisible
FN:401,(anonymous_42)
FN:415,(anonymous_43)
FN:418,(anonymous_44)
FN:432,(anonymous_45)
FN:440,(anonymous_46)
FN:442,(anonymous_47)
FN:462,(anonymous_48)
FN:469,(anonymous_49)
FN:471,(anonymous_50)
FN:483,_renderLearnedPatterns
FN:490,(anonymous_52)
FN:499,(anonymous_53)
FN:500,(anonymous_54)
FN:513,(anonymous_55)
FN:521,(anonymous_56)
FN:526,(anonymous_57)
FN:532,(anonymous_58)
FN:544,(anonymous_59)
FN:549,(anonymous_60)
FN:570,(anonymous_61)
FN:575,(anonymous_62)
FN:579,(anonymous_63)
FN:612,(anonymous_64)
FN:619,(anonymous_65)
FN:620,(anonymous_66)
FN:622,(anonymous_67)
FN:628,applyThemePreset
FN:779,(anonymous_69)
FN:785,(anonymous_70)
FN:802,(anonymous_71)
FN:807,(anonymous_72)
FN:808,(anonymous_73)
FN:818,(anonymous_74)
FN:842,(anonymous_75)
FN:866,wireProviderCatalog
FN:875,refreshCatalog
FN:876,(anonymous_78)
FN:892,(anonymous_79)
FN:895,(anonymous_80)
FN:911,(anonymous_81)
FN:968,(anonymous_82)
FN:982,wireCustomCss
FN:986,applyCustomCss
FN:1003,wire
FN:1016,(anonymous_86)
FN:1022,(anonymous_87)
FN:1027,(anonymous_88)
FN:1029,(anonymous_89)
FN:1037,(anonymous_90)
FN:1043,(anonymous_91)
FN:1058,wireThemeAutoSave
FN:1059,init
FN:1060,(anonymous_94)
FN:1061,(anonymous_95)
FN:1064,(anonymous_96)
FN:1071,(anonymous_97)
FNF:98
FNH:0
FNDA:0,loadThemePreference
FNDA:0,(anonymous_1)
FNDA:0,updateThemeToggle
FNDA:0,toggleTheme
FNDA:0,switchProviderCard
FNDA:0,(anonymous_5)
FNDA:0,(anonymous_6)
FNDA:0,(anonymous_7)
FNDA:0,loadSettings
FNDA:0,(anonymous_9)
FNDA:0,(anonymous_10)
FNDA:0,(anonymous_11)
FNDA:0,(anonymous_12)
FNDA:0,(anonymous_13)
FNDA:0,(anonymous_14)
FNDA:0,(anonymous_15)
FNDA:0,(anonymous_16)
FNDA:0,(anonymous_17)
FNDA:0,(anonymous_18)
FNDA:0,(anonymous_19)
FNDA:0,(anonymous_20)
FNDA:0,(anonymous_21)
FNDA:0,(anonymous_22)
FNDA:0,(anonymous_23)
FNDA:0,(anonymous_24)
FNDA:0,(anonymous_25)
FNDA:0,(anonymous_26)
FNDA:0,(anonymous_27)
FNDA:0,(anonymous_28)
FNDA:0,(anonymous_29)
FNDA:0,(anonymous_30)
FNDA:0,(anonymous_31)
FNDA:0,(anonymous_32)
FNDA:0,(anonymous_33)
FNDA:0,(anonymous_34)
FNDA:0,(anonymous_35)
FNDA:0,_renderSkillStatsModal
FNDA:0,(anonymous_37)
FNDA:0,(anonymous_38)
FNDA:0,(anonymous_39)
FNDA:0,(anonymous_40)
FNDA:0,__setTicketFormatRowVisible
FNDA:0,(anonymous_42)
FNDA:0,(anonymous_43)
FNDA:0,(anonymous_44)
FNDA:0,(anonymous_45)
FNDA:0,(anonymous_46)
FNDA:0,(anonymous_47)
FNDA:0,(anonymous_48)
FNDA:0,(anonymous_49)
FNDA:0,(anonymous_50)
FNDA:0,_renderLearnedPatterns
FNDA:0,(anonymous_52)
FNDA:0,(anonymous_53)
FNDA:0,(anonymous_54)
FNDA:0,(anonymous_55)
FNDA:0,(anonymous_56)
FNDA:0,(anonymous_57)
FNDA:0,(anonymous_58)
FNDA:0,(anonymous_59)
FNDA:0,(anonymous_60)
FNDA:0,(anonymous_61)
FNDA:0,(anonymous_62)
FNDA:0,(anonymous_63)
FNDA:0,(anonymous_64)
FNDA:0,(anonymous_65)
FNDA:0,(anonymous_66)
FNDA:0,(anonymous_67)
FNDA:0,applyThemePreset
FNDA:0,(anonymous_69)
FNDA:0,(anonymous_70)
FNDA:0,(anonymous_71)
FNDA:0,(anonymous_72)
FNDA:0,(anonymous_73)
FNDA:0,(anonymous_74)
FNDA:0,(anonymous_75)
FNDA:0,wireProviderCatalog
FNDA:0,refreshCatalog
FNDA:0,(anonymous_78)
FNDA:0,(anonymous_79)
FNDA:0,(anonymous_80)
FNDA:0,(anonymous_81)
FNDA:0,(anonymous_82)
FNDA:0,wireCustomCss
FNDA:0,applyCustomCss
FNDA:0,wire
FNDA:0,(anonymous_86)
FNDA:0,(anonymous_87)
FNDA:0,(anonymous_88)
FNDA:0,(anonymous_89)
FNDA:0,(anonymous_90)
FNDA:0,(anonymous_91)
FNDA:0,wireThemeAutoSave
FNDA:0,init
FNDA:0,(anonymous_94)
FNDA:0,(anonymous_95)
FNDA:0,(anonymous_96)
FNDA:0,(anonymous_97)
DA:7,0
DA:8,0
DA:9,0
DA:10,0
DA:11,0
DA:12,0
DA:13,0
DA:14,0
DA:15,0
DA:16,0
DA:17,0
DA:18,0
DA:23,0
DA:24,0
DA:25,0
DA:27,0
DA:28,0
DA:30,0
DA:32,0
DA:33,0
DA:34,0
DA:35,0
DA:37,0
DA:38,0
DA:39,0
DA:44,0
DA:45,0
DA:49,0
DA:50,0
DA:55,0
DA:56,0
DA:59,0
DA:60,0
DA:64,0
DA:65,0
DA:66,0
DA:67,0
DA:70,0
DA:74,0
DA:75,0
DA:79,0
DA:80,0
DA:85,0
DA:86,0
DA:88,0
DA:89,0
DA:90,0
DA:93,0
DA:94,0
DA:98,0
DA:100,0
DA:101,0
DA:102,0
DA:103,0
DA:113,0
DA:114,0
DA:115,0
DA:116,0
DA:118,0
DA:119,0
DA:120,0
DA:121,0
DA:122,0
DA:140,0
DA:141,0
DA:142,0
DA:143,0
DA:145,0
DA:146,0
DA:147,0
DA:148,0
DA:149,0
DA:164,0
DA:165,0
DA:167,0
DA:168,0
DA:169,0
DA:170,0
DA:171,0
DA:174,0
DA:175,0
DA:176,0
DA:177,0
DA:178,0
DA:179,0
DA:185,0
DA:186,0
DA:187,0
DA:195,0
DA:196,0
DA:197,0
DA:198,0
DA:200,0
DA:201,0
DA:202,0
DA:213,0
DA:214,0
DA:215,0
DA:216,0
DA:218,0
DA:219,0
DA:220,0
DA:221,0
DA:235,0
DA:236,0
DA:237,0
DA:239,0
DA:241,0
DA:242,0
DA:243,0
DA:244,0
DA:258,0
DA:259,0
DA:260,0
DA:261,0
DA:263,0
DA:264,0
DA:265,0
DA:266,0
DA:274,0
DA:275,0
DA:276,0
DA:277,0
DA:278,0
DA:279,0
DA:280,0
DA:281,0
DA:287,0
DA:288,0
DA:289,0
DA:290,0
DA:291,0
DA:292,0
DA:299,0
DA:300,0
DA:302,0
DA:303,0
DA:304,0
DA:305,0
DA:307,0
DA:308,0
DA:309,0
DA:311,0
DA:312,0
DA:313,0
DA:314,0
DA:316,0
DA:317,0
DA:319,0
DA:320,0
DA:322,0
DA:323,0
DA:324,0
DA:325,0
DA:327,0
DA:328,0
DA:329,0
DA:330,0
DA:331,0
DA:332,0
DA:333,0
DA:334,0
DA:338,0
DA:339,0
DA:340,0
DA:341,0
DA:348,0
DA:350,0
DA:351,0
DA:352,0
DA:353,0
DA:354,0
DA:355,0
[...]
BRDA:396,72,0,0
BRDA:396,72,1,0
BRDA:399,73,0,0
BRDA:399,73,1,0
BRDA:405,74,0,0
BRDA:405,74,1,0
BRDA:406,75,0,0
BRDA:406,75,1,0
BRDA:408,76,0,0
BRDA:408,76,1,0
BRDA:411,77,0,0
BRDA:411,77,1,0
BRDA:411,78,0,0
BRDA:411,78,1,0
BRDA:421,79,0,0
BRDA:421,79,1,0
BRDA:424,80,0,0
BRDA:424,80,1,0
BRDA:431,81,0,0
BRDA:431,81,1,0
BRDA:441,82,0,0
BRDA:441,82,1,0
BRDA:446,83,0,0
BRDA:446,83,1,0
BRDA:446,84,0,0
BRDA:446,84,1,0
BRDA:446,84,2,0
BRDA:453,85,0,0
BRDA:453,85,1,0
BRDA:461,86,0,0
BRDA:461,86,1,0
BRDA:463,87,0,0
BRDA:463,87,1,0
BRDA:470,88,0,0
BRDA:470,88,1,0
BRDA:472,89,0,0
BRDA:472,89,1,0
BRDA:485,90,0,0
BRDA:485,90,1,0
BRDA:486,91,0,0
BRDA:486,91,1,0
BRDA:486,92,0,0
BRDA:486,92,1,0
BRDA:491,93,0,0
BRDA:491,93,1,0
BRDA:492,94,0,0
BRDA:492,94,1,0
BRDA:493,95,0,0
BRDA:493,95,1,0
BRDA:503,96,0,0
BRDA:503,96,1,0
BRDA:512,97,0,0
BRDA:512,97,1,0
BRDA:520,98,0,0
BRDA:520,98,1,0
BRDA:524,99,0,0
BRDA:524,99,1,0
BRDA:524,100,0,0
BRDA:524,100,1,0
BRDA:529,101,0,0
BRDA:529,101,1,0
BRDA:530,102,0,0
BRDA:530,102,1,0
BRDA:530,103,0,0
BRDA:530,103,1,0
BRDA:543,104,0,0
BRDA:543,104,1,0
BRDA:554,105,0,0
BRDA:554,105,1,0
BRDA:556,106,0,0
BRDA:556,106,1,0
BRDA:559,107,0,0
BRDA:559,107,1,0
BRDA:559,108,0,0
BRDA:559,108,1,0
BRDA:562,109,0,0
BRDA:562,109,1,0
BRDA:562,110,0,0
BRDA:562,110,1,0
BRDA:562,111,0,0
BRDA:562,111,1,0
BRDA:571,112,0,0
BRDA:571,112,1,0
BRDA:586,113,0,0
BRDA:586,113,1,0
BRDA:588,114,0,0
BRDA:588,114,1,0
BRDA:593,115,0,0
BRDA:593,115,1,0
BRDA:593,116,0,0
BRDA:593,116,1,0
BRDA:762,117,0,0
BRDA:762,117,1,0
BRDA:775,118,0,0
BRDA:775,118,1,0
BRDA:789,119,0,0
BRDA:789,119,1,0
BRDA:790,120,0,0
BRDA:790,120,1,0
BRDA:791,121,0,0
BRDA:791,121,1,0
BRDA:809,122,0,0
BRDA:809,122,1,0
BRDA:809,123,0,0
BRDA:809,123,1,0
BRDA:809,124,0,0
BRDA:809,124,1,0
BRDA:823,125,0,0
BRDA:823,125,1,0
BRDA:823,126,0,0
BRDA:823,126,1,0
BRDA:823,126,2,0
BRDA:836,127,0,0
BRDA:836,127,1,0
BRDA:846,128,0,0
BRDA:846,128,1,0
BRDA:853,129,0,0
BRDA:853,129,1,0
BRDA:853,130,0,0
BRDA:853,130,1,0
BRDA:871,131,0,0
BRDA:871,131,1,0
BRDA:871,132,0,0
BRDA:871,132,1,0
BRDA:877,133,0,0
BRDA:877,133,1,0
BRDA:878,134,0,0
BRDA:878,134,1,0
BRDA:878,135,0,0
BRDA:878,135,1,0
BRDA:879,136,0,0
BRDA:879,136,1,0
BRDA:894,137,0,0
BRDA:894,137,1,0
BRDA:896,138,0,0
BRDA:896,138,1,0
BRDA:897,139,0,0
BRDA:897,139,1,0
BRDA:899,140,0,0
BRDA:899,140,1,0
BRDA:901,141,0,0
BRDA:901,141,1,0
BRDA:903,142,0,0
BRDA:903,142,1,0
BRDA:903,143,0,0
BRDA:903,143,1,0
BRDA:913,144,0,0
BRDA:913,144,1,0
BRDA:917,145,0,0
BRDA:917,145,1,0
BRDA:917,146,0,0
BRDA:917,146,1,0
BRDA:918,147,0,0
BRDA:918,147,1,0
BRDA:918,148,0,0
BRDA:918,148,1,0
BRDA:932,149,0,0
BRDA:932,149,1,0
BRDA:932,150,0,0
BRDA:932,150,1,0
BRDA:933,151,0,0
BRDA:933,151,1,0
BRDA:933,152,0,0
BRDA:933,152,1,0
BRDA:934,153,0,0
BRDA:934,153,1,0
BRDA:934,153,2,0
BRDA:939,154,0,0
BRDA:939,154,1,0
BRDA:940,155,0,0
BRDA:940,155,1,0
BRDA:970,156,0,0
BRDA:970,156,1,0
BRDA:975,157,0,0
BRDA:975,157,1,0
BRDA:989,158,0,0
BRDA:989,158,1,0
BRDA:994,159,0,0
BRDA:994,159,1,0
BRDA:1000,160,0,0
BRDA:1000,160,1,0
BRDA:1008,161,0,0
BRDA:1008,161,1,0
BRDA:1012,162,0,0
BRDA:1012,162,1,0
BRDA:1017,163,0,0
BRDA:1017,163,1,0
BRDA:1018,164,0,0
BRDA:1018,164,1,0
BRDA:1019,165,0,0
BRDA:1019,165,1,0
BRDA:1020,166,0,0
BRDA:1020,166,1,0
BRDA:1028,167,0,0
BRDA:1028,167,1,0
BRDA:1030,168,0,0
BRDA:1030,168,1,0
BRDA:1037,169,0,0
BRDA:1037,169,1,0
BRDA:1038,170,0,0
BRDA:1038,170,1,0
BRDA:1043,171,0,0
BRDA:1043,171,1,0
BRDA:1051,172,0,0
BRDA:1051,172,1,0
BRDA:1063,173,0,0
BRDA:1063,173,1,0
BRDA:1065,174,0,0
BRDA:1065,174,1,0
BRDA:1065,175,0,0
BRDA:1065,175,1,0
BRDA:1068,176,0,0
BRDA:1068,176,1,0
BRDA:1076,177,0,0
BRDA:1076,177,1,0
BRF:360
BRH:0
end_of_record
TN:
SF:popup-modules\telemetry-panel.js
FN:22,setupTelemetryPanel
FN:38,_esc
FN:39,(anonymous_2)
FN:44,_formatTs
FN:54,_categoryBadgeColor
FN:70,_levelDotColor
FN:82,_addEvent
FN:97,_eventMatchesFilter
FN:108,_eventMatchesSearch
FN:121,_renderEvent
FN:152,(anonymous_10)
FN:161,_renderIncremental
FN:177,_renderAll
FN:181,(anonymous_13)
FN:190,_updateCountBadge
FN:193,(anonymous_15)
FN:199,_buildPanel
FN:252,_buildFilterChips
FN:268,(anonymous_18)
FN:271,(anonymous_19)
FN:272,(anonymous_20)
FN:280,_wirePanelControls
FN:284,(anonymous_22)
FN:286,(anonymous_23)
FN:294,(anonymous_24)
FN:305,(anonymous_25)
FN:306,(anonymous_26)
FN:307,(anonymous_27)
FN:312,(anonymous_28)
FN:314,(anonymous_29)
FN:320,(anonymous_30)
FN:335,(anonymous_31)
FN:337,(anonymous_32)
FN:356,(anonymous_33)
FN:360,(anonymous_34)
FN:377,(anonymous_35)
FN:392,_togglePastRunsMenu
FN:397,(anonymous_37)
FN:398,(anonymous_38)
FN:412,(anonymous_39)
FN:436,(anonymous_40)
FN:439,(anonymous_41)
FN:440,(anonymous_42)
FN:448,(anonymous_43)
FN:453,(anonymous_44)
FN:459,(anonymous_45)
FN:462,(anonymous_46)
FN:468,_loadPastRun
FN:471,(anonymous_48)
FN:472,(anonymous_49)
FN:485,_loadLiveStream
FN:497,_renderViewingBanner
FN:513,togglePanel
FN:529,(anonymous_53)
FN:536,init
FN:547,(anonymous_55)
FNF:56
FNH:0
FNDA:0,setupTelemetryPanel
FNDA:0,_esc
FNDA:0,(anonymous_2)
FNDA:0,_formatTs
FNDA:0,_categoryBadgeColor
FNDA:0,_levelDotColor
FNDA:0,_addEvent
FNDA:0,_eventMatchesFilter
FNDA:0,_eventMatchesSearch
FNDA:0,_renderEvent
FNDA:0,(anonymous_10)
FNDA:0,_renderIncremental
FNDA:0,_renderAll
FNDA:0,(anonymous_13)
FNDA:0,_updateCountBadge
FNDA:0,(anonymous_15)
FNDA:0,_buildPanel
FNDA:0,_buildFilterChips
FNDA:0,(anonymous_18)
FNDA:0,(anonymous_19)
FNDA:0,(anonymous_20)
FNDA:0,_wirePanelControls
FNDA:0,(anonymous_22)
FNDA:0,(anonymous_23)
FNDA:0,(anonymous_24)
FNDA:0,(anonymous_25)
FNDA:0,(anonymous_26)
FNDA:0,(anonymous_27)
FNDA:0,(anonymous_28)
FNDA:0,(anonymous_29)
FNDA:0,(anonymous_30)
FNDA:0,(anonymous_31)
FNDA:0,(anonymous_32)
FNDA:0,(anonymous_33)
FNDA:0,(anonymous_34)
FNDA:0,(anonymous_35)
FNDA:0,_togglePastRunsMenu
FNDA:0,(anonymous_37)
FNDA:0,(anonymous_38)
FNDA:0,(anonymous_39)
FNDA:0,(anonymous_40)
FNDA:0,(anonymous_41)
FNDA:0,(anonymous_42)
FNDA:0,(anonymous_43)
FNDA:0,(anonymous_44)
FNDA:0,(anonymous_45)
FNDA:0,(anonymous_46)
FNDA:0,_loadPastRun
FNDA:0,(anonymous_48)
FNDA:0,(anonymous_49)
FNDA:0,_loadLiveStream
FNDA:0,_renderViewingBanner
FNDA:0,togglePanel
FNDA:0,(anonymous_53)
FNDA:0,init
FNDA:0,(anonymous_55)
DA:22,0
DA:23,0
DA:24,0
DA:25,0
DA:26,0
DA:27,0
DA:28,0
DA:33,0
DA:34,0
DA:39,0
DA:45,0
DA:46,0
DA:47,0
DA:48,0
DA:49,0
DA:50,0
DA:51,0
DA:55,0
DA:71,0
DA:86,0
DA:87,0
DA:88,0
DA:89,0
DA:90,0
DA:92,0
DA:93,0
DA:94,0
DA:98,0
DA:100,0
DA:102,0
DA:103,0
DA:105,0
DA:109,0
DA:110,0
DA:111,0
DA:112,0
DA:113,0
DA:114,0
DA:115,0
DA:118,0
DA:122,0
DA:123,0
DA:124,0
DA:125,0
DA:126,0
DA:128,0
DA:129,0
DA:130,0
DA:131,0
DA:133,0
DA:134,0
DA:135,0
DA:137,0
DA:138,0
DA:139,0
DA:140,0
DA:142,0
DA:143,0
DA:144,0
DA:145,0
DA:147,0
DA:148,0
DA:149,0
DA:150,0
DA:151,0
DA:152,0
DA:153,0
DA:154,0
DA:158,0
DA:162,0
DA:163,0
DA:164,0
DA:165,0
DA:166,0
DA:169,0
DA:170,0
DA:172,0
DA:173,0
DA:178,0
DA:179,0
DA:180,0
DA:181,0
DA:182,0
DA:183,0
DA:184,0
DA:186,0
DA:187,0
DA:191,0
DA:192,0
DA:193,0
DA:194,0
DA:200,0
DA:202,0
DA:203,0
DA:204,0
DA:220,0
DA:246,0
DA:248,0
DA:249,0
DA:253,0
DA:254,0
DA:255,0
DA:268,0
DA:269,0
DA:271,0
DA:272,0
DA:273,0
DA:274,0
DA:275,0
DA:281,0
DA:282,0
DA:283,0
DA:284,0
DA:285,0
DA:286,0
DA:287,0
DA:288,0
DA:292,0
DA:293,0
DA:294,0
DA:295,0
DA:296,0
DA:297,0
DA:298,0
DA:299,0
DA:303,0
DA:304,0
DA:305,0
DA:306,0
DA:307,0
DA:308,0
DA:311,0
DA:312,0
DA:313,0
DA:314,0
DA:318,0
DA:319,0
DA:320,0
DA:321,0
DA:322,0
DA:323,0
DA:324,0
DA:333,0
DA:334,0
DA:335,0
DA:336,0
DA:337,0
DA:338,0
DA:348,0
DA:349,0
DA:350,0
DA:351,0
DA:352,0
DA:353,0
DA:354,0
DA:355,0
DA:356,0
DA:357,0
DA:359,0
DA:360,0
DA:365,0
DA:366,0
DA:367,0
DA:370,0
DA:371,0
DA:372,0
DA:375,0
DA:376,0
DA:377,0
DA:378,0
DA:379,0
DA:380,0
DA:381,0
DA:382,0
DA:383,0
DA:384,0
DA:385,0
DA:386,0
DA:393,0
DA:394,0
DA:395,0
DA:396,0
DA:397,0
DA:398,0
DA:399,0
DA:403,0
DA:404,0
DA:405,0
DA:406,0
DA:407,0
DA:408,0
DA:409,0
DA:410,0
DA:411,0
DA:412,0
DA:413,0
DA:414,0
DA:415,0
DA:416,0
DA:417,0
DA:418,0
DA:420,0
DA:421,0
DA:422,0
DA:423,0
DA:424,0
DA:425,0
DA:426,0
DA:427,0
DA:428,0
DA:429,0
DA:430,0
DA:431,0
DA:432,0
DA:433,0
DA:434,0
DA:435,0
DA:436,0
DA:437,0
DA:438,0
DA:439,0
DA:440,0
DA:442,0
DA:443,0
DA:444,0
DA:447,0
DA:448,0
DA:449,0
DA:452,0
DA:453,0
DA:454,0
DA:455,0
DA:456,0
DA:457,0
DA:459,0
DA:460,0
DA:462,0
DA:463,0
DA:464,0
DA:469,0
DA:470,0
DA:471,0
DA:472,0
DA:473,0
DA:476,0
DA:477,0
DA:478,0
DA:479,0
DA:480,0
DA:481,0
DA:486,0
DA:487,0
DA:488,0
DA:489,0
DA:491,0
DA:492,0
DA:493,0
DA:494,0
DA:498,0
DA:499,0
DA:500,0
DA:501,0
DA:502,0
DA:503,0
DA:504,0
DA:505,0
DA:506,0
DA:507,0
DA:508,0
DA:509,0
DA:510,0
DA:514,0
DA:515,0
DA:516,0
DA:517,0
DA:518,0
DA:519,0
DA:520,0
DA:522,0
DA:523,0
DA:524,0
DA:528,0
DA:529,0
DA:530,0
DA:531,0
DA:537,0
DA:538,0
DA:540,0
DA:541,0
DA:543,0
DA:546,0
DA:547,0
LF:292
LH:0
BRDA:39,0,0,0
BRDA:39,0,1,0
BRDA:45,1,0,0
BRDA:45,1,1,0
BRDA:55,2,0,0
BRDA:55,2,1,0
BRDA:71,3,0,0
BRDA:71,3,1,0
BRDA:86,4,0,0
BRDA:86,4,1,0
BRDA:87,5,0,0
BRDA:87,5,1,0
BRDA:94,6,0,0
BRDA:94,6,1,0
BRDA:98,7,0,0
BRDA:98,7,1,0
BRDA:102,8,0,0
BRDA:102,8,1,0
BRDA:103,9,0,0
BRDA:103,9,1,0
BRDA:109,10,0,0
BRDA:109,10,1,0
BRDA:111,11,0,0
BRDA:111,11,1,0
BRDA:111,12,0,0
BRDA:111,12,1,0
BRDA:112,13,0,0
BRDA:112,13,1,0
BRDA:112,14,0,0
BRDA:112,14,1,0
BRDA:113,15,0,0
BRDA:113,15,1,0
BRDA:115,16,0,0
BRDA:115,16,1,0
BRDA:126,17,0,0
BRDA:126,17,1,0
BRDA:144,18,0,0
BRDA:144,18,1,0
BRDA:147,19,0,0
BRDA:147,19,1,0
BRDA:153,20,0,0
BRDA:153,20,1,0
BRDA:154,21,0,0
BRDA:154,21,1,0
BRDA:162,22,0,0
BRDA:162,22,1,0
BRDA:162,23,0,0
BRDA:162,23,1,0
BRDA:164,24,0,0
BRDA:164,24,1,0
BRDA:172,25,0,0
BRDA:172,25,1,0
BRDA:179,26,0,0
BRDA:179,26,1,0
BRDA:181,27,0,0
BRDA:181,27,1,0
BRDA:186,28,0,0
BRDA:186,28,1,0
BRDA:192,29,0,0
BRDA:192,29,1,0
BRDA:193,30,0,0
BRDA:193,30,1,0
BRDA:200,31,0,0
BRDA:200,31,1,0
BRDA:254,32,0,0
BRDA:254,32,1,0
BRDA:269,33,0,0
BRDA:269,33,1,0
BRDA:269,34,0,0
BRDA:269,34,1,0
BRDA:269,35,0,0
BRDA:269,35,1,0
BRDA:282,36,0,0
BRDA:282,36,1,0
BRDA:293,37,0,0
BRDA:293,37,1,0
BRDA:296,38,0,0
BRDA:296,38,1,0
BRDA:297,39,0,0
BRDA:297,39,1,0
BRDA:299,40,0,0
BRDA:299,40,1,0
BRDA:304,41,0,0
BRDA:304,41,1,0
BRDA:306,42,0,0
BRDA:306,42,1,0
BRDA:309,43,0,0
BRDA:309,43,1,0
BRDA:319,44,0,0
BRDA:319,44,1,0
BRDA:323,45,0,0
BRDA:323,45,1,0
BRDA:334,46,0,0
BRDA:334,46,1,0
BRDA:337,47,0,0
BRDA:337,47,1,0
BRDA:342,48,0,0
BRDA:342,48,1,0
BRDA:345,49,0,0
BRDA:345,49,1,0
BRDA:366,50,0,0
BRDA:366,50,1,0
BRDA:371,51,0,0
BRDA:371,51,1,0
BRDA:376,52,0,0
BRDA:376,52,1,0
BRDA:379,53,0,0
BRDA:379,53,1,0
BRDA:379,54,0,0
BRDA:379,54,1,0
BRDA:382,55,0,0
BRDA:382,55,1,0
BRDA:383,56,0,0
BRDA:383,56,1,0
BRDA:383,57,0,0
BRDA:383,57,1,0
BRDA:386,58,0,0
BRDA:386,58,1,0
BRDA:394,59,0,0
BRDA:394,59,1,0
BRDA:399,60,0,0
BRDA:399,60,1,0
BRDA:404,61,0,0
BRDA:404,61,1,0
BRDA:410,62,0,0
BRDA:410,62,1,0
BRDA:414,63,0,0
BRDA:414,63,1,0
BRDA:423,64,0,0
BRDA:423,64,1,0
BRDA:424,65,0,0
BRDA:424,65,1,0
BRDA:425,66,0,0
BRDA:425,66,1,0
BRDA:426,67,0,0
BRDA:426,67,1,0
BRDA:427,68,0,0
BRDA:427,68,1,0
BRDA:430,69,0,0
BRDA:430,69,1,0
BRDA:430,70,0,0
BRDA:430,70,1,0
BRDA:430,71,0,0
BRDA:430,71,1,0
BRDA:442,72,0,0
BRDA:442,72,1,0
BRDA:442,73,0,0
BRDA:442,73,1,0
BRDA:454,74,0,0
BRDA:454,74,1,0
BRDA:454,75,0,0
BRDA:454,75,1,0
BRDA:454,75,2,0
BRDA:460,76,0,0
BRDA:460,76,1,0
BRDA:469,77,0,0
BRDA:469,77,1,0
BRDA:469,78,0,0
BRDA:469,78,1,0
BRDA:473,79,0,0
BRDA:473,79,1,0
BRDA:476,80,0,0
BRDA:476,80,1,0
BRDA:486,81,0,0
BRDA:486,81,1,0
BRDA:488,82,0,0
BRDA:488,82,1,0
BRDA:499,83,0,0
BRDA:499,83,1,0
BRDA:500,84,0,0
BRDA:500,84,1,0
BRDA:502,85,0,0
BRDA:502,85,1,0
BRDA:506,86,0,0
BRDA:506,86,1,0
BRDA:507,87,0,0
BRDA:507,87,1,0
BRDA:510,88,0,0
BRDA:510,88,1,0
BRDA:516,89,0,0
BRDA:516,89,1,0
BRDA:518,90,0,0
BRDA:518,90,1,0
BRDA:530,91,0,0
BRDA:530,91,1,0
BRDA:530,92,0,0
BRDA:530,92,1,0
BRDA:538,93,0,0
BRDA:538,93,1,0
BRDA:540,94,0,0
BRDA:540,94,1,0
BRF:191
BRH:0
end_of_record
TN:
SF:popup-modules\templates.js
FN:17,_setDisplay
FN:21,_toggleClass
FN:26,showTemplatesPanel
FN:34,hideTemplatesPanel
FN:42,loadTemplates
FN:48,(anonymous_5)
FN:60,filterTemplates
FN:64,(anonymous_7)
FN:70,(anonymous_8)
FN:71,(anonymous_9)
FN:77,(anonymous_10)
FN:80,renderTemplateList
FN:90,(anonymous_12)
FN:95,(anonymous_13)
FN:118,(anonymous_14)
FN:119,(anonymous_15)
FN:136,_on
FN:140,(anonymous_17)
FN:141,(anonymous_18)
FN:144,openCreateTemplateModal
FN:160,saveNewTemplate
FN:182,(anonymous_21)
FN:197,parseTags
FN:200,(anonymous_23)
FN:201,(anonymous_24)
FN:205,openEditTemplateModal
FN:206,(anonymous_26)
FN:231,saveEditedTemplate
FN:254,(anonymous_28)
FN:271,updateParamEditor
FN:294,(anonymous_30)
FN:297,(anonymous_31)
FN:300,(anonymous_32)
FN:316,openRunModal
FN:317,(anonymous_34)
FN:342,(anonymous_35)
FN:357,executeTemplate
FN:363,(anonymous_37)
FN:371,(anonymous_38)
FN:388,deleteTemplate
FN:396,(anonymous_40)
FN:412,(anonymous_41)
FN:413,(anonymous_42)
FN:420,(anonymous_43)
FN:425,(anonymous_44)
FN:426,(anonymous_45)
FN:433,(anonymous_46)
FNF:47
FNH:0
FNDA:0,_setDisplay
FNDA:0,_toggleClass
FNDA:0,showTemplatesPanel
FNDA:0,hideTemplatesPanel
FNDA:0,loadTemplates
FNDA:0,(anonymous_5)
FNDA:0,filterTemplates
FNDA:0,(anonymous_7)
FNDA:0,(anonymous_8)
FNDA:0,(anonymous_9)
FNDA:0,(anonymous_10)
FNDA:0,renderTemplateList
FNDA:0,(anonymous_12)
FNDA:0,(anonymous_13)
FNDA:0,(anonymous_14)
FNDA:0,(anonymous_15)
FNDA:0,_on
FNDA:0,(anonymous_17)
FNDA:0,(anonymous_18)
FNDA:0,openCreateTemplateModal
FNDA:0,saveNewTemplate
FNDA:0,(anonymous_21)
FNDA:0,parseTags
FNDA:0,(anonymous_23)
FNDA:0,(anonymous_24)
FNDA:0,openEditTemplateModal
FNDA:0,(anonymous_26)
FNDA:0,saveEditedTemplate
FNDA:0,(anonymous_28)
FNDA:0,updateParamEditor
FNDA:0,(anonymous_30)
FNDA:0,(anonymous_31)
FNDA:0,(anonymous_32)
FNDA:0,openRunModal
FNDA:0,(anonymous_34)
FNDA:0,(anonymous_35)
FNDA:0,executeTemplate
FNDA:0,(anonymous_37)
FNDA:0,(anonymous_38)
FNDA:0,deleteTemplate
FNDA:0,(anonymous_40)
FNDA:0,(anonymous_41)
FNDA:0,(anonymous_42)
FNDA:0,(anonymous_43)
FNDA:0,(anonymous_44)
FNDA:0,(anonymous_45)
FNDA:0,(anonymous_46)
DA:9,0
DA:10,0
DA:18,0
DA:19,0
DA:22,0
DA:23,0
DA:27,0
DA:28,0
DA:29,0
DA:30,0
DA:31,0
DA:35,0
DA:36,0
DA:37,0
DA:38,0
DA:43,0
DA:44,0
DA:45,0
DA:46,0
DA:48,0
DA:49,0
DA:50,0
DA:51,0
DA:54,0
DA:55,0
DA:56,0
DA:61,0
DA:63,0
DA:64,0
DA:65,0
DA:69,0
DA:70,0
DA:71,0
DA:72,0
DA:77,0
DA:81,0
DA:82,0
DA:84,0
DA:85,0
DA:86,0
DA:89,0
DA:90,0
DA:91,0
DA:92,0
DA:94,0
DA:95,0
DA:98,0
DA:118,0
DA:119,0
DA:120,0
DA:121,0
DA:122,0
DA:123,0
DA:124,0
DA:125,0
DA:126,0
DA:130,0
DA:137,0
DA:138,0
DA:140,0
DA:141,0
DA:145,0
DA:146,0
DA:147,0
DA:148,0
DA:149,0
DA:150,0
DA:151,0
DA:152,0
DA:153,0
DA:154,0
DA:155,0
DA:156,0
DA:157,0
DA:161,0
DA:162,0
DA:163,0
DA:164,0
DA:165,0
DA:166,0
DA:168,0
DA:169,0
DA:170,0
DA:172,0
DA:173,0
DA:174,0
DA:177,0
DA:179,0
DA:183,0
DA:184,0
DA:185,0
DA:187,0
DA:188,0
DA:189,0
DA:191,0
DA:192,0
DA:193,0
DA:198,0
DA:199,0
DA:200,0
DA:201,0
DA:206,0
DA:207,0
DA:208,0
DA:209,0
DA:211,0
DA:212,0
DA:213,0
DA:216,0
DA:217,0
DA:218,0
DA:219,0
DA:220,0
DA:221,0
DA:222,0
DA:223,0
DA:224,0
DA:225,0
DA:226,0
DA:227,0
DA:232,0
DA:233,0
DA:234,0
DA:235,0
DA:236,0
DA:237,0
DA:239,0
DA:240,0
DA:241,0
DA:243,0
DA:244,0
DA:245,0
DA:248,0
DA:250,0
DA:255,0
DA:256,0
DA:257,0
DA:259,0
DA:260,0
DA:261,0
DA:263,0
DA:264,0
DA:265,0
DA:266,0
DA:272,0
DA:273,0
DA:274,0
DA:275,0
DA:276,0
DA:278,0
DA:279,0
DA:281,0
DA:282,0
DA:283,0
DA:284,0
DA:288,0
DA:289,0
DA:290,0
DA:293,0
DA:294,0
DA:295,0
DA:297,0
DA:300,0
DA:301,0
DA:303,0
DA:304,0
DA:305,0
DA:309,0
DA:317,0
DA:318,0
DA:319,0
DA:320,0
DA:322,0
DA:323,0
DA:324,0
DA:327,0
DA:328,0
DA:329,0
DA:330,0
DA:331,0
DA:332,0
DA:334,0
DA:335,0
DA:336,0
DA:338,0
DA:339,0
DA:340,0
DA:342,0
DA:343,0
DA:344,0
DA:345,0
DA:349,0
DA:353,0
DA:358,0
DA:361,0
DA:362,0
DA:363,0
DA:364,0
DA:367,0
DA:372,0
DA:373,0
DA:374,0
DA:376,0
DA:377,0
DA:378,0
DA:380,0
DA:381,0
DA:382,0
DA:383,0
DA:389,0
DA:390,0
DA:393,0
DA:397,0
DA:398,0
DA:399,0
DA:401,0
DA:402,0
DA:403,0
DA:405,0
DA:406,0
DA:412,0
DA:413,0
DA:414,0
DA:415,0
DA:417,0
DA:420,0
DA:421,0
DA:422,0
DA:423,0
DA:425,0
DA:426,0
DA:427,0
DA:428,0
DA:429,0
DA:433,0
LF:235
LH:0
BRDA:19,0,0,0
BRDA:19,0,1,0
BRDA:23,1,0,0
BRDA:23,1,1,0
BRDA:23,2,0,0
BRDA:23,2,1,0
BRDA:45,3,0,0
BRDA:45,3,1,0
BRDA:46,4,0,0
BRDA:46,4,1,0
BRDA:49,5,0,0
BRDA:49,5,1,0
BRDA:50,6,0,0
BRDA:50,6,1,0
BRDA:54,7,0,0
BRDA:54,7,1,0
BRDA:54,8,0,0
BRDA:54,8,1,0
BRDA:54,8,2,0
BRDA:63,9,0,0
BRDA:63,9,1,0
BRDA:65,10,0,0
BRDA:65,10,1,0
BRDA:69,11,0,0
BRDA:69,11,1,0
BRDA:71,12,0,0
BRDA:71,12,1,0
BRDA:71,12,2,0
BRDA:77,13,0,0
BRDA:77,13,1,0
BRDA:77,14,0,0
BRDA:77,14,1,0
BRDA:82,15,0,0
BRDA:82,15,1,0
BRDA:84,16,0,0
BRDA:84,16,1,0
BRDA:84,17,0,0
BRDA:84,17,1,0
BRDA:94,18,0,0
BRDA:94,18,1,0
BRDA:94,19,0,0
BRDA:94,19,1,0
BRDA:112,20,0,0
BRDA:112,20,1,0
BRDA:113,21,0,0
BRDA:113,21,1,0
BRDA:113,22,0,0
BRDA:113,22,1,0
BRDA:113,23,0,0
BRDA:113,23,1,0
BRDA:123,24,0,0
BRDA:123,24,1,0
BRDA:124,25,0,0
BRDA:124,25,1,0
BRDA:125,26,0,0
BRDA:125,26,1,0
BRDA:126,27,0,0
BRDA:126,27,1,0
BRDA:138,28,0,0
BRDA:138,28,1,0
BRDA:147,29,0,0
BRDA:147,29,1,0
BRDA:149,30,0,0
BRDA:149,30,1,0
BRDA:151,31,0,0
BRDA:151,31,1,0
BRDA:151,32,0,0
BRDA:151,32,1,0
BRDA:153,33,0,0
BRDA:153,33,1,0
BRDA:155,34,0,0
BRDA:155,34,1,0
BRDA:164,35,0,0
BRDA:164,35,1,0
BRDA:165,36,0,0
BRDA:165,36,1,0
BRDA:166,37,0,0
BRDA:166,37,1,0
BRDA:168,38,0,0
BRDA:168,38,1,0
BRDA:172,39,0,0
BRDA:172,39,1,0
BRDA:183,40,0,0
BRDA:183,40,1,0
BRDA:184,41,0,0
BRDA:184,41,1,0
BRDA:187,42,0,0
BRDA:187,42,1,0
BRDA:187,43,0,0
BRDA:187,43,1,0
BRDA:198,44,0,0
BRDA:198,44,1,0
BRDA:207,45,0,0
BRDA:207,45,1,0
BRDA:208,46,0,0
BRDA:208,46,1,0
BRDA:211,47,0,0
BRDA:211,47,1,0
BRDA:211,48,0,0
BRDA:211,48,1,0
BRDA:211,48,2,0
BRDA:212,49,0,0
BRDA:212,49,1,0
BRDA:219,50,0,0
BRDA:219,50,1,0
BRDA:221,51,0,0
BRDA:221,51,1,0
BRDA:221,52,0,0
BRDA:221,52,1,0
BRDA:223,53,0,0
BRDA:223,53,1,0
BRDA:223,54,0,0
BRDA:223,54,1,0
BRDA:225,55,0,0
BRDA:225,55,1,0
BRDA:225,56,0,0
BRDA:225,56,1,0
BRDA:235,57,0,0
BRDA:235,57,1,0
BRDA:236,58,0,0
BRDA:236,58,1,0
BRDA:237,59,0,0
BRDA:237,59,1,0
BRDA:239,60,0,0
BRDA:239,60,1,0
BRDA:243,61,0,0
BRDA:243,61,1,0
BRDA:255,62,0,0
BRDA:255,62,1,0
BRDA:256,63,0,0
BRDA:256,63,1,0
BRDA:259,64,0,0
BRDA:259,64,1,0
BRDA:259,65,0,0
BRDA:259,65,1,0
BRDA:274,66,0,0
BRDA:274,66,1,0
BRDA:275,67,0,0
BRDA:275,67,1,0
BRDA:282,68,0,0
BRDA:282,68,1,0
BRDA:288,69,0,0
BRDA:288,69,1,0
BRDA:300,70,0,0
BRDA:300,70,1,0
BRDA:301,71,0,0
BRDA:301,71,1,0
BRDA:301,72,0,0
BRDA:301,72,1,0
BRDA:318,73,0,0
BRDA:318,73,1,0
BRDA:319,74,0,0
BRDA:319,74,1,0
BRDA:322,75,0,0
BRDA:322,75,1,0
BRDA:322,76,0,0
BRDA:322,76,1,0
BRDA:322,76,2,0
BRDA:323,77,0,0
BRDA:323,77,1,0
BRDA:330,78,0,0
BRDA:330,78,1,0
BRDA:332,79,0,0
BRDA:332,79,1,0
BRDA:335,80,0,0
BRDA:335,80,1,0
BRDA:338,81,0,0
BRDA:338,81,1,0
BRDA:339,82,0,0
BRDA:339,82,1,0
BRDA:346,83,0,0
BRDA:346,83,1,0
BRDA:347,84,0,0
BRDA:347,84,1,0
BRDA:347,85,0,0
BRDA:347,85,1,0
BRDA:358,86,0,0
BRDA:358,86,1,0
BRDA:372,87,0,0
BRDA:372,87,1,0
BRDA:373,88,0,0
BRDA:373,88,1,0
BRDA:376,89,0,0
BRDA:376,89,1,0
BRDA:376,90,0,0
BRDA:376,90,1,0
BRDA:389,91,0,0
BRDA:389,91,1,0
BRDA:397,92,0,0
BRDA:397,92,1,0
BRDA:398,93,0,0
BRDA:398,93,1,0
BRDA:401,94,0,0
BRDA:401,94,1,0
BRDA:401,95,0,0
BRDA:401,95,1,0
BRDA:414,96,0,0
BRDA:414,96,1,0
BRDA:422,97,0,0
BRDA:422,97,1,0
BRDA:428,98,0,0
BRDA:428,98,1,0
BRF:202
BRH:0
end_of_record
TN:
SF:popup-modules\ui-common.js
FN:8,escapeHtml
FN:15,sanitizeHtml
FN:19,(anonymous_2)
FN:21,(anonymous_3)
FN:46,isValidUrl
FN:55,showToast
FN:61,(anonymous_6)
FNF:7
FNH:0
FNDA:0,escapeHtml
FNDA:0,sanitizeHtml
FNDA:0,(anonymous_2)
FNDA:0,(anonymous_3)
FNDA:0,isValidUrl
FNDA:0,showToast
FNDA:0,(anonymous_6)
DA:9,0
DA:10,0
DA:11,0
DA:16,0
DA:18,0
DA:19,0
DA:21,0
DA:22,0
DA:23,0
DA:24,0
DA:26,0
DA:27,0
DA:28,0
DA:31,0
DA:33,0
DA:34,0
DA:37,0
DA:38,0
DA:42,0
DA:47,0
DA:48,0
DA:49,0
DA:51,0
DA:56,0
DA:57,0
DA:58,0
DA:59,0
DA:61,0
DA:62,0
DA:67,0
LF:30
LH:0
BRDA:10,0,0,0
BRDA:10,0,1,0
BRDA:26,1,0,0
BRDA:26,1,1,0
BRDA:31,2,0,0
BRDA:31,2,1,0
BRDA:31,3,0,0
BRDA:31,3,1,0
BRDA:37,4,0,0
BRDA:37,4,1,0
BRDA:37,5,0,0
BRDA:37,5,1,0
BRDA:55,6,0,0
BRF:13
BRH:0
end_of_record
