TN:
SF:background\telemetry.js
FN:111,_redactString
FN:116,(anonymous_1)
FN:124,(anonymous_2)
FN:128,_redactValue
FN:138,(anonymous_4)
FN:149,_redactEvent
FN:167,loadLevel
FN:169,(anonymous_7)
FN:176,(anonymous_8)
FN:199,_scheduleFlush
FN:201,(anonymous_10)
FN:202,(anonymous_11)
FN:206,_flushRunBuffer
FN:225,startRun
FN:250,endRun
FN:263,(anonymous_15)
FN:274,listPersistedRuns
FN:281,loadPersistedRun
FN:289,deletePersistedRun
FN:294,(anonymous_19)
FN:300,_shouldEmit
FN:309,emit
FN:338,(anonymous_22)
FN:345,(anonymous_23)
FN:352,(anonymous_24)
FN:353,(anonymous_25)
FN:354,(anonymous_26)
FN:355,(anonymous_27)
FN:356,(anonymous_28)
FN:359,listCategories
FN:363,getLevel
FNF:31
FNH:28
FNDA:245,_redactString
FNDA:12,(anonymous_1)
FNDA:1,(anonymous_2)
FNDA:261,_redactValue
FNDA:2,(anonymous_4)
FNDA:243,_redactEvent
FNDA:1,loadLevel
FNDA:3,(anonymous_7)
FNDA:246,(anonymous_8)
FNDA:16,_scheduleFlush
FNDA:1,(anonymous_10)
FNDA:0,(anonymous_11)
FNDA:8,_flushRunBuffer
FNDA:13,startRun
FNDA:7,endRun
FNDA:3,(anonymous_15)
FNDA:2,listPersistedRuns
FNDA:4,loadPersistedRun
FNDA:4,deletePersistedRun
FNDA:2,(anonymous_19)
FNDA:246,_shouldEmit
FNDA:248,emit
FNDA:0,(anonymous_22)
FNDA:0,(anonymous_23)
FNDA:1,(anonymous_24)
FNDA:1,(anonymous_25)
FNDA:1,(anonymous_26)
FNDA:1,(anonymous_27)
FNDA:1,(anonymous_28)
FNDA:3,listCategories
FNDA:8,getLevel
DA:22,1
DA:24,1
DA:38,1
DA:39,1
DA:41,1
DA:42,1
DA:43,1
DA:44,1
DA:45,1
DA:46,1
DA:47,1
DA:48,1
DA:49,1
DA:50,1
DA:56,1
DA:60,1
DA:85,1
DA:105,1
DA:112,245
DA:113,244
DA:115,244
DA:116,2196
DA:118,12
DA:119,10
DA:123,244
DA:124,1
DA:125,244
DA:130,261
DA:131,7
DA:132,49
DA:135,257
DA:136,240
DA:137,237
DA:138,232
DA:139,231
DA:140,229
DA:141,229
DA:142,17
DA:144,228
DA:146,2
DA:150,243
DA:151,242
DA:155,242
DA:163,1
DA:167,1
DA:168,1
DA:169,1
DA:170,3
DA:171,2
DA:172,2
DA:174,2
DA:176,1
DA:177,246
DA:178,245
DA:179,84
DA:181,245
DA:182,84
DA:183,84
DA:184,73
DA:185,73
DA:186,11
DA:187,6
DA:190,245
DA:192,77
DA:193,77
DA:196,0
DA:200,16
DA:201,11
DA:202,1
DA:207,8
DA:208,5
DA:209,5
DA:210,5
DA:211,5
DA:212,4
DA:213,4
DA:214,4
DA:217,4
DA:218,4
DA:221,1
DA:226,13
DA:227,13
DA:228,13
DA:229,13
DA:230,13
DA:231,11
DA:232,11
DA:233,10
DA:234,10
DA:241,10
DA:242,10
DA:243,1
DA:245,10
DA:246,10
DA:247,1
DA:251,7
DA:252,7
DA:253,7
DA:254,2
DA:255,2
DA:256,2
DA:258,5
DA:259,5
DA:260,5
DA:261,3
DA:262,3
DA:263,3
DA:264,3
DA:265,3
DA:266,3
DA:267,3
DA:269,2
DA:270,5
DA:271,5
DA:275,2
DA:276,2
DA:277,1
DA:278,1
DA:282,4
DA:283,3
DA:284,3
DA:285,2
DA:286,1
DA:290,4
DA:291,3
DA:292,3
DA:293,2
DA:294,2
DA:295,2
DA:296,2
DA:297,1
DA:301,246
DA:302,246
DA:306,246
DA:310,248
DA:311,243
DA:312,243
DA:326,243
DA:327,243
DA:330,243
DA:331,243
DA:332,243
DA:333,241
DA:334,240
DA:335,237
DA:337,243
DA:338,243
DA:340,243
DA:341,206
DA:342,206
DA:343,206
DA:344,206
DA:345,2
DA:351,1
DA:352,1
DA:353,1
DA:354,1
DA:355,1
DA:356,1
DA:360,3
DA:364,8
LF:161
LH:160
BRDA:112,0,0,1
BRDA:112,0,1,244
BRDA:112,1,0,245
BRDA:112,1,1,245
BRDA:118,2,0,2
BRDA:118,2,1,10
BRDA:118,3,0,12
BRDA:118,3,1,2
BRDA:118,3,2,2
BRDA:130,4,0,7
BRDA:130,4,1,254
BRDA:130,5,0,261
BRDA:130,5,1,17
BRDA:130,5,2,7
BRDA:132,6,0,4
BRDA:132,6,1,45
BRDA:135,7,0,17
BRDA:135,7,1,240
BRDA:136,8,0,3
BRDA:136,8,1,237
BRDA:137,9,0,5
BRDA:137,9,1,232
BRDA:137,10,0,237
BRDA:137,10,1,233
BRDA:138,11,0,1
BRDA:138,11,1,231
BRDA:139,12,0,229
BRDA:139,12,1,2
BRDA:150,13,0,1
BRDA:150,13,1,242
BRDA:150,14,0,243
BRDA:150,14,1,242
BRDA:170,15,0,1
BRDA:170,15,1,2
BRDA:171,16,0,1
BRDA:171,16,1,1
BRDA:171,17,0,2
BRDA:171,17,1,2
BRDA:172,18,0,1
BRDA:172,18,1,1
BRDA:172,19,0,2
BRDA:172,19,1,2
BRDA:174,20,0,1
BRDA:174,20,1,1
BRDA:174,21,0,2
BRDA:174,21,1,2
BRDA:177,22,0,1
BRDA:177,22,1,245
BRDA:178,23,0,84
BRDA:178,23,1,161
BRDA:179,24,0,84
BRDA:179,24,1,1
BRDA:181,25,0,84
BRDA:181,25,1,161
BRDA:183,26,0,73
BRDA:183,26,1,11
BRDA:185,27,0,6
BRDA:185,27,1,67
BRDA:186,28,0,6
BRDA:186,28,1,5
BRDA:186,29,0,11
BRDA:186,29,1,11
BRDA:186,29,2,6
BRDA:190,30,0,77
BRDA:190,30,1,168
BRDA:193,31,0,1
BRDA:193,31,1,76
BRDA:193,32,0,77
BRDA:193,32,1,76
BRDA:196,33,0,0
BRDA:196,33,1,0
BRDA:200,34,0,5
BRDA:200,34,1,11
BRDA:202,35,0,1
BRDA:202,35,1,0
BRDA:207,36,0,3
BRDA:207,36,1,5
BRDA:207,37,0,8
BRDA:207,37,1,8
BRDA:207,37,2,8
BRDA:212,38,0,0
BRDA:212,38,1,4
BRDA:214,39,0,0
BRDA:214,39,1,4
BRDA:221,40,0,1
BRDA:221,40,1,1
BRDA:226,41,0,13
BRDA:226,41,1,1
BRDA:227,42,0,13
BRDA:227,42,1,1
BRDA:230,43,0,2
BRDA:230,43,1,11
BRDA:230,44,0,13
BRDA:230,44,1,11
BRDA:233,45,0,1
BRDA:233,45,1,9
BRDA:243,46,0,0
BRDA:243,46,1,0
BRDA:247,47,0,1
BRDA:247,47,1,1
BRDA:251,48,0,5
BRDA:251,48,1,2
BRDA:252,49,0,7
BRDA:252,49,1,1
BRDA:253,50,0,2
BRDA:253,50,1,5
BRDA:253,51,0,7
BRDA:253,51,1,5
BRDA:261,52,0,3
BRDA:261,52,1,0
BRDA:262,53,0,3
BRDA:262,53,1,0
BRDA:264,54,0,3
BRDA:264,54,1,0
BRDA:269,55,0,2
BRDA:269,55,1,2
BRDA:277,56,0,0
BRDA:277,56,1,1
BRDA:282,57,0,1
BRDA:282,57,1,3
BRDA:285,58,0,1
BRDA:285,58,1,1
BRDA:290,59,0,1
BRDA:290,59,1,3
BRDA:293,60,0,1
BRDA:293,60,1,1
BRDA:297,61,0,1
BRDA:297,61,1,1
BRDA:301,62,0,245
BRDA:301,62,1,1
BRDA:302,63,0,1
BRDA:302,63,1,245
BRDA:303,64,0,3
BRDA:303,64,1,242
BRDA:304,65,0,2
BRDA:304,65,1,240
BRDA:310,66,0,5
BRDA:310,66,1,243
BRDA:310,67,0,248
BRDA:310,67,1,246
BRDA:316,68,0,243
BRDA:316,68,1,1
BRDA:317,69,0,243
BRDA:317,69,1,1
BRDA:318,70,0,243
BRDA:318,70,1,1
BRDA:319,71,0,243
BRDA:319,71,1,15
BRDA:331,72,0,228
BRDA:331,72,1,15
BRDA:332,73,0,2
BRDA:332,73,1,241
BRDA:333,74,0,1
BRDA:333,74,1,240
BRDA:334,75,0,3
BRDA:334,75,1,237
BRDA:334,76,0,240
BRDA:334,76,1,238
BRDA:340,77,0,206
BRDA:340,77,1,37
BRDA:340,78,0,243
BRDA:340,78,1,221
BRDA:344,79,0,2
BRDA:344,79,1,204
BRF:164
BRH:153
end_of_record
